---------------------------------------------------------------
[ 2017-07-10T10:16:42+08:00 ] 127.0.0.32 127.0.0.1 GET /admin/index/index.html
[ info ] 127.0.0.32/admin/index/index.html [运行时间：0.170010s][吞吐率：5.88req/s] [内存消耗：2,461.76kb] [文件加载：63]
[ info ] [ LANG ] C:\Users\Administrator\Desktop\alphacms\thinkphp\lang\zh-cn.php
[ info ] [ ROUTE ] array (
  'type' => 'module',
  'module' => 
  array (
    0 => 'admin',
    1 => 'index',
    2 => 'index',
  ),
)
[ info ] [ HEADER ] array (
  'cookie' => 'UID=eDuV6',
  'accept-language' => 'zh-CN,zh;q=0.8',
  'accept-encoding' => 'gzip, deflate, sdch, br',
  'accept' => 'text/html,application/xhtml+xml,application/xml;q=0.9,image/webp,*/*;q=0.8',
  'user-agent' => 'Mozilla/5.0 (Windows NT 6.1; WOW64) AppleWebKit/537.36 (KHTML, like Gecko) Chrome/58.0.3029.81 Safari/537.36',
  'upgrade-insecure-requests' => '1',
  'cache-control' => 'no-cache',
  'pragma' => 'no-cache',
  'connection' => 'close',
  'host' => '127.0.0.32',
)
[ info ] [ PARAM ] array (
  '/admin/index/index_html' => '',
)
[ info ] [ SESSION ] INIT array (
  'id' => '',
  'var_session_id' => '',
  'prefix' => 'think',
  'type' => '',
  'auto_start' => true,
)
[ info ] [ DB ] INIT mysql
[ info ] [ RUN ] app\admin\controller\Index->index[ C:\Users\Administrator\Desktop\alphacms\app\admin\controller\Index.php ]
[ info ] [ VIEW ] C:\Users\Administrator\Desktop\alphacms/app/admin\view\public\base.html [ array (
  0 => 'self',
  1 => 'role_name',
  2 => 'menuAuth',
  3 => 'url',
) ]
[ info ] [ LOG ] INIT File
[ sql ] [ DB ] CONNECT:[ UseTime:0.015001s ] mysql:dbname=alphacms;host=127.0.0.1;port=3306;charset=utf8
[ sql ] [ SQL ] SHOW COLUMNS FROM `edd_users` [ RunTime:0.010001s ]
[ sql ] [ SQL ] SELECT * FROM `edd_users` WHERE  `id` = 39 LIMIT 1 [ RunTime:0.000000s ]
[ sql ] [ SQL ] SHOW COLUMNS FROM `edd_menu` [ RunTime:0.008000s ]
[ sql ] [ SQL ] SELECT * FROM `edd_menu` WHERE  `module` = 'admin'  AND `controller` = 'Index'  AND `method` = 'index' LIMIT 1 [ RunTime:0.000000s ]
[ sql ] [ SQL ] SELECT * FROM `edd_users` WHERE  `id` = 39 LIMIT 1 [ RunTime:0.001001s ]
[ sql ] [ SQL ] SELECT `name` FROM `edd_users` `u` INNER JOIN `edd_role_user` `ra` ON `ra`.`user_id`=`u`.`id` INNER JOIN `edd_role` `r` ON `r`.`id`=`ra`.`role_id` WHERE  `ra`.`user_id` = '39' LIMIT 1 [ RunTime:0.005000s ]
[ sql ] [ SQL ] SHOW COLUMNS FROM `edd_role_user` [ RunTime:0.006000s ]
[ sql ] [ SQL ] SELECT * FROM `edd_role_user` WHERE  `user_id` = 39 LIMIT 1 [ RunTime:0.000000s ]
[ sql ] [ SQL ] SHOW COLUMNS FROM `edd_role` [ RunTime:0.006001s ]
[ sql ] [ SQL ] SELECT * FROM `edd_role` WHERE  `id` = 2 LIMIT 1 [ RunTime:0.000000s ]
[ sql ] [ SQL ] SELECT * FROM `edd_menu` WHERE  `id` IN (216,218,217,249,304,252,250,211,265,267,266,328)  AND `status` = 1  AND `type` = 0 ORDER BY listorder desc [ RunTime:0.001000s ]
---------------------------------------------------------------
[ 2017-07-10T10:16:42+08:00 ] 127.0.0.32 127.0.0.1 GET /admin/admin/home_page.html
[ info ] 127.0.0.32/admin/admin/home_page.html [运行时间：0.095006s][吞吐率：10.53req/s] [内存消耗：2,420.18kb] [文件加载：63]
[ info ] [ LANG ] C:\Users\Administrator\Desktop\alphacms\thinkphp\lang\zh-cn.php
[ info ] [ ROUTE ] array (
  'type' => 'module',
  'module' => 
  array (
    0 => 'admin',
    1 => 'admin',
    2 => 'home_page',
  ),
)
[ info ] [ HEADER ] array (
  'cookie' => 'PHPSESSID=bs6ase97mqqrg2tiupl7qm34k7; UID=tEoqe',
  'accept-language' => 'zh-CN,zh;q=0.8',
  'accept-encoding' => 'gzip, deflate, sdch, br',
  'referer' => 'http://127.0.0.32/admin/index/index.html',
  'accept' => 'text/html,application/xhtml+xml,application/xml;q=0.9,image/webp,*/*;q=0.8',
  'user-agent' => 'Mozilla/5.0 (Windows NT 6.1; WOW64) AppleWebKit/537.36 (KHTML, like Gecko) Chrome/58.0.3029.81 Safari/537.36',
  'upgrade-insecure-requests' => '1',
  'cache-control' => 'no-cache',
  'pragma' => 'no-cache',
  'connection' => 'close',
  'host' => '127.0.0.32',
)
[ info ] [ PARAM ] array (
  '/admin/admin/home_page_html' => '',
)
[ info ] [ SESSION ] INIT array (
  'id' => '',
  'var_session_id' => '',
  'prefix' => 'think',
  'type' => '',
  'auto_start' => true,
)
[ info ] [ DB ] INIT mysql
[ info ] [ RUN ] app\admin\controller\Admin->home_page[ C:\Users\Administrator\Desktop\alphacms\app\admin\controller\Admin.php ]
[ info ] [ VIEW ] C:\Users\Administrator\Desktop\alphacms/app/admin\view\admin\home_page.html [ array (
  0 => 'admin_nums',
  1 => 'admin_list',
  2 => 'pages',
  3 => 'role_list',
) ]
[ info ] [ LOG ] INIT File
[ sql ] [ DB ] CONNECT:[ UseTime:0.001000s ] mysql:dbname=alphacms;host=127.0.0.1;port=3306;charset=utf8
[ sql ] [ SQL ] SHOW COLUMNS FROM `edd_users` [ RunTime:0.009000s ]
[ sql ] [ SQL ] SELECT * FROM `edd_users` WHERE  `id` = 39 LIMIT 1 [ RunTime:0.001001s ]
[ sql ] [ SQL ] SHOW COLUMNS FROM `edd_menu` [ RunTime:0.010000s ]
[ sql ] [ SQL ] SELECT * FROM `edd_menu` WHERE  `module` = 'admin'  AND `controller` = 'Admin'  AND `method` = 'home_page' LIMIT 1 [ RunTime:0.000000s ]
[ sql ] [ SQL ] SELECT COUNT(*) AS tp_count FROM `edd_users` LIMIT 1 [ RunTime:0.000000s ]
[ sql ] [ SQL ] SELECT * FROM `edd_users` ORDER BY create_time desc LIMIT 0,10 [ RunTime:0.001000s ]
[ sql ] [ SQL ] SHOW COLUMNS FROM `edd_role` [ RunTime:0.007000s ]
[ sql ] [ SQL ] SELECT * FROM `edd_role` ORDER BY create_time desc [ RunTime:0.001000s ]
[ sql ] [ SQL ] SELECT `name` FROM `edd_users` `u` INNER JOIN `edd_role_user` `ra` ON `ra`.`user_id`=`u`.`id` INNER JOIN `edd_role` `r` ON `r`.`id`=`ra`.`role_id` WHERE  `ra`.`user_id` = 39 LIMIT 1 [ RunTime:0.000000s ]
[ sql ] [ SQL ] SELECT `name` FROM `edd_users` `u` INNER JOIN `edd_role_user` `ra` ON `ra`.`user_id`=`u`.`id` INNER JOIN `edd_role` `r` ON `r`.`id`=`ra`.`role_id` WHERE  `ra`.`user_id` = 1 LIMIT 1 [ RunTime:0.000000s ]
