---------------------------------------------------------------
[ 2017-09-02T14:21:13+08:00 ] 172.16.0.5 117.136.70.179 POST /player_info
[ info ] card.dcwen.top/player_info [运行时间：0.007394s][吞吐率：135.25req/s] [内存消耗：709.57kb] [文件加载：55]
[ info ] [ LANG ] /var/www/card/thinkphp/lang/zh-cn.php
[ info ] [ ROUTE ] array (
  'type' => 'controller',
  'controller' => 'home/Player/get_player_info',
  'var' => 
  array (
  ),
)
[ info ] [ HEADER ] array (
  'host' => 'card.dcwen.top',
  'user-agent' => '00.00.16 (iPhone; iOS 10.3.2; zh_CN)',
  'content-type' => 'application/x-www-form-urlencoded; charset=utf-8',
  'content-length' => '9',
  'accept-encoding' => 'gzip',
  'connection' => 'close',
)
[ info ] [ PARAM ] array (
  '/player_info' => '',
  'cid' => 'DMavc',
)
[ info ] [ DB ] INIT mysql
[ info ] [ RUN ] app\home\controller\Player->get_player_info[ /var/www/card/app/home/controller/Player.php ]
[ info ] [ LOG ] INIT File
[ sql ] [ DB ] CONNECT:[ UseTime:0.000228s ] mysql:dbname=runfast;host=localhost;port=3306;charset=utf8
[ sql ] [ SQL ] SHOW COLUMNS FROM `edd_options` [ RunTime:0.000680s ]
[ sql ] [ SQL ] SELECT `is_close` FROM `edd_options` WHERE  `option_id` = 6 LIMIT 1 [ RunTime:0.000164s ]
[ sql ] [ SQL ] SHOW COLUMNS FROM `edd_player` [ RunTime:0.000502s ]
[ sql ] [ SQL ] SELECT * FROM `edd_player` WHERE  `player_id` = 9 LIMIT 1 [ RunTime:0.000264s ]
---------------------------------------------------------------
[ 2017-09-02T14:21:14+08:00 ] 172.16.0.5 117.136.70.179 POST /news_show
[ info ] card.dcwen.top/news_show [运行时间：0.008234s][吞吐率：121.45req/s] [内存消耗：540.70kb] [文件加载：48]
[ info ] [ LANG ] /var/www/card/thinkphp/lang/zh-cn.php
[ info ] [ ROUTE ] array (
  'type' => 'controller',
  'controller' => 'home/Home/home_page',
  'var' => 
  array (
  ),
)
[ info ] [ HEADER ] array (
  'host' => 'card.dcwen.top',
  'content-length' => '0',
  'connection' => 'close',
  'accept-encoding' => 'gzip',
  'user-agent' => '00.00.16 (iPhone; iOS 10.3.2; zh_CN)',
)
[ info ] [ PARAM ] array (
  '/news_show' => '',
)
[ info ] [ RUN ] app\home\controller\Home->home_page[ /var/www/card/app/home/controller/Home.php ]
[ info ] [ LOG ] INIT File
---------------------------------------------------------------
[ 2017-09-02T14:21:14+08:00 ] 172.16.0.5 117.136.70.179 POST /player_info
[ info ] card.dcwen.top/player_info [运行时间：0.013168s][吞吐率：75.94req/s] [内存消耗：709.60kb] [文件加载：55]
[ info ] [ LANG ] /var/www/card/thinkphp/lang/zh-cn.php
[ info ] [ ROUTE ] array (
  'type' => 'controller',
  'controller' => 'home/Player/get_player_info',
  'var' => 
  array (
  ),
)
[ info ] [ HEADER ] array (
  'host' => 'card.dcwen.top',
  'user-agent' => '00.00.16 (iPhone; iOS 10.3.2; zh_CN)',
  'content-type' => 'application/x-www-form-urlencoded; charset=utf-8',
  'content-length' => '9',
  'accept-encoding' => 'gzip',
  'connection' => 'close',
)
[ info ] [ PARAM ] array (
  '/player_info' => '',
  'cid' => 'tGFfe',
)
[ info ] [ DB ] INIT mysql
[ info ] [ RUN ] app\home\controller\Player->get_player_info[ /var/www/card/app/home/controller/Player.php ]
[ info ] [ LOG ] INIT File
[ sql ] [ DB ] CONNECT:[ UseTime:0.002494s ] mysql:dbname=runfast;host=localhost;port=3306;charset=utf8
[ sql ] [ SQL ] SHOW COLUMNS FROM `edd_options` [ RunTime:0.001083s ]
[ sql ] [ SQL ] SELECT `is_close` FROM `edd_options` WHERE  `option_id` = 6 LIMIT 1 [ RunTime:0.000449s ]
[ sql ] [ SQL ] SHOW COLUMNS FROM `edd_player` [ RunTime:0.001113s ]
[ sql ] [ SQL ] SELECT * FROM `edd_player` WHERE  `player_id` = 9 LIMIT 1 [ RunTime:0.000763s ]
---------------------------------------------------------------
[ 2017-09-02T14:21:14+08:00 ] 172.16.0.5 117.136.70.179 POST /room_page
[ info ] card.dcwen.top/room_page [运行时间：0.022738s][吞吐率：43.98req/s] [内存消耗：737.70kb] [文件加载：56]
[ info ] [ LANG ] /var/www/card/thinkphp/lang/zh-cn.php
[ info ] [ ROUTE ] array (
  'type' => 'controller',
  'controller' => 'home/Room/room_page',
  'var' => 
  array (
  ),
)
[ info ] [ HEADER ] array (
  'host' => 'card.dcwen.top',
  'user-agent' => '00.00.16 (iPhone; iOS 10.3.2; zh_CN)',
  'content-type' => 'application/x-www-form-urlencoded; charset=utf-8',
  'content-length' => '9',
  'accept-encoding' => 'gzip',
  'connection' => 'close',
)
[ info ] [ PARAM ] array (
  '/room_page' => '',
  'cid' => 'tGFfe',
)
[ info ] [ DB ] INIT mysql
[ info ] [ RUN ] app\home\controller\Room->room_page[ /var/www/card/app/home/controller/Room.php ]
[ info ] [ LOG ] INIT File
[ sql ] [ DB ] CONNECT:[ UseTime:0.000300s ] mysql:dbname=runfast;host=localhost;port=3306;charset=utf8
[ sql ] [ SQL ] SHOW COLUMNS FROM `edd_options` [ RunTime:0.001068s ]
[ sql ] [ SQL ] SELECT `is_close` FROM `edd_options` WHERE  `option_id` = 6 LIMIT 1 [ RunTime:0.000309s ]
[ sql ] [ SQL ] SHOW COLUMNS FROM `edd_room` [ RunTime:0.007284s ]
[ sql ] [ SQL ] SELECT `room_id`,`round_times`,`room_code` FROM `edd_room` WHERE  `room_owner` = 9  AND `del_time` = '0' [ RunTime:0.000353s ]
---------------------------------------------------------------
[ 2017-09-02T14:21:14+08:00 ] 172.16.0.5 117.136.70.179 POST /connect
[ info ] card.dcwen.top/connect [运行时间：0.005684s][吞吐率：175.94req/s] [内存消耗：727.35kb] [文件加载：56]
[ info ] [ LANG ] /var/www/card/thinkphp/lang/zh-cn.php
[ info ] [ ROUTE ] array (
  'type' => 'controller',
  'controller' => 'home/Game/connect',
  'var' => 
  array (
  ),
)
[ info ] [ HEADER ] array (
  'host' => 'card.dcwen.top',
  'user-agent' => '00.00.16 (iPhone; iOS 10.3.2; zh_CN)',
  'content-type' => 'application/x-www-form-urlencoded; charset=utf-8',
  'content-length' => '52',
  'accept-encoding' => 'gzip',
  'connection' => 'close',
)
[ info ] [ PARAM ] array (
  '/connect' => '',
  'client_id' => '7f0000010fa100000030',
  'cid' => 'tGFfe',
  'type' => 'outter',
)
[ info ] [ DB ] INIT mysql
[ info ] [ RUN ] app\home\controller\Game->connect[ /var/www/card/app/home/controller/Game.php ]
[ info ] [ LOG ] INIT File
[ sql ] [ DB ] CONNECT:[ UseTime:0.000235s ] mysql:dbname=runfast;host=localhost;port=3306;charset=utf8
[ sql ] [ SQL ] SHOW COLUMNS FROM `edd_options` [ RunTime:0.000773s ]
[ sql ] [ SQL ] SELECT `is_close` FROM `edd_options` WHERE  `option_id` = 6 LIMIT 1 [ RunTime:0.000158s ]
---------------------------------------------------------------
[ 2017-09-02T14:21:20+08:00 ] 172.16.0.5 117.136.70.179 POST /join_room
[ info ] card.dcwen.top/join_room [运行时间：0.006127s][吞吐率：163.21req/s] [内存消耗：734.37kb] [文件加载：56]
[ info ] [ LANG ] /var/www/card/thinkphp/lang/zh-cn.php
[ info ] [ ROUTE ] array (
  'type' => 'controller',
  'controller' => 'home/Room/join_room',
  'var' => 
  array (
  ),
)
[ info ] [ HEADER ] array (
  'host' => 'card.dcwen.top',
  'user-agent' => '00.00.16 (iPhone; iOS 10.3.2; zh_CN)',
  'content-type' => 'application/x-www-form-urlencoded; charset=utf-8',
  'content-length' => '28',
  'accept-encoding' => 'gzip',
  'connection' => 'close',
)
[ info ] [ PARAM ] array (
  '/join_room' => '',
  'cid' => 'lwy=V',
  'room_code' => '000395',
)
[ info ] [ DB ] INIT mysql
[ info ] [ RUN ] app\home\controller\Room->join_room[ /var/www/card/app/home/controller/Room.php ]
[ info ] [ LOG ] INIT File
[ sql ] [ DB ] CONNECT:[ UseTime:0.000239s ] mysql:dbname=runfast;host=localhost;port=3306;charset=utf8
[ sql ] [ SQL ] SHOW COLUMNS FROM `edd_options` [ RunTime:0.000698s ]
[ sql ] [ SQL ] SELECT `is_close` FROM `edd_options` WHERE  `option_id` = 6 LIMIT 1 [ RunTime:0.000148s ]
[ sql ] [ SQL ] SHOW COLUMNS FROM `edd_room` [ RunTime:0.000617s ]
[ sql ] [ SQL ] SELECT `room_id` FROM `edd_room` WHERE  `room_code` = '000395'  AND `del_time` = '0' LIMIT 1 [ RunTime:0.000195s ]
---------------------------------------------------------------
[ 2017-09-02T14:21:22+08:00 ] 172.16.0.5 117.136.70.179 POST /table_card_pic
[ info ] card.dcwen.top/table_card_pic [运行时间：0.002941s][吞吐率：340.01req/s] [内存消耗：540.53kb] [文件加载：48]
[ info ] [ LANG ] /var/www/card/thinkphp/lang/zh-cn.php
[ info ] [ ROUTE ] array (
  'type' => 'controller',
  'controller' => 'home/Home/table_card_pic',
  'var' => 
  array (
  ),
)
[ info ] [ HEADER ] array (
  'host' => 'card.dcwen.top',
  'content-length' => '0',
  'connection' => 'close',
  'accept-encoding' => 'gzip',
  'user-agent' => '00.00.16 (iPhone; iOS 10.3.2; zh_CN)',
)
[ info ] [ PARAM ] array (
  '/table_card_pic' => '',
)
[ info ] [ RUN ] app\home\controller\Home->table_card_pic[ /var/www/card/app/home/controller/Home.php ]
[ info ] [ LOG ] INIT File
---------------------------------------------------------------
[ 2017-09-02T14:21:23+08:00 ] 172.16.0.5 117.136.70.179 POST /inner_room
[ info ] card.dcwen.top/inner_room [运行时间：0.008216s][吞吐率：121.72req/s] [内存消耗：728.86kb] [文件加载：56]
[ info ] [ LANG ] /var/www/card/thinkphp/lang/zh-cn.php
[ info ] [ ROUTE ] array (
  'type' => 'controller',
  'controller' => 'home/Game/inner_room',
  'var' => 
  array (
  ),
)
[ info ] [ HEADER ] array (
  'host' => 'card.dcwen.top',
  'user-agent' => '00.00.16 (iPhone; iOS 10.3.2; zh_CN)',
  'content-type' => 'application/x-www-form-urlencoded; charset=utf-8',
  'content-length' => '54',
  'accept-encoding' => 'gzip',
  'connection' => 'close',
)
[ info ] [ PARAM ] array (
  '/inner_room' => '',
  'client_id' => '7f0000010fa00000002d',
  'cid' => 'lwy=V',
  'room_id' => '395',
)
[ info ] [ DB ] INIT mysql
[ info ] [ RUN ] app\home\controller\Game->inner_room[ /var/www/card/app/home/controller/Game.php ]
[ info ] [ LOG ] INIT File
[ sql ] [ DB ] CONNECT:[ UseTime:0.000237s ] mysql:dbname=runfast;host=localhost;port=3306;charset=utf8
[ sql ] [ SQL ] SHOW COLUMNS FROM `edd_options` [ RunTime:0.000753s ]
[ sql ] [ SQL ] SELECT `is_close` FROM `edd_options` WHERE  `option_id` = 6 LIMIT 1 [ RunTime:0.000157s ]
---------------------------------------------------------------
[ 2017-09-02T14:21:30+08:00 ] 172.16.0.5 117.136.70.179 POST /alert_agree
[ info ] card.dcwen.top/alert_agree [运行时间：0.007131s][吞吐率：140.23req/s] [内存消耗：733.05kb] [文件加载：56]
[ info ] [ LANG ] /var/www/card/thinkphp/lang/zh-cn.php
[ info ] [ ROUTE ] array (
  'type' => 'controller',
  'controller' => 'home/Room/alert_agree',
  'var' => 
  array (
  ),
)
[ info ] [ HEADER ] array (
  'host' => 'card.dcwen.top',
  'user-agent' => '00.00.16 (iPhone; iOS 10.3.2; zh_CN)',
  'content-type' => 'application/x-www-form-urlencoded; charset=utf-8',
  'content-length' => '23',
  'accept-encoding' => 'gzip',
  'connection' => 'close',
)
[ info ] [ PARAM ] array (
  '/alert_agree' => '',
  'cid' => 'lwy=V',
  'room_id' => '395',
)
[ info ] [ DB ] INIT mysql
[ info ] [ RUN ] app\home\controller\Room->alert_agree[ /var/www/card/app/home/controller/Room.php ]
[ info ] [ LOG ] INIT File
[ sql ] [ DB ] CONNECT:[ UseTime:0.000289s ] mysql:dbname=runfast;host=localhost;port=3306;charset=utf8
[ sql ] [ SQL ] SHOW COLUMNS FROM `edd_options` [ RunTime:0.000922s ]
[ sql ] [ SQL ] SELECT `is_close` FROM `edd_options` WHERE  `option_id` = 6 LIMIT 1 [ RunTime:0.000205s ]
[ sql ] [ SQL ] SHOW COLUMNS FROM `edd_room` [ RunTime:0.000655s ]
[ sql ] [ SQL ] SELECT `room_id` FROM `edd_room` WHERE  `room_owner` = 9 [ RunTime:0.000181s ]
---------------------------------------------------------------
[ 2017-09-02T14:21:31+08:00 ] 172.16.0.5 117.136.70.179 POST /del_room
[ info ] card.dcwen.top/del_room [运行时间：0.014634s][吞吐率：68.33req/s] [内存消耗：764.05kb] [文件加载：58]
[ info ] [ LANG ] /var/www/card/thinkphp/lang/zh-cn.php
[ info ] [ ROUTE ] array (
  'type' => 'controller',
  'controller' => 'home/Room/del_room',
  'var' => 
  array (
  ),
)
[ info ] [ HEADER ] array (
  'host' => 'card.dcwen.top',
  'user-agent' => '00.00.16 (iPhone; iOS 10.3.2; zh_CN)',
  'content-type' => 'application/x-www-form-urlencoded; charset=utf-8',
  'content-length' => '23',
  'accept-encoding' => 'gzip',
  'connection' => 'close',
)
[ info ] [ PARAM ] array (
  '/del_room' => '',
  'cid' => 'lwy=V',
  'room_id' => '395',
)
[ info ] [ DB ] INIT mysql
[ info ] [ RUN ] app\home\controller\Room->del_room[ /var/www/card/app/home/controller/Room.php ]
[ info ] [ CACHE ] INIT File
[ info ] [ LOG ] INIT File
[ sql ] [ DB ] CONNECT:[ UseTime:0.000234s ] mysql:dbname=runfast;host=localhost;port=3306;charset=utf8
[ sql ] [ SQL ] SHOW COLUMNS FROM `edd_options` [ RunTime:0.000635s ]
[ sql ] [ SQL ] SELECT `is_close` FROM `edd_options` WHERE  `option_id` = 6 LIMIT 1 [ RunTime:0.000155s ]
[ sql ] [ SQL ] SHOW COLUMNS FROM `edd_room` [ RunTime:0.000646s ]
[ sql ] [ SQL ] SELECT `room_id` FROM `edd_room` WHERE  `room_owner` = 9 [ RunTime:0.000144s ]
[ sql ] [ SQL ] DELETE FROM `edd_room`    WHERE  `room_id` = 395 [ RunTime:0.000211s ]
[ sql ] [ SQL ] SHOW COLUMNS FROM `edd_player` [ RunTime:0.000500s ]
[ sql ] [ SQL ] UPDATE `edd_player`  SET `diamond`=diamond+3  WHERE  `player_id` = 9 [ RunTime:0.000195s ]
---------------------------------------------------------------
[ 2017-09-02T14:21:32+08:00 ] 172.16.0.5 117.136.70.179 POST /news_show
[ info ] card.dcwen.top/news_show [运行时间：0.002576s][吞吐率：388.18req/s] [内存消耗：540.70kb] [文件加载：48]
[ info ] [ LANG ] /var/www/card/thinkphp/lang/zh-cn.php
[ info ] [ ROUTE ] array (
  'type' => 'controller',
  'controller' => 'home/Home/home_page',
  'var' => 
  array (
  ),
)
[ info ] [ HEADER ] array (
  'host' => 'card.dcwen.top',
  'content-length' => '0',
  'connection' => 'close',
  'accept-encoding' => 'gzip',
  'user-agent' => '00.00.16 (iPhone; iOS 10.3.2; zh_CN)',
)
[ info ] [ PARAM ] array (
  '/news_show' => '',
)
[ info ] [ RUN ] app\home\controller\Home->home_page[ /var/www/card/app/home/controller/Home.php ]
[ info ] [ LOG ] INIT File
---------------------------------------------------------------
[ 2017-09-02T14:21:32+08:00 ] 172.16.0.5 117.136.70.179 POST /player_info
[ info ] card.dcwen.top/player_info [运行时间：0.008988s][吞吐率：111.26req/s] [内存消耗：709.59kb] [文件加载：55]
[ info ] [ LANG ] /var/www/card/thinkphp/lang/zh-cn.php
[ info ] [ ROUTE ] array (
  'type' => 'controller',
  'controller' => 'home/Player/get_player_info',
  'var' => 
  array (
  ),
)
[ info ] [ HEADER ] array (
  'host' => 'card.dcwen.top',
  'user-agent' => '00.00.16 (iPhone; iOS 10.3.2; zh_CN)',
  'content-type' => 'application/x-www-form-urlencoded; charset=utf-8',
  'content-length' => '11',
  'accept-encoding' => 'gzip',
  'connection' => 'close',
)
[ info ] [ PARAM ] array (
  '/player_info' => '',
  'cid' => 'lwy=V',
)
[ info ] [ DB ] INIT mysql
[ info ] [ RUN ] app\home\controller\Player->get_player_info[ /var/www/card/app/home/controller/Player.php ]
[ info ] [ LOG ] INIT File
[ sql ] [ DB ] CONNECT:[ UseTime:0.000216s ] mysql:dbname=runfast;host=localhost;port=3306;charset=utf8
[ sql ] [ SQL ] SHOW COLUMNS FROM `edd_options` [ RunTime:0.000676s ]
[ sql ] [ SQL ] SELECT `is_close` FROM `edd_options` WHERE  `option_id` = 6 LIMIT 1 [ RunTime:0.000142s ]
[ sql ] [ SQL ] SHOW COLUMNS FROM `edd_player` [ RunTime:0.000512s ]
[ sql ] [ SQL ] SELECT * FROM `edd_player` WHERE  `player_id` = 9 LIMIT 1 [ RunTime:0.000235s ]
---------------------------------------------------------------
[ 2017-09-02T14:21:32+08:00 ] 172.16.0.5 117.136.70.179 POST /room_page
[ info ] card.dcwen.top/room_page [运行时间：0.005806s][吞吐率：172.24req/s] [内存消耗：736.20kb] [文件加载：56]
[ info ] [ LANG ] /var/www/card/thinkphp/lang/zh-cn.php
[ info ] [ ROUTE ] array (
  'type' => 'controller',
  'controller' => 'home/Room/room_page',
  'var' => 
  array (
  ),
)
[ info ] [ HEADER ] array (
  'host' => 'card.dcwen.top',
  'user-agent' => '00.00.16 (iPhone; iOS 10.3.2; zh_CN)',
  'content-type' => 'application/x-www-form-urlencoded; charset=utf-8',
  'content-length' => '11',
  'accept-encoding' => 'gzip',
  'connection' => 'close',
)
[ info ] [ PARAM ] array (
  '/room_page' => '',
  'cid' => 'lwy=V',
)
[ info ] [ DB ] INIT mysql
[ info ] [ RUN ] app\home\controller\Room->room_page[ /var/www/card/app/home/controller/Room.php ]
[ info ] [ LOG ] INIT File
[ sql ] [ DB ] CONNECT:[ UseTime:0.000205s ] mysql:dbname=runfast;host=localhost;port=3306;charset=utf8
[ sql ] [ SQL ] SHOW COLUMNS FROM `edd_options` [ RunTime:0.000696s ]
[ sql ] [ SQL ] SELECT `is_close` FROM `edd_options` WHERE  `option_id` = 6 LIMIT 1 [ RunTime:0.000168s ]
[ sql ] [ SQL ] SHOW COLUMNS FROM `edd_room` [ RunTime:0.000528s ]
[ sql ] [ SQL ] SELECT `room_id`,`round_times`,`room_code` FROM `edd_room` WHERE  `room_owner` = 9  AND `del_time` = '0' [ RunTime:0.000237s ]
---------------------------------------------------------------
[ 2017-09-02T14:21:32+08:00 ] 172.16.0.5 117.136.70.179 POST /connect
[ info ] card.dcwen.top/connect [运行时间：0.005250s][吞吐率：190.48req/s] [内存消耗：727.35kb] [文件加载：56]
[ info ] [ LANG ] /var/www/card/thinkphp/lang/zh-cn.php
[ info ] [ ROUTE ] array (
  'type' => 'controller',
  'controller' => 'home/Game/connect',
  'var' => 
  array (
  ),
)
[ info ] [ HEADER ] array (
  'host' => 'card.dcwen.top',
  'user-agent' => '00.00.16 (iPhone; iOS 10.3.2; zh_CN)',
  'content-type' => 'application/x-www-form-urlencoded; charset=utf-8',
  'content-length' => '54',
  'accept-encoding' => 'gzip',
  'connection' => 'close',
)
[ info ] [ PARAM ] array (
  '/connect' => '',
  'client_id' => '7f0000010fa200000038',
  'cid' => 'lwy=V',
  'type' => 'outter',
)
[ info ] [ DB ] INIT mysql
[ info ] [ RUN ] app\home\controller\Game->connect[ /var/www/card/app/home/controller/Game.php ]
[ info ] [ LOG ] INIT File
[ sql ] [ DB ] CONNECT:[ UseTime:0.000209s ] mysql:dbname=runfast;host=localhost;port=3306;charset=utf8
[ sql ] [ SQL ] SHOW COLUMNS FROM `edd_options` [ RunTime:0.000677s ]
[ sql ] [ SQL ] SELECT `is_close` FROM `edd_options` WHERE  `option_id` = 6 LIMIT 1 [ RunTime:0.000155s ]
---------------------------------------------------------------
[ 2017-09-02T14:22:31+08:00 ] 172.16.0.5 117.136.70.179 GET /
[ info ] card.dcwen.top/ [运行时间：0.003432s][吞吐率：291.37req/s] [内存消耗：539.84kb] [文件加载：53]
[ info ] [ LANG ] /var/www/card/thinkphp/lang/zh-cn.php
[ info ] [ ROUTE ] array (
  'type' => 'module',
  'module' => 
  array (
    0 => '',
    1 => NULL,
    2 => NULL,
  ),
)
[ info ] [ HEADER ] array (
  'host' => 'card.dcwen.top',
  'upgrade-insecure-requests' => '1',
  'accept' => 'text/html,application/xhtml+xml,application/xml;q=0.9,*/*;q=0.8',
  'user-agent' => 'Mozilla/5.0 (iPhone; CPU iPhone OS 10_3_2 like Mac OS X) AppleWebKit/603.2.3 (KHTML, like Gecko) Version/10.0 Mobile/14F5080a Safari/602.1',
  'accept-language' => 'zh-cn',
  'accept-encoding' => 'gzip, deflate',
  'connection' => 'keep-alive',
)
[ info ] [ PARAM ] array (
)
[ info ] [ SESSION ] INIT array (
  'id' => '',
  'var_session_id' => '',
  'prefix' => 'think',
  'type' => '',
  'auto_start' => true,
)
[ info ] [ LOG ] INIT File
---------------------------------------------------------------
[ 2017-09-02T14:22:31+08:00 ] 172.16.0.5 117.136.70.179 GET /admin/login/show_login.html
[ info ] card.dcwen.top/admin/login/show_login.html [运行时间：0.008068s][吞吐率：123.95req/s] [内存消耗：1,728.08kb] [文件加载：59]
[ info ] [ LANG ] /var/www/card/thinkphp/lang/zh-cn.php
[ info ] [ ROUTE ] array (
  'type' => 'module',
  'module' => 
  array (
    0 => 'admin',
    1 => 'login',
    2 => 'show_login',
  ),
)
[ info ] [ HEADER ] array (
  'host' => 'card.dcwen.top',
  'accept' => 'text/html,application/xhtml+xml,application/xml;q=0.9,*/*;q=0.8',
  'upgrade-insecure-requests' => '1',
  'cookie' => 'PHPSESSID=5k2raq5q707b7fkrhcc0pavo00',
  'user-agent' => 'Mozilla/5.0 (iPhone; CPU iPhone OS 10_3_2 like Mac OS X) AppleWebKit/603.2.3 (KHTML, like Gecko) Version/10.0 Mobile/14F5080a Safari/602.1',
  'accept-language' => 'zh-cn',
  'accept-encoding' => 'gzip, deflate',
  'connection' => 'keep-alive',
)
[ info ] [ PARAM ] array (
  '/admin/login/show_login_html' => '',
)
[ info ] [ SESSION ] INIT array (
  'id' => '',
  'var_session_id' => '',
  'prefix' => 'think',
  'type' => '',
  'auto_start' => true,
)
[ info ] [ RUN ] app\admin\controller\Login->show_login[ /var/www/card/app/admin/controller/Login.php ]
[ info ] [ VIEW ] /var/www/card/app/admin/view/login/login_page.html [ array (
) ]
[ info ] [ DB ] INIT mysql
[ info ] [ LOG ] INIT File
[ sql ] [ DB ] CONNECT:[ UseTime:0.000266s ] mysql:dbname=runfast;host=localhost;port=3306;charset=utf8
[ sql ] [ SQL ] SHOW COLUMNS FROM `edd_options` [ RunTime:0.000742s ]
[ sql ] [ SQL ] SELECT `option_value` FROM `edd_options` WHERE  `option_id` = 6 LIMIT 1 [ RunTime:0.000174s ]
[ sql ] [ SQL ] SELECT `option_value` FROM `edd_options` WHERE  `option_id` = 6 LIMIT 1 [ RunTime:0.000120s ]
[ sql ] [ SQL ] SELECT `option_value` FROM `edd_options` WHERE  `option_id` = 6 LIMIT 1 [ RunTime:0.000138s ]
[ sql ] [ SQL ] SHOW COLUMNS FROM `edd_widgets` [ RunTime:0.000552s ]
[ sql ] [ SQL ] SELECT `wid_params` FROM `edd_widgets` WHERE  `wid_key` = 'lsm_verify' LIMIT 1 [ RunTime:0.000168s ]
[ sql ] [ SQL ] SELECT `option_value` FROM `edd_options` WHERE  `option_id` = 6 LIMIT 1 [ RunTime:0.000142s ]
---------------------------------------------------------------
[ 2017-09-02T14:22:47+08:00 ] 172.16.0.5 117.136.70.179 POST /admin/login/login_in.html
[ info ] card.dcwen.top/admin/login/login_in.html [运行时间：0.003803s][吞吐率：262.95req/s] [内存消耗：537.77kb] [文件加载：51]
[ info ] [ LANG ] /var/www/card/thinkphp/lang/zh-cn.php
[ info ] [ ROUTE ] array (
  'type' => 'module',
  'module' => 
  array (
    0 => 'admin',
    1 => 'login',
    2 => 'login_in',
  ),
)
[ info ] [ HEADER ] array (
  'host' => 'card.dcwen.top',
  'accept' => '*/*',
  'x-requested-with' => 'XMLHttpRequest',
  'accept-language' => 'zh-cn',
  'accept-encoding' => 'gzip, deflate',
  'content-type' => 'application/x-www-form-urlencoded; charset=UTF-8',
  'origin' => 'http://card.dcwen.top',
  'user-agent' => 'Mozilla/5.0 (iPhone; CPU iPhone OS 10_3_2 like Mac OS X) AppleWebKit/603.2.3 (KHTML, like Gecko) Version/10.0 Mobile/14F5080a Safari/602.1',
  'connection' => 'keep-alive',
  'referer' => 'http://card.dcwen.top/admin/login/show_login.html',
  'content-length' => '32',
  'cookie' => 'PHPSESSID=5k2raq5q707b7fkrhcc0pavo00',
)
[ info ] [ PARAM ] array (
  '/admin/login/login_in_html' => '',
  'username' => 'admin',
  'password' => 'admin123',
)
[ info ] [ SESSION ] INIT array (
  'id' => '',
  'var_session_id' => '',
  'prefix' => 'think',
  'type' => '',
  'auto_start' => true,
)
[ info ] [ RUN ] app\admin\controller\Login->login_in[ /var/www/card/app/admin/controller/Login.php ]
[ info ] [ LOG ] INIT File
---------------------------------------------------------------
[ 2017-09-02T14:22:48+08:00 ] 172.16.0.5 117.136.70.179 POST /admin/login/login_in.html
[ info ] card.dcwen.top/admin/login/login_in.html [运行时间：0.003711s][吞吐率：269.47req/s] [内存消耗：537.79kb] [文件加载：51]
[ info ] [ LANG ] /var/www/card/thinkphp/lang/zh-cn.php
[ info ] [ ROUTE ] array (
  'type' => 'module',
  'module' => 
  array (
    0 => 'admin',
    1 => 'login',
    2 => 'login_in',
  ),
)
[ info ] [ HEADER ] array (
  'host' => 'card.dcwen.top',
  'accept' => '*/*',
  'x-requested-with' => 'XMLHttpRequest',
  'accept-language' => 'zh-cn',
  'accept-encoding' => 'gzip, deflate',
  'content-type' => 'application/x-www-form-urlencoded; charset=UTF-8',
  'origin' => 'http://card.dcwen.top',
  'user-agent' => 'Mozilla/5.0 (iPhone; CPU iPhone OS 10_3_2 like Mac OS X) AppleWebKit/603.2.3 (KHTML, like Gecko) Version/10.0 Mobile/14F5080a Safari/602.1',
  'connection' => 'keep-alive',
  'referer' => 'http://card.dcwen.top/admin/login/show_login.html',
  'content-length' => '32',
  'cookie' => 'PHPSESSID=5k2raq5q707b7fkrhcc0pavo00',
)
[ info ] [ PARAM ] array (
  '/admin/login/login_in_html' => '',
  'username' => 'admin',
  'password' => 'admin123',
)
[ info ] [ SESSION ] INIT array (
  'id' => '',
  'var_session_id' => '',
  'prefix' => 'think',
  'type' => '',
  'auto_start' => true,
)
[ info ] [ RUN ] app\admin\controller\Login->login_in[ /var/www/card/app/admin/controller/Login.php ]
[ info ] [ LOG ] INIT File
---------------------------------------------------------------
[ 2017-09-02T14:22:49+08:00 ] 172.16.0.5 117.136.70.179 POST /admin/login/login_in.html
[ info ] card.dcwen.top/admin/login/login_in.html [运行时间：0.002980s][吞吐率：335.57req/s] [内存消耗：537.79kb] [文件加载：51]
[ info ] [ LANG ] /var/www/card/thinkphp/lang/zh-cn.php
[ info ] [ ROUTE ] array (
  'type' => 'module',
  'module' => 
  array (
    0 => 'admin',
    1 => 'login',
    2 => 'login_in',
  ),
)
[ info ] [ HEADER ] array (
  'host' => 'card.dcwen.top',
  'accept' => '*/*',
  'x-requested-with' => 'XMLHttpRequest',
  'accept-language' => 'zh-cn',
  'accept-encoding' => 'gzip, deflate',
  'content-type' => 'application/x-www-form-urlencoded; charset=UTF-8',
  'origin' => 'http://card.dcwen.top',
  'user-agent' => 'Mozilla/5.0 (iPhone; CPU iPhone OS 10_3_2 like Mac OS X) AppleWebKit/603.2.3 (KHTML, like Gecko) Version/10.0 Mobile/14F5080a Safari/602.1',
  'connection' => 'keep-alive',
  'referer' => 'http://card.dcwen.top/admin/login/show_login.html',
  'content-length' => '32',
  'cookie' => 'PHPSESSID=5k2raq5q707b7fkrhcc0pavo00',
)
[ info ] [ PARAM ] array (
  '/admin/login/login_in_html' => '',
  'username' => 'admin',
  'password' => 'admin123',
)
[ info ] [ SESSION ] INIT array (
  'id' => '',
  'var_session_id' => '',
  'prefix' => 'think',
  'type' => '',
  'auto_start' => true,
)
[ info ] [ RUN ] app\admin\controller\Login->login_in[ /var/www/card/app/admin/controller/Login.php ]
[ info ] [ LOG ] INIT File
---------------------------------------------------------------
[ 2017-09-02T14:22:50+08:00 ] 172.16.0.5 117.136.70.179 POST /admin/login/login_in.html
[ info ] card.dcwen.top/admin/login/login_in.html [运行时间：0.003192s][吞吐率：313.29req/s] [内存消耗：537.77kb] [文件加载：51]
[ info ] [ LANG ] /var/www/card/thinkphp/lang/zh-cn.php
[ info ] [ ROUTE ] array (
  'type' => 'module',
  'module' => 
  array (
    0 => 'admin',
    1 => 'login',
    2 => 'login_in',
  ),
)
[ info ] [ HEADER ] array (
  'host' => 'card.dcwen.top',
  'accept' => '*/*',
  'x-requested-with' => 'XMLHttpRequest',
  'accept-language' => 'zh-cn',
  'accept-encoding' => 'gzip, deflate',
  'content-type' => 'application/x-www-form-urlencoded; charset=UTF-8',
  'origin' => 'http://card.dcwen.top',
  'user-agent' => 'Mozilla/5.0 (iPhone; CPU iPhone OS 10_3_2 like Mac OS X) AppleWebKit/603.2.3 (KHTML, like Gecko) Version/10.0 Mobile/14F5080a Safari/602.1',
  'connection' => 'keep-alive',
  'referer' => 'http://card.dcwen.top/admin/login/show_login.html',
  'content-length' => '32',
  'cookie' => 'PHPSESSID=5k2raq5q707b7fkrhcc0pavo00',
)
[ info ] [ PARAM ] array (
  '/admin/login/login_in_html' => '',
  'username' => 'admin',
  'password' => 'admin123',
)
[ info ] [ SESSION ] INIT array (
  'id' => '',
  'var_session_id' => '',
  'prefix' => 'think',
  'type' => '',
  'auto_start' => true,
)
[ info ] [ RUN ] app\admin\controller\Login->login_in[ /var/www/card/app/admin/controller/Login.php ]
[ info ] [ LOG ] INIT File
---------------------------------------------------------------
[ 2017-09-02T14:22:52+08:00 ] 172.16.0.5 117.136.70.179 POST /admin/login/login_in.html
[ info ] card.dcwen.top/admin/login/login_in.html [运行时间：0.003220s][吞吐率：310.55req/s] [内存消耗：537.79kb] [文件加载：51]
[ info ] [ LANG ] /var/www/card/thinkphp/lang/zh-cn.php
[ info ] [ ROUTE ] array (
  'type' => 'module',
  'module' => 
  array (
    0 => 'admin',
    1 => 'login',
    2 => 'login_in',
  ),
)
[ info ] [ HEADER ] array (
  'host' => 'card.dcwen.top',
  'accept' => '*/*',
  'x-requested-with' => 'XMLHttpRequest',
  'accept-language' => 'zh-cn',
  'accept-encoding' => 'gzip, deflate',
  'content-type' => 'application/x-www-form-urlencoded; charset=UTF-8',
  'origin' => 'http://card.dcwen.top',
  'user-agent' => 'Mozilla/5.0 (iPhone; CPU iPhone OS 10_3_2 like Mac OS X) AppleWebKit/603.2.3 (KHTML, like Gecko) Version/10.0 Mobile/14F5080a Safari/602.1',
  'connection' => 'keep-alive',
  'referer' => 'http://card.dcwen.top/admin/login/show_login.html',
  'content-length' => '32',
  'cookie' => 'PHPSESSID=5k2raq5q707b7fkrhcc0pavo00',
)
[ info ] [ PARAM ] array (
  '/admin/login/login_in_html' => '',
  'username' => 'admin',
  'password' => 'admin123',
)
[ info ] [ SESSION ] INIT array (
  'id' => '',
  'var_session_id' => '',
  'prefix' => 'think',
  'type' => '',
  'auto_start' => true,
)
[ info ] [ RUN ] app\admin\controller\Login->login_in[ /var/www/card/app/admin/controller/Login.php ]
[ info ] [ LOG ] INIT File
---------------------------------------------------------------
[ 2017-09-02T14:22:53+08:00 ] 172.16.0.5 117.136.70.179 POST /admin/login/login_in.html
[ info ] card.dcwen.top/admin/login/login_in.html [运行时间：0.003207s][吞吐率：311.82req/s] [内存消耗：537.77kb] [文件加载：51]
[ info ] [ LANG ] /var/www/card/thinkphp/lang/zh-cn.php
[ info ] [ ROUTE ] array (
  'type' => 'module',
  'module' => 
  array (
    0 => 'admin',
    1 => 'login',
    2 => 'login_in',
  ),
)
[ info ] [ HEADER ] array (
  'host' => 'card.dcwen.top',
  'accept' => '*/*',
  'x-requested-with' => 'XMLHttpRequest',
  'accept-language' => 'zh-cn',
  'accept-encoding' => 'gzip, deflate',
  'content-type' => 'application/x-www-form-urlencoded; charset=UTF-8',
  'origin' => 'http://card.dcwen.top',
  'user-agent' => 'Mozilla/5.0 (iPhone; CPU iPhone OS 10_3_2 like Mac OS X) AppleWebKit/603.2.3 (KHTML, like Gecko) Version/10.0 Mobile/14F5080a Safari/602.1',
  'connection' => 'keep-alive',
  'referer' => 'http://card.dcwen.top/admin/login/show_login.html',
  'content-length' => '32',
  'cookie' => 'PHPSESSID=5k2raq5q707b7fkrhcc0pavo00',
)
[ info ] [ PARAM ] array (
  '/admin/login/login_in_html' => '',
  'username' => 'admin',
  'password' => 'admin123',
)
[ info ] [ SESSION ] INIT array (
  'id' => '',
  'var_session_id' => '',
  'prefix' => 'think',
  'type' => '',
  'auto_start' => true,
)
[ info ] [ RUN ] app\admin\controller\Login->login_in[ /var/www/card/app/admin/controller/Login.php ]
[ info ] [ LOG ] INIT File
---------------------------------------------------------------
[ 2017-09-02T14:22:53+08:00 ] 172.16.0.5 117.136.70.179 POST /admin/login/login_in.html
[ info ] card.dcwen.top/admin/login/login_in.html [运行时间：0.003037s][吞吐率：329.25req/s] [内存消耗：537.79kb] [文件加载：51]
[ info ] [ LANG ] /var/www/card/thinkphp/lang/zh-cn.php
[ info ] [ ROUTE ] array (
  'type' => 'module',
  'module' => 
  array (
    0 => 'admin',
    1 => 'login',
    2 => 'login_in',
  ),
)
[ info ] [ HEADER ] array (
  'host' => 'card.dcwen.top',
  'accept' => '*/*',
  'x-requested-with' => 'XMLHttpRequest',
  'accept-language' => 'zh-cn',
  'accept-encoding' => 'gzip, deflate',
  'content-type' => 'application/x-www-form-urlencoded; charset=UTF-8',
  'origin' => 'http://card.dcwen.top',
  'user-agent' => 'Mozilla/5.0 (iPhone; CPU iPhone OS 10_3_2 like Mac OS X) AppleWebKit/603.2.3 (KHTML, like Gecko) Version/10.0 Mobile/14F5080a Safari/602.1',
  'connection' => 'keep-alive',
  'referer' => 'http://card.dcwen.top/admin/login/show_login.html',
  'content-length' => '32',
  'cookie' => 'PHPSESSID=5k2raq5q707b7fkrhcc0pavo00',
)
[ info ] [ PARAM ] array (
  '/admin/login/login_in_html' => '',
  'username' => 'admin',
  'password' => 'admin123',
)
[ info ] [ SESSION ] INIT array (
  'id' => '',
  'var_session_id' => '',
  'prefix' => 'think',
  'type' => '',
  'auto_start' => true,
)
[ info ] [ RUN ] app\admin\controller\Login->login_in[ /var/www/card/app/admin/controller/Login.php ]
[ info ] [ LOG ] INIT File
---------------------------------------------------------------
[ 2017-09-02T14:22:54+08:00 ] 172.16.0.5 117.136.70.179 POST /admin/login/login_in.html
[ info ] card.dcwen.top/admin/login/login_in.html [运行时间：0.003494s][吞吐率：286.20req/s] [内存消耗：537.79kb] [文件加载：51]
[ info ] [ LANG ] /var/www/card/thinkphp/lang/zh-cn.php
[ info ] [ ROUTE ] array (
  'type' => 'module',
  'module' => 
  array (
    0 => 'admin',
    1 => 'login',
    2 => 'login_in',
  ),
)
[ info ] [ HEADER ] array (
  'host' => 'card.dcwen.top',
  'accept' => '*/*',
  'x-requested-with' => 'XMLHttpRequest',
  'accept-language' => 'zh-cn',
  'accept-encoding' => 'gzip, deflate',
  'content-type' => 'application/x-www-form-urlencoded; charset=UTF-8',
  'origin' => 'http://card.dcwen.top',
  'user-agent' => 'Mozilla/5.0 (iPhone; CPU iPhone OS 10_3_2 like Mac OS X) AppleWebKit/603.2.3 (KHTML, like Gecko) Version/10.0 Mobile/14F5080a Safari/602.1',
  'connection' => 'keep-alive',
  'referer' => 'http://card.dcwen.top/admin/login/show_login.html',
  'content-length' => '32',
  'cookie' => 'PHPSESSID=5k2raq5q707b7fkrhcc0pavo00',
)
[ info ] [ PARAM ] array (
  '/admin/login/login_in_html' => '',
  'username' => 'admin',
  'password' => 'admin123',
)
[ info ] [ SESSION ] INIT array (
  'id' => '',
  'var_session_id' => '',
  'prefix' => 'think',
  'type' => '',
  'auto_start' => true,
)
[ info ] [ RUN ] app\admin\controller\Login->login_in[ /var/www/card/app/admin/controller/Login.php ]
[ info ] [ LOG ] INIT File
---------------------------------------------------------------
[ 2017-09-02T14:22:55+08:00 ] 172.16.0.5 117.136.70.179 POST /admin/login/login_in.html
[ info ] card.dcwen.top/admin/login/login_in.html [运行时间：0.003258s][吞吐率：306.94req/s] [内存消耗：537.79kb] [文件加载：51]
[ info ] [ LANG ] /var/www/card/thinkphp/lang/zh-cn.php
[ info ] [ ROUTE ] array (
  'type' => 'module',
  'module' => 
  array (
    0 => 'admin',
    1 => 'login',
    2 => 'login_in',
  ),
)
[ info ] [ HEADER ] array (
  'host' => 'card.dcwen.top',
  'accept' => '*/*',
  'x-requested-with' => 'XMLHttpRequest',
  'accept-language' => 'zh-cn',
  'accept-encoding' => 'gzip, deflate',
  'content-type' => 'application/x-www-form-urlencoded; charset=UTF-8',
  'origin' => 'http://card.dcwen.top',
  'user-agent' => 'Mozilla/5.0 (iPhone; CPU iPhone OS 10_3_2 like Mac OS X) AppleWebKit/603.2.3 (KHTML, like Gecko) Version/10.0 Mobile/14F5080a Safari/602.1',
  'connection' => 'keep-alive',
  'referer' => 'http://card.dcwen.top/admin/login/show_login.html',
  'content-length' => '32',
  'cookie' => 'PHPSESSID=5k2raq5q707b7fkrhcc0pavo00',
)
[ info ] [ PARAM ] array (
  '/admin/login/login_in_html' => '',
  'username' => 'admin',
  'password' => 'admin123',
)
[ info ] [ SESSION ] INIT array (
  'id' => '',
  'var_session_id' => '',
  'prefix' => 'think',
  'type' => '',
  'auto_start' => true,
)
[ info ] [ RUN ] app\admin\controller\Login->login_in[ /var/www/card/app/admin/controller/Login.php ]
[ info ] [ LOG ] INIT File
---------------------------------------------------------------
[ 2017-09-02T14:22:55+08:00 ] 172.16.0.5 117.136.70.179 POST /admin/login/login_in.html
[ info ] card.dcwen.top/admin/login/login_in.html [运行时间：0.003294s][吞吐率：303.58req/s] [内存消耗：537.79kb] [文件加载：51]
[ info ] [ LANG ] /var/www/card/thinkphp/lang/zh-cn.php
[ info ] [ ROUTE ] array (
  'type' => 'module',
  'module' => 
  array (
    0 => 'admin',
    1 => 'login',
    2 => 'login_in',
  ),
)
[ info ] [ HEADER ] array (
  'host' => 'card.dcwen.top',
  'accept' => '*/*',
  'x-requested-with' => 'XMLHttpRequest',
  'accept-language' => 'zh-cn',
  'accept-encoding' => 'gzip, deflate',
  'content-type' => 'application/x-www-form-urlencoded; charset=UTF-8',
  'origin' => 'http://card.dcwen.top',
  'user-agent' => 'Mozilla/5.0 (iPhone; CPU iPhone OS 10_3_2 like Mac OS X) AppleWebKit/603.2.3 (KHTML, like Gecko) Version/10.0 Mobile/14F5080a Safari/602.1',
  'connection' => 'keep-alive',
  'referer' => 'http://card.dcwen.top/admin/login/show_login.html',
  'content-length' => '32',
  'cookie' => 'PHPSESSID=5k2raq5q707b7fkrhcc0pavo00',
)
[ info ] [ PARAM ] array (
  '/admin/login/login_in_html' => '',
  'username' => 'admin',
  'password' => 'admin123',
)
[ info ] [ SESSION ] INIT array (
  'id' => '',
  'var_session_id' => '',
  'prefix' => 'think',
  'type' => '',
  'auto_start' => true,
)
[ info ] [ RUN ] app\admin\controller\Login->login_in[ /var/www/card/app/admin/controller/Login.php ]
[ info ] [ LOG ] INIT File
---------------------------------------------------------------
[ 2017-09-02T14:22:57+08:00 ] 172.16.0.5 117.136.70.179 POST /admin/login/login_in.html
[ info ] card.dcwen.top/admin/login/login_in.html [运行时间：0.003123s][吞吐率：320.20req/s] [内存消耗：537.77kb] [文件加载：51]
[ info ] [ LANG ] /var/www/card/thinkphp/lang/zh-cn.php
[ info ] [ ROUTE ] array (
  'type' => 'module',
  'module' => 
  array (
    0 => 'admin',
    1 => 'login',
    2 => 'login_in',
  ),
)
[ info ] [ HEADER ] array (
  'host' => 'card.dcwen.top',
  'accept' => '*/*',
  'x-requested-with' => 'XMLHttpRequest',
  'accept-language' => 'zh-cn',
  'accept-encoding' => 'gzip, deflate',
  'content-type' => 'application/x-www-form-urlencoded; charset=UTF-8',
  'origin' => 'http://card.dcwen.top',
  'user-agent' => 'Mozilla/5.0 (iPhone; CPU iPhone OS 10_3_2 like Mac OS X) AppleWebKit/603.2.3 (KHTML, like Gecko) Version/10.0 Mobile/14F5080a Safari/602.1',
  'connection' => 'keep-alive',
  'referer' => 'http://card.dcwen.top/admin/login/show_login.html',
  'content-length' => '32',
  'cookie' => 'PHPSESSID=5k2raq5q707b7fkrhcc0pavo00',
)
[ info ] [ PARAM ] array (
  '/admin/login/login_in_html' => '',
  'username' => 'admin',
  'password' => 'admin123',
)
[ info ] [ SESSION ] INIT array (
  'id' => '',
  'var_session_id' => '',
  'prefix' => 'think',
  'type' => '',
  'auto_start' => true,
)
[ info ] [ RUN ] app\admin\controller\Login->login_in[ /var/www/card/app/admin/controller/Login.php ]
[ info ] [ LOG ] INIT File
---------------------------------------------------------------
[ 2017-09-02T14:22:58+08:00 ] 172.16.0.5 117.136.70.179 GET /admin/login/show_login.html
[ info ] card.dcwen.top/admin/login/show_login.html [运行时间：0.007215s][吞吐率：138.60req/s] [内存消耗：1,728.08kb] [文件加载：59]
[ info ] [ LANG ] /var/www/card/thinkphp/lang/zh-cn.php
[ info ] [ ROUTE ] array (
  'type' => 'module',
  'module' => 
  array (
    0 => 'admin',
    1 => 'login',
    2 => 'show_login',
  ),
)
[ info ] [ HEADER ] array (
  'host' => 'card.dcwen.top',
  'accept' => 'text/html,application/xhtml+xml,application/xml;q=0.9,*/*;q=0.8',
  'upgrade-insecure-requests' => '1',
  'cookie' => 'PHPSESSID=5k2raq5q707b7fkrhcc0pavo00',
  'user-agent' => 'Mozilla/5.0 (iPhone; CPU iPhone OS 10_3_2 like Mac OS X) AppleWebKit/603.2.3 (KHTML, like Gecko) Version/10.0 Mobile/14F5080a Safari/602.1',
  'accept-language' => 'zh-cn',
  'accept-encoding' => 'gzip, deflate',
  'connection' => 'keep-alive',
)
[ info ] [ PARAM ] array (
  '/admin/login/show_login_html' => '',
)
[ info ] [ SESSION ] INIT array (
  'id' => '',
  'var_session_id' => '',
  'prefix' => 'think',
  'type' => '',
  'auto_start' => true,
)
[ info ] [ RUN ] app\admin\controller\Login->show_login[ /var/www/card/app/admin/controller/Login.php ]
[ info ] [ VIEW ] /var/www/card/app/admin/view/login/login_page.html [ array (
) ]
[ info ] [ DB ] INIT mysql
[ info ] [ LOG ] INIT File
[ sql ] [ DB ] CONNECT:[ UseTime:0.000192s ] mysql:dbname=runfast;host=localhost;port=3306;charset=utf8
[ sql ] [ SQL ] SHOW COLUMNS FROM `edd_options` [ RunTime:0.000710s ]
[ sql ] [ SQL ] SELECT `option_value` FROM `edd_options` WHERE  `option_id` = 6 LIMIT 1 [ RunTime:0.000173s ]
[ sql ] [ SQL ] SELECT `option_value` FROM `edd_options` WHERE  `option_id` = 6 LIMIT 1 [ RunTime:0.000148s ]
[ sql ] [ SQL ] SELECT `option_value` FROM `edd_options` WHERE  `option_id` = 6 LIMIT 1 [ RunTime:0.000164s ]
[ sql ] [ SQL ] SHOW COLUMNS FROM `edd_widgets` [ RunTime:0.000553s ]
[ sql ] [ SQL ] SELECT `wid_params` FROM `edd_widgets` WHERE  `wid_key` = 'lsm_verify' LIMIT 1 [ RunTime:0.000127s ]
[ sql ] [ SQL ] SELECT `option_value` FROM `edd_options` WHERE  `option_id` = 6 LIMIT 1 [ RunTime:0.000167s ]
---------------------------------------------------------------
[ 2017-09-02T14:23:09+08:00 ] 172.16.0.5 117.136.70.179 POST /admin/login/login_in.html
[ info ] card.dcwen.top/admin/login/login_in.html [运行时间：0.006493s][吞吐率：154.02req/s] [内存消耗：538.09kb] [文件加载：51]
[ info ] [ LANG ] /var/www/card/thinkphp/lang/zh-cn.php
[ info ] [ ROUTE ] array (
  'type' => 'module',
  'module' => 
  array (
    0 => 'admin',
    1 => 'login',
    2 => 'login_in',
  ),
)
[ info ] [ HEADER ] array (
  'host' => 'card.dcwen.top',
  'accept' => '*/*',
  'x-requested-with' => 'XMLHttpRequest',
  'accept-language' => 'zh-cn',
  'accept-encoding' => 'gzip, deflate',
  'content-type' => 'application/x-www-form-urlencoded; charset=UTF-8',
  'origin' => 'http://card.dcwen.top',
  'user-agent' => 'Mozilla/5.0 (iPhone; CPU iPhone OS 10_3_2 like Mac OS X) AppleWebKit/603.2.3 (KHTML, like Gecko) Version/10.0 Mobile/14F5080a Safari/602.1',
  'connection' => 'keep-alive',
  'referer' => 'http://card.dcwen.top/admin/login/show_login.html',
  'content-length' => '50',
  'cookie' => 'PHPSESSID=5k2raq5q707b7fkrhcc0pavo00',
)
[ info ] [ PARAM ] array (
  '/admin/login/login_in_html' => '',
  'username' => 'admin',
  'password' => 'admin123',
  'luotest_response' => '',
)
[ info ] [ SESSION ] INIT array (
  'id' => '',
  'var_session_id' => '',
  'prefix' => 'think',
  'type' => '',
  'auto_start' => true,
)
[ info ] [ RUN ] app\admin\controller\Login->login_in[ /var/www/card/app/admin/controller/Login.php ]
[ info ] [ LOG ] INIT File
---------------------------------------------------------------
[ 2017-09-02T14:23:15+08:00 ] 172.16.0.5 117.136.70.179 POST /admin/login/login_in.html
[ info ] card.dcwen.top/admin/login/login_in.html [运行时间：0.072875s][吞吐率：13.72req/s] [内存消耗：758.59kb] [文件加载：62]
[ info ] [ LANG ] /var/www/card/thinkphp/lang/zh-cn.php
[ info ] [ ROUTE ] array (
  'type' => 'module',
  'module' => 
  array (
    0 => 'admin',
    1 => 'login',
    2 => 'login_in',
  ),
)
[ info ] [ HEADER ] array (
  'host' => 'card.dcwen.top',
  'accept' => '*/*',
  'x-requested-with' => 'XMLHttpRequest',
  'accept-language' => 'zh-cn',
  'accept-encoding' => 'gzip, deflate',
  'content-type' => 'application/x-www-form-urlencoded; charset=UTF-8',
  'origin' => 'http://card.dcwen.top',
  'user-agent' => 'Mozilla/5.0 (iPhone; CPU iPhone OS 10_3_2 like Mac OS X) AppleWebKit/603.2.3 (KHTML, like Gecko) Version/10.0 Mobile/14F5080a Safari/602.1',
  'connection' => 'keep-alive',
  'referer' => 'http://card.dcwen.top/admin/login/show_login.html',
  'content-length' => '381',
  'cookie' => 'PHPSESSID=5k2raq5q707b7fkrhcc0pavo00',
)
[ info ] [ PARAM ] array (
  '/admin/login/login_in_html' => '',
  'username' => 'admin',
  'password' => 'admin123',
  'luotest_response' => 'guZR2yxqY9XXUbRBrjlcT_DNQyy9tgRUAmFOBk3IBcB9lABEcozbFhHa5SjqpcmjiisWR_rNNp0k2CoZonhZDbpIqNxGI-de7H7LyApJT8XJAlAb-HZ-3mGYIdSN6bAZdz4964EPNx4Cmrrm3oZTOl-wEhxcfz47mfh7bAxDXBN_lTrWg32VvgTFSUlvWz5fu0arDj6AkaLETOtyPOWmdq1ux77vu6_ZwMMipaoj9ebCIMYW6Z-owqeNw1ahPw2mT-SXuQe_5kJVfw6FgbxoOOgGODVdAaeQL7XHrIWTfIZn5vQ7F3RmRS4fJvx1aGcNRUMVWzekLvk',
)
[ info ] [ SESSION ] INIT array (
  'id' => '',
  'var_session_id' => '',
  'prefix' => 'think',
  'type' => '',
  'auto_start' => true,
)
[ info ] [ RUN ] app\admin\controller\Login->login_in[ /var/www/card/app/admin/controller/Login.php ]
[ info ] [ DB ] INIT mysql
[ info ] [ CACHE ] INIT File
[ info ] [ LOG ] INIT File
[ sql ] [ DB ] CONNECT:[ UseTime:0.000517s ] mysql:dbname=runfast;host=localhost;port=3306;charset=utf8
[ sql ] [ SQL ] SHOW COLUMNS FROM `edd_widgets` [ RunTime:0.000976s ]
[ sql ] [ SQL ] SELECT `wid_params` FROM `edd_widgets` WHERE  `wid_key` = 'lsm_verify' LIMIT 1 [ RunTime:0.000201s ]
[ sql ] [ SQL ] SELECT `wid_params` FROM `edd_widgets` WHERE  `wid_key` = 'lsm_verify' LIMIT 1 [ RunTime:0.000122s ]
[ sql ] [ SQL ] SHOW COLUMNS FROM `edd_users` [ RunTime:0.000754s ]
[ sql ] [ SQL ] SELECT * FROM `edd_users` WHERE  `user_login` = 'admin' LIMIT 1 [ RunTime:0.000269s ]
[ sql ] [ SQL ] UPDATE `edd_users`  SET `last_login_time`='1504333395',`last_login_ip`='117.136.70.179',`user_hits`=127  WHERE  `id` = 1 [ RunTime:0.000823s ]
[ sql ] [ SQL ] SELECT * FROM `edd_users` WHERE  `id` = 1 LIMIT 1 [ RunTime:0.000247s ]
---------------------------------------------------------------
[ 2017-09-02T14:23:17+08:00 ] 172.16.0.5 117.136.70.179 GET /admin/index/index.html
[ info ] card.dcwen.top/admin/index/index.html [运行时间：0.032674s][吞吐率：30.61req/s] [内存消耗：963.09kb] [文件加载：63]
[ info ] [ LANG ] /var/www/card/thinkphp/lang/zh-cn.php
[ info ] [ ROUTE ] array (
  'type' => 'module',
  'module' => 
  array (
    0 => 'admin',
    1 => 'index',
    2 => 'index',
  ),
)
[ info ] [ HEADER ] array (
  'host' => 'card.dcwen.top',
  'cookie' => 'UID=qNWW1; PHPSESSID=5k2raq5q707b7fkrhcc0pavo00',
  'connection' => 'keep-alive',
  'upgrade-insecure-requests' => '1',
  'accept' => 'text/html,application/xhtml+xml,application/xml;q=0.9,*/*;q=0.8',
  'user-agent' => 'Mozilla/5.0 (iPhone; CPU iPhone OS 10_3_2 like Mac OS X) AppleWebKit/603.2.3 (KHTML, like Gecko) Version/10.0 Mobile/14F5080a Safari/602.1',
  'referer' => 'http://card.dcwen.top/admin/login/show_login.html',
  'accept-language' => 'zh-cn',
  'accept-encoding' => 'gzip, deflate',
)
[ info ] [ PARAM ] array (
  '/admin/index/index_html' => '',
)
[ info ] [ SESSION ] INIT array (
  'id' => '',
  'var_session_id' => '',
  'prefix' => 'think',
  'type' => '',
  'auto_start' => true,
)
[ info ] [ DB ] INIT mysql
[ info ] [ RUN ] app\admin\controller\Index->index[ /var/www/card/app/admin/controller/Index.php ]
[ info ] [ VIEW ] /var/www/card/app/admin/view/public/base.html [ array (
  0 => 'self',
  1 => 'role_name',
  2 => 'menuAuth',
  3 => 'url',
) ]
[ info ] [ LOG ] INIT File
[ sql ] [ DB ] CONNECT:[ UseTime:0.000214s ] mysql:dbname=runfast;host=localhost;port=3306;charset=utf8
[ sql ] [ SQL ] SHOW COLUMNS FROM `edd_users` [ RunTime:0.000746s ]
[ sql ] [ SQL ] SELECT * FROM `edd_users` WHERE  `id` = 1 LIMIT 1 [ RunTime:0.000182s ]
[ sql ] [ SQL ] SHOW COLUMNS FROM `edd_menu` [ RunTime:0.000602s ]
[ sql ] [ SQL ] SELECT * FROM `edd_menu` WHERE  `module` = 'admin'  AND `controller` = 'Index'  AND `method` = 'index' LIMIT 1 [ RunTime:0.000159s ]
[ sql ] [ SQL ] SELECT * FROM `edd_users` WHERE  `id` = 1 LIMIT 1 [ RunTime:0.000143s ]
[ sql ] [ SQL ] SELECT `name` FROM `edd_users` `u` INNER JOIN `edd_role_user` `ra` ON `ra`.`user_id`=`u`.`id` INNER JOIN `edd_role` `r` ON `r`.`id`=`ra`.`role_id` WHERE  `ra`.`user_id` = '1' LIMIT 1 [ RunTime:0.000794s ]
[ sql ] [ SQL ] SELECT `r`.`nav_list` FROM `edd_users` `u` INNER JOIN `edd_role_user` `ra` ON `ra`.`user_id`=`u`.`id` INNER JOIN `edd_role` `r` ON `r`.`id`=`ra`.`role_id` WHERE  `ra`.`user_id` = '1' LIMIT 1 [ RunTime:0.000232s ]
[ sql ] [ SQL ] SHOW COLUMNS FROM `edd_role_user` [ RunTime:0.000458s ]
[ sql ] [ SQL ] SELECT * FROM `edd_role_user` WHERE  `user_id` = 1 LIMIT 1 [ RunTime:0.000127s ]
[ sql ] [ SQL ] SHOW COLUMNS FROM `edd_role` [ RunTime:0.000480s ]
[ sql ] [ SQL ] SELECT * FROM `edd_role` WHERE  `id` = 1 LIMIT 1 [ RunTime:0.000141s ]
[ sql ] [ SQL ] SELECT * FROM `edd_menu` WHERE  `id` IN (216,305,218,310,309,308,217,307,306,249,346,331,304,322,252,330,329,321,320,319,250,312,311,211,318,317,316,265,267,325,324,323,266,315,314,313,347,336,337,344,345,328,327,326,334)  AND `status` = 1  AND `type` = 0 ORDER BY listorder desc [ RunTime:0.000322s ]
[ sql ] [ SQL ] SELECT `module`,`controller`,`method` FROM `edd_menu` WHERE  `id` = 345 LIMIT 1 [ RunTime:0.000127s ]
[ sql ] [ SQL ] SHOW COLUMNS FROM `edd_options` [ RunTime:0.000561s ]
[ sql ] [ SQL ] SELECT `option_value` FROM `edd_options` WHERE  `option_id` = 6 LIMIT 1 [ RunTime:0.000159s ]
[ sql ] [ SQL ] SELECT `option_value` FROM `edd_options` WHERE  `option_id` = 6 LIMIT 1 [ RunTime:0.000118s ]
[ sql ] [ SQL ] SELECT `r`.`nav_list` FROM `edd_users` `u` INNER JOIN `edd_role_user` `ra` ON `ra`.`user_id`=`u`.`id` INNER JOIN `edd_role` `r` ON `r`.`id`=`ra`.`role_id` WHERE  `ra`.`user_id` = '1' LIMIT 1 [ RunTime:0.000132s ]
[ sql ] [ SQL ] SELECT `r`.`nav_list` FROM `edd_users` `u` INNER JOIN `edd_role_user` `ra` ON `ra`.`user_id`=`u`.`id` INNER JOIN `edd_role` `r` ON `r`.`id`=`ra`.`role_id` WHERE  `ra`.`user_id` = '1' LIMIT 1 [ RunTime:0.000118s ]
[ sql ] [ SQL ] SELECT `r`.`nav_list` FROM `edd_users` `u` INNER JOIN `edd_role_user` `ra` ON `ra`.`user_id`=`u`.`id` INNER JOIN `edd_role` `r` ON `r`.`id`=`ra`.`role_id` WHERE  `ra`.`user_id` = '1' LIMIT 1 [ RunTime:0.000121s ]
[ sql ] [ SQL ] SELECT `r`.`nav_list` FROM `edd_users` `u` INNER JOIN `edd_role_user` `ra` ON `ra`.`user_id`=`u`.`id` INNER JOIN `edd_role` `r` ON `r`.`id`=`ra`.`role_id` WHERE  `ra`.`user_id` = '1' LIMIT 1 [ RunTime:0.000119s ]
[ sql ] [ SQL ] SELECT `r`.`nav_list` FROM `edd_users` `u` INNER JOIN `edd_role_user` `ra` ON `ra`.`user_id`=`u`.`id` INNER JOIN `edd_role` `r` ON `r`.`id`=`ra`.`role_id` WHERE  `ra`.`user_id` = '1' LIMIT 1 [ RunTime:0.000140s ]
[ sql ] [ SQL ] SELECT `r`.`nav_list` FROM `edd_users` `u` INNER JOIN `edd_role_user` `ra` ON `ra`.`user_id`=`u`.`id` INNER JOIN `edd_role` `r` ON `r`.`id`=`ra`.`role_id` WHERE  `ra`.`user_id` = '1' LIMIT 1 [ RunTime:0.000218s ]
[ sql ] [ SQL ] SELECT `r`.`nav_list` FROM `edd_users` `u` INNER JOIN `edd_role_user` `ra` ON `ra`.`user_id`=`u`.`id` INNER JOIN `edd_role` `r` ON `r`.`id`=`ra`.`role_id` WHERE  `ra`.`user_id` = '1' LIMIT 1 [ RunTime:0.000150s ]
[ sql ] [ SQL ] SELECT `r`.`nav_list` FROM `edd_users` `u` INNER JOIN `edd_role_user` `ra` ON `ra`.`user_id`=`u`.`id` INNER JOIN `edd_role` `r` ON `r`.`id`=`ra`.`role_id` WHERE  `ra`.`user_id` = '1' LIMIT 1 [ RunTime:0.000139s ]
[ sql ] [ SQL ] SELECT `r`.`nav_list` FROM `edd_users` `u` INNER JOIN `edd_role_user` `ra` ON `ra`.`user_id`=`u`.`id` INNER JOIN `edd_role` `r` ON `r`.`id`=`ra`.`role_id` WHERE  `ra`.`user_id` = '1' LIMIT 1 [ RunTime:0.000123s ]
[ sql ] [ SQL ] SELECT `r`.`nav_list` FROM `edd_users` `u` INNER JOIN `edd_role_user` `ra` ON `ra`.`user_id`=`u`.`id` INNER JOIN `edd_role` `r` ON `r`.`id`=`ra`.`role_id` WHERE  `ra`.`user_id` = '1' LIMIT 1 [ RunTime:0.000117s ]
[ sql ] [ SQL ] SELECT `r`.`nav_list` FROM `edd_users` `u` INNER JOIN `edd_role_user` `ra` ON `ra`.`user_id`=`u`.`id` INNER JOIN `edd_role` `r` ON `r`.`id`=`ra`.`role_id` WHERE  `ra`.`user_id` = '1' LIMIT 1 [ RunTime:0.000123s ]
[ sql ] [ SQL ] SELECT `r`.`nav_list` FROM `edd_users` `u` INNER JOIN `edd_role_user` `ra` ON `ra`.`user_id`=`u`.`id` INNER JOIN `edd_role` `r` ON `r`.`id`=`ra`.`role_id` WHERE  `ra`.`user_id` = '1' LIMIT 1 [ RunTime:0.000119s ]
[ sql ] [ SQL ] SELECT `r`.`nav_list` FROM `edd_users` `u` INNER JOIN `edd_role_user` `ra` ON `ra`.`user_id`=`u`.`id` INNER JOIN `edd_role` `r` ON `r`.`id`=`ra`.`role_id` WHERE  `ra`.`user_id` = '1' LIMIT 1 [ RunTime:0.000119s ]
[ sql ] [ SQL ] SELECT `r`.`nav_list` FROM `edd_users` `u` INNER JOIN `edd_role_user` `ra` ON `ra`.`user_id`=`u`.`id` INNER JOIN `edd_role` `r` ON `r`.`id`=`ra`.`role_id` WHERE  `ra`.`user_id` = '1' LIMIT 1 [ RunTime:0.000139s ]
[ sql ] [ SQL ] SELECT `r`.`nav_list` FROM `edd_users` `u` INNER JOIN `edd_role_user` `ra` ON `ra`.`user_id`=`u`.`id` INNER JOIN `edd_role` `r` ON `r`.`id`=`ra`.`role_id` WHERE  `ra`.`user_id` = '1' LIMIT 1 [ RunTime:0.000144s ]
[ sql ] [ SQL ] SELECT `r`.`nav_list` FROM `edd_users` `u` INNER JOIN `edd_role_user` `ra` ON `ra`.`user_id`=`u`.`id` INNER JOIN `edd_role` `r` ON `r`.`id`=`ra`.`role_id` WHERE  `ra`.`user_id` = '1' LIMIT 1 [ RunTime:0.000138s ]
[ sql ] [ SQL ] SELECT `r`.`nav_list` FROM `edd_users` `u` INNER JOIN `edd_role_user` `ra` ON `ra`.`user_id`=`u`.`id` INNER JOIN `edd_role` `r` ON `r`.`id`=`ra`.`role_id` WHERE  `ra`.`user_id` = '1' LIMIT 1 [ RunTime:0.000121s ]
[ sql ] [ SQL ] SELECT `r`.`nav_list` FROM `edd_users` `u` INNER JOIN `edd_role_user` `ra` ON `ra`.`user_id`=`u`.`id` INNER JOIN `edd_role` `r` ON `r`.`id`=`ra`.`role_id` WHERE  `ra`.`user_id` = '1' LIMIT 1 [ RunTime:0.000121s ]
[ sql ] [ SQL ] SELECT `r`.`nav_list` FROM `edd_users` `u` INNER JOIN `edd_role_user` `ra` ON `ra`.`user_id`=`u`.`id` INNER JOIN `edd_role` `r` ON `r`.`id`=`ra`.`role_id` WHERE  `ra`.`user_id` = '1' LIMIT 1 [ RunTime:0.000121s ]
[ sql ] [ SQL ] SELECT `r`.`nav_list` FROM `edd_users` `u` INNER JOIN `edd_role_user` `ra` ON `ra`.`user_id`=`u`.`id` INNER JOIN `edd_role` `r` ON `r`.`id`=`ra`.`role_id` WHERE  `ra`.`user_id` = '1' LIMIT 1 [ RunTime:0.000119s ]
[ sql ] [ SQL ] SELECT `r`.`nav_list` FROM `edd_users` `u` INNER JOIN `edd_role_user` `ra` ON `ra`.`user_id`=`u`.`id` INNER JOIN `edd_role` `r` ON `r`.`id`=`ra`.`role_id` WHERE  `ra`.`user_id` = '1' LIMIT 1 [ RunTime:0.000117s ]
[ sql ] [ SQL ] SELECT `r`.`nav_list` FROM `edd_users` `u` INNER JOIN `edd_role_user` `ra` ON `ra`.`user_id`=`u`.`id` INNER JOIN `edd_role` `r` ON `r`.`id`=`ra`.`role_id` WHERE  `ra`.`user_id` = '1' LIMIT 1 [ RunTime:0.000118s ]
[ sql ] [ SQL ] SELECT `r`.`nav_list` FROM `edd_users` `u` INNER JOIN `edd_role_user` `ra` ON `ra`.`user_id`=`u`.`id` INNER JOIN `edd_role` `r` ON `r`.`id`=`ra`.`role_id` WHERE  `ra`.`user_id` = '1' LIMIT 1 [ RunTime:0.000122s ]
[ sql ] [ SQL ] SELECT `r`.`nav_list` FROM `edd_users` `u` INNER JOIN `edd_role_user` `ra` ON `ra`.`user_id`=`u`.`id` INNER JOIN `edd_role` `r` ON `r`.`id`=`ra`.`role_id` WHERE  `ra`.`user_id` = '1' LIMIT 1 [ RunTime:0.000122s ]
[ sql ] [ SQL ] SELECT `r`.`nav_list` FROM `edd_users` `u` INNER JOIN `edd_role_user` `ra` ON `ra`.`user_id`=`u`.`id` INNER JOIN `edd_role` `r` ON `r`.`id`=`ra`.`role_id` WHERE  `ra`.`user_id` = '1' LIMIT 1 [ RunTime:0.000170s ]
[ sql ] [ SQL ] SELECT `r`.`nav_list` FROM `edd_users` `u` INNER JOIN `edd_role_user` `ra` ON `ra`.`user_id`=`u`.`id` INNER JOIN `edd_role` `r` ON `r`.`id`=`ra`.`role_id` WHERE  `ra`.`user_id` = '1' LIMIT 1 [ RunTime:0.000201s ]
[ sql ] [ SQL ] SELECT `r`.`nav_list` FROM `edd_users` `u` INNER JOIN `edd_role_user` `ra` ON `ra`.`user_id`=`u`.`id` INNER JOIN `edd_role` `r` ON `r`.`id`=`ra`.`role_id` WHERE  `ra`.`user_id` = '1' LIMIT 1 [ RunTime:0.000123s ]
[ sql ] [ SQL ] SELECT `r`.`nav_list` FROM `edd_users` `u` INNER JOIN `edd_role_user` `ra` ON `ra`.`user_id`=`u`.`id` INNER JOIN `edd_role` `r` ON `r`.`id`=`ra`.`role_id` WHERE  `ra`.`user_id` = '1' LIMIT 1 [ RunTime:0.000122s ]
[ sql ] [ SQL ] SELECT `r`.`nav_list` FROM `edd_users` `u` INNER JOIN `edd_role_user` `ra` ON `ra`.`user_id`=`u`.`id` INNER JOIN `edd_role` `r` ON `r`.`id`=`ra`.`role_id` WHERE  `ra`.`user_id` = '1' LIMIT 1 [ RunTime:0.000124s ]
[ sql ] [ SQL ] SELECT `r`.`nav_list` FROM `edd_users` `u` INNER JOIN `edd_role_user` `ra` ON `ra`.`user_id`=`u`.`id` INNER JOIN `edd_role` `r` ON `r`.`id`=`ra`.`role_id` WHERE  `ra`.`user_id` = '1' LIMIT 1 [ RunTime:0.000116s ]
[ sql ] [ SQL ] SELECT `r`.`nav_list` FROM `edd_users` `u` INNER JOIN `edd_role_user` `ra` ON `ra`.`user_id`=`u`.`id` INNER JOIN `edd_role` `r` ON `r`.`id`=`ra`.`role_id` WHERE  `ra`.`user_id` = '1' LIMIT 1 [ RunTime:0.000127s ]
[ sql ] [ SQL ] SELECT `r`.`nav_list` FROM `edd_users` `u` INNER JOIN `edd_role_user` `ra` ON `ra`.`user_id`=`u`.`id` INNER JOIN `edd_role` `r` ON `r`.`id`=`ra`.`role_id` WHERE  `ra`.`user_id` = '1' LIMIT 1 [ RunTime:0.000118s ]
[ sql ] [ SQL ] SELECT `r`.`nav_list` FROM `edd_users` `u` INNER JOIN `edd_role_user` `ra` ON `ra`.`user_id`=`u`.`id` INNER JOIN `edd_role` `r` ON `r`.`id`=`ra`.`role_id` WHERE  `ra`.`user_id` = '1' LIMIT 1 [ RunTime:0.000129s ]
[ sql ] [ SQL ] SELECT `r`.`nav_list` FROM `edd_users` `u` INNER JOIN `edd_role_user` `ra` ON `ra`.`user_id`=`u`.`id` INNER JOIN `edd_role` `r` ON `r`.`id`=`ra`.`role_id` WHERE  `ra`.`user_id` = '1' LIMIT 1 [ RunTime:0.000116s ]
[ sql ] [ SQL ] SELECT `r`.`nav_list` FROM `edd_users` `u` INNER JOIN `edd_role_user` `ra` ON `ra`.`user_id`=`u`.`id` INNER JOIN `edd_role` `r` ON `r`.`id`=`ra`.`role_id` WHERE  `ra`.`user_id` = '1' LIMIT 1 [ RunTime:0.000119s ]
[ sql ] [ SQL ] SELECT `r`.`nav_list` FROM `edd_users` `u` INNER JOIN `edd_role_user` `ra` ON `ra`.`user_id`=`u`.`id` INNER JOIN `edd_role` `r` ON `r`.`id`=`ra`.`role_id` WHERE  `ra`.`user_id` = '1' LIMIT 1 [ RunTime:0.000119s ]
[ sql ] [ SQL ] SELECT `r`.`nav_list` FROM `edd_users` `u` INNER JOIN `edd_role_user` `ra` ON `ra`.`user_id`=`u`.`id` INNER JOIN `edd_role` `r` ON `r`.`id`=`ra`.`role_id` WHERE  `ra`.`user_id` = '1' LIMIT 1 [ RunTime:0.000119s ]
[ sql ] [ SQL ] SELECT `r`.`nav_list` FROM `edd_users` `u` INNER JOIN `edd_role_user` `ra` ON `ra`.`user_id`=`u`.`id` INNER JOIN `edd_role` `r` ON `r`.`id`=`ra`.`role_id` WHERE  `ra`.`user_id` = '1' LIMIT 1 [ RunTime:0.000123s ]
---------------------------------------------------------------
[ 2017-09-02T14:23:18+08:00 ] 172.16.0.5 117.136.70.179 GET /admin/alldata/show_page.html
[ info ] card.dcwen.top/admin/alldata/show_page.html [运行时间：0.013312s][吞吐率：75.12req/s] [内存消耗：874.95kb] [文件加载：63]
[ info ] [ LANG ] /var/www/card/thinkphp/lang/zh-cn.php
[ info ] [ ROUTE ] array (
  'type' => 'module',
  'module' => 
  array (
    0 => 'admin',
    1 => 'alldata',
    2 => 'show_page',
  ),
)
[ info ] [ HEADER ] array (
  'host' => 'card.dcwen.top',
  'cookie' => 'UID=Z8ryu; PHPSESSID=5k2raq5q707b7fkrhcc0pavo00',
  'connection' => 'keep-alive',
  'upgrade-insecure-requests' => '1',
  'accept' => 'text/html,application/xhtml+xml,application/xml;q=0.9,*/*;q=0.8',
  'user-agent' => 'Mozilla/5.0 (iPhone; CPU iPhone OS 10_3_2 like Mac OS X) AppleWebKit/603.2.3 (KHTML, like Gecko) Version/10.0 Mobile/14F5080a Safari/602.1',
  'referer' => 'http://card.dcwen.top/admin/index/index.html',
  'accept-language' => 'zh-cn',
  'accept-encoding' => 'gzip, deflate',
)
[ info ] [ PARAM ] array (
  '/admin/alldata/show_page_html' => '',
)
[ info ] [ SESSION ] INIT array (
  'id' => '',
  'var_session_id' => '',
  'prefix' => 'think',
  'type' => '',
  'auto_start' => true,
)
[ info ] [ DB ] INIT mysql
[ info ] [ RUN ] app\admin\controller\Alldata->show_page[ /var/www/card/app/admin/controller/Alldata.php ]
[ info ] [ VIEW ] /var/www/card/app/admin/view/alldata/all_data_page.html [ array (
  0 => 'all_player',
  1 => 'today_room_nums',
  2 => 'now_week_pay',
  3 => 'now_week_draw',
  4 => 'now_week_profile',
) ]
[ info ] [ LOG ] INIT File
[ sql ] [ DB ] CONNECT:[ UseTime:0.000223s ] mysql:dbname=runfast;host=localhost;port=3306;charset=utf8
[ sql ] [ SQL ] SHOW COLUMNS FROM `edd_users` [ RunTime:0.000764s ]
[ sql ] [ SQL ] SELECT * FROM `edd_users` WHERE  `id` = 1 LIMIT 1 [ RunTime:0.000205s ]
[ sql ] [ SQL ] SHOW COLUMNS FROM `edd_menu` [ RunTime:0.000577s ]
[ sql ] [ SQL ] SELECT * FROM `edd_menu` WHERE  `module` = 'admin'  AND `controller` = 'Alldata'  AND `method` = 'show_page' LIMIT 1 [ RunTime:0.000314s ]
[ sql ] [ SQL ] SHOW COLUMNS FROM `edd_player` [ RunTime:0.000517s ]
[ sql ] [ SQL ] SELECT COUNT(*) AS tp_count FROM `edd_player` LIMIT 1 [ RunTime:0.000155s ]
[ sql ] [ SQL ] SHOW COLUMNS FROM `edd_room` [ RunTime:0.000524s ]
[ sql ] [ SQL ] SELECT COUNT(*) AS tp_count FROM `edd_room` WHERE  ( `room_date` > '1504281600' and `room_date` < '1504368000' ) LIMIT 1 [ RunTime:0.000241s ]
[ sql ] [ SQL ] SHOW COLUMNS FROM `edd_pay_log` [ RunTime:0.000500s ]
[ sql ] [ SQL ] SELECT SUM(pay_money) AS tp_sum FROM `edd_pay_log` WHERE  ( `pay_date` > '1503849600' and `pay_date` < '1504454399' ) LIMIT 1 [ RunTime:0.000264s ]
[ sql ] [ SQL ] SELECT SUM(pay_money) AS tp_sum FROM `edd_pay_log` WHERE  ( `pay_date` > '1503849600' and `pay_date` < '1504454399' ) LIMIT 1 [ RunTime:0.000142s ]
[ sql ] [ SQL ] SHOW COLUMNS FROM `edd_draw` [ RunTime:0.000513s ]
[ sql ] [ SQL ] SELECT SUM(draw_money) AS tp_sum FROM `edd_draw` WHERE  ( `draw_date` > '1503849600' and `draw_date` < '1504454399' ) LIMIT 1 [ RunTime:0.000147s ]
[ sql ] [ SQL ] SELECT SUM(pay_money) AS tp_sum FROM `edd_pay_log` LIMIT 1 [ RunTime:0.000206s ]
[ sql ] [ SQL ] SELECT SUM(draw_money) AS tp_sum FROM `edd_draw` LIMIT 1 [ RunTime:0.000102s ]
[ sql ] [ SQL ] SELECT SUM(pay_money) AS tp_sum FROM `edd_pay_log` LIMIT 1 [ RunTime:0.000098s ]
[ sql ] [ SQL ] SELECT SUM(draw_money) AS tp_sum FROM `edd_draw` LIMIT 1 [ RunTime:0.000137s ]
---------------------------------------------------------------
[ 2017-09-02T14:23:19+08:00 ] 172.16.0.5 117.136.70.179 GET /admin/index/get_php_ext.html
[ info ] card.dcwen.top/admin/index/get_php_ext.html [运行时间：0.006548s][吞吐率：152.71req/s] [内存消耗：813.83kb] [文件加载：61]
[ info ] [ LANG ] /var/www/card/thinkphp/lang/zh-cn.php
[ info ] [ ROUTE ] array (
  'type' => 'module',
  'module' => 
  array (
    0 => 'admin',
    1 => 'index',
    2 => 'get_php_ext',
  ),
)
[ info ] [ HEADER ] array (
  'host' => 'card.dcwen.top',
  'accept-encoding' => 'gzip, deflate',
  'cookie' => 'UID=_BoXX; PHPSESSID=5k2raq5q707b7fkrhcc0pavo00',
  'connection' => 'keep-alive',
  'accept' => 'application/json, text/javascript, */*; q=0.01',
  'user-agent' => 'Mozilla/5.0 (iPhone; CPU iPhone OS 10_3_2 like Mac OS X) AppleWebKit/603.2.3 (KHTML, like Gecko) Version/10.0 Mobile/14F5080a Safari/602.1',
  'referer' => 'http://card.dcwen.top/admin/index/index.html',
  'accept-language' => 'zh-cn',
  'x-requested-with' => 'XMLHttpRequest',
)
[ info ] [ PARAM ] array (
  '/admin/index/get_php_ext_html' => '',
)
[ info ] [ SESSION ] INIT array (
  'id' => '',
  'var_session_id' => '',
  'prefix' => 'think',
  'type' => '',
  'auto_start' => true,
)
[ info ] [ DB ] INIT mysql
[ info ] [ RUN ] app\admin\controller\Index->get_php_ext[ /var/www/card/app/admin/controller/Index.php ]
[ info ] [ LOG ] INIT File
[ sql ] [ DB ] CONNECT:[ UseTime:0.000208s ] mysql:dbname=runfast;host=localhost;port=3306;charset=utf8
[ sql ] [ SQL ] SHOW COLUMNS FROM `edd_users` [ RunTime:0.000773s ]
[ sql ] [ SQL ] SELECT * FROM `edd_users` WHERE  `id` = 1 LIMIT 1 [ RunTime:0.000191s ]
[ sql ] [ SQL ] SHOW COLUMNS FROM `edd_menu` [ RunTime:0.000583s ]
[ sql ] [ SQL ] SELECT * FROM `edd_menu` WHERE  `module` = 'admin'  AND `controller` = 'Index'  AND `method` = 'get_php_ext' LIMIT 1 [ RunTime:0.000199s ]
---------------------------------------------------------------
[ 2017-09-02T14:23:19+08:00 ] 172.16.0.5 117.136.70.179 POST /admin/alldata/data_chat.html
[ info ] card.dcwen.top/admin/alldata/data_chat.html [运行时间：0.007907s][吞吐率：126.47req/s] [内存消耗：825.58kb] [文件加载：60]
[ info ] [ LANG ] /var/www/card/thinkphp/lang/zh-cn.php
[ info ] [ ROUTE ] array (
  'type' => 'module',
  'module' => 
  array (
    0 => 'admin',
    1 => 'alldata',
    2 => 'data_chat',
  ),
)
[ info ] [ HEADER ] array (
  'host' => 'card.dcwen.top',
  'origin' => 'http://card.dcwen.top',
  'accept-encoding' => 'gzip, deflate',
  'cookie' => 'UID=Pb1Bl; PHPSESSID=5k2raq5q707b7fkrhcc0pavo00',
  'content-length' => '0',
  'connection' => 'keep-alive',
  'accept' => 'application/json, text/javascript, */*; q=0.01',
  'user-agent' => 'Mozilla/5.0 (iPhone; CPU iPhone OS 10_3_2 like Mac OS X) AppleWebKit/603.2.3 (KHTML, like Gecko) Version/10.0 Mobile/14F5080a Safari/602.1',
  'referer' => 'http://card.dcwen.top/admin/alldata/show_page.html',
  'accept-language' => 'zh-cn',
  'x-requested-with' => 'XMLHttpRequest',
)
[ info ] [ PARAM ] array (
  '/admin/alldata/data_chat_html' => '',
)
[ info ] [ SESSION ] INIT array (
  'id' => '',
  'var_session_id' => '',
  'prefix' => 'think',
  'type' => '',
  'auto_start' => true,
)
[ info ] [ DB ] INIT mysql
[ info ] [ RUN ] app\admin\controller\Alldata->data_chat[ /var/www/card/app/admin/controller/Alldata.php ]
[ info ] [ LOG ] INIT File
[ sql ] [ DB ] CONNECT:[ UseTime:0.000265s ] mysql:dbname=runfast;host=localhost;port=3306;charset=utf8
[ sql ] [ SQL ] SHOW COLUMNS FROM `edd_users` [ RunTime:0.000800s ]
[ sql ] [ SQL ] SELECT * FROM `edd_users` WHERE  `id` = 1 LIMIT 1 [ RunTime:0.000208s ]
[ sql ] [ SQL ] SHOW COLUMNS FROM `edd_menu` [ RunTime:0.000535s ]
[ sql ] [ SQL ] SELECT * FROM `edd_menu` WHERE  `module` = 'admin'  AND `controller` = 'Alldata'  AND `method` = 'data_chat' LIMIT 1 [ RunTime:0.000156s ]
[ sql ] [ SQL ] SELECT FROM_UNIXTIME(room_date,'%Y-%u') week,COUNT(room_id) room_nums  FROM edd_room GROUP BY week [ RunTime:0.000269s ]
[ sql ] [ SQL ] SELECT FROM_UNIXTIME(pay_date,'%Y-%m') month,sum(pay_money) pay_money  FROM edd_pay_log GROUP BY month [ RunTime:0.000459s ]
[ sql ] [ SQL ] SELECT FROM_UNIXTIME(draw_date,'%Y-%m') month,sum(draw_money) draw_money  FROM edd_draw GROUP BY month [ RunTime:0.000114s ]
---------------------------------------------------------------
[ 2017-09-02T14:23:20+08:00 ] 172.16.0.5 117.136.70.179 POST /admin/alldata/connect.html
[ info ] card.dcwen.top/admin/alldata/connect.html [运行时间：0.009715s][吞吐率：102.93req/s] [内存消耗：834.03kb] [文件加载：60]
[ info ] [ LANG ] /var/www/card/thinkphp/lang/zh-cn.php
[ info ] [ ROUTE ] array (
  'type' => 'module',
  'module' => 
  array (
    0 => 'admin',
    1 => 'alldata',
    2 => 'connect',
  ),
)
[ info ] [ HEADER ] array (
  'host' => 'card.dcwen.top',
  'accept' => '*/*',
  'x-requested-with' => 'XMLHttpRequest',
  'accept-language' => 'zh-cn',
  'accept-encoding' => 'gzip, deflate',
  'content-type' => 'application/x-www-form-urlencoded; charset=UTF-8',
  'origin' => 'http://card.dcwen.top',
  'user-agent' => 'Mozilla/5.0 (iPhone; CPU iPhone OS 10_3_2 like Mac OS X) AppleWebKit/603.2.3 (KHTML, like Gecko) Version/10.0 Mobile/14F5080a Safari/602.1',
  'connection' => 'keep-alive',
  'referer' => 'http://card.dcwen.top/admin/alldata/show_page.html',
  'content-length' => '41',
  'cookie' => 'UID=Um7Ks; PHPSESSID=5k2raq5q707b7fkrhcc0pavo00',
)
[ info ] [ PARAM ] array (
  '/admin/alldata/connect_html' => '',
  'name' => 'admin',
  'client_id' => '7f0000010fa30000002e',
)
[ info ] [ SESSION ] INIT array (
  'id' => '',
  'var_session_id' => '',
  'prefix' => 'think',
  'type' => '',
  'auto_start' => true,
)
[ info ] [ DB ] INIT mysql
[ info ] [ RUN ] app\admin\controller\Alldata->connect[ /var/www/card/app/admin/controller/Alldata.php ]
[ info ] [ LOG ] INIT File
[ sql ] [ DB ] CONNECT:[ UseTime:0.000222s ] mysql:dbname=runfast;host=localhost;port=3306;charset=utf8
[ sql ] [ SQL ] SHOW COLUMNS FROM `edd_users` [ RunTime:0.000719s ]
[ sql ] [ SQL ] SELECT * FROM `edd_users` WHERE  `id` = 1 LIMIT 1 [ RunTime:0.000181s ]
[ sql ] [ SQL ] SHOW COLUMNS FROM `edd_menu` [ RunTime:0.000537s ]
[ sql ] [ SQL ] SELECT * FROM `edd_menu` WHERE  `module` = 'admin'  AND `controller` = 'Alldata'  AND `method` = 'connect' LIMIT 1 [ RunTime:0.000169s ]
