---------------------------------------------------------------
[ 2017-09-26T14:54:42+08:00 ] 172.16.0.5 139.205.129.251 GET /home/game/page
[ info ] card.dcwen.top/home/game/page [运行时间：0.087814s][吞吐率：11.39req/s] [内存消耗：749.32kb] [文件加载：58]
[ info ] [ LANG ] /var/www/card/thinkphp/lang/zh-cn.php
[ info ] [ ROUTE ] array (
  'type' => 'module',
  'module' => 
  array (
    0 => 'home',
    1 => 'game',
    2 => 'page',
  ),
)
[ info ] [ HEADER ] array (
  'host' => 'card.dcwen.top',
  'connection' => 'keep-alive',
  'upgrade-insecure-requests' => '1',
  'user-agent' => 'Mozilla/5.0 (Windows NT 6.1; WOW64) AppleWebKit/537.36 (KHTML, like Gecko) Chrome/58.0.3029.81 Safari/537.36',
  'accept' => 'text/html,application/xhtml+xml,application/xml;q=0.9,image/webp,*/*;q=0.8',
  'accept-encoding' => 'gzip, deflate, sdch',
  'accept-language' => 'zh-CN,zh;q=0.8',
)
[ info ] [ PARAM ] array (
  '/home/game/page' => '',
)
[ info ] [ DB ] INIT mysql
[ info ] [ RUN ] app\home\controller\Game->page[ /var/www/card/app/home/controller/Game.php ]
[ info ] [ LOG ] INIT File
[ sql ] [ DB ] CONNECT:[ UseTime:0.001671s ] mysql:dbname=runfast;host=localhost;port=3306;charset=utf8
[ sql ] [ SQL ] SHOW COLUMNS FROM `edd_options` [ RunTime:0.001035s ]
[ sql ] [ SQL ] SELECT `is_close` FROM `edd_options` WHERE  `option_id` = 6 LIMIT 1 [ RunTime:0.000698s ]
---------------------------------------------------------------
[ 2017-09-26T14:54:42+08:00 ] 172.16.0.5 139.205.129.251 GET /favicon.ico
[ info ] card.dcwen.top/favicon.ico [运行时间：0.006532s][吞吐率：153.09req/s] [内存消耗：446.06kb] [文件加载：41]
[ info ] [ LANG ] /var/www/card/thinkphp/lang/zh-cn.php
[ info ] [ ROUTE ] array (
  'type' => 'module',
  'module' => 
  array (
    0 => 'favicon.ico',
    1 => NULL,
    2 => NULL,
  ),
)
[ info ] [ HEADER ] array (
  'host' => 'card.dcwen.top',
  'connection' => 'keep-alive',
  'user-agent' => 'Mozilla/5.0 (Windows NT 6.1; WOW64) AppleWebKit/537.36 (KHTML, like Gecko) Chrome/58.0.3029.81 Safari/537.36',
  'accept' => 'image/webp,image/*,*/*;q=0.8',
  'referer' => 'http://card.dcwen.top/home/game/page',
  'accept-encoding' => 'gzip, deflate, sdch',
  'accept-language' => 'zh-CN,zh;q=0.8',
)
[ info ] [ PARAM ] array (
  '/favicon_ico' => '',
)
[ info ] [ LOG ] INIT File
---------------------------------------------------------------
[ 2017-09-26T14:54:46+08:00 ] 172.16.0.5 139.205.129.251 GET /
[ info ] card.dcwen.top/ [运行时间：0.010043s][吞吐率：99.57req/s] [内存消耗：550.49kb] [文件加载：53]
[ info ] [ LANG ] /var/www/card/thinkphp/lang/zh-cn.php
[ info ] [ ROUTE ] array (
  'type' => 'module',
  'module' => 
  array (
    0 => '',
    1 => NULL,
    2 => NULL,
  ),
)
[ info ] [ HEADER ] array (
  'host' => 'card.dcwen.top',
  'connection' => 'keep-alive',
  'upgrade-insecure-requests' => '1',
  'user-agent' => 'Mozilla/5.0 (Windows NT 6.1; WOW64) AppleWebKit/537.36 (KHTML, like Gecko) Chrome/58.0.3029.81 Safari/537.36',
  'accept' => 'text/html,application/xhtml+xml,application/xml;q=0.9,image/webp,*/*;q=0.8',
  'accept-encoding' => 'gzip, deflate, sdch',
  'accept-language' => 'zh-CN,zh;q=0.8',
)
[ info ] [ PARAM ] array (
)
[ info ] [ SESSION ] INIT array (
  'id' => '',
  'var_session_id' => '',
  'prefix' => 'think',
  'type' => '',
  'auto_start' => true,
)
[ info ] [ LOG ] INIT File
---------------------------------------------------------------
[ 2017-09-26T14:54:46+08:00 ] 172.16.0.5 139.205.129.251 GET /admin/login/show_login.html
[ info ] card.dcwen.top/admin/login/show_login.html [运行时间：0.011727s][吞吐率：85.27req/s] [内存消耗：1,736.59kb] [文件加载：59]
[ info ] [ LANG ] /var/www/card/thinkphp/lang/zh-cn.php
[ info ] [ ROUTE ] array (
  'type' => 'module',
  'module' => 
  array (
    0 => 'admin',
    1 => 'login',
    2 => 'show_login',
  ),
)
[ info ] [ HEADER ] array (
  'host' => 'card.dcwen.top',
  'connection' => 'keep-alive',
  'upgrade-insecure-requests' => '1',
  'user-agent' => 'Mozilla/5.0 (Windows NT 6.1; WOW64) AppleWebKit/537.36 (KHTML, like Gecko) Chrome/58.0.3029.81 Safari/537.36',
  'accept' => 'text/html,application/xhtml+xml,application/xml;q=0.9,image/webp,*/*;q=0.8',
  'accept-encoding' => 'gzip, deflate, sdch',
  'accept-language' => 'zh-CN,zh;q=0.8',
  'cookie' => 'PHPSESSID=c559op9gulb4v3dnv20stn67q6',
)
[ info ] [ PARAM ] array (
  '/admin/login/show_login_html' => '',
)
[ info ] [ SESSION ] INIT array (
  'id' => '',
  'var_session_id' => '',
  'prefix' => 'think',
  'type' => '',
  'auto_start' => true,
)
[ info ] [ RUN ] app\admin\controller\Login->show_login[ /var/www/card/app/admin/controller/Login.php ]
[ info ] [ VIEW ] /var/www/card/app/admin/view/login/login_page.html [ array (
) ]
[ info ] [ DB ] INIT mysql
[ info ] [ LOG ] INIT File
[ sql ] [ DB ] CONNECT:[ UseTime:0.000222s ] mysql:dbname=runfast;host=localhost;port=3306;charset=utf8
[ sql ] [ SQL ] SHOW COLUMNS FROM `edd_options` [ RunTime:0.000833s ]
[ sql ] [ SQL ] SELECT `option_value` FROM `edd_options` WHERE  `option_id` = 6 LIMIT 1 [ RunTime:0.000242s ]
[ sql ] [ SQL ] SELECT `option_value` FROM `edd_options` WHERE  `option_id` = 6 LIMIT 1 [ RunTime:0.000117s ]
[ sql ] [ SQL ] SELECT `option_value` FROM `edd_options` WHERE  `option_id` = 6 LIMIT 1 [ RunTime:0.000105s ]
[ sql ] [ SQL ] SHOW COLUMNS FROM `edd_widgets` [ RunTime:0.000573s ]
[ sql ] [ SQL ] SELECT `wid_params` FROM `edd_widgets` WHERE  `wid_key` = 'lsm_verify' LIMIT 1 [ RunTime:0.000994s ]
[ sql ] [ SQL ] SELECT `option_value` FROM `edd_options` WHERE  `option_id` = 6 LIMIT 1 [ RunTime:0.000122s ]
---------------------------------------------------------------
[ 2017-09-26T14:54:50+08:00 ] 172.16.0.5 139.205.129.251 GET /admin/login/favicon.ico
[ info ] card.dcwen.top/admin/login/favicon.ico [运行时间：0.004980s][吞吐率：200.80req/s] [内存消耗：517.57kb] [文件加载：52]
[ info ] [ LANG ] /var/www/card/thinkphp/lang/zh-cn.php
[ info ] [ ROUTE ] array (
  'type' => 'module',
  'module' => 
  array (
    0 => 'admin',
    1 => 'login',
    2 => 'favicon.ico',
  ),
)
[ info ] [ HEADER ] array (
  'host' => 'card.dcwen.top',
  'connection' => 'keep-alive',
  'user-agent' => 'Mozilla/5.0 (Windows NT 6.1; WOW64) AppleWebKit/537.36 (KHTML, like Gecko) Chrome/58.0.3029.81 Safari/537.36',
  'accept' => 'image/webp,image/*,*/*;q=0.8',
  'referer' => 'http://card.dcwen.top/admin/login/show_login.html',
  'accept-encoding' => 'gzip, deflate, sdch',
  'accept-language' => 'zh-CN,zh;q=0.8',
  'cookie' => 'PHPSESSID=c559op9gulb4v3dnv20stn67q6',
)
[ info ] [ PARAM ] array (
  '/admin/login/favicon_ico' => '',
)
[ info ] [ SESSION ] INIT array (
  'id' => '',
  'var_session_id' => '',
  'prefix' => 'think',
  'type' => '',
  'auto_start' => true,
)
[ info ] [ LOG ] INIT File
---------------------------------------------------------------
[ 2017-09-26T14:54:50+08:00 ] 172.16.0.5 139.205.129.251 GET /admin/login/show_login.html
[ info ] card.dcwen.top/admin/login/show_login.html [运行时间：0.008258s][吞吐率：121.10req/s] [内存消耗：1,733.04kb] [文件加载：59]
[ info ] [ LANG ] /var/www/card/thinkphp/lang/zh-cn.php
[ info ] [ ROUTE ] array (
  'type' => 'module',
  'module' => 
  array (
    0 => 'admin',
    1 => 'login',
    2 => 'show_login',
  ),
)
[ info ] [ HEADER ] array (
  'host' => 'card.dcwen.top',
  'connection' => 'keep-alive',
  'cache-control' => 'max-age=0',
  'upgrade-insecure-requests' => '1',
  'user-agent' => 'Mozilla/5.0 (Windows NT 6.1; WOW64) AppleWebKit/537.36 (KHTML, like Gecko) Chrome/58.0.3029.81 Safari/537.36',
  'accept' => 'text/html,application/xhtml+xml,application/xml;q=0.9,image/webp,*/*;q=0.8',
  'accept-encoding' => 'gzip, deflate, sdch',
  'accept-language' => 'zh-CN,zh;q=0.8',
  'cookie' => 'PHPSESSID=c559op9gulb4v3dnv20stn67q6',
)
[ info ] [ PARAM ] array (
  '/admin/login/show_login_html' => '',
)
[ info ] [ SESSION ] INIT array (
  'id' => '',
  'var_session_id' => '',
  'prefix' => 'think',
  'type' => '',
  'auto_start' => true,
)
[ info ] [ RUN ] app\admin\controller\Login->show_login[ /var/www/card/app/admin/controller/Login.php ]
[ info ] [ VIEW ] /var/www/card/app/admin/view/login/login_page.html [ array (
) ]
[ info ] [ DB ] INIT mysql
[ info ] [ LOG ] INIT File
[ sql ] [ DB ] CONNECT:[ UseTime:0.001341s ] mysql:dbname=runfast;host=localhost;port=3306;charset=utf8
[ sql ] [ SQL ] SHOW COLUMNS FROM `edd_options` [ RunTime:0.000752s ]
[ sql ] [ SQL ] SELECT `option_value` FROM `edd_options` WHERE  `option_id` = 6 LIMIT 1 [ RunTime:0.000175s ]
[ sql ] [ SQL ] SELECT `option_value` FROM `edd_options` WHERE  `option_id` = 6 LIMIT 1 [ RunTime:0.000114s ]
[ sql ] [ SQL ] SELECT `option_value` FROM `edd_options` WHERE  `option_id` = 6 LIMIT 1 [ RunTime:0.000104s ]
[ sql ] [ SQL ] SHOW COLUMNS FROM `edd_widgets` [ RunTime:0.000528s ]
[ sql ] [ SQL ] SELECT `wid_params` FROM `edd_widgets` WHERE  `wid_key` = 'lsm_verify' LIMIT 1 [ RunTime:0.000112s ]
[ sql ] [ SQL ] SELECT `option_value` FROM `edd_options` WHERE  `option_id` = 6 LIMIT 1 [ RunTime:0.000115s ]
---------------------------------------------------------------
[ 2017-09-26T14:55:25+08:00 ] 172.16.0.5 139.205.129.251 GET /admin/login/show_login.html
[ info ] card.dcwen.top/admin/login/show_login.html [运行时间：0.062137s][吞吐率：16.09req/s] [内存消耗：1,752.13kb] [文件加载：59]
[ info ] [ LANG ] /var/www/card/thinkphp/lang/zh-cn.php
[ info ] [ ROUTE ] array (
  'type' => 'module',
  'module' => 
  array (
    0 => 'admin',
    1 => 'login',
    2 => 'show_login',
  ),
)
[ info ] [ HEADER ] array (
  'host' => 'card.dcwen.top',
  'connection' => 'keep-alive',
  'cache-control' => 'max-age=0',
  'upgrade-insecure-requests' => '1',
  'user-agent' => 'Mozilla/5.0 (Windows NT 6.1; WOW64) AppleWebKit/537.36 (KHTML, like Gecko) Chrome/58.0.3029.81 Safari/537.36',
  'accept' => 'text/html,application/xhtml+xml,application/xml;q=0.9,image/webp,*/*;q=0.8',
  'accept-encoding' => 'gzip, deflate, sdch',
  'accept-language' => 'zh-CN,zh;q=0.8',
  'cookie' => 'PHPSESSID=c559op9gulb4v3dnv20stn67q6',
)
[ info ] [ PARAM ] array (
  '/admin/login/show_login_html' => '',
)
[ info ] [ SESSION ] INIT array (
  'id' => '',
  'var_session_id' => '',
  'prefix' => 'think',
  'type' => '',
  'auto_start' => true,
)
[ info ] [ RUN ] app\admin\controller\Login->show_login[ /var/www/card/app/admin/controller/Login.php ]
[ info ] [ VIEW ] /var/www/card/app/admin/view/login/login_page.html [ array (
) ]
[ info ] [ DB ] INIT mysql
[ info ] [ LOG ] INIT File
[ sql ] [ DB ] CONNECT:[ UseTime:0.001340s ] mysql:dbname=runfast;host=localhost;port=3306;charset=utf8
[ sql ] [ SQL ] SHOW COLUMNS FROM `edd_options` [ RunTime:0.000675s ]
[ sql ] [ SQL ] SELECT `option_value` FROM `edd_options` WHERE  `option_id` = 6 LIMIT 1 [ RunTime:0.000156s ]
[ sql ] [ SQL ] SELECT `option_value` FROM `edd_options` WHERE  `option_id` = 6 LIMIT 1 [ RunTime:0.000130s ]
[ sql ] [ SQL ] SELECT `option_value` FROM `edd_options` WHERE  `option_id` = 6 LIMIT 1 [ RunTime:0.000119s ]
[ sql ] [ SQL ] SHOW COLUMNS FROM `edd_widgets` [ RunTime:0.000505s ]
[ sql ] [ SQL ] SELECT `wid_params` FROM `edd_widgets` WHERE  `wid_key` = 'lsm_verify' LIMIT 1 [ RunTime:0.000128s ]
[ sql ] [ SQL ] SELECT `option_value` FROM `edd_options` WHERE  `option_id` = 6 LIMIT 1 [ RunTime:0.000137s ]
