---------------------------------------------------------------
[ 2017-09-28T11:57:44+08:00 ] 172.16.0.5 117.136.63.151 POST /player_info
[ info ] card.dcwen.top/player_info [运行时间：0.006326s][吞吐率：158.08req/s] [内存消耗：714.13kb] [文件加载：55]
[ info ] [ LANG ] /var/www/card/thinkphp/lang/zh-cn.php
[ info ] [ ROUTE ] array (
  'type' => 'controller',
  'controller' => 'home/Player/get_player_info',
  'var' => 
  array (
  ),
)
[ info ] [ HEADER ] array (
  'host' => 'card.dcwen.top',
  'user-agent' => '00.00.22 (iPhone; iOS 10.3.2; zh_CN)',
  'content-type' => 'application/x-www-form-urlencoded; charset=utf-8',
  'content-length' => '9',
  'accept-encoding' => 'gzip',
  'connection' => 'close',
)
[ info ] [ PARAM ] array (
  '/player_info' => '',
  'cid' => 'QjgmF',
)
[ info ] [ DB ] INIT mysql
[ info ] [ RUN ] app\home\controller\Player->get_player_info[ /var/www/card/app/home/controller/Player.php ]
[ info ] [ LOG ] INIT File
[ sql ] [ DB ] CONNECT:[ UseTime:0.000212s ] mysql:dbname=runfast;host=localhost;port=3306;charset=utf8
[ sql ] [ SQL ] SHOW COLUMNS FROM `edd_options` [ RunTime:0.000721s ]
[ sql ] [ SQL ] SELECT `is_close` FROM `edd_options` WHERE  `option_id` = 6 LIMIT 1 [ RunTime:0.000159s ]
[ sql ] [ SQL ] SHOW COLUMNS FROM `edd_player` [ RunTime:0.000576s ]
[ sql ] [ SQL ] SELECT * FROM `edd_player` WHERE  `player_id` = 9 LIMIT 1 [ RunTime:0.000136s ]
---------------------------------------------------------------
[ 2017-09-28T11:57:45+08:00 ] 172.16.0.5 117.136.63.151 POST /news_show
[ info ] card.dcwen.top/news_show [运行时间：0.016652s][吞吐率：60.05req/s] [内存消耗：546.80kb] [文件加载：48]
[ info ] [ LANG ] /var/www/card/thinkphp/lang/zh-cn.php
[ info ] [ ROUTE ] array (
  'type' => 'controller',
  'controller' => 'home/Home/home_page',
  'var' => 
  array (
  ),
)
[ info ] [ HEADER ] array (
  'host' => 'card.dcwen.top',
  'content-length' => '0',
  'connection' => 'close',
  'accept-encoding' => 'gzip',
  'user-agent' => '00.00.22 (iPhone; iOS 10.3.2; zh_CN)',
)
[ info ] [ PARAM ] array (
  '/news_show' => '',
)
[ info ] [ RUN ] app\home\controller\Home->home_page[ /var/www/card/app/home/controller/Home.php ]
[ info ] [ LOG ] INIT File
---------------------------------------------------------------
[ 2017-09-28T11:57:45+08:00 ] 172.16.0.5 117.136.63.151 POST /player_info
[ info ] card.dcwen.top/player_info [运行时间：0.024152s][吞吐率：41.40req/s] [内存消耗：714.41kb] [文件加载：55]
[ info ] [ LANG ] /var/www/card/thinkphp/lang/zh-cn.php
[ info ] [ ROUTE ] array (
  'type' => 'controller',
  'controller' => 'home/Player/get_player_info',
  'var' => 
  array (
  ),
)
[ info ] [ HEADER ] array (
  'host' => 'card.dcwen.top',
  'user-agent' => '00.00.22 (iPhone; iOS 10.3.2; zh_CN)',
  'content-type' => 'application/x-www-form-urlencoded; charset=utf-8',
  'content-length' => '9',
  'accept-encoding' => 'gzip',
  'connection' => 'close',
)
[ info ] [ PARAM ] array (
  '/player_info' => '',
  'cid' => 'xG68j',
)
[ info ] [ DB ] INIT mysql
[ info ] [ RUN ] app\home\controller\Player->get_player_info[ /var/www/card/app/home/controller/Player.php ]
[ info ] [ LOG ] INIT File
[ sql ] [ DB ] CONNECT:[ UseTime:0.005788s ] mysql:dbname=runfast;host=localhost;port=3306;charset=utf8
[ sql ] [ SQL ] SHOW COLUMNS FROM `edd_options` [ RunTime:0.000783s ]
[ sql ] [ SQL ] SELECT `is_close` FROM `edd_options` WHERE  `option_id` = 6 LIMIT 1 [ RunTime:0.000156s ]
[ sql ] [ SQL ] SHOW COLUMNS FROM `edd_player` [ RunTime:0.000512s ]
[ sql ] [ SQL ] SELECT * FROM `edd_player` WHERE  `player_id` = 9 LIMIT 1 [ RunTime:0.000148s ]
---------------------------------------------------------------
[ 2017-09-28T11:57:45+08:00 ] 172.16.0.5 117.136.63.151 POST /room_page
[ info ] card.dcwen.top/room_page [运行时间：0.014225s][吞吐率：70.30req/s] [内存消耗：742.99kb] [文件加载：56]
[ info ] [ LANG ] /var/www/card/thinkphp/lang/zh-cn.php
[ info ] [ ROUTE ] array (
  'type' => 'controller',
  'controller' => 'home/Room/room_page',
  'var' => 
  array (
  ),
)
[ info ] [ HEADER ] array (
  'host' => 'card.dcwen.top',
  'user-agent' => '00.00.22 (iPhone; iOS 10.3.2; zh_CN)',
  'content-type' => 'application/x-www-form-urlencoded; charset=utf-8',
  'content-length' => '9',
  'accept-encoding' => 'gzip',
  'connection' => 'close',
)
[ info ] [ PARAM ] array (
  '/room_page' => '',
  'cid' => 'xG68j',
)
[ info ] [ DB ] INIT mysql
[ info ] [ RUN ] app\home\controller\Room->room_page[ /var/www/card/app/home/controller/Room.php ]
[ info ] [ LOG ] INIT File
[ sql ] [ DB ] CONNECT:[ UseTime:0.001438s ] mysql:dbname=runfast;host=localhost;port=3306;charset=utf8
[ sql ] [ SQL ] SHOW COLUMNS FROM `edd_options` [ RunTime:0.000688s ]
[ sql ] [ SQL ] SELECT `is_close` FROM `edd_options` WHERE  `option_id` = 6 LIMIT 1 [ RunTime:0.000173s ]
[ sql ] [ SQL ] SHOW COLUMNS FROM `edd_room` [ RunTime:0.000531s ]
[ sql ] [ SQL ] SELECT `room_id`,`round_times`,`room_code` FROM `edd_room` WHERE  `room_owner` = 9  AND `del_time` = '0' [ RunTime:0.000131s ]
---------------------------------------------------------------
[ 2017-09-28T11:57:45+08:00 ] 172.16.0.5 117.136.63.151 POST /connect
[ info ] card.dcwen.top/connect [运行时间：0.016129s][吞吐率：62.00req/s] [内存消耗：732.14kb] [文件加载：56]
[ info ] [ LANG ] /var/www/card/thinkphp/lang/zh-cn.php
[ info ] [ ROUTE ] array (
  'type' => 'controller',
  'controller' => 'home/Game/connect',
  'var' => 
  array (
  ),
)
[ info ] [ HEADER ] array (
  'host' => 'card.dcwen.top',
  'user-agent' => '00.00.22 (iPhone; iOS 10.3.2; zh_CN)',
  'content-type' => 'application/x-www-form-urlencoded; charset=utf-8',
  'content-length' => '52',
  'accept-encoding' => 'gzip',
  'connection' => 'close',
)
[ info ] [ PARAM ] array (
  '/connect' => '',
  'client_id' => '7f0000010fa000000008',
  'cid' => 'xG68j',
  'type' => 'outter',
)
[ info ] [ DB ] INIT mysql
[ info ] [ RUN ] app\home\controller\Game->connect[ /var/www/card/app/home/controller/Game.php ]
[ info ] [ LOG ] INIT File
[ sql ] [ DB ] CONNECT:[ UseTime:0.002216s ] mysql:dbname=runfast;host=localhost;port=3306;charset=utf8
[ sql ] [ SQL ] SHOW COLUMNS FROM `edd_options` [ RunTime:0.001038s ]
[ sql ] [ SQL ] SELECT `is_close` FROM `edd_options` WHERE  `option_id` = 6 LIMIT 1 [ RunTime:0.000216s ]
---------------------------------------------------------------
[ 2017-09-28T11:57:56+08:00 ] 172.16.0.5 117.136.63.151 POST /join_room
[ info ] card.dcwen.top/join_room [运行时间：0.014618s][吞吐率：68.41req/s] [内存消耗：739.65kb] [文件加载：56]
[ info ] [ LANG ] /var/www/card/thinkphp/lang/zh-cn.php
[ info ] [ ROUTE ] array (
  'type' => 'controller',
  'controller' => 'home/Room/join_room',
  'var' => 
  array (
  ),
)
[ info ] [ HEADER ] array (
  'host' => 'card.dcwen.top',
  'user-agent' => '00.00.22 (iPhone; iOS 10.3.2; zh_CN)',
  'content-type' => 'application/x-www-form-urlencoded; charset=utf-8',
  'content-length' => '28',
  'accept-encoding' => 'gzip',
  'connection' => 'close',
)
[ info ] [ PARAM ] array (
  '/join_room' => '',
  'cid' => '=BoUI',
  'room_code' => '000421',
)
[ info ] [ DB ] INIT mysql
[ info ] [ RUN ] app\home\controller\Room->join_room[ /var/www/card/app/home/controller/Room.php ]
[ info ] [ LOG ] INIT File
[ sql ] [ DB ] CONNECT:[ UseTime:0.001607s ] mysql:dbname=runfast;host=localhost;port=3306;charset=utf8
[ sql ] [ SQL ] SHOW COLUMNS FROM `edd_options` [ RunTime:0.000808s ]
[ sql ] [ SQL ] SELECT `is_close` FROM `edd_options` WHERE  `option_id` = 6 LIMIT 1 [ RunTime:0.000254s ]
[ sql ] [ SQL ] SHOW COLUMNS FROM `edd_room` [ RunTime:0.000585s ]
[ sql ] [ SQL ] SELECT `room_id` FROM `edd_room` WHERE  `room_code` = '000421'  AND `del_time` = '0' LIMIT 1 [ RunTime:0.000262s ]
---------------------------------------------------------------
[ 2017-09-28T11:57:58+08:00 ] 172.16.0.5 117.136.63.151 POST /table_card_pic
[ info ] card.dcwen.top/table_card_pic [运行时间：0.011332s][吞吐率：88.25req/s] [内存消耗：546.69kb] [文件加载：48]
[ info ] [ LANG ] /var/www/card/thinkphp/lang/zh-cn.php
[ info ] [ ROUTE ] array (
  'type' => 'controller',
  'controller' => 'home/Home/table_card_pic',
  'var' => 
  array (
  ),
)
[ info ] [ HEADER ] array (
  'host' => 'card.dcwen.top',
  'content-length' => '0',
  'connection' => 'close',
  'accept-encoding' => 'gzip',
  'user-agent' => '00.00.22 (iPhone; iOS 10.3.2; zh_CN)',
)
[ info ] [ PARAM ] array (
  '/table_card_pic' => '',
)
[ info ] [ RUN ] app\home\controller\Home->table_card_pic[ /var/www/card/app/home/controller/Home.php ]
[ info ] [ LOG ] INIT File
---------------------------------------------------------------
[ 2017-09-28T11:57:59+08:00 ] 172.16.0.5 117.136.63.151 POST /inner_room
[ info ] card.dcwen.top/inner_room [运行时间：0.017574s][吞吐率：56.90req/s] [内存消耗：733.65kb] [文件加载：56]
[ info ] [ LANG ] /var/www/card/thinkphp/lang/zh-cn.php
[ info ] [ ROUTE ] array (
  'type' => 'controller',
  'controller' => 'home/Game/inner_room',
  'var' => 
  array (
  ),
)
[ info ] [ HEADER ] array (
  'host' => 'card.dcwen.top',
  'user-agent' => '00.00.22 (iPhone; iOS 10.3.2; zh_CN)',
  'content-type' => 'application/x-www-form-urlencoded; charset=utf-8',
  'content-length' => '54',
  'accept-encoding' => 'gzip',
  'connection' => 'close',
)
[ info ] [ PARAM ] array (
  '/inner_room' => '',
  'client_id' => '7f0000010fa300000004',
  'cid' => '=BoUI',
  'room_id' => '421',
)
[ info ] [ DB ] INIT mysql
[ info ] [ RUN ] app\home\controller\Game->inner_room[ /var/www/card/app/home/controller/Game.php ]
[ info ] [ LOG ] INIT File
[ sql ] [ DB ] CONNECT:[ UseTime:0.002269s ] mysql:dbname=runfast;host=localhost;port=3306;charset=utf8
[ sql ] [ SQL ] SHOW COLUMNS FROM `edd_options` [ RunTime:0.000873s ]
[ sql ] [ SQL ] SELECT `is_close` FROM `edd_options` WHERE  `option_id` = 6 LIMIT 1 [ RunTime:0.000163s ]
---------------------------------------------------------------
[ 2017-09-28T11:58:00+08:00 ] 172.16.0.5 117.136.63.151 POST /connect
[ info ] card.dcwen.top/connect [运行时间：0.024436s][吞吐率：40.92req/s] [内存消耗：737.88kb] [文件加载：56]
[ info ] [ LANG ] /var/www/card/thinkphp/lang/zh-cn.php
[ info ] [ ROUTE ] array (
  'type' => 'controller',
  'controller' => 'home/Game/connect',
  'var' => 
  array (
  ),
)
[ info ] [ HEADER ] array (
  'host' => 'card.dcwen.top',
  'user-agent' => '00.00.22 (iPhone; iOS 10.3.2; zh_CN)',
  'content-type' => 'application/x-www-form-urlencoded; charset=utf-8',
  'content-length' => '65',
  'accept-encoding' => 'gzip',
  'connection' => 'close',
)
[ info ] [ PARAM ] array (
  '/connect' => '',
  'client_id' => '7f0000010fa300000004',
  'type' => 'inner',
  'room_id' => '421',
  'cid' => '=BoUI',
)
[ info ] [ DB ] INIT mysql
[ info ] [ RUN ] app\home\controller\Game->connect[ /var/www/card/app/home/controller/Game.php ]
[ info ] [ LOG ] INIT File
[ sql ] [ DB ] CONNECT:[ UseTime:0.001391s ] mysql:dbname=runfast;host=localhost;port=3306;charset=utf8
[ sql ] [ SQL ] SHOW COLUMNS FROM `edd_options` [ RunTime:0.000724s ]
[ sql ] [ SQL ] SELECT `is_close` FROM `edd_options` WHERE  `option_id` = 6 LIMIT 1 [ RunTime:0.000158s ]
---------------------------------------------------------------
[ 2017-09-28T11:58:12+08:00 ] 172.16.0.5 117.136.63.151 POST /news_show
[ info ] card.dcwen.top/news_show [运行时间：0.002744s][吞吐率：364.44req/s] [内存消耗：546.56kb] [文件加载：48]
[ info ] [ LANG ] /var/www/card/thinkphp/lang/zh-cn.php
[ info ] [ ROUTE ] array (
  'type' => 'controller',
  'controller' => 'home/Home/home_page',
  'var' => 
  array (
  ),
)
[ info ] [ HEADER ] array (
  'host' => 'card.dcwen.top',
  'content-length' => '0',
  'connection' => 'close',
  'accept-encoding' => 'gzip',
  'user-agent' => '00.00.22 (iPhone; iOS 10.3.2; zh_CN)',
)
[ info ] [ PARAM ] array (
  '/news_show' => '',
)
[ info ] [ RUN ] app\home\controller\Home->home_page[ /var/www/card/app/home/controller/Home.php ]
[ info ] [ LOG ] INIT File
---------------------------------------------------------------
[ 2017-09-28T11:58:12+08:00 ] 172.16.0.5 117.136.63.151 POST /room_page
[ info ] card.dcwen.top/room_page [运行时间：0.018114s][吞吐率：55.21req/s] [内存消耗：742.73kb] [文件加载：56]
[ info ] [ LANG ] /var/www/card/thinkphp/lang/zh-cn.php
[ info ] [ ROUTE ] array (
  'type' => 'controller',
  'controller' => 'home/Room/room_page',
  'var' => 
  array (
  ),
)
[ info ] [ HEADER ] array (
  'host' => 'card.dcwen.top',
  'user-agent' => '00.00.22 (iPhone; iOS 10.3.2; zh_CN)',
  'content-type' => 'application/x-www-form-urlencoded; charset=utf-8',
  'content-length' => '11',
  'accept-encoding' => 'gzip',
  'connection' => 'close',
)
[ info ] [ PARAM ] array (
  '/room_page' => '',
  'cid' => '=BoUI',
)
[ info ] [ DB ] INIT mysql
[ info ] [ RUN ] app\home\controller\Room->room_page[ /var/www/card/app/home/controller/Room.php ]
[ info ] [ LOG ] INIT File
[ sql ] [ DB ] CONNECT:[ UseTime:0.004743s ] mysql:dbname=runfast;host=localhost;port=3306;charset=utf8
[ sql ] [ SQL ] SHOW COLUMNS FROM `edd_options` [ RunTime:0.000678s ]
[ sql ] [ SQL ] SELECT `is_close` FROM `edd_options` WHERE  `option_id` = 6 LIMIT 1 [ RunTime:0.000144s ]
[ sql ] [ SQL ] SHOW COLUMNS FROM `edd_room` [ RunTime:0.000747s ]
[ sql ] [ SQL ] SELECT `room_id`,`round_times`,`room_code` FROM `edd_room` WHERE  `room_owner` = 9  AND `del_time` = '0' [ RunTime:0.000163s ]
---------------------------------------------------------------
[ 2017-09-28T11:58:12+08:00 ] 172.16.0.5 117.136.63.151 POST /player_info
[ info ] card.dcwen.top/player_info [运行时间：0.017092s][吞吐率：58.51req/s] [内存消耗：714.19kb] [文件加载：55]
[ info ] [ LANG ] /var/www/card/thinkphp/lang/zh-cn.php
[ info ] [ ROUTE ] array (
  'type' => 'controller',
  'controller' => 'home/Player/get_player_info',
  'var' => 
  array (
  ),
)
[ info ] [ HEADER ] array (
  'host' => 'card.dcwen.top',
  'user-agent' => '00.00.22 (iPhone; iOS 10.3.2; zh_CN)',
  'content-type' => 'application/x-www-form-urlencoded; charset=utf-8',
  'content-length' => '11',
  'accept-encoding' => 'gzip',
  'connection' => 'close',
)
[ info ] [ PARAM ] array (
  '/player_info' => '',
  'cid' => '=BoUI',
)
[ info ] [ DB ] INIT mysql
[ info ] [ RUN ] app\home\controller\Player->get_player_info[ /var/www/card/app/home/controller/Player.php ]
[ info ] [ LOG ] INIT File
[ sql ] [ DB ] CONNECT:[ UseTime:0.008425s ] mysql:dbname=runfast;host=localhost;port=3306;charset=utf8
[ sql ] [ SQL ] SHOW COLUMNS FROM `edd_options` [ RunTime:0.000742s ]
[ sql ] [ SQL ] SELECT `is_close` FROM `edd_options` WHERE  `option_id` = 6 LIMIT 1 [ RunTime:0.000432s ]
[ sql ] [ SQL ] SHOW COLUMNS FROM `edd_player` [ RunTime:0.001084s ]
[ sql ] [ SQL ] SELECT * FROM `edd_player` WHERE  `player_id` = 9 LIMIT 1 [ RunTime:0.000145s ]
---------------------------------------------------------------
[ 2017-09-28T11:58:12+08:00 ] 172.16.0.5 117.136.63.151 POST /connect
[ info ] card.dcwen.top/connect [运行时间：0.007802s][吞吐率：128.17req/s] [内存消耗：731.91kb] [文件加载：56]
[ info ] [ LANG ] /var/www/card/thinkphp/lang/zh-cn.php
[ info ] [ ROUTE ] array (
  'type' => 'controller',
  'controller' => 'home/Game/connect',
  'var' => 
  array (
  ),
)
[ info ] [ HEADER ] array (
  'host' => 'card.dcwen.top',
  'user-agent' => '00.00.22 (iPhone; iOS 10.3.2; zh_CN)',
  'content-type' => 'application/x-www-form-urlencoded; charset=utf-8',
  'content-length' => '52',
  'accept-encoding' => 'gzip',
  'connection' => 'close',
)
[ info ] [ PARAM ] array (
  '/connect' => '',
  'client_id' => '7f0000010fa20000000a',
  'cid' => '2oqSN',
  'type' => 'outter',
)
[ info ] [ DB ] INIT mysql
[ info ] [ RUN ] app\home\controller\Game->connect[ /var/www/card/app/home/controller/Game.php ]
[ info ] [ LOG ] INIT File
[ sql ] [ DB ] CONNECT:[ UseTime:0.000363s ] mysql:dbname=runfast;host=localhost;port=3306;charset=utf8
[ sql ] [ SQL ] SHOW COLUMNS FROM `edd_options` [ RunTime:0.000645s ]
[ sql ] [ SQL ] SELECT `is_close` FROM `edd_options` WHERE  `option_id` = 6 LIMIT 1 [ RunTime:0.000139s ]
---------------------------------------------------------------
[ 2017-09-28T13:41:29+08:00 ] 172.16.0.5 117.136.63.151 POST /player_info
[ info ] card.dcwen.top/player_info [运行时间：0.012312s][吞吐率：81.22req/s] [内存消耗：714.37kb] [文件加载：55]
[ info ] [ LANG ] /var/www/card/thinkphp/lang/zh-cn.php
[ info ] [ ROUTE ] array (
  'type' => 'controller',
  'controller' => 'home/Player/get_player_info',
  'var' => 
  array (
  ),
)
[ info ] [ HEADER ] array (
  'host' => 'card.dcwen.top',
  'user-agent' => '00.00.22 (iPhone; iOS 10.3.2; zh_CN)',
  'content-type' => 'application/x-www-form-urlencoded; charset=utf-8',
  'content-length' => '9',
  'accept-encoding' => 'gzip',
  'connection' => 'close',
)
[ info ] [ PARAM ] array (
  '/player_info' => '',
  'cid' => '2oqSN',
)
[ info ] [ DB ] INIT mysql
[ info ] [ RUN ] app\home\controller\Player->get_player_info[ /var/www/card/app/home/controller/Player.php ]
[ info ] [ LOG ] INIT File
[ sql ] [ DB ] CONNECT:[ UseTime:0.001395s ] mysql:dbname=runfast;host=localhost;port=3306;charset=utf8
[ sql ] [ SQL ] SHOW COLUMNS FROM `edd_options` [ RunTime:0.000771s ]
[ sql ] [ SQL ] SELECT `is_close` FROM `edd_options` WHERE  `option_id` = 6 LIMIT 1 [ RunTime:0.000182s ]
[ sql ] [ SQL ] SHOW COLUMNS FROM `edd_player` [ RunTime:0.000561s ]
[ sql ] [ SQL ] SELECT * FROM `edd_player` WHERE  `player_id` = 9 LIMIT 1 [ RunTime:0.000142s ]
---------------------------------------------------------------
[ 2017-09-28T13:41:30+08:00 ] 172.16.0.5 117.136.63.151 POST /news_show
[ info ] card.dcwen.top/news_show [运行时间：0.009452s][吞吐率：105.80req/s] [内存消耗：546.56kb] [文件加载：48]
[ info ] [ LANG ] /var/www/card/thinkphp/lang/zh-cn.php
[ info ] [ ROUTE ] array (
  'type' => 'controller',
  'controller' => 'home/Home/home_page',
  'var' => 
  array (
  ),
)
[ info ] [ HEADER ] array (
  'host' => 'card.dcwen.top',
  'content-length' => '0',
  'connection' => 'close',
  'accept-encoding' => 'gzip',
  'user-agent' => '00.00.22 (iPhone; iOS 10.3.2; zh_CN)',
)
[ info ] [ PARAM ] array (
  '/news_show' => '',
)
[ info ] [ RUN ] app\home\controller\Home->home_page[ /var/www/card/app/home/controller/Home.php ]
[ info ] [ LOG ] INIT File
---------------------------------------------------------------
[ 2017-09-28T13:41:30+08:00 ] 172.16.0.5 117.136.63.151 POST /player_info
[ info ] card.dcwen.top/player_info [运行时间：0.019652s][吞吐率：50.89req/s] [内存消耗：714.16kb] [文件加载：55]
[ info ] [ LANG ] /var/www/card/thinkphp/lang/zh-cn.php
[ info ] [ ROUTE ] array (
  'type' => 'controller',
  'controller' => 'home/Player/get_player_info',
  'var' => 
  array (
  ),
)
[ info ] [ HEADER ] array (
  'host' => 'card.dcwen.top',
  'user-agent' => '00.00.22 (iPhone; iOS 10.3.2; zh_CN)',
  'content-type' => 'application/x-www-form-urlencoded; charset=utf-8',
  'content-length' => '11',
  'accept-encoding' => 'gzip',
  'connection' => 'close',
)
[ info ] [ PARAM ] array (
  '/player_info' => '',
  'cid' => '=BoUI',
)
[ info ] [ DB ] INIT mysql
[ info ] [ RUN ] app\home\controller\Player->get_player_info[ /var/www/card/app/home/controller/Player.php ]
[ info ] [ LOG ] INIT File
[ sql ] [ DB ] CONNECT:[ UseTime:0.000241s ] mysql:dbname=runfast;host=localhost;port=3306;charset=utf8
[ sql ] [ SQL ] SHOW COLUMNS FROM `edd_options` [ RunTime:0.001355s ]
[ sql ] [ SQL ] SELECT `is_close` FROM `edd_options` WHERE  `option_id` = 6 LIMIT 1 [ RunTime:0.001898s ]
[ sql ] [ SQL ] SHOW COLUMNS FROM `edd_player` [ RunTime:0.001260s ]
[ sql ] [ SQL ] SELECT * FROM `edd_player` WHERE  `player_id` = 9 LIMIT 1 [ RunTime:0.000167s ]
---------------------------------------------------------------
[ 2017-09-28T13:41:30+08:00 ] 172.16.0.5 117.136.63.151 POST /room_page
[ info ] card.dcwen.top/room_page [运行时间：0.026816s][吞吐率：37.29req/s] [内存消耗：742.75kb] [文件加载：56]
[ info ] [ LANG ] /var/www/card/thinkphp/lang/zh-cn.php
[ info ] [ ROUTE ] array (
  'type' => 'controller',
  'controller' => 'home/Room/room_page',
  'var' => 
  array (
  ),
)
[ info ] [ HEADER ] array (
  'host' => 'card.dcwen.top',
  'user-agent' => '00.00.22 (iPhone; iOS 10.3.2; zh_CN)',
  'content-type' => 'application/x-www-form-urlencoded; charset=utf-8',
  'content-length' => '11',
  'accept-encoding' => 'gzip',
  'connection' => 'close',
)
[ info ] [ PARAM ] array (
  '/room_page' => '',
  'cid' => '=BoUI',
)
[ info ] [ DB ] INIT mysql
[ info ] [ RUN ] app\home\controller\Room->room_page[ /var/www/card/app/home/controller/Room.php ]
[ info ] [ LOG ] INIT File
[ sql ] [ DB ] CONNECT:[ UseTime:0.003420s ] mysql:dbname=runfast;host=localhost;port=3306;charset=utf8
[ sql ] [ SQL ] SHOW COLUMNS FROM `edd_options` [ RunTime:0.000809s ]
[ sql ] [ SQL ] SELECT `is_close` FROM `edd_options` WHERE  `option_id` = 6 LIMIT 1 [ RunTime:0.001567s ]
[ sql ] [ SQL ] SHOW COLUMNS FROM `edd_room` [ RunTime:0.001358s ]
[ sql ] [ SQL ] SELECT `room_id`,`round_times`,`room_code` FROM `edd_room` WHERE  `room_owner` = 9  AND `del_time` = '0' [ RunTime:0.000237s ]
---------------------------------------------------------------
[ 2017-09-28T13:41:30+08:00 ] 172.16.0.5 117.136.63.151 POST /connect
[ info ] card.dcwen.top/connect [运行时间：0.005948s][吞吐率：168.12req/s] [内存消耗：731.91kb] [文件加载：56]
[ info ] [ LANG ] /var/www/card/thinkphp/lang/zh-cn.php
[ info ] [ ROUTE ] array (
  'type' => 'controller',
  'controller' => 'home/Game/connect',
  'var' => 
  array (
  ),
)
[ info ] [ HEADER ] array (
  'host' => 'card.dcwen.top',
  'user-agent' => '00.00.22 (iPhone; iOS 10.3.2; zh_CN)',
  'content-type' => 'application/x-www-form-urlencoded; charset=utf-8',
  'content-length' => '54',
  'accept-encoding' => 'gzip',
  'connection' => 'close',
)
[ info ] [ PARAM ] array (
  '/connect' => '',
  'client_id' => '7f0000010fa10000000a',
  'cid' => '=BoUI',
  'type' => 'outter',
)
[ info ] [ DB ] INIT mysql
[ info ] [ RUN ] app\home\controller\Game->connect[ /var/www/card/app/home/controller/Game.php ]
[ info ] [ LOG ] INIT File
[ sql ] [ DB ] CONNECT:[ UseTime:0.000290s ] mysql:dbname=runfast;host=localhost;port=3306;charset=utf8
[ sql ] [ SQL ] SHOW COLUMNS FROM `edd_options` [ RunTime:0.000735s ]
[ sql ] [ SQL ] SELECT `is_close` FROM `edd_options` WHERE  `option_id` = 6 LIMIT 1 [ RunTime:0.000165s ]
---------------------------------------------------------------
[ 2017-09-28T13:41:44+08:00 ] 172.16.0.5 117.136.63.151 POST /invite_page
[ info ] card.dcwen.top/invite_page [运行时间：0.006219s][吞吐率：160.79req/s] [内存消耗：678.72kb] [文件加载：53]
[ info ] [ LANG ] /var/www/card/thinkphp/lang/zh-cn.php
[ info ] [ ROUTE ] array (
  'type' => 'controller',
  'controller' => 'home/Player/invite_page',
  'var' => 
  array (
  ),
)
[ info ] [ HEADER ] array (
  'host' => 'card.dcwen.top',
  'user-agent' => '00.00.22 (iPhone; iOS 10.3.2; zh_CN)',
  'content-type' => 'application/x-www-form-urlencoded; charset=utf-8',
  'content-length' => '9',
  'accept-encoding' => 'gzip',
  'connection' => 'close',
)
[ info ] [ PARAM ] array (
  '/invite_page' => '',
  'cid' => 'XkarH',
)
[ info ] [ DB ] INIT mysql
[ info ] [ RUN ] app\home\controller\Player->invite_page[ /var/www/card/app/home/controller/Player.php ]
[ info ] [ LOG ] INIT File
[ sql ] [ DB ] CONNECT:[ UseTime:0.000247s ] mysql:dbname=runfast;host=localhost;port=3306;charset=utf8
[ sql ] [ SQL ] SHOW COLUMNS FROM `edd_options` [ RunTime:0.000712s ]
[ sql ] [ SQL ] SELECT `is_close` FROM `edd_options` WHERE  `option_id` = 6 LIMIT 1 [ RunTime:0.000203s ]
[ sql ] [ SQL ] SHOW COLUMNS FROM `edd_player` [ RunTime:0.000690s ]
[ sql ] [ SQL ] SELECT `users_id` FROM `edd_player` WHERE  `player_id` = 9 LIMIT 1 [ RunTime:0.000208s ]
---------------------------------------------------------------
[ 2017-09-28T13:41:46+08:00 ] 172.16.0.5 117.136.63.151 POST /joined_room
[ info ] card.dcwen.top/joined_room [运行时间：0.009234s][吞吐率：108.30req/s] [内存消耗：712.44kb] [文件加载：53]
[ info ] [ LANG ] /var/www/card/thinkphp/lang/zh-cn.php
[ info ] [ ROUTE ] array (
  'type' => 'controller',
  'controller' => 'home/Home/joined_room',
  'var' => 
  array (
  ),
)
[ info ] [ HEADER ] array (
  'host' => 'card.dcwen.top',
  'user-agent' => '00.00.22 (iPhone; iOS 10.3.2; zh_CN)',
  'content-type' => 'application/x-www-form-urlencoded; charset=utf-8',
  'content-length' => '16',
  'accept-encoding' => 'gzip',
  'connection' => 'close',
)
[ info ] [ PARAM ] array (
  '/joined_room' => '',
  'cid' => 'XkarH',
  'page' => '1',
)
[ info ] [ RUN ] app\home\controller\Home->joined_room[ /var/www/card/app/home/controller/Home.php ]
[ info ] [ DB ] INIT mysql
[ info ] [ LOG ] INIT File
[ sql ] [ DB ] CONNECT:[ UseTime:0.000221s ] mysql:dbname=runfast;host=localhost;port=3306;charset=utf8
[ sql ] [ SQL ] SHOW COLUMNS FROM `edd_room_round` [ RunTime:0.001142s ]
[ sql ] [ SQL ] SELECT `r`.`room_id`,`room_date`,`round_times`,`room_type`,`room_code`,`room_all_type` FROM `edd_room_round` `rr` INNER JOIN `edd_room` `r` ON `r`.`room_id`=`rr`.`room_id` WHERE  `all_player` LIKE '%\\\"9\\\"%' GROUP BY r.room_id ORDER BY room_date desc LIMIT 0,6 [ RunTime:0.000987s ]
[ sql ] [ SQL ] SHOW COLUMNS FROM `edd_round` [ RunTime:0.000489s ]
[ sql ] [ SQL ] SELECT SUM(score) AS tp_sum FROM `edd_round` WHERE  `player_id` = 9  AND `room_id` = 420 LIMIT 1 [ RunTime:0.000149s ]
[ sql ] [ SQL ] SELECT SUM(score) AS tp_sum FROM `edd_round` WHERE  `player_id` = 9  AND `room_id` = 419 LIMIT 1 [ RunTime:0.000120s ]
[ sql ] [ SQL ] SELECT SUM(score) AS tp_sum FROM `edd_round` WHERE  `player_id` = 9  AND `room_id` = 404 LIMIT 1 [ RunTime:0.000143s ]
[ sql ] [ SQL ] SELECT SUM(score) AS tp_sum FROM `edd_round` WHERE  `player_id` = 9  AND `room_id` = 403 LIMIT 1 [ RunTime:0.000118s ]
[ sql ] [ SQL ] SELECT SUM(score) AS tp_sum FROM `edd_round` WHERE  `player_id` = 9  AND `room_id` = 401 LIMIT 1 [ RunTime:0.000115s ]
[ sql ] [ SQL ] SELECT SUM(score) AS tp_sum FROM `edd_round` WHERE  `player_id` = 9  AND `room_id` = 393 LIMIT 1 [ RunTime:0.000115s ]
---------------------------------------------------------------
[ 2017-09-28T13:41:47+08:00 ] 172.16.0.5 117.136.63.151 POST /news_show
[ info ] card.dcwen.top/news_show [运行时间：0.003413s][吞吐率：293.00req/s] [内存消耗：546.55kb] [文件加载：48]
[ info ] [ LANG ] /var/www/card/thinkphp/lang/zh-cn.php
[ info ] [ ROUTE ] array (
  'type' => 'controller',
  'controller' => 'home/Home/home_page',
  'var' => 
  array (
  ),
)
[ info ] [ HEADER ] array (
  'host' => 'card.dcwen.top',
  'content-length' => '0',
  'connection' => 'close',
  'accept-encoding' => 'gzip',
  'user-agent' => '00.00.22 (iPhone; iOS 10.3.2; zh_CN)',
)
[ info ] [ PARAM ] array (
  '/news_show' => '',
)
[ info ] [ RUN ] app\home\controller\Home->home_page[ /var/www/card/app/home/controller/Home.php ]
[ info ] [ LOG ] INIT File
---------------------------------------------------------------
[ 2017-09-28T13:42:32+08:00 ] 172.16.0.5 117.136.63.151 POST /add_room_think
[ info ] card.dcwen.top/add_room_think [运行时间：0.010183s][吞吐率：98.20req/s] [内存消耗：775.49kb] [文件加载：58]
[ info ] [ LANG ] /var/www/card/thinkphp/lang/zh-cn.php
[ info ] [ ROUTE ] array (
  'type' => 'controller',
  'controller' => 'home/Room/add_room_think',
  'var' => 
  array (
  ),
)
[ info ] [ HEADER ] array (
  'host' => 'card.dcwen.top',
  'user-agent' => '00.00.22 (iPhone; iOS 10.3.2; zh_CN)',
  'content-type' => 'application/x-www-form-urlencoded; charset=utf-8',
  'content-length' => '56',
  'accept-encoding' => 'gzip',
  'connection' => 'close',
)
[ info ] [ PARAM ] array (
  '/add_room_think' => '',
  'is_double' => '1',
  'room_type' => '0',
  'round_id' => '1',
  'showpoker' => '1',
  'cid' => 'XkarH',
)
[ info ] [ DB ] INIT mysql
[ info ] [ RUN ] app\home\controller\Room->add_room_think[ /var/www/card/app/home/controller/Room.php ]
[ info ] [ CACHE ] INIT File
[ info ] [ LOG ] INIT File
[ sql ] [ DB ] CONNECT:[ UseTime:0.000209s ] mysql:dbname=runfast;host=localhost;port=3306;charset=utf8
[ sql ] [ SQL ] SHOW COLUMNS FROM `edd_options` [ RunTime:0.000722s ]
[ sql ] [ SQL ] SELECT `is_close` FROM `edd_options` WHERE  `option_id` = 6 LIMIT 1 [ RunTime:0.000148s ]
[ sql ] [ SQL ] SHOW COLUMNS FROM `edd_pay_log` [ RunTime:0.000523s ]
[ sql ] [ SQL ] SELECT SUM(diamond_nums) AS tp_sum FROM `edd_pay_log` WHERE  `player_id` = '9' LIMIT 1 [ RunTime:0.000134s ]
[ sql ] [ SQL ] SHOW COLUMNS FROM `edd_room` [ RunTime:0.000558s ]
[ sql ] [ SQL ] SELECT SUM(room_charge) AS tp_sum FROM `edd_room` WHERE  `room_owner` = 9 LIMIT 1 [ RunTime:0.000202s ]
[ sql ] [ SQL ] INSERT INTO `edd_room` (`room_owner` , `round_times` , `room_charge` , `double` , `room_type` , `room_date` , `showpoker`) VALUES (9 , '10' , 3 , 1 , 0 , '1506577352' , 1) [ RunTime:0.000230s ]
[ sql ] [ SQL ] UPDATE `edd_room`  SET `room_code`='000423'  WHERE  `room_id` = 423 [ RunTime:0.000193s ]
[ sql ] [ SQL ] SHOW COLUMNS FROM `edd_player` [ RunTime:0.000503s ]
[ sql ] [ SQL ] UPDATE `edd_player`  SET `diamond`=diamond-3  WHERE  `player_id` = 9 [ RunTime:0.000194s ]
---------------------------------------------------------------
[ 2017-09-28T13:42:33+08:00 ] 172.16.0.5 117.136.63.151 POST /table_card_pic
[ info ] card.dcwen.top/table_card_pic [运行时间：0.004695s][吞吐率：212.98req/s] [内存消耗：546.45kb] [文件加载：48]
[ info ] [ LANG ] /var/www/card/thinkphp/lang/zh-cn.php
[ info ] [ ROUTE ] array (
  'type' => 'controller',
  'controller' => 'home/Home/table_card_pic',
  'var' => 
  array (
  ),
)
[ info ] [ HEADER ] array (
  'host' => 'card.dcwen.top',
  'content-length' => '0',
  'connection' => 'close',
  'accept-encoding' => 'gzip',
  'user-agent' => '00.00.22 (iPhone; iOS 10.3.2; zh_CN)',
)
[ info ] [ PARAM ] array (
  '/table_card_pic' => '',
)
[ info ] [ RUN ] app\home\controller\Home->table_card_pic[ /var/www/card/app/home/controller/Home.php ]
[ info ] [ LOG ] INIT File
---------------------------------------------------------------
[ 2017-09-28T13:42:33+08:00 ] 172.16.0.5 117.136.63.151 POST /inner_room
[ info ] card.dcwen.top/inner_room [运行时间：0.007392s][吞吐率：135.28req/s] [内存消耗：733.46kb] [文件加载：56]
[ info ] [ LANG ] /var/www/card/thinkphp/lang/zh-cn.php
[ info ] [ ROUTE ] array (
  'type' => 'controller',
  'controller' => 'home/Game/inner_room',
  'var' => 
  array (
  ),
)
[ info ] [ HEADER ] array (
  'host' => 'card.dcwen.top',
  'user-agent' => '00.00.22 (iPhone; iOS 10.3.2; zh_CN)',
  'content-type' => 'application/x-www-form-urlencoded; charset=utf-8',
  'content-length' => '52',
  'accept-encoding' => 'gzip',
  'connection' => 'close',
)
[ info ] [ PARAM ] array (
  '/inner_room' => '',
  'client_id' => '7f0000010fa20000000d',
  'cid' => 'XkarH',
  'room_id' => '423',
)
[ info ] [ DB ] INIT mysql
[ info ] [ RUN ] app\home\controller\Game->inner_room[ /var/www/card/app/home/controller/Game.php ]
[ info ] [ LOG ] INIT File
[ sql ] [ DB ] CONNECT:[ UseTime:0.000271s ] mysql:dbname=runfast;host=localhost;port=3306;charset=utf8
[ sql ] [ SQL ] SHOW COLUMNS FROM `edd_options` [ RunTime:0.000664s ]
[ sql ] [ SQL ] SELECT `is_close` FROM `edd_options` WHERE  `option_id` = 6 LIMIT 1 [ RunTime:0.000139s ]
---------------------------------------------------------------
[ 2017-09-28T13:42:34+08:00 ] 172.16.0.5 117.136.63.151 POST /connect
[ info ] card.dcwen.top/connect [运行时间：0.015751s][吞吐率：63.49req/s] [内存消耗：737.67kb] [文件加载：56]
[ info ] [ LANG ] /var/www/card/thinkphp/lang/zh-cn.php
[ info ] [ ROUTE ] array (
  'type' => 'controller',
  'controller' => 'home/Game/connect',
  'var' => 
  array (
  ),
)
[ info ] [ HEADER ] array (
  'host' => 'card.dcwen.top',
  'user-agent' => '00.00.22 (iPhone; iOS 10.3.2; zh_CN)',
  'content-type' => 'application/x-www-form-urlencoded; charset=utf-8',
  'content-length' => '63',
  'accept-encoding' => 'gzip',
  'connection' => 'close',
)
[ info ] [ PARAM ] array (
  '/connect' => '',
  'client_id' => '7f0000010fa20000000d',
  'type' => 'inner',
  'room_id' => '423',
  'cid' => 'XkarH',
)
[ info ] [ DB ] INIT mysql
[ info ] [ RUN ] app\home\controller\Game->connect[ /var/www/card/app/home/controller/Game.php ]
[ info ] [ LOG ] INIT File
[ sql ] [ DB ] CONNECT:[ UseTime:0.000224s ] mysql:dbname=runfast;host=localhost;port=3306;charset=utf8
[ sql ] [ SQL ] SHOW COLUMNS FROM `edd_options` [ RunTime:0.000640s ]
[ sql ] [ SQL ] SELECT `is_close` FROM `edd_options` WHERE  `option_id` = 6 LIMIT 1 [ RunTime:0.000147s ]
---------------------------------------------------------------
[ 2017-09-28T15:16:12+08:00 ] 172.16.0.5 182.144.61.237 POST /player_info
[ info ] card.dcwen.top/player_info [运行时间：0.006156s][吞吐率：162.44req/s] [内存消耗：717.84kb] [文件加载：55]
[ info ] [ LANG ] /var/www/card/thinkphp/lang/zh-cn.php
[ info ] [ ROUTE ] array (
  'type' => 'controller',
  'controller' => 'home/Player/get_player_info',
  'var' => 
  array (
  ),
)
[ info ] [ HEADER ] array (
  'charset' => 'UTF-8',
  'accept' => '*/*',
  'user-agent' => 'Mozilla/5.0 (Linux; Android 6.0.1; SM-G9350 Build/MMB29M; wv) AppleWebKit/537.36 (KHTML, like Gecko) Version/4.0 Chrome/48.0.2564.106 Mobile Safari/537.36',
  'connection' => 'Keep-Alive',
  'accept-encoding' => 'gzip',
  'content-type' => 'application/x-www-form-urlencoded',
  'host' => 'card.dcwen.top',
  'content-length' => '293',
)
[ info ] [ PARAM ] array (
  '/player_info' => '',
  'openid' => 'oY6480tMO7Q2ZK-spOhOeTypomTs',
  'avatar' => 'http://wx.qlogo.cn/mmopen/vi_32/RFVsgIHAoW9nFmKptgpau2dwOVVL9zqMO7P6IyiczMrs1utZEys8XX0pCSc2gJxnpzVWibxx3YTaHeubueFRYknQ/0',
  'name' => '以待天时',
  'sex' => '1',
  'addr' => '中国/四川/成都',
)
[ info ] [ DB ] INIT mysql
[ info ] [ RUN ] app\home\controller\Player->get_player_info[ /var/www/card/app/home/controller/Player.php ]
[ info ] [ LOG ] INIT File
[ sql ] [ DB ] CONNECT:[ UseTime:0.000220s ] mysql:dbname=runfast;host=localhost;port=3306;charset=utf8
[ sql ] [ SQL ] SHOW COLUMNS FROM `edd_options` [ RunTime:0.000631s ]
[ sql ] [ SQL ] SELECT `is_close` FROM `edd_options` WHERE  `option_id` = 6 LIMIT 1 [ RunTime:0.000140s ]
[ sql ] [ SQL ] SHOW COLUMNS FROM `edd_player` [ RunTime:0.000493s ]
[ sql ] [ SQL ] SELECT * FROM `edd_player` WHERE  `openid` = 'oY6480tMO7Q2ZK-spOhOeTypomTs' LIMIT 1 [ RunTime:0.000266s ]
[ sql ] [ SQL ] SELECT * FROM `edd_player` WHERE  `openid` = 'oY6480tMO7Q2ZK-spOhOeTypomTs' LIMIT 1 [ RunTime:0.000132s ]
---------------------------------------------------------------
[ 2017-09-28T15:16:12+08:00 ] 172.16.0.5 182.144.61.237 POST /news_show
[ info ] card.dcwen.top/news_show [运行时间：0.003024s][吞吐率：330.68req/s] [内存消耗：548.45kb] [文件加载：48]
[ info ] [ LANG ] /var/www/card/thinkphp/lang/zh-cn.php
[ info ] [ ROUTE ] array (
  'type' => 'controller',
  'controller' => 'home/Home/home_page',
  'var' => 
  array (
  ),
)
[ info ] [ HEADER ] array (
  'charset' => 'UTF-8',
  'accept' => '*/*',
  'user-agent' => 'Mozilla/5.0 (Linux; Android 6.0.1; SM-G9350 Build/MMB29M; wv) AppleWebKit/537.36 (KHTML, like Gecko) Version/4.0 Chrome/48.0.2564.106 Mobile Safari/537.36',
  'connection' => 'Keep-Alive',
  'accept-encoding' => 'gzip',
  'content-type' => 'application/x-www-form-urlencoded',
  'host' => 'card.dcwen.top',
  'content-length' => '0',
)
[ info ] [ PARAM ] array (
  '/news_show' => '',
)
[ info ] [ RUN ] app\home\controller\Home->home_page[ /var/www/card/app/home/controller/Home.php ]
[ info ] [ LOG ] INIT File
---------------------------------------------------------------
[ 2017-09-28T15:16:12+08:00 ] 172.16.0.5 182.144.61.237 POST /player_info
[ info ] card.dcwen.top/player_info [运行时间：0.006539s][吞吐率：152.93req/s] [内存消耗：715.10kb] [文件加载：55]
[ info ] [ LANG ] /var/www/card/thinkphp/lang/zh-cn.php
[ info ] [ ROUTE ] array (
  'type' => 'controller',
  'controller' => 'home/Player/get_player_info',
  'var' => 
  array (
  ),
)
[ info ] [ HEADER ] array (
  'charset' => 'UTF-8',
  'accept' => '*/*',
  'user-agent' => 'Mozilla/5.0 (Linux; Android 6.0.1; SM-G9350 Build/MMB29M; wv) AppleWebKit/537.36 (KHTML, like Gecko) Version/4.0 Chrome/48.0.2564.106 Mobile Safari/537.36',
  'connection' => 'Keep-Alive',
  'accept-encoding' => 'gzip',
  'content-type' => 'application/x-www-form-urlencoded',
  'host' => 'card.dcwen.top',
  'content-length' => '9',
)
[ info ] [ PARAM ] array (
  '/player_info' => '',
  'cid' => 'C3v8u',
)
[ info ] [ DB ] INIT mysql
[ info ] [ RUN ] app\home\controller\Player->get_player_info[ /var/www/card/app/home/controller/Player.php ]
[ info ] [ LOG ] INIT File
[ sql ] [ DB ] CONNECT:[ UseTime:0.000280s ] mysql:dbname=runfast;host=localhost;port=3306;charset=utf8
[ sql ] [ SQL ] SHOW COLUMNS FROM `edd_options` [ RunTime:0.000879s ]
[ sql ] [ SQL ] SELECT `is_close` FROM `edd_options` WHERE  `option_id` = 6 LIMIT 1 [ RunTime:0.000178s ]
[ sql ] [ SQL ] SHOW COLUMNS FROM `edd_player` [ RunTime:0.000528s ]
[ sql ] [ SQL ] SELECT * FROM `edd_player` WHERE  `player_id` = 7 LIMIT 1 [ RunTime:0.000223s ]
---------------------------------------------------------------
[ 2017-09-28T15:16:12+08:00 ] 172.16.0.5 182.144.61.237 POST /room_page
[ info ] card.dcwen.top/room_page [运行时间：0.006425s][吞吐率：155.64req/s] [内存消耗：742.22kb] [文件加载：56]
[ info ] [ LANG ] /var/www/card/thinkphp/lang/zh-cn.php
[ info ] [ ROUTE ] array (
  'type' => 'controller',
  'controller' => 'home/Room/room_page',
  'var' => 
  array (
  ),
)
[ info ] [ HEADER ] array (
  'charset' => 'UTF-8',
  'accept' => '*/*',
  'user-agent' => 'Mozilla/5.0 (Linux; Android 6.0.1; SM-G9350 Build/MMB29M; wv) AppleWebKit/537.36 (KHTML, like Gecko) Version/4.0 Chrome/48.0.2564.106 Mobile Safari/537.36',
  'connection' => 'Keep-Alive',
  'accept-encoding' => 'gzip',
  'content-type' => 'application/x-www-form-urlencoded',
  'host' => 'card.dcwen.top',
  'content-length' => '9',
)
[ info ] [ PARAM ] array (
  '/room_page' => '',
  'cid' => 'C3v8u',
)
[ info ] [ DB ] INIT mysql
[ info ] [ RUN ] app\home\controller\Room->room_page[ /var/www/card/app/home/controller/Room.php ]
[ info ] [ LOG ] INIT File
[ sql ] [ DB ] CONNECT:[ UseTime:0.000230s ] mysql:dbname=runfast;host=localhost;port=3306;charset=utf8
[ sql ] [ SQL ] SHOW COLUMNS FROM `edd_options` [ RunTime:0.000741s ]
[ sql ] [ SQL ] SELECT `is_close` FROM `edd_options` WHERE  `option_id` = 6 LIMIT 1 [ RunTime:0.000180s ]
[ sql ] [ SQL ] SHOW COLUMNS FROM `edd_room` [ RunTime:0.000529s ]
[ sql ] [ SQL ] SELECT `room_id`,`round_times`,`room_code` FROM `edd_room` WHERE  `room_owner` = 7  AND `del_time` = '0' [ RunTime:0.000342s ]
---------------------------------------------------------------
[ 2017-09-28T15:16:12+08:00 ] 172.16.0.5 182.144.61.237 POST /connect
[ info ] card.dcwen.top/connect [运行时间：0.005748s][吞吐率：173.98req/s] [内存消耗：732.82kb] [文件加载：56]
[ info ] [ LANG ] /var/www/card/thinkphp/lang/zh-cn.php
[ info ] [ ROUTE ] array (
  'type' => 'controller',
  'controller' => 'home/Game/connect',
  'var' => 
  array (
  ),
)
[ info ] [ HEADER ] array (
  'charset' => 'UTF-8',
  'accept' => '*/*',
  'user-agent' => 'Mozilla/5.0 (Linux; Android 6.0.1; SM-G9350 Build/MMB29M; wv) AppleWebKit/537.36 (KHTML, like Gecko) Version/4.0 Chrome/48.0.2564.106 Mobile Safari/537.36',
  'connection' => 'Keep-Alive',
  'accept-encoding' => 'gzip',
  'content-type' => 'application/x-www-form-urlencoded',
  'host' => 'card.dcwen.top',
  'content-length' => '52',
)
[ info ] [ PARAM ] array (
  '/connect' => '',
  'client_id' => '7f0000010fa10000000c',
  'cid' => 'C3v8u',
  'type' => 'outter',
)
[ info ] [ DB ] INIT mysql
[ info ] [ RUN ] app\home\controller\Game->connect[ /var/www/card/app/home/controller/Game.php ]
[ info ] [ LOG ] INIT File
[ sql ] [ DB ] CONNECT:[ UseTime:0.000221s ] mysql:dbname=runfast;host=localhost;port=3306;charset=utf8
[ sql ] [ SQL ] SHOW COLUMNS FROM `edd_options` [ RunTime:0.000755s ]
[ sql ] [ SQL ] SELECT `is_close` FROM `edd_options` WHERE  `option_id` = 6 LIMIT 1 [ RunTime:0.000182s ]
---------------------------------------------------------------
[ 2017-09-28T15:16:27+08:00 ] 172.16.0.5 182.144.61.237 POST /joined_room
[ info ] card.dcwen.top/joined_room [运行时间：0.009719s][吞吐率：102.89req/s] [内存消耗：713.38kb] [文件加载：53]
[ info ] [ LANG ] /var/www/card/thinkphp/lang/zh-cn.php
[ info ] [ ROUTE ] array (
  'type' => 'controller',
  'controller' => 'home/Home/joined_room',
  'var' => 
  array (
  ),
)
[ info ] [ HEADER ] array (
  'charset' => 'UTF-8',
  'accept' => '*/*',
  'user-agent' => 'Mozilla/5.0 (Linux; Android 6.0.1; SM-G9350 Build/MMB29M; wv) AppleWebKit/537.36 (KHTML, like Gecko) Version/4.0 Chrome/48.0.2564.106 Mobile Safari/537.36',
  'connection' => 'Keep-Alive',
  'accept-encoding' => 'gzip',
  'content-type' => 'application/x-www-form-urlencoded',
  'host' => 'card.dcwen.top',
  'content-length' => '16',
)
[ info ] [ PARAM ] array (
  '/joined_room' => '',
  'cid' => 'Vn-IN',
  'page' => '1',
)
[ info ] [ RUN ] app\home\controller\Home->joined_room[ /var/www/card/app/home/controller/Home.php ]
[ info ] [ DB ] INIT mysql
[ info ] [ LOG ] INIT File
[ sql ] [ DB ] CONNECT:[ UseTime:0.000219s ] mysql:dbname=runfast;host=localhost;port=3306;charset=utf8
[ sql ] [ SQL ] SHOW COLUMNS FROM `edd_room_round` [ RunTime:0.000682s ]
[ sql ] [ SQL ] SELECT `r`.`room_id`,`room_date`,`round_times`,`room_type`,`room_code`,`room_all_type` FROM `edd_room_round` `rr` INNER JOIN `edd_room` `r` ON `r`.`room_id`=`rr`.`room_id` WHERE  `all_player` LIKE '%\\\"7\\\"%' GROUP BY r.room_id ORDER BY room_date desc LIMIT 0,6 [ RunTime:0.000609s ]
[ sql ] [ SQL ] SHOW COLUMNS FROM `edd_round` [ RunTime:0.000493s ]
[ sql ] [ SQL ] SELECT SUM(score) AS tp_sum FROM `edd_round` WHERE  `player_id` = 7  AND `room_id` = 420 LIMIT 1 [ RunTime:0.000439s ]
[ sql ] [ SQL ] SELECT SUM(score) AS tp_sum FROM `edd_round` WHERE  `player_id` = 7  AND `room_id` = 419 LIMIT 1 [ RunTime:0.000394s ]
[ sql ] [ SQL ] SELECT SUM(score) AS tp_sum FROM `edd_round` WHERE  `player_id` = 7  AND `room_id` = 404 LIMIT 1 [ RunTime:0.000378s ]
[ sql ] [ SQL ] SELECT SUM(score) AS tp_sum FROM `edd_round` WHERE  `player_id` = 7  AND `room_id` = 403 LIMIT 1 [ RunTime:0.000416s ]
[ sql ] [ SQL ] SELECT SUM(score) AS tp_sum FROM `edd_round` WHERE  `player_id` = 7  AND `room_id` = 401 LIMIT 1 [ RunTime:0.000375s ]
[ sql ] [ SQL ] SELECT SUM(score) AS tp_sum FROM `edd_round` WHERE  `player_id` = 7  AND `room_id` = 393 LIMIT 1 [ RunTime:0.000364s ]
---------------------------------------------------------------
[ 2017-09-28T15:16:29+08:00 ] 172.16.0.5 182.144.61.237 POST /news_show
[ info ] card.dcwen.top/news_show [运行时间：0.002855s][吞吐率：350.26req/s] [内存消耗：548.45kb] [文件加载：48]
[ info ] [ LANG ] /var/www/card/thinkphp/lang/zh-cn.php
[ info ] [ ROUTE ] array (
  'type' => 'controller',
  'controller' => 'home/Home/home_page',
  'var' => 
  array (
  ),
)
[ info ] [ HEADER ] array (
  'charset' => 'UTF-8',
  'accept' => '*/*',
  'user-agent' => 'Mozilla/5.0 (Linux; Android 6.0.1; SM-G9350 Build/MMB29M; wv) AppleWebKit/537.36 (KHTML, like Gecko) Version/4.0 Chrome/48.0.2564.106 Mobile Safari/537.36',
  'connection' => 'Keep-Alive',
  'accept-encoding' => 'gzip',
  'content-type' => 'application/x-www-form-urlencoded',
  'host' => 'card.dcwen.top',
  'content-length' => '0',
)
[ info ] [ PARAM ] array (
  '/news_show' => '',
)
[ info ] [ RUN ] app\home\controller\Home->home_page[ /var/www/card/app/home/controller/Home.php ]
[ info ] [ LOG ] INIT File
---------------------------------------------------------------
[ 2017-09-28T15:16:33+08:00 ] 172.16.0.5 182.144.61.237 POST /invite_page
[ info ] card.dcwen.top/invite_page [运行时间：0.006304s][吞吐率：158.63req/s] [内存消耗：679.65kb] [文件加载：53]
[ info ] [ LANG ] /var/www/card/thinkphp/lang/zh-cn.php
[ info ] [ ROUTE ] array (
  'type' => 'controller',
  'controller' => 'home/Player/invite_page',
  'var' => 
  array (
  ),
)
[ info ] [ HEADER ] array (
  'charset' => 'UTF-8',
  'accept' => '*/*',
  'user-agent' => 'Mozilla/5.0 (Linux; Android 6.0.1; SM-G9350 Build/MMB29M; wv) AppleWebKit/537.36 (KHTML, like Gecko) Version/4.0 Chrome/48.0.2564.106 Mobile Safari/537.36',
  'connection' => 'Keep-Alive',
  'accept-encoding' => 'gzip',
  'content-type' => 'application/x-www-form-urlencoded',
  'host' => 'card.dcwen.top',
  'content-length' => '9',
)
[ info ] [ PARAM ] array (
  '/invite_page' => '',
  'cid' => 'Vn-IN',
)
[ info ] [ DB ] INIT mysql
[ info ] [ RUN ] app\home\controller\Player->invite_page[ /var/www/card/app/home/controller/Player.php ]
[ info ] [ LOG ] INIT File
[ sql ] [ DB ] CONNECT:[ UseTime:0.000281s ] mysql:dbname=runfast;host=localhost;port=3306;charset=utf8
[ sql ] [ SQL ] SHOW COLUMNS FROM `edd_options` [ RunTime:0.001100s ]
[ sql ] [ SQL ] SELECT `is_close` FROM `edd_options` WHERE  `option_id` = 6 LIMIT 1 [ RunTime:0.000190s ]
[ sql ] [ SQL ] SHOW COLUMNS FROM `edd_player` [ RunTime:0.000558s ]
[ sql ] [ SQL ] SELECT `users_id` FROM `edd_player` WHERE  `player_id` = 7 LIMIT 1 [ RunTime:0.000201s ]
---------------------------------------------------------------
[ 2017-09-28T15:16:54+08:00 ] 172.16.0.5 182.144.61.237 POST /add_room_think
[ info ] card.dcwen.top/add_room_think [运行时间：0.012095s][吞吐率：82.68req/s] [内存消耗：776.45kb] [文件加载：58]
[ info ] [ LANG ] /var/www/card/thinkphp/lang/zh-cn.php
[ info ] [ ROUTE ] array (
  'type' => 'controller',
  'controller' => 'home/Room/add_room_think',
  'var' => 
  array (
  ),
)
[ info ] [ HEADER ] array (
  'charset' => 'UTF-8',
  'accept' => '*/*',
  'user-agent' => 'Mozilla/5.0 (Linux; Android 6.0.1; SM-G9350 Build/MMB29M; wv) AppleWebKit/537.36 (KHTML, like Gecko) Version/4.0 Chrome/48.0.2564.106 Mobile Safari/537.36',
  'connection' => 'Keep-Alive',
  'accept-encoding' => 'gzip',
  'content-type' => 'application/x-www-form-urlencoded',
  'host' => 'card.dcwen.top',
  'content-length' => '56',
)
[ info ] [ PARAM ] array (
  '/add_room_think' => '',
  'cid' => 'Vn-IN',
  'room_type' => '0',
  'is_double' => '1',
  'round_id' => '1',
  'showpoker' => '1',
)
[ info ] [ DB ] INIT mysql
[ info ] [ RUN ] app\home\controller\Room->add_room_think[ /var/www/card/app/home/controller/Room.php ]
[ info ] [ CACHE ] INIT File
[ info ] [ LOG ] INIT File
[ sql ] [ DB ] CONNECT:[ UseTime:0.000247s ] mysql:dbname=runfast;host=localhost;port=3306;charset=utf8
[ sql ] [ SQL ] SHOW COLUMNS FROM `edd_options` [ RunTime:0.000820s ]
[ sql ] [ SQL ] SELECT `is_close` FROM `edd_options` WHERE  `option_id` = 6 LIMIT 1 [ RunTime:0.000141s ]
[ sql ] [ SQL ] SHOW COLUMNS FROM `edd_pay_log` [ RunTime:0.000474s ]
[ sql ] [ SQL ] SELECT SUM(diamond_nums) AS tp_sum FROM `edd_pay_log` WHERE  `player_id` = '7' LIMIT 1 [ RunTime:0.000786s ]
[ sql ] [ SQL ] SHOW COLUMNS FROM `edd_room` [ RunTime:0.000732s ]
[ sql ] [ SQL ] SELECT SUM(room_charge) AS tp_sum FROM `edd_room` WHERE  `room_owner` = 7 LIMIT 1 [ RunTime:0.000251s ]
[ sql ] [ SQL ] INSERT INTO `edd_room` (`room_owner` , `round_times` , `room_charge` , `double` , `room_type` , `room_date` , `showpoker`) VALUES (7 , '10' , 3 , 1 , 0 , '1506583014' , 1) [ RunTime:0.000295s ]
[ sql ] [ SQL ] UPDATE `edd_room`  SET `room_code`='000424'  WHERE  `room_id` = 424 [ RunTime:0.000192s ]
[ sql ] [ SQL ] SHOW COLUMNS FROM `edd_player` [ RunTime:0.000574s ]
[ sql ] [ SQL ] UPDATE `edd_player`  SET `diamond`=diamond-3  WHERE  `player_id` = 7 [ RunTime:0.000203s ]
---------------------------------------------------------------
[ 2017-09-28T15:16:55+08:00 ] 172.16.0.5 182.144.61.237 POST /table_card_pic
[ info ] card.dcwen.top/table_card_pic [运行时间：0.002912s][吞吐率：343.40req/s] [内存消耗：548.34kb] [文件加载：48]
[ info ] [ LANG ] /var/www/card/thinkphp/lang/zh-cn.php
[ info ] [ ROUTE ] array (
  'type' => 'controller',
  'controller' => 'home/Home/table_card_pic',
  'var' => 
  array (
  ),
)
[ info ] [ HEADER ] array (
  'charset' => 'UTF-8',
  'accept' => '*/*',
  'user-agent' => 'Mozilla/5.0 (Linux; Android 6.0.1; SM-G9350 Build/MMB29M; wv) AppleWebKit/537.36 (KHTML, like Gecko) Version/4.0 Chrome/48.0.2564.106 Mobile Safari/537.36',
  'connection' => 'Keep-Alive',
  'accept-encoding' => 'gzip',
  'content-type' => 'application/x-www-form-urlencoded',
  'host' => 'card.dcwen.top',
  'content-length' => '0',
)
[ info ] [ PARAM ] array (
  '/table_card_pic' => '',
)
[ info ] [ RUN ] app\home\controller\Home->table_card_pic[ /var/www/card/app/home/controller/Home.php ]
[ info ] [ LOG ] INIT File
---------------------------------------------------------------
[ 2017-09-28T15:16:55+08:00 ] 172.16.0.5 182.144.61.237 POST /inner_room
[ info ] card.dcwen.top/inner_room [运行时间：0.008844s][吞吐率：113.07req/s] [内存消耗：734.41kb] [文件加载：56]
[ info ] [ LANG ] /var/www/card/thinkphp/lang/zh-cn.php
[ info ] [ ROUTE ] array (
  'type' => 'controller',
  'controller' => 'home/Game/inner_room',
  'var' => 
  array (
  ),
)
[ info ] [ HEADER ] array (
  'charset' => 'UTF-8',
  'accept' => '*/*',
  'user-agent' => 'Mozilla/5.0 (Linux; Android 6.0.1; SM-G9350 Build/MMB29M; wv) AppleWebKit/537.36 (KHTML, like Gecko) Version/4.0 Chrome/48.0.2564.106 Mobile Safari/537.36',
  'connection' => 'Keep-Alive',
  'accept-encoding' => 'gzip',
  'content-type' => 'application/x-www-form-urlencoded',
  'host' => 'card.dcwen.top',
  'content-length' => '52',
)
[ info ] [ PARAM ] array (
  '/inner_room' => '',
  'client_id' => '7f0000010fa200000010',
  'cid' => 'Vn-IN',
  'room_id' => '424',
)
[ info ] [ DB ] INIT mysql
[ info ] [ RUN ] app\home\controller\Game->inner_room[ /var/www/card/app/home/controller/Game.php ]
[ info ] [ LOG ] INIT File
[ sql ] [ DB ] CONNECT:[ UseTime:0.000265s ] mysql:dbname=runfast;host=localhost;port=3306;charset=utf8
[ sql ] [ SQL ] SHOW COLUMNS FROM `edd_options` [ RunTime:0.000667s ]
[ sql ] [ SQL ] SELECT `is_close` FROM `edd_options` WHERE  `option_id` = 6 LIMIT 1 [ RunTime:0.000147s ]
---------------------------------------------------------------
[ 2017-09-28T15:16:58+08:00 ] 172.16.0.5 182.144.61.237 POST /connect
[ info ] card.dcwen.top/connect [运行时间：0.016983s][吞吐率：58.88req/s] [内存消耗：738.40kb] [文件加载：56]
[ info ] [ LANG ] /var/www/card/thinkphp/lang/zh-cn.php
[ info ] [ ROUTE ] array (
  'type' => 'controller',
  'controller' => 'home/Game/connect',
  'var' => 
  array (
  ),
)
[ info ] [ HEADER ] array (
  'charset' => 'UTF-8',
  'accept' => '*/*',
  'user-agent' => 'Mozilla/5.0 (Linux; Android 6.0.1; SM-G9350 Build/MMB29M; wv) AppleWebKit/537.36 (KHTML, like Gecko) Version/4.0 Chrome/48.0.2564.106 Mobile Safari/537.36',
  'connection' => 'Keep-Alive',
  'accept-encoding' => 'gzip',
  'content-type' => 'application/x-www-form-urlencoded',
  'host' => 'card.dcwen.top',
  'content-length' => '63',
)
[ info ] [ PARAM ] array (
  '/connect' => '',
  'client_id' => '7f0000010fa200000010',
  'cid' => 'Vn-IN',
  'type' => 'inner',
  'room_id' => '424',
)
[ info ] [ DB ] INIT mysql
[ info ] [ RUN ] app\home\controller\Game->connect[ /var/www/card/app/home/controller/Game.php ]
[ info ] [ LOG ] INIT File
[ sql ] [ DB ] CONNECT:[ UseTime:0.000249s ] mysql:dbname=runfast;host=localhost;port=3306;charset=utf8
[ sql ] [ SQL ] SHOW COLUMNS FROM `edd_options` [ RunTime:0.000682s ]
[ sql ] [ SQL ] SELECT `is_close` FROM `edd_options` WHERE  `option_id` = 6 LIMIT 1 [ RunTime:0.000166s ]
---------------------------------------------------------------
[ 2017-09-28T15:18:07+08:00 ] 172.16.0.5 182.144.61.237 POST /news_show
[ info ] card.dcwen.top/news_show [运行时间：0.002882s][吞吐率：346.98req/s] [内存消耗：548.48kb] [文件加载：48]
[ info ] [ LANG ] /var/www/card/thinkphp/lang/zh-cn.php
[ info ] [ ROUTE ] array (
  'type' => 'controller',
  'controller' => 'home/Home/home_page',
  'var' => 
  array (
  ),
)
[ info ] [ HEADER ] array (
  'charset' => 'UTF-8',
  'accept' => '*/*',
  'user-agent' => 'Mozilla/5.0 (Linux; Android 6.0.1; SM-G9350 Build/MMB29M; wv) AppleWebKit/537.36 (KHTML, like Gecko) Version/4.0 Chrome/48.0.2564.106 Mobile Safari/537.36',
  'connection' => 'Keep-Alive',
  'accept-encoding' => 'gzip',
  'content-type' => 'application/x-www-form-urlencoded',
  'host' => 'card.dcwen.top',
  'content-length' => '0',
)
[ info ] [ PARAM ] array (
  '/news_show' => '',
)
[ info ] [ RUN ] app\home\controller\Home->home_page[ /var/www/card/app/home/controller/Home.php ]
[ info ] [ LOG ] INIT File
---------------------------------------------------------------
[ 2017-09-28T15:18:07+08:00 ] 172.16.0.5 182.144.61.237 POST /player_info
[ info ] card.dcwen.top/player_info [运行时间：0.011319s][吞吐率：88.35req/s] [内存消耗：715.09kb] [文件加载：55]
[ info ] [ LANG ] /var/www/card/thinkphp/lang/zh-cn.php
[ info ] [ ROUTE ] array (
  'type' => 'controller',
  'controller' => 'home/Player/get_player_info',
  'var' => 
  array (
  ),
)
[ info ] [ HEADER ] array (
  'charset' => 'UTF-8',
  'accept' => '*/*',
  'user-agent' => 'Mozilla/5.0 (Linux; Android 6.0.1; SM-G9350 Build/MMB29M; wv) AppleWebKit/537.36 (KHTML, like Gecko) Version/4.0 Chrome/48.0.2564.106 Mobile Safari/537.36',
  'connection' => 'Keep-Alive',
  'accept-encoding' => 'gzip',
  'content-type' => 'application/x-www-form-urlencoded',
  'host' => 'card.dcwen.top',
  'content-length' => '9',
)
[ info ] [ PARAM ] array (
  '/player_info' => '',
  'cid' => 'Vn-IN',
)
[ info ] [ DB ] INIT mysql
[ info ] [ RUN ] app\home\controller\Player->get_player_info[ /var/www/card/app/home/controller/Player.php ]
[ info ] [ LOG ] INIT File
[ sql ] [ DB ] CONNECT:[ UseTime:0.002625s ] mysql:dbname=runfast;host=localhost;port=3306;charset=utf8
[ sql ] [ SQL ] SHOW COLUMNS FROM `edd_options` [ RunTime:0.000968s ]
[ sql ] [ SQL ] SELECT `is_close` FROM `edd_options` WHERE  `option_id` = 6 LIMIT 1 [ RunTime:0.000506s ]
[ sql ] [ SQL ] SHOW COLUMNS FROM `edd_player` [ RunTime:0.000679s ]
[ sql ] [ SQL ] SELECT * FROM `edd_player` WHERE  `player_id` = 7 LIMIT 1 [ RunTime:0.000501s ]
---------------------------------------------------------------
[ 2017-09-28T15:18:07+08:00 ] 172.16.0.5 182.144.61.237 POST /room_page
[ info ] card.dcwen.top/room_page [运行时间：0.012821s][吞吐率：78.00req/s] [内存消耗：743.69kb] [文件加载：56]
[ info ] [ LANG ] /var/www/card/thinkphp/lang/zh-cn.php
[ info ] [ ROUTE ] array (
  'type' => 'controller',
  'controller' => 'home/Room/room_page',
  'var' => 
  array (
  ),
)
[ info ] [ HEADER ] array (
  'charset' => 'UTF-8',
  'accept' => '*/*',
  'user-agent' => 'Mozilla/5.0 (Linux; Android 6.0.1; SM-G9350 Build/MMB29M; wv) AppleWebKit/537.36 (KHTML, like Gecko) Version/4.0 Chrome/48.0.2564.106 Mobile Safari/537.36',
  'connection' => 'Keep-Alive',
  'accept-encoding' => 'gzip',
  'content-type' => 'application/x-www-form-urlencoded',
  'host' => 'card.dcwen.top',
  'content-length' => '9',
)
[ info ] [ PARAM ] array (
  '/room_page' => '',
  'cid' => 'Vn-IN',
)
[ info ] [ DB ] INIT mysql
[ info ] [ RUN ] app\home\controller\Room->room_page[ /var/www/card/app/home/controller/Room.php ]
[ info ] [ LOG ] INIT File
[ sql ] [ DB ] CONNECT:[ UseTime:0.000144s ] mysql:dbname=runfast;host=localhost;port=3306;charset=utf8
[ sql ] [ SQL ] SHOW COLUMNS FROM `edd_options` [ RunTime:0.000708s ]
[ sql ] [ SQL ] SELECT `is_close` FROM `edd_options` WHERE  `option_id` = 6 LIMIT 1 [ RunTime:0.000149s ]
[ sql ] [ SQL ] SHOW COLUMNS FROM `edd_room` [ RunTime:0.001124s ]
[ sql ] [ SQL ] SELECT `room_id`,`round_times`,`room_code` FROM `edd_room` WHERE  `room_owner` = 7  AND `del_time` = '0' [ RunTime:0.000391s ]
---------------------------------------------------------------
[ 2017-09-28T15:18:07+08:00 ] 172.16.0.5 182.144.61.237 POST /connect
[ info ] card.dcwen.top/connect [运行时间：0.005053s][吞吐率：197.90req/s] [内存消耗：732.82kb] [文件加载：56]
[ info ] [ LANG ] /var/www/card/thinkphp/lang/zh-cn.php
[ info ] [ ROUTE ] array (
  'type' => 'controller',
  'controller' => 'home/Game/connect',
  'var' => 
  array (
  ),
)
[ info ] [ HEADER ] array (
  'charset' => 'UTF-8',
  'accept' => '*/*',
  'user-agent' => 'Mozilla/5.0 (Linux; Android 6.0.1; SM-G9350 Build/MMB29M; wv) AppleWebKit/537.36 (KHTML, like Gecko) Version/4.0 Chrome/48.0.2564.106 Mobile Safari/537.36',
  'connection' => 'Keep-Alive',
  'accept-encoding' => 'gzip',
  'content-type' => 'application/x-www-form-urlencoded',
  'host' => 'card.dcwen.top',
  'content-length' => '52',
)
[ info ] [ PARAM ] array (
  '/connect' => '',
  'client_id' => '7f0000010fa300000009',
  'cid' => 'Vn-IN',
  'type' => 'outter',
)
[ info ] [ DB ] INIT mysql
[ info ] [ RUN ] app\home\controller\Game->connect[ /var/www/card/app/home/controller/Game.php ]
[ info ] [ LOG ] INIT File
[ sql ] [ DB ] CONNECT:[ UseTime:0.000274s ] mysql:dbname=runfast;host=localhost;port=3306;charset=utf8
[ sql ] [ SQL ] SHOW COLUMNS FROM `edd_options` [ RunTime:0.000673s ]
[ sql ] [ SQL ] SELECT `is_close` FROM `edd_options` WHERE  `option_id` = 6 LIMIT 1 [ RunTime:0.000145s ]
