---------------------------------------------------------------
[ 2017-08-19T11:02:31+08:00 ] 172.16.0.5 139.205.149.158 POST /player_info
[ info ] card.dcwen.top/player_info [运行时间：0.006141s][吞吐率：162.84req/s] [内存消耗：695.80kb] [文件加载：55]
[ info ] [ LANG ] /var/www/card/thinkphp/lang/zh-cn.php
[ info ] [ ROUTE ] array (
  'type' => 'controller',
  'controller' => 'home/Player/get_player_info',
  'var' => 
  array (
  ),
)
[ info ] [ HEADER ] array (
  'charset' => 'UTF-8',
  'accept' => '*/*',
  'user-agent' => 'Mozilla/5.0 (Linux; Android 6.0.1; SM-G9350 Build/MMB29M; wv) AppleWebKit/537.36 (KHTML, like Gecko) Version/4.0 Chrome/48.0.2564.106 Mobile Safari/537.36',
  'connection' => 'Keep-Alive',
  'accept-encoding' => 'gzip',
  'content-type' => 'application/x-www-form-urlencoded',
  'host' => 'card.dcwen.top',
  'content-length' => '9',
)
[ info ] [ PARAM ] array (
  '/player_info' => '',
  'cid' => 'oOUgV',
)
[ info ] [ DB ] INIT mysql
[ info ] [ RUN ] app\home\controller\Player->get_player_info[ /var/www/card/app/home/controller/Player.php ]
[ info ] [ LOG ] INIT File
[ sql ] [ DB ] CONNECT:[ UseTime:0.000260s ] mysql:dbname=runfast;host=localhost;port=3306;charset=utf8
[ sql ] [ SQL ] SHOW COLUMNS FROM `edd_options` [ RunTime:0.000772s ]
[ sql ] [ SQL ] SELECT `is_close` FROM `edd_options` WHERE  `option_id` = 6 LIMIT 1 [ RunTime:0.000192s ]
[ sql ] [ SQL ] SHOW COLUMNS FROM `edd_player` [ RunTime:0.000515s ]
[ sql ] [ SQL ] SELECT `avatar`,`name`,`sex`,`diamond`,`player_id` FROM `edd_player` WHERE  `player_id` = 1 LIMIT 1 [ RunTime:0.000215s ]
---------------------------------------------------------------
[ 2017-08-19T11:02:32+08:00 ] 172.16.0.5 139.205.149.158 POST /news_show
[ info ] card.dcwen.top/news_show [运行时间：0.002801s][吞吐率：357.02req/s] [内存消耗：502.83kb] [文件加载：47]
[ info ] [ LANG ] /var/www/card/thinkphp/lang/zh-cn.php
[ info ] [ ROUTE ] array (
  'type' => 'controller',
  'controller' => 'home/Home/home_page',
  'var' => 
  array (
  ),
)
[ info ] [ HEADER ] array (
  'charset' => 'UTF-8',
  'accept' => '*/*',
  'user-agent' => 'Mozilla/5.0 (Linux; Android 6.0.1; SM-G9350 Build/MMB29M; wv) AppleWebKit/537.36 (KHTML, like Gecko) Version/4.0 Chrome/48.0.2564.106 Mobile Safari/537.36',
  'connection' => 'Keep-Alive',
  'accept-encoding' => 'gzip',
  'content-type' => 'application/x-www-form-urlencoded',
  'host' => 'card.dcwen.top',
  'content-length' => '0',
)
[ info ] [ PARAM ] array (
  '/news_show' => '',
)
[ info ] [ RUN ] app\home\controller\Home->home_page[ /var/www/card/app/home/controller/Home.php ]
[ info ] [ LOG ] INIT File
---------------------------------------------------------------
[ 2017-08-19T11:02:32+08:00 ] 172.16.0.5 139.205.149.158 POST /player_info
[ info ] card.dcwen.top/player_info [运行时间：0.006015s][吞吐率：166.25req/s] [内存消耗：695.83kb] [文件加载：55]
[ info ] [ LANG ] /var/www/card/thinkphp/lang/zh-cn.php
[ info ] [ ROUTE ] array (
  'type' => 'controller',
  'controller' => 'home/Player/get_player_info',
  'var' => 
  array (
  ),
)
[ info ] [ HEADER ] array (
  'charset' => 'UTF-8',
  'accept' => '*/*',
  'user-agent' => 'Mozilla/5.0 (Linux; Android 6.0.1; SM-G9350 Build/MMB29M; wv) AppleWebKit/537.36 (KHTML, like Gecko) Version/4.0 Chrome/48.0.2564.106 Mobile Safari/537.36',
  'connection' => 'Keep-Alive',
  'accept-encoding' => 'gzip',
  'content-type' => 'application/x-www-form-urlencoded',
  'host' => 'card.dcwen.top',
  'content-length' => '9',
)
[ info ] [ PARAM ] array (
  '/player_info' => '',
  'cid' => 'C2P8u',
)
[ info ] [ DB ] INIT mysql
[ info ] [ RUN ] app\home\controller\Player->get_player_info[ /var/www/card/app/home/controller/Player.php ]
[ info ] [ LOG ] INIT File
[ sql ] [ DB ] CONNECT:[ UseTime:0.000230s ] mysql:dbname=runfast;host=localhost;port=3306;charset=utf8
[ sql ] [ SQL ] SHOW COLUMNS FROM `edd_options` [ RunTime:0.000812s ]
[ sql ] [ SQL ] SELECT `is_close` FROM `edd_options` WHERE  `option_id` = 6 LIMIT 1 [ RunTime:0.000171s ]
[ sql ] [ SQL ] SHOW COLUMNS FROM `edd_player` [ RunTime:0.000581s ]
[ sql ] [ SQL ] SELECT `avatar`,`name`,`sex`,`diamond`,`player_id` FROM `edd_player` WHERE  `player_id` = 1 LIMIT 1 [ RunTime:0.000141s ]
---------------------------------------------------------------
[ 2017-08-19T11:02:32+08:00 ] 172.16.0.5 139.205.149.158 POST /connect
[ info ] card.dcwen.top/connect [运行时间：0.005520s][吞吐率：181.16req/s] [内存消耗：715.49kb] [文件加载：56]
[ info ] [ LANG ] /var/www/card/thinkphp/lang/zh-cn.php
[ info ] [ ROUTE ] array (
  'type' => 'controller',
  'controller' => 'home/Game/connect',
  'var' => 
  array (
  ),
)
[ info ] [ HEADER ] array (
  'charset' => 'UTF-8',
  'accept' => '*/*',
  'user-agent' => 'Mozilla/5.0 (Linux; Android 6.0.1; SM-G9350 Build/MMB29M; wv) AppleWebKit/537.36 (KHTML, like Gecko) Version/4.0 Chrome/48.0.2564.106 Mobile Safari/537.36',
  'connection' => 'Keep-Alive',
  'accept-encoding' => 'gzip',
  'content-type' => 'application/x-www-form-urlencoded',
  'host' => 'card.dcwen.top',
  'content-length' => '52',
)
[ info ] [ PARAM ] array (
  '/connect' => '',
  'client_id' => '7f0000010fa2000000a7',
  'cid' => 'C2P8u',
  'type' => 'outter',
)
[ info ] [ DB ] INIT mysql
[ info ] [ RUN ] app\home\controller\Game->connect[ /var/www/card/app/home/controller/Game.php ]
[ info ] [ LOG ] INIT File
[ sql ] [ DB ] CONNECT:[ UseTime:0.000224s ] mysql:dbname=runfast;host=localhost;port=3306;charset=utf8
[ sql ] [ SQL ] SHOW COLUMNS FROM `edd_options` [ RunTime:0.000760s ]
[ sql ] [ SQL ] SELECT `is_close` FROM `edd_options` WHERE  `option_id` = 6 LIMIT 1 [ RunTime:0.000177s ]
---------------------------------------------------------------
[ 2017-08-19T11:02:33+08:00 ] 172.16.0.5 139.205.149.158 POST /room_page
[ info ] card.dcwen.top/room_page [运行时间：0.005895s][吞吐率：169.64req/s] [内存消耗：724.64kb] [文件加载：56]
[ info ] [ LANG ] /var/www/card/thinkphp/lang/zh-cn.php
[ info ] [ ROUTE ] array (
  'type' => 'controller',
  'controller' => 'home/Room/room_page',
  'var' => 
  array (
  ),
)
[ info ] [ HEADER ] array (
  'charset' => 'UTF-8',
  'accept' => '*/*',
  'user-agent' => 'Mozilla/5.0 (Linux; Android 6.0.1; SM-G9350 Build/MMB29M; wv) AppleWebKit/537.36 (KHTML, like Gecko) Version/4.0 Chrome/48.0.2564.106 Mobile Safari/537.36',
  'connection' => 'Keep-Alive',
  'accept-encoding' => 'gzip',
  'content-type' => 'application/x-www-form-urlencoded',
  'host' => 'card.dcwen.top',
  'content-length' => '9',
)
[ info ] [ PARAM ] array (
  '/room_page' => '',
  'cid' => 'C2P8u',
)
[ info ] [ DB ] INIT mysql
[ info ] [ RUN ] app\home\controller\Room->room_page[ /var/www/card/app/home/controller/Room.php ]
[ info ] [ LOG ] INIT File
[ sql ] [ DB ] CONNECT:[ UseTime:0.000226s ] mysql:dbname=runfast;host=localhost;port=3306;charset=utf8
[ sql ] [ SQL ] SHOW COLUMNS FROM `edd_options` [ RunTime:0.000674s ]
[ sql ] [ SQL ] SELECT `is_close` FROM `edd_options` WHERE  `option_id` = 6 LIMIT 1 [ RunTime:0.000185s ]
[ sql ] [ SQL ] SHOW COLUMNS FROM `edd_room` [ RunTime:0.000496s ]
[ sql ] [ SQL ] SELECT `room_id`,`round_times`,`room_code` FROM `edd_room` WHERE  `room_owner` = 1  AND `del_time` = '0' [ RunTime:0.000231s ]
---------------------------------------------------------------
[ 2017-08-19T11:03:52+08:00 ] 172.16.0.5 139.205.149.158 POST /player_info
[ info ] card.dcwen.top/player_info [运行时间：0.006147s][吞吐率：162.68req/s] [内存消耗：695.81kb] [文件加载：55]
[ info ] [ LANG ] /var/www/card/thinkphp/lang/zh-cn.php
[ info ] [ ROUTE ] array (
  'type' => 'controller',
  'controller' => 'home/Player/get_player_info',
  'var' => 
  array (
  ),
)
[ info ] [ HEADER ] array (
  'charset' => 'UTF-8',
  'accept' => '*/*',
  'user-agent' => 'Mozilla/5.0 (Linux; Android 6.0.1; SM-G9350 Build/MMB29M; wv) AppleWebKit/537.36 (KHTML, like Gecko) Version/4.0 Chrome/48.0.2564.106 Mobile Safari/537.36',
  'connection' => 'Keep-Alive',
  'accept-encoding' => 'gzip',
  'content-type' => 'application/x-www-form-urlencoded',
  'host' => 'card.dcwen.top',
  'content-length' => '9',
)
[ info ] [ PARAM ] array (
  '/player_info' => '',
  'cid' => '-inTX',
)
[ info ] [ DB ] INIT mysql
[ info ] [ RUN ] app\home\controller\Player->get_player_info[ /var/www/card/app/home/controller/Player.php ]
[ info ] [ LOG ] INIT File
[ sql ] [ DB ] CONNECT:[ UseTime:0.000255s ] mysql:dbname=runfast;host=localhost;port=3306;charset=utf8
[ sql ] [ SQL ] SHOW COLUMNS FROM `edd_options` [ RunTime:0.000671s ]
[ sql ] [ SQL ] SELECT `is_close` FROM `edd_options` WHERE  `option_id` = 6 LIMIT 1 [ RunTime:0.000165s ]
[ sql ] [ SQL ] SHOW COLUMNS FROM `edd_player` [ RunTime:0.000554s ]
[ sql ] [ SQL ] SELECT `avatar`,`name`,`sex`,`diamond`,`player_id` FROM `edd_player` WHERE  `player_id` = 1 LIMIT 1 [ RunTime:0.000131s ]
---------------------------------------------------------------
[ 2017-08-19T11:03:53+08:00 ] 172.16.0.5 139.205.149.158 POST /news_show
[ info ] card.dcwen.top/news_show [运行时间：0.002960s][吞吐率：337.81req/s] [内存消耗：502.83kb] [文件加载：47]
[ info ] [ LANG ] /var/www/card/thinkphp/lang/zh-cn.php
[ info ] [ ROUTE ] array (
  'type' => 'controller',
  'controller' => 'home/Home/home_page',
  'var' => 
  array (
  ),
)
[ info ] [ HEADER ] array (
  'charset' => 'UTF-8',
  'accept' => '*/*',
  'user-agent' => 'Mozilla/5.0 (Linux; Android 6.0.1; SM-G9350 Build/MMB29M; wv) AppleWebKit/537.36 (KHTML, like Gecko) Version/4.0 Chrome/48.0.2564.106 Mobile Safari/537.36',
  'connection' => 'Keep-Alive',
  'accept-encoding' => 'gzip',
  'content-type' => 'application/x-www-form-urlencoded',
  'host' => 'card.dcwen.top',
  'content-length' => '0',
)
[ info ] [ PARAM ] array (
  '/news_show' => '',
)
[ info ] [ RUN ] app\home\controller\Home->home_page[ /var/www/card/app/home/controller/Home.php ]
[ info ] [ LOG ] INIT File
---------------------------------------------------------------
[ 2017-08-19T11:03:53+08:00 ] 172.16.0.5 139.205.149.158 POST /player_info
[ info ] card.dcwen.top/player_info [运行时间：0.009249s][吞吐率：108.12req/s] [内存消耗：695.83kb] [文件加载：55]
[ info ] [ LANG ] /var/www/card/thinkphp/lang/zh-cn.php
[ info ] [ ROUTE ] array (
  'type' => 'controller',
  'controller' => 'home/Player/get_player_info',
  'var' => 
  array (
  ),
)
[ info ] [ HEADER ] array (
  'charset' => 'UTF-8',
  'accept' => '*/*',
  'user-agent' => 'Mozilla/5.0 (Linux; Android 6.0.1; SM-G9350 Build/MMB29M; wv) AppleWebKit/537.36 (KHTML, like Gecko) Version/4.0 Chrome/48.0.2564.106 Mobile Safari/537.36',
  'connection' => 'Keep-Alive',
  'accept-encoding' => 'gzip',
  'content-type' => 'application/x-www-form-urlencoded',
  'host' => 'card.dcwen.top',
  'content-length' => '9',
)
[ info ] [ PARAM ] array (
  '/player_info' => '',
  'cid' => 'eDLK6',
)
[ info ] [ DB ] INIT mysql
[ info ] [ RUN ] app\home\controller\Player->get_player_info[ /var/www/card/app/home/controller/Player.php ]
[ info ] [ LOG ] INIT File
[ sql ] [ DB ] CONNECT:[ UseTime:0.000194s ] mysql:dbname=runfast;host=localhost;port=3306;charset=utf8
[ sql ] [ SQL ] SHOW COLUMNS FROM `edd_options` [ RunTime:0.000788s ]
[ sql ] [ SQL ] SELECT `is_close` FROM `edd_options` WHERE  `option_id` = 6 LIMIT 1 [ RunTime:0.000564s ]
[ sql ] [ SQL ] SHOW COLUMNS FROM `edd_player` [ RunTime:0.001096s ]
[ sql ] [ SQL ] SELECT `avatar`,`name`,`sex`,`diamond`,`player_id` FROM `edd_player` WHERE  `player_id` = 1 LIMIT 1 [ RunTime:0.000130s ]
---------------------------------------------------------------
[ 2017-08-19T11:03:53+08:00 ] 172.16.0.5 139.205.149.158 POST /room_page
[ info ] card.dcwen.top/room_page [运行时间：0.014670s][吞吐率：68.17req/s] [内存消耗：724.64kb] [文件加载：56]
[ info ] [ LANG ] /var/www/card/thinkphp/lang/zh-cn.php
[ info ] [ ROUTE ] array (
  'type' => 'controller',
  'controller' => 'home/Room/room_page',
  'var' => 
  array (
  ),
)
[ info ] [ HEADER ] array (
  'charset' => 'UTF-8',
  'accept' => '*/*',
  'user-agent' => 'Mozilla/5.0 (Linux; Android 6.0.1; SM-G9350 Build/MMB29M; wv) AppleWebKit/537.36 (KHTML, like Gecko) Version/4.0 Chrome/48.0.2564.106 Mobile Safari/537.36',
  'connection' => 'Keep-Alive',
  'accept-encoding' => 'gzip',
  'content-type' => 'application/x-www-form-urlencoded',
  'host' => 'card.dcwen.top',
  'content-length' => '9',
)
[ info ] [ PARAM ] array (
  '/room_page' => '',
  'cid' => 'eDLK6',
)
[ info ] [ DB ] INIT mysql
[ info ] [ RUN ] app\home\controller\Room->room_page[ /var/www/card/app/home/controller/Room.php ]
[ info ] [ LOG ] INIT File
[ sql ] [ DB ] CONNECT:[ UseTime:0.005371s ] mysql:dbname=runfast;host=localhost;port=3306;charset=utf8
[ sql ] [ SQL ] SHOW COLUMNS FROM `edd_options` [ RunTime:0.000816s ]
[ sql ] [ SQL ] SELECT `is_close` FROM `edd_options` WHERE  `option_id` = 6 LIMIT 1 [ RunTime:0.000605s ]
[ sql ] [ SQL ] SHOW COLUMNS FROM `edd_room` [ RunTime:0.002558s ]
[ sql ] [ SQL ] SELECT `room_id`,`round_times`,`room_code` FROM `edd_room` WHERE  `room_owner` = 1  AND `del_time` = '0' [ RunTime:0.000630s ]
---------------------------------------------------------------
[ 2017-08-19T11:03:53+08:00 ] 172.16.0.5 139.205.149.158 POST /connect
[ info ] card.dcwen.top/connect [运行时间：0.014485s][吞吐率：69.04req/s] [内存消耗：715.49kb] [文件加载：56]
[ info ] [ LANG ] /var/www/card/thinkphp/lang/zh-cn.php
[ info ] [ ROUTE ] array (
  'type' => 'controller',
  'controller' => 'home/Game/connect',
  'var' => 
  array (
  ),
)
[ info ] [ HEADER ] array (
  'charset' => 'UTF-8',
  'accept' => '*/*',
  'user-agent' => 'Mozilla/5.0 (Linux; Android 6.0.1; SM-G9350 Build/MMB29M; wv) AppleWebKit/537.36 (KHTML, like Gecko) Version/4.0 Chrome/48.0.2564.106 Mobile Safari/537.36',
  'connection' => 'Keep-Alive',
  'accept-encoding' => 'gzip',
  'content-type' => 'application/x-www-form-urlencoded',
  'host' => 'card.dcwen.top',
  'content-length' => '52',
)
[ info ] [ PARAM ] array (
  '/connect' => '',
  'client_id' => '7f0000010fa1000000ae',
  'cid' => 'eDLK6',
  'type' => 'outter',
)
[ info ] [ DB ] INIT mysql
[ info ] [ RUN ] app\home\controller\Game->connect[ /var/www/card/app/home/controller/Game.php ]
[ info ] [ LOG ] INIT File
[ sql ] [ DB ] CONNECT:[ UseTime:0.003372s ] mysql:dbname=runfast;host=localhost;port=3306;charset=utf8
[ sql ] [ SQL ] SHOW COLUMNS FROM `edd_options` [ RunTime:0.000510s ]
[ sql ] [ SQL ] SELECT `is_close` FROM `edd_options` WHERE  `option_id` = 6 LIMIT 1 [ RunTime:0.000127s ]
---------------------------------------------------------------
[ 2017-08-19T11:04:12+08:00 ] 172.16.0.5 139.205.149.158 POST /player_info
[ info ] card.dcwen.top/player_info [运行时间：0.005559s][吞吐率：179.89req/s] [内存消耗：695.81kb] [文件加载：55]
[ info ] [ LANG ] /var/www/card/thinkphp/lang/zh-cn.php
[ info ] [ ROUTE ] array (
  'type' => 'controller',
  'controller' => 'home/Player/get_player_info',
  'var' => 
  array (
  ),
)
[ info ] [ HEADER ] array (
  'charset' => 'UTF-8',
  'accept' => '*/*',
  'user-agent' => 'Mozilla/5.0 (Linux; Android 6.0.1; SM-G9350 Build/MMB29M; wv) AppleWebKit/537.36 (KHTML, like Gecko) Version/4.0 Chrome/48.0.2564.106 Mobile Safari/537.36',
  'connection' => 'Keep-Alive',
  'accept-encoding' => 'gzip',
  'content-type' => 'application/x-www-form-urlencoded',
  'host' => 'card.dcwen.top',
  'content-length' => '9',
)
[ info ] [ PARAM ] array (
  '/player_info' => '',
  'cid' => '-inTX',
)
[ info ] [ DB ] INIT mysql
[ info ] [ RUN ] app\home\controller\Player->get_player_info[ /var/www/card/app/home/controller/Player.php ]
[ info ] [ LOG ] INIT File
[ sql ] [ DB ] CONNECT:[ UseTime:0.000242s ] mysql:dbname=runfast;host=localhost;port=3306;charset=utf8
[ sql ] [ SQL ] SHOW COLUMNS FROM `edd_options` [ RunTime:0.000685s ]
[ sql ] [ SQL ] SELECT `is_close` FROM `edd_options` WHERE  `option_id` = 6 LIMIT 1 [ RunTime:0.000149s ]
[ sql ] [ SQL ] SHOW COLUMNS FROM `edd_player` [ RunTime:0.000588s ]
[ sql ] [ SQL ] SELECT `avatar`,`name`,`sex`,`diamond`,`player_id` FROM `edd_player` WHERE  `player_id` = 1 LIMIT 1 [ RunTime:0.000121s ]
---------------------------------------------------------------
[ 2017-08-19T11:04:13+08:00 ] 172.16.0.5 139.205.149.158 POST /news_show
[ info ] card.dcwen.top/news_show [运行时间：0.002364s][吞吐率：423.03req/s] [内存消耗：502.83kb] [文件加载：47]
[ info ] [ LANG ] /var/www/card/thinkphp/lang/zh-cn.php
[ info ] [ ROUTE ] array (
  'type' => 'controller',
  'controller' => 'home/Home/home_page',
  'var' => 
  array (
  ),
)
[ info ] [ HEADER ] array (
  'charset' => 'UTF-8',
  'accept' => '*/*',
  'user-agent' => 'Mozilla/5.0 (Linux; Android 6.0.1; SM-G9350 Build/MMB29M; wv) AppleWebKit/537.36 (KHTML, like Gecko) Version/4.0 Chrome/48.0.2564.106 Mobile Safari/537.36',
  'connection' => 'Keep-Alive',
  'accept-encoding' => 'gzip',
  'content-type' => 'application/x-www-form-urlencoded',
  'host' => 'card.dcwen.top',
  'content-length' => '0',
)
[ info ] [ PARAM ] array (
  '/news_show' => '',
)
[ info ] [ RUN ] app\home\controller\Home->home_page[ /var/www/card/app/home/controller/Home.php ]
[ info ] [ LOG ] INIT File
---------------------------------------------------------------
[ 2017-08-19T11:04:13+08:00 ] 172.16.0.5 139.205.149.158 POST /room_page
[ info ] card.dcwen.top/room_page [运行时间：0.005535s][吞吐率：180.66req/s] [内存消耗：724.64kb] [文件加载：56]
[ info ] [ LANG ] /var/www/card/thinkphp/lang/zh-cn.php
[ info ] [ ROUTE ] array (
  'type' => 'controller',
  'controller' => 'home/Room/room_page',
  'var' => 
  array (
  ),
)
[ info ] [ HEADER ] array (
  'charset' => 'UTF-8',
  'accept' => '*/*',
  'user-agent' => 'Mozilla/5.0 (Linux; Android 6.0.1; SM-G9350 Build/MMB29M; wv) AppleWebKit/537.36 (KHTML, like Gecko) Version/4.0 Chrome/48.0.2564.106 Mobile Safari/537.36',
  'connection' => 'Keep-Alive',
  'accept-encoding' => 'gzip',
  'content-type' => 'application/x-www-form-urlencoded',
  'host' => 'card.dcwen.top',
  'content-length' => '9',
)
[ info ] [ PARAM ] array (
  '/room_page' => '',
  'cid' => '5viWV',
)
[ info ] [ DB ] INIT mysql
[ info ] [ RUN ] app\home\controller\Room->room_page[ /var/www/card/app/home/controller/Room.php ]
[ info ] [ LOG ] INIT File
[ sql ] [ DB ] CONNECT:[ UseTime:0.000226s ] mysql:dbname=runfast;host=localhost;port=3306;charset=utf8
[ sql ] [ SQL ] SHOW COLUMNS FROM `edd_options` [ RunTime:0.000740s ]
[ sql ] [ SQL ] SELECT `is_close` FROM `edd_options` WHERE  `option_id` = 6 LIMIT 1 [ RunTime:0.000164s ]
[ sql ] [ SQL ] SHOW COLUMNS FROM `edd_room` [ RunTime:0.000500s ]
[ sql ] [ SQL ] SELECT `room_id`,`round_times`,`room_code` FROM `edd_room` WHERE  `room_owner` = 1  AND `del_time` = '0' [ RunTime:0.000138s ]
---------------------------------------------------------------
[ 2017-08-19T11:04:13+08:00 ] 172.16.0.5 139.205.149.158 POST /player_info
[ info ] card.dcwen.top/player_info [运行时间：0.010447s][吞吐率：95.72req/s] [内存消耗：696.06kb] [文件加载：55]
[ info ] [ LANG ] /var/www/card/thinkphp/lang/zh-cn.php
[ info ] [ ROUTE ] array (
  'type' => 'controller',
  'controller' => 'home/Player/get_player_info',
  'var' => 
  array (
  ),
)
[ info ] [ HEADER ] array (
  'charset' => 'UTF-8',
  'accept' => '*/*',
  'user-agent' => 'Mozilla/5.0 (Linux; Android 6.0.1; SM-G9350 Build/MMB29M; wv) AppleWebKit/537.36 (KHTML, like Gecko) Version/4.0 Chrome/48.0.2564.106 Mobile Safari/537.36',
  'connection' => 'Keep-Alive',
  'accept-encoding' => 'gzip',
  'content-type' => 'application/x-www-form-urlencoded',
  'host' => 'card.dcwen.top',
  'content-length' => '9',
)
[ info ] [ PARAM ] array (
  '/player_info' => '',
  'cid' => '5viWV',
)
[ info ] [ DB ] INIT mysql
[ info ] [ RUN ] app\home\controller\Player->get_player_info[ /var/www/card/app/home/controller/Player.php ]
[ info ] [ LOG ] INIT File
[ sql ] [ DB ] CONNECT:[ UseTime:0.001350s ] mysql:dbname=runfast;host=localhost;port=3306;charset=utf8
[ sql ] [ SQL ] SHOW COLUMNS FROM `edd_options` [ RunTime:0.000623s ]
[ sql ] [ SQL ] SELECT `is_close` FROM `edd_options` WHERE  `option_id` = 6 LIMIT 1 [ RunTime:0.000138s ]
[ sql ] [ SQL ] SHOW COLUMNS FROM `edd_player` [ RunTime:0.000513s ]
[ sql ] [ SQL ] SELECT `avatar`,`name`,`sex`,`diamond`,`player_id` FROM `edd_player` WHERE  `player_id` = 1 LIMIT 1 [ RunTime:0.000124s ]
---------------------------------------------------------------
[ 2017-08-19T11:04:13+08:00 ] 172.16.0.5 139.205.149.158 POST /connect
[ info ] card.dcwen.top/connect [运行时间：0.004172s][吞吐率：239.70req/s] [内存消耗：715.49kb] [文件加载：56]
[ info ] [ LANG ] /var/www/card/thinkphp/lang/zh-cn.php
[ info ] [ ROUTE ] array (
  'type' => 'controller',
  'controller' => 'home/Game/connect',
  'var' => 
  array (
  ),
)
[ info ] [ HEADER ] array (
  'charset' => 'UTF-8',
  'accept' => '*/*',
  'user-agent' => 'Mozilla/5.0 (Linux; Android 6.0.1; SM-G9350 Build/MMB29M; wv) AppleWebKit/537.36 (KHTML, like Gecko) Version/4.0 Chrome/48.0.2564.106 Mobile Safari/537.36',
  'connection' => 'Keep-Alive',
  'accept-encoding' => 'gzip',
  'content-type' => 'application/x-www-form-urlencoded',
  'host' => 'card.dcwen.top',
  'content-length' => '52',
)
[ info ] [ PARAM ] array (
  '/connect' => '',
  'client_id' => '7f0000010fa2000000a8',
  'cid' => '5viWV',
  'type' => 'outter',
)
[ info ] [ DB ] INIT mysql
[ info ] [ RUN ] app\home\controller\Game->connect[ /var/www/card/app/home/controller/Game.php ]
[ info ] [ LOG ] INIT File
[ sql ] [ DB ] CONNECT:[ UseTime:0.000158s ] mysql:dbname=runfast;host=localhost;port=3306;charset=utf8
[ sql ] [ SQL ] SHOW COLUMNS FROM `edd_options` [ RunTime:0.000547s ]
[ sql ] [ SQL ] SELECT `is_close` FROM `edd_options` WHERE  `option_id` = 6 LIMIT 1 [ RunTime:0.000128s ]
---------------------------------------------------------------
[ 2017-08-19T12:28:42+08:00 ] 172.16.0.5 117.136.65.155 POST /player_info
[ info ] card.dcwen.top/player_info [运行时间：0.005955s][吞吐率：167.93req/s] [内存消耗：695.10kb] [文件加载：55]
[ info ] [ LANG ] /var/www/card/thinkphp/lang/zh-cn.php
[ info ] [ ROUTE ] array (
  'type' => 'controller',
  'controller' => 'home/Player/get_player_info',
  'var' => 
  array (
  ),
)
[ info ] [ HEADER ] array (
  'host' => 'card.dcwen.top',
  'user-agent' => '1.2.39 (iPhone; iOS 10.3.2; zh_CN)',
  'content-type' => 'application/x-www-form-urlencoded; charset=utf-8',
  'content-length' => '9',
  'accept-encoding' => 'gzip',
  'connection' => 'close',
)
[ info ] [ PARAM ] array (
  '/player_info' => '',
  'cid' => 'oOUgV',
)
[ info ] [ DB ] INIT mysql
[ info ] [ RUN ] app\home\controller\Player->get_player_info[ /var/www/card/app/home/controller/Player.php ]
[ info ] [ LOG ] INIT File
[ sql ] [ DB ] CONNECT:[ UseTime:0.000216s ] mysql:dbname=runfast;host=localhost;port=3306;charset=utf8
[ sql ] [ SQL ] SHOW COLUMNS FROM `edd_options` [ RunTime:0.000753s ]
[ sql ] [ SQL ] SELECT `is_close` FROM `edd_options` WHERE  `option_id` = 6 LIMIT 1 [ RunTime:0.000154s ]
[ sql ] [ SQL ] SHOW COLUMNS FROM `edd_player` [ RunTime:0.000513s ]
[ sql ] [ SQL ] SELECT `avatar`,`name`,`sex`,`diamond`,`player_id` FROM `edd_player` WHERE  `player_id` = 1 LIMIT 1 [ RunTime:0.000128s ]
---------------------------------------------------------------
[ 2017-08-19T12:28:43+08:00 ] 172.16.0.5 117.136.65.155 POST /news_show
[ info ] card.dcwen.top/news_show [运行时间：0.008234s][吞吐率：121.45req/s] [内存消耗：500.93kb] [文件加载：47]
[ info ] [ LANG ] /var/www/card/thinkphp/lang/zh-cn.php
[ info ] [ ROUTE ] array (
  'type' => 'controller',
  'controller' => 'home/Home/home_page',
  'var' => 
  array (
  ),
)
[ info ] [ HEADER ] array (
  'host' => 'card.dcwen.top',
  'content-length' => '0',
  'connection' => 'close',
  'accept-encoding' => 'gzip',
  'user-agent' => '1.2.39 (iPhone; iOS 10.3.2; zh_CN)',
)
[ info ] [ PARAM ] array (
  '/news_show' => '',
)
[ info ] [ RUN ] app\home\controller\Home->home_page[ /var/www/card/app/home/controller/Home.php ]
[ info ] [ LOG ] INIT File
---------------------------------------------------------------
[ 2017-08-19T12:28:43+08:00 ] 172.16.0.5 117.136.65.155 POST /player_info
[ info ] card.dcwen.top/player_info [运行时间：0.005677s][吞吐率：176.15req/s] [内存消耗：694.88kb] [文件加载：55]
[ info ] [ LANG ] /var/www/card/thinkphp/lang/zh-cn.php
[ info ] [ ROUTE ] array (
  'type' => 'controller',
  'controller' => 'home/Player/get_player_info',
  'var' => 
  array (
  ),
)
[ info ] [ HEADER ] array (
  'host' => 'card.dcwen.top',
  'user-agent' => '1.2.39 (iPhone; iOS 10.3.2; zh_CN)',
  'content-type' => 'application/x-www-form-urlencoded; charset=utf-8',
  'content-length' => '9',
  'accept-encoding' => 'gzip',
  'connection' => 'close',
)
[ info ] [ PARAM ] array (
  '/player_info' => '',
  'cid' => 'XiarH',
)
[ info ] [ DB ] INIT mysql
[ info ] [ RUN ] app\home\controller\Player->get_player_info[ /var/www/card/app/home/controller/Player.php ]
[ info ] [ LOG ] INIT File
[ sql ] [ DB ] CONNECT:[ UseTime:0.000205s ] mysql:dbname=runfast;host=localhost;port=3306;charset=utf8
[ sql ] [ SQL ] SHOW COLUMNS FROM `edd_options` [ RunTime:0.000649s ]
[ sql ] [ SQL ] SELECT `is_close` FROM `edd_options` WHERE  `option_id` = 6 LIMIT 1 [ RunTime:0.000178s ]
[ sql ] [ SQL ] SHOW COLUMNS FROM `edd_player` [ RunTime:0.000493s ]
[ sql ] [ SQL ] SELECT `avatar`,`name`,`sex`,`diamond`,`player_id` FROM `edd_player` WHERE  `player_id` = 1 LIMIT 1 [ RunTime:0.000136s ]
---------------------------------------------------------------
[ 2017-08-19T12:28:43+08:00 ] 172.16.0.5 117.136.65.155 POST /room_page
[ info ] card.dcwen.top/room_page [运行时间：0.004899s][吞吐率：204.12req/s] [内存消耗：723.67kb] [文件加载：56]
[ info ] [ LANG ] /var/www/card/thinkphp/lang/zh-cn.php
[ info ] [ ROUTE ] array (
  'type' => 'controller',
  'controller' => 'home/Room/room_page',
  'var' => 
  array (
  ),
)
[ info ] [ HEADER ] array (
  'host' => 'card.dcwen.top',
  'user-agent' => '1.2.39 (iPhone; iOS 10.3.2; zh_CN)',
  'content-type' => 'application/x-www-form-urlencoded; charset=utf-8',
  'content-length' => '9',
  'accept-encoding' => 'gzip',
  'connection' => 'close',
)
[ info ] [ PARAM ] array (
  '/room_page' => '',
  'cid' => 'XiarH',
)
[ info ] [ DB ] INIT mysql
[ info ] [ RUN ] app\home\controller\Room->room_page[ /var/www/card/app/home/controller/Room.php ]
[ info ] [ LOG ] INIT File
[ sql ] [ DB ] CONNECT:[ UseTime:0.000145s ] mysql:dbname=runfast;host=localhost;port=3306;charset=utf8
[ sql ] [ SQL ] SHOW COLUMNS FROM `edd_options` [ RunTime:0.000533s ]
[ sql ] [ SQL ] SELECT `is_close` FROM `edd_options` WHERE  `option_id` = 6 LIMIT 1 [ RunTime:0.000169s ]
[ sql ] [ SQL ] SHOW COLUMNS FROM `edd_room` [ RunTime:0.000503s ]
[ sql ] [ SQL ] SELECT `room_id`,`round_times`,`room_code` FROM `edd_room` WHERE  `room_owner` = 1  AND `del_time` = '0' [ RunTime:0.000152s ]
---------------------------------------------------------------
[ 2017-08-19T12:28:43+08:00 ] 172.16.0.5 117.136.65.155 POST /connect
[ info ] card.dcwen.top/connect [运行时间：0.005720s][吞吐率：174.83req/s] [内存消耗：714.59kb] [文件加载：56]
[ info ] [ LANG ] /var/www/card/thinkphp/lang/zh-cn.php
[ info ] [ ROUTE ] array (
  'type' => 'controller',
  'controller' => 'home/Game/connect',
  'var' => 
  array (
  ),
)
[ info ] [ HEADER ] array (
  'host' => 'card.dcwen.top',
  'user-agent' => '1.2.39 (iPhone; iOS 10.3.2; zh_CN)',
  'content-type' => 'application/x-www-form-urlencoded; charset=utf-8',
  'content-length' => '52',
  'accept-encoding' => 'gzip',
  'connection' => 'close',
)
[ info ] [ PARAM ] array (
  '/connect' => '',
  'client_id' => '7f0000010fa0000000a2',
  'cid' => 'XiarH',
  'type' => 'outter',
)
[ info ] [ DB ] INIT mysql
[ info ] [ RUN ] app\home\controller\Game->connect[ /var/www/card/app/home/controller/Game.php ]
[ info ] [ LOG ] INIT File
[ sql ] [ DB ] CONNECT:[ UseTime:0.000233s ] mysql:dbname=runfast;host=localhost;port=3306;charset=utf8
[ sql ] [ SQL ] SHOW COLUMNS FROM `edd_options` [ RunTime:0.000768s ]
[ sql ] [ SQL ] SELECT `is_close` FROM `edd_options` WHERE  `option_id` = 6 LIMIT 1 [ RunTime:0.000188s ]
---------------------------------------------------------------
[ 2017-08-19T13:06:09+08:00 ] 172.16.0.5 117.136.65.155 POST /add_room_think
[ info ] card.dcwen.top/add_room_think [运行时间：0.012191s][吞吐率：82.03req/s] [内存消耗：757.55kb] [文件加载：58]
[ info ] [ LANG ] /var/www/card/thinkphp/lang/zh-cn.php
[ info ] [ ROUTE ] array (
  'type' => 'controller',
  'controller' => 'home/Room/add_room_think',
  'var' => 
  array (
  ),
)
[ info ] [ HEADER ] array (
  'host' => 'card.dcwen.top',
  'user-agent' => '1.2.39 (iPhone; iOS 10.3.2; zh_CN)',
  'content-type' => 'application/x-www-form-urlencoded; charset=utf-8',
  'content-length' => '44',
  'accept-encoding' => 'gzip',
  'connection' => 'close',
)
[ info ] [ PARAM ] array (
  '/add_room_think' => '',
  'is_double' => '1',
  'room_type' => '1',
  'round_id' => '1',
  'cid' => 'aEp2X',
)
[ info ] [ DB ] INIT mysql
[ info ] [ RUN ] app\home\controller\Room->add_room_think[ /var/www/card/app/home/controller/Room.php ]
[ info ] [ CACHE ] INIT File
[ info ] [ LOG ] INIT File
[ sql ] [ DB ] CONNECT:[ UseTime:0.000214s ] mysql:dbname=runfast;host=localhost;port=3306;charset=utf8
[ sql ] [ SQL ] SHOW COLUMNS FROM `edd_options` [ RunTime:0.000685s ]
[ sql ] [ SQL ] SELECT `is_close` FROM `edd_options` WHERE  `option_id` = 6 LIMIT 1 [ RunTime:0.000168s ]
[ sql ] [ SQL ] SHOW COLUMNS FROM `edd_pay_log` [ RunTime:0.000698s ]
[ sql ] [ SQL ] SELECT SUM(diamond_nums) AS tp_sum FROM `edd_pay_log` WHERE  `player_id` = '1' LIMIT 1 [ RunTime:0.000179s ]
[ sql ] [ SQL ] SHOW COLUMNS FROM `edd_room` [ RunTime:0.000720s ]
[ sql ] [ SQL ] SELECT SUM(room_charge) AS tp_sum FROM `edd_room` WHERE  `room_owner` = 1 LIMIT 1 [ RunTime:0.000187s ]
[ sql ] [ SQL ] INSERT INTO `edd_room` (`room_owner` , `round_times` , `room_charge` , `double` , `room_type` , `room_date`) VALUES (1 , '10' , 3 , 1 , 1 , '1503119169') [ RunTime:0.000344s ]
[ sql ] [ SQL ] UPDATE `edd_room`  SET `room_code`='000159'  WHERE  `room_id` = 159 [ RunTime:0.000253s ]
[ sql ] [ SQL ] SHOW COLUMNS FROM `edd_player` [ RunTime:0.000738s ]
[ sql ] [ SQL ] UPDATE `edd_player`  SET `diamond`=diamond-3  WHERE  `player_id` = 1 [ RunTime:0.000373s ]
---------------------------------------------------------------
[ 2017-08-19T13:06:11+08:00 ] 172.16.0.5 117.136.65.155 POST /table_card_pic
[ info ] card.dcwen.top/table_card_pic [运行时间：0.011324s][吞吐率：88.31req/s] [内存消耗：880.88kb] [文件加载：47]
[ info ] [ LANG ] /var/www/card/thinkphp/lang/zh-cn.php
[ info ] [ ROUTE ] array (
  'type' => 'controller',
  'controller' => 'home/Home/table_card_pic',
  'var' => 
  array (
  ),
)
[ info ] [ HEADER ] array (
  'host' => 'card.dcwen.top',
  'content-length' => '0',
  'connection' => 'close',
  'accept-encoding' => 'gzip',
  'user-agent' => '1.2.39 (iPhone; iOS 10.3.2; zh_CN)',
)
[ info ] [ PARAM ] array (
  '/table_card_pic' => '',
)
[ info ] [ RUN ] app\home\controller\Home->table_card_pic[ /var/www/card/app/home/controller/Home.php ]
[ info ] [ LOG ] INIT File
---------------------------------------------------------------
[ 2017-08-19T13:06:12+08:00 ] 172.16.0.5 117.136.65.155 POST /connect
[ info ] card.dcwen.top/connect [运行时间：0.088798s][吞吐率：11.26req/s] [内存消耗：718.66kb] [文件加载：56]
[ info ] [ LANG ] /var/www/card/thinkphp/lang/zh-cn.php
[ info ] [ ROUTE ] array (
  'type' => 'controller',
  'controller' => 'home/Game/connect',
  'var' => 
  array (
  ),
)
[ info ] [ HEADER ] array (
  'host' => 'card.dcwen.top',
  'user-agent' => '1.2.39 (iPhone; iOS 10.3.2; zh_CN)',
  'content-type' => 'application/x-www-form-urlencoded; charset=utf-8',
  'content-length' => '63',
  'accept-encoding' => 'gzip',
  'connection' => 'close',
)
[ info ] [ PARAM ] array (
  '/connect' => '',
  'client_id' => '7f0000010fa2000000aa',
  'type' => 'inner',
  'room_id' => '159',
  'cid' => 'aEp2X',
)
[ info ] [ DB ] INIT mysql
[ info ] [ RUN ] app\home\controller\Game->connect[ /var/www/card/app/home/controller/Game.php ]
[ info ] [ LOG ] INIT File
[ sql ] [ DB ] CONNECT:[ UseTime:0.000219s ] mysql:dbname=runfast;host=localhost;port=3306;charset=utf8
[ sql ] [ SQL ] SHOW COLUMNS FROM `edd_options` [ RunTime:0.000696s ]
[ sql ] [ SQL ] SELECT `is_close` FROM `edd_options` WHERE  `option_id` = 6 LIMIT 1 [ RunTime:0.000175s ]
---------------------------------------------------------------
[ 2017-08-19T13:06:19+08:00 ] 172.16.0.5 117.136.65.155 POST /news_show
[ info ] card.dcwen.top/news_show [运行时间：0.003118s][吞吐率：320.71req/s] [内存消耗：500.92kb] [文件加载：47]
[ info ] [ LANG ] /var/www/card/thinkphp/lang/zh-cn.php
[ info ] [ ROUTE ] array (
  'type' => 'controller',
  'controller' => 'home/Home/home_page',
  'var' => 
  array (
  ),
)
[ info ] [ HEADER ] array (
  'host' => 'card.dcwen.top',
  'content-length' => '0',
  'connection' => 'close',
  'accept-encoding' => 'gzip',
  'user-agent' => '1.2.39 (iPhone; iOS 10.3.2; zh_CN)',
)
[ info ] [ PARAM ] array (
  '/news_show' => '',
)
[ info ] [ RUN ] app\home\controller\Home->home_page[ /var/www/card/app/home/controller/Home.php ]
[ info ] [ LOG ] INIT File
---------------------------------------------------------------
[ 2017-08-19T13:06:19+08:00 ] 172.16.0.5 117.136.65.155 POST /room_page
[ info ] card.dcwen.top/room_page [运行时间：0.012232s][吞吐率：81.75req/s] [内存消耗：725.16kb] [文件加载：56]
[ info ] [ LANG ] /var/www/card/thinkphp/lang/zh-cn.php
[ info ] [ ROUTE ] array (
  'type' => 'controller',
  'controller' => 'home/Room/room_page',
  'var' => 
  array (
  ),
)
[ info ] [ HEADER ] array (
  'host' => 'card.dcwen.top',
  'user-agent' => '1.2.39 (iPhone; iOS 10.3.2; zh_CN)',
  'content-type' => 'application/x-www-form-urlencoded; charset=utf-8',
  'content-length' => '9',
  'accept-encoding' => 'gzip',
  'connection' => 'close',
)
[ info ] [ PARAM ] array (
  '/room_page' => '',
  'cid' => 'aEp2X',
)
[ info ] [ DB ] INIT mysql
[ info ] [ RUN ] app\home\controller\Room->room_page[ /var/www/card/app/home/controller/Room.php ]
[ info ] [ LOG ] INIT File
[ sql ] [ DB ] CONNECT:[ UseTime:0.000274s ] mysql:dbname=runfast;host=localhost;port=3306;charset=utf8
[ sql ] [ SQL ] SHOW COLUMNS FROM `edd_options` [ RunTime:0.000762s ]
[ sql ] [ SQL ] SELECT `is_close` FROM `edd_options` WHERE  `option_id` = 6 LIMIT 1 [ RunTime:0.000161s ]
[ sql ] [ SQL ] SHOW COLUMNS FROM `edd_room` [ RunTime:0.000618s ]
[ sql ] [ SQL ] SELECT `room_id`,`round_times`,`room_code` FROM `edd_room` WHERE  `room_owner` = 1  AND `del_time` = '0' [ RunTime:0.000303s ]
---------------------------------------------------------------
[ 2017-08-19T13:06:19+08:00 ] 172.16.0.5 117.136.65.155 POST /player_info
[ info ] card.dcwen.top/player_info [运行时间：0.006207s][吞吐率：161.11req/s] [内存消耗：694.88kb] [文件加载：55]
[ info ] [ LANG ] /var/www/card/thinkphp/lang/zh-cn.php
[ info ] [ ROUTE ] array (
  'type' => 'controller',
  'controller' => 'home/Player/get_player_info',
  'var' => 
  array (
  ),
)
[ info ] [ HEADER ] array (
  'host' => 'card.dcwen.top',
  'user-agent' => '1.2.39 (iPhone; iOS 10.3.2; zh_CN)',
  'content-type' => 'application/x-www-form-urlencoded; charset=utf-8',
  'content-length' => '9',
  'accept-encoding' => 'gzip',
  'connection' => 'close',
)
[ info ] [ PARAM ] array (
  '/player_info' => '',
  'cid' => 'aEp2X',
)
[ info ] [ DB ] INIT mysql
[ info ] [ RUN ] app\home\controller\Player->get_player_info[ /var/www/card/app/home/controller/Player.php ]
[ info ] [ LOG ] INIT File
[ sql ] [ DB ] CONNECT:[ UseTime:0.000220s ] mysql:dbname=runfast;host=localhost;port=3306;charset=utf8
[ sql ] [ SQL ] SHOW COLUMNS FROM `edd_options` [ RunTime:0.000779s ]
[ sql ] [ SQL ] SELECT `is_close` FROM `edd_options` WHERE  `option_id` = 6 LIMIT 1 [ RunTime:0.000162s ]
[ sql ] [ SQL ] SHOW COLUMNS FROM `edd_player` [ RunTime:0.000596s ]
[ sql ] [ SQL ] SELECT `avatar`,`name`,`sex`,`diamond`,`player_id` FROM `edd_player` WHERE  `player_id` = 1 LIMIT 1 [ RunTime:0.000259s ]
---------------------------------------------------------------
[ 2017-08-19T13:06:19+08:00 ] 172.16.0.5 117.136.65.155 POST /connect
[ info ] card.dcwen.top/connect [运行时间：0.005425s][吞吐率：184.33req/s] [内存消耗：714.59kb] [文件加载：56]
[ info ] [ LANG ] /var/www/card/thinkphp/lang/zh-cn.php
[ info ] [ ROUTE ] array (
  'type' => 'controller',
  'controller' => 'home/Game/connect',
  'var' => 
  array (
  ),
)
[ info ] [ HEADER ] array (
  'host' => 'card.dcwen.top',
  'user-agent' => '1.2.39 (iPhone; iOS 10.3.2; zh_CN)',
  'content-type' => 'application/x-www-form-urlencoded; charset=utf-8',
  'content-length' => '52',
  'accept-encoding' => 'gzip',
  'connection' => 'close',
)
[ info ] [ PARAM ] array (
  '/connect' => '',
  'client_id' => '7f0000010fa1000000b0',
  'cid' => 'aEp2X',
  'type' => 'outter',
)
[ info ] [ DB ] INIT mysql
[ info ] [ RUN ] app\home\controller\Game->connect[ /var/www/card/app/home/controller/Game.php ]
[ info ] [ LOG ] INIT File
[ sql ] [ DB ] CONNECT:[ UseTime:0.000215s ] mysql:dbname=runfast;host=localhost;port=3306;charset=utf8
[ sql ] [ SQL ] SHOW COLUMNS FROM `edd_options` [ RunTime:0.000670s ]
[ sql ] [ SQL ] SELECT `is_close` FROM `edd_options` WHERE  `option_id` = 6 LIMIT 1 [ RunTime:0.000156s ]
---------------------------------------------------------------
[ 2017-08-19T13:06:27+08:00 ] 172.16.0.5 117.136.65.155 POST /recharge_list
[ info ] card.dcwen.top/recharge_list [运行时间：0.011516s][吞吐率：86.83req/s] [内存消耗：684.18kb] [文件加载：53]
[ info ] [ LANG ] /var/www/card/thinkphp/lang/zh-cn.php
[ info ] [ ROUTE ] array (
  'type' => 'controller',
  'controller' => 'home/Goods/recharge_list',
  'var' => 
  array (
  ),
)
[ info ] [ HEADER ] array (
  'host' => 'card.dcwen.top',
  'user-agent' => '1.2.39 (iPhone; iOS 10.3.2; zh_CN)',
  'content-type' => 'application/x-www-form-urlencoded; charset=utf-8',
  'content-length' => '16',
  'accept-encoding' => 'gzip',
  'connection' => 'close',
)
[ info ] [ PARAM ] array (
  '/recharge_list' => '',
  'cid' => 'frI35',
  'page' => '1',
)
[ info ] [ DB ] INIT mysql
[ info ] [ RUN ] app\home\controller\Goods->recharge_list[ /var/www/card/app/home/controller/Goods.php ]
[ info ] [ LOG ] INIT File
[ sql ] [ DB ] CONNECT:[ UseTime:0.000249s ] mysql:dbname=runfast;host=localhost;port=3306;charset=utf8
[ sql ] [ SQL ] SHOW COLUMNS FROM `edd_options` [ RunTime:0.000756s ]
[ sql ] [ SQL ] SELECT `is_close` FROM `edd_options` WHERE  `option_id` = 6 LIMIT 1 [ RunTime:0.000171s ]
[ sql ] [ SQL ] SHOW COLUMNS FROM `edd_pay_log` [ RunTime:0.000575s ]
[ sql ] [ SQL ] SELECT `order_sn`,`pay_money`,`diamond_nums`,`pay_date`,`player_id` FROM `edd_pay_log` WHERE  `player_id` = '1' ORDER BY pay_date desc LIMIT 0,6 [ RunTime:0.000274s ]
[ sql ] [ SQL ] SHOW COLUMNS FROM `edd_player` [ RunTime:0.000591s ]
[ sql ] [ SQL ] SELECT `users_id` FROM `edd_player` WHERE  `player_id` = 1 LIMIT 1 [ RunTime:0.000224s ]
[ sql ] [ SQL ] SELECT `users_id` FROM `edd_player` WHERE  `player_id` = 1 LIMIT 1 [ RunTime:0.000128s ]
[ sql ] [ SQL ] SELECT `users_id` FROM `edd_player` WHERE  `player_id` = 1 LIMIT 1 [ RunTime:0.000127s ]
[ sql ] [ SQL ] SELECT `users_id` FROM `edd_player` WHERE  `player_id` = 1 LIMIT 1 [ RunTime:0.000126s ]
[ sql ] [ SQL ] SELECT `users_id` FROM `edd_player` WHERE  `player_id` = 1 LIMIT 1 [ RunTime:0.000126s ]
[ sql ] [ SQL ] SELECT `users_id` FROM `edd_player` WHERE  `player_id` = 1 LIMIT 1 [ RunTime:0.000133s ]
[ sql ] [ SQL ] SELECT `users_id` FROM `edd_player` WHERE  `player_id` = 1 LIMIT 1 [ RunTime:0.000125s ]
[ sql ] [ SQL ] SELECT `users_id` FROM `edd_player` WHERE  `player_id` = 1 LIMIT 1 [ RunTime:0.000155s ]
[ sql ] [ SQL ] SELECT `users_id` FROM `edd_player` WHERE  `player_id` = 1 LIMIT 1 [ RunTime:0.000138s ]
[ sql ] [ SQL ] SELECT `users_id` FROM `edd_player` WHERE  `player_id` = 1 LIMIT 1 [ RunTime:0.000124s ]
[ sql ] [ SQL ] SELECT `users_id` FROM `edd_player` WHERE  `player_id` = 1 LIMIT 1 [ RunTime:0.000191s ]
[ sql ] [ SQL ] SELECT `users_id` FROM `edd_player` WHERE  `player_id` = 1 LIMIT 1 [ RunTime:0.000129s ]
---------------------------------------------------------------
[ 2017-08-19T13:06:28+08:00 ] 172.16.0.5 117.136.65.155 POST /goods_show
[ info ] card.dcwen.top/goods_show [运行时间：0.007562s][吞吐率：132.24req/s] [内存消耗：681.02kb] [文件加载：53]
[ info ] [ LANG ] /var/www/card/thinkphp/lang/zh-cn.php
[ info ] [ ROUTE ] array (
  'type' => 'controller',
  'controller' => 'home/Goods/home_page',
  'var' => 
  array (
  ),
)
[ info ] [ HEADER ] array (
  'host' => 'card.dcwen.top',
  'user-agent' => '1.2.39 (iPhone; iOS 10.3.2; zh_CN)',
  'content-type' => 'application/x-www-form-urlencoded; charset=utf-8',
  'content-length' => '9',
  'accept-encoding' => 'gzip',
  'connection' => 'close',
)
[ info ] [ PARAM ] array (
  '/goods_show' => '',
  'cid' => 'frI35',
)
[ info ] [ DB ] INIT mysql
[ info ] [ RUN ] app\home\controller\Goods->home_page[ /var/www/card/app/home/controller/Goods.php ]
[ info ] [ LOG ] INIT File
[ sql ] [ DB ] CONNECT:[ UseTime:0.000212s ] mysql:dbname=runfast;host=localhost;port=3306;charset=utf8
[ sql ] [ SQL ] SHOW COLUMNS FROM `edd_options` [ RunTime:0.000663s ]
[ sql ] [ SQL ] SELECT `is_close` FROM `edd_options` WHERE  `option_id` = 6 LIMIT 1 [ RunTime:0.000145s ]
[ sql ] [ SQL ] SHOW COLUMNS FROM `edd_player` [ RunTime:0.000495s ]
[ sql ] [ SQL ] SELECT `users_id` FROM `edd_player` WHERE  `player_id` = 1 LIMIT 1 [ RunTime:0.000112s ]
[ sql ] [ SQL ] SHOW COLUMNS FROM `edd_users` [ RunTime:0.000549s ]
[ sql ] [ SQL ] SELECT `user_rank` FROM `edd_users` `u` INNER JOIN `edd_role_user` `ru` ON `ru`.`user_id`=`u`.`id` INNER JOIN `edd_role` `r` ON `r`.`id`=`ru`.`role_id` WHERE  `u`.`id` = '41'  AND `r`.`id` = 2 LIMIT 1 [ RunTime:0.000262s ]
[ sql ] [ SQL ] SHOW COLUMNS FROM `edd_rank` [ RunTime:0.000465s ]
[ sql ] [ SQL ] SELECT `child_account` FROM `edd_rank` WHERE  `rank_id` = 2 LIMIT 1 [ RunTime:0.000123s ]
---------------------------------------------------------------
[ 2017-08-19T13:06:45+08:00 ] 172.16.0.5 117.136.65.155 POST /goods_show
[ info ] card.dcwen.top/goods_show [运行时间：0.011387s][吞吐率：87.82req/s] [内存消耗：681.02kb] [文件加载：53]
[ info ] [ LANG ] /var/www/card/thinkphp/lang/zh-cn.php
[ info ] [ ROUTE ] array (
  'type' => 'controller',
  'controller' => 'home/Goods/home_page',
  'var' => 
  array (
  ),
)
[ info ] [ HEADER ] array (
  'host' => 'card.dcwen.top',
  'user-agent' => '1.2.39 (iPhone; iOS 10.3.2; zh_CN)',
  'content-type' => 'application/x-www-form-urlencoded; charset=utf-8',
  'content-length' => '9',
  'accept-encoding' => 'gzip',
  'connection' => 'close',
)
[ info ] [ PARAM ] array (
  '/goods_show' => '',
  'cid' => 'frI35',
)
[ info ] [ DB ] INIT mysql
[ info ] [ RUN ] app\home\controller\Goods->home_page[ /var/www/card/app/home/controller/Goods.php ]
[ info ] [ LOG ] INIT File
[ sql ] [ DB ] CONNECT:[ UseTime:0.000258s ] mysql:dbname=runfast;host=localhost;port=3306;charset=utf8
[ sql ] [ SQL ] SHOW COLUMNS FROM `edd_options` [ RunTime:0.001061s ]
[ sql ] [ SQL ] SELECT `is_close` FROM `edd_options` WHERE  `option_id` = 6 LIMIT 1 [ RunTime:0.000261s ]
[ sql ] [ SQL ] SHOW COLUMNS FROM `edd_player` [ RunTime:0.000853s ]
[ sql ] [ SQL ] SELECT `users_id` FROM `edd_player` WHERE  `player_id` = 1 LIMIT 1 [ RunTime:0.000181s ]
[ sql ] [ SQL ] SHOW COLUMNS FROM `edd_users` [ RunTime:0.000657s ]
[ sql ] [ SQL ] SELECT `user_rank` FROM `edd_users` `u` INNER JOIN `edd_role_user` `ru` ON `ru`.`user_id`=`u`.`id` INNER JOIN `edd_role` `r` ON `r`.`id`=`ru`.`role_id` WHERE  `u`.`id` = '41'  AND `r`.`id` = 2 LIMIT 1 [ RunTime:0.000163s ]
[ sql ] [ SQL ] SHOW COLUMNS FROM `edd_rank` [ RunTime:0.000544s ]
[ sql ] [ SQL ] SELECT `child_account` FROM `edd_rank` WHERE  `rank_id` = 2 LIMIT 1 [ RunTime:0.000122s ]
---------------------------------------------------------------
[ 2017-08-19T13:06:45+08:00 ] 172.16.0.5 117.136.65.155 POST /recharge_list
[ info ] card.dcwen.top/recharge_list [运行时间：0.010137s][吞吐率：98.65req/s] [内存消耗：684.20kb] [文件加载：53]
[ info ] [ LANG ] /var/www/card/thinkphp/lang/zh-cn.php
[ info ] [ ROUTE ] array (
  'type' => 'controller',
  'controller' => 'home/Goods/recharge_list',
  'var' => 
  array (
  ),
)
[ info ] [ HEADER ] array (
  'host' => 'card.dcwen.top',
  'user-agent' => '1.2.39 (iPhone; iOS 10.3.2; zh_CN)',
  'content-type' => 'application/x-www-form-urlencoded; charset=utf-8',
  'content-length' => '16',
  'accept-encoding' => 'gzip',
  'connection' => 'close',
)
[ info ] [ PARAM ] array (
  '/recharge_list' => '',
  'cid' => 'frI35',
  'page' => '1',
)
[ info ] [ DB ] INIT mysql
[ info ] [ RUN ] app\home\controller\Goods->recharge_list[ /var/www/card/app/home/controller/Goods.php ]
[ info ] [ LOG ] INIT File
[ sql ] [ DB ] CONNECT:[ UseTime:0.000227s ] mysql:dbname=runfast;host=localhost;port=3306;charset=utf8
[ sql ] [ SQL ] SHOW COLUMNS FROM `edd_options` [ RunTime:0.000702s ]
[ sql ] [ SQL ] SELECT `is_close` FROM `edd_options` WHERE  `option_id` = 6 LIMIT 1 [ RunTime:0.000152s ]
[ sql ] [ SQL ] SHOW COLUMNS FROM `edd_pay_log` [ RunTime:0.000534s ]
[ sql ] [ SQL ] SELECT `order_sn`,`pay_money`,`diamond_nums`,`pay_date`,`player_id` FROM `edd_pay_log` WHERE  `player_id` = '1' ORDER BY pay_date desc LIMIT 0,6 [ RunTime:0.000144s ]
[ sql ] [ SQL ] SHOW COLUMNS FROM `edd_player` [ RunTime:0.000522s ]
[ sql ] [ SQL ] SELECT `users_id` FROM `edd_player` WHERE  `player_id` = 1 LIMIT 1 [ RunTime:0.000120s ]
[ sql ] [ SQL ] SELECT `users_id` FROM `edd_player` WHERE  `player_id` = 1 LIMIT 1 [ RunTime:0.000125s ]
[ sql ] [ SQL ] SELECT `users_id` FROM `edd_player` WHERE  `player_id` = 1 LIMIT 1 [ RunTime:0.000115s ]
[ sql ] [ SQL ] SELECT `users_id` FROM `edd_player` WHERE  `player_id` = 1 LIMIT 1 [ RunTime:0.000112s ]
[ sql ] [ SQL ] SELECT `users_id` FROM `edd_player` WHERE  `player_id` = 1 LIMIT 1 [ RunTime:0.000110s ]
[ sql ] [ SQL ] SELECT `users_id` FROM `edd_player` WHERE  `player_id` = 1 LIMIT 1 [ RunTime:0.000113s ]
[ sql ] [ SQL ] SELECT `users_id` FROM `edd_player` WHERE  `player_id` = 1 LIMIT 1 [ RunTime:0.000110s ]
[ sql ] [ SQL ] SELECT `users_id` FROM `edd_player` WHERE  `player_id` = 1 LIMIT 1 [ RunTime:0.000113s ]
[ sql ] [ SQL ] SELECT `users_id` FROM `edd_player` WHERE  `player_id` = 1 LIMIT 1 [ RunTime:0.000113s ]
[ sql ] [ SQL ] SELECT `users_id` FROM `edd_player` WHERE  `player_id` = 1 LIMIT 1 [ RunTime:0.000118s ]
[ sql ] [ SQL ] SELECT `users_id` FROM `edd_player` WHERE  `player_id` = 1 LIMIT 1 [ RunTime:0.000113s ]
[ sql ] [ SQL ] SELECT `users_id` FROM `edd_player` WHERE  `player_id` = 1 LIMIT 1 [ RunTime:0.000111s ]
---------------------------------------------------------------
[ 2017-08-19T13:07:00+08:00 ] 172.16.0.5 117.136.65.155 POST /player_info
[ info ] card.dcwen.top/player_info [运行时间：0.006683s][吞吐率：149.63req/s] [内存消耗：694.87kb] [文件加载：55]
[ info ] [ LANG ] /var/www/card/thinkphp/lang/zh-cn.php
[ info ] [ ROUTE ] array (
  'type' => 'controller',
  'controller' => 'home/Player/get_player_info',
  'var' => 
  array (
  ),
)
[ info ] [ HEADER ] array (
  'host' => 'card.dcwen.top',
  'user-agent' => '1.2.39 (iPhone; iOS 10.3.2; zh_CN)',
  'content-type' => 'application/x-www-form-urlencoded; charset=utf-8',
  'content-length' => '9',
  'accept-encoding' => 'gzip',
  'connection' => 'close',
)
[ info ] [ PARAM ] array (
  '/player_info' => '',
  'cid' => 'z2b6k',
)
[ info ] [ DB ] INIT mysql
[ info ] [ RUN ] app\home\controller\Player->get_player_info[ /var/www/card/app/home/controller/Player.php ]
[ info ] [ LOG ] INIT File
[ sql ] [ DB ] CONNECT:[ UseTime:0.000223s ] mysql:dbname=runfast;host=localhost;port=3306;charset=utf8
[ sql ] [ SQL ] SHOW COLUMNS FROM `edd_options` [ RunTime:0.000741s ]
[ sql ] [ SQL ] SELECT `is_close` FROM `edd_options` WHERE  `option_id` = 6 LIMIT 1 [ RunTime:0.000209s ]
[ sql ] [ SQL ] SHOW COLUMNS FROM `edd_player` [ RunTime:0.000602s ]
[ sql ] [ SQL ] SELECT `avatar`,`name`,`sex`,`diamond`,`player_id` FROM `edd_player` WHERE  `player_id` = 2 LIMIT 1 [ RunTime:0.000219s ]
---------------------------------------------------------------
[ 2017-08-19T13:07:01+08:00 ] 172.16.0.5 117.136.65.155 POST /news_show
[ info ] card.dcwen.top/news_show [运行时间：0.002567s][吞吐率：389.55req/s] [内存消耗：500.93kb] [文件加载：47]
[ info ] [ LANG ] /var/www/card/thinkphp/lang/zh-cn.php
[ info ] [ ROUTE ] array (
  'type' => 'controller',
  'controller' => 'home/Home/home_page',
  'var' => 
  array (
  ),
)
[ info ] [ HEADER ] array (
  'host' => 'card.dcwen.top',
  'content-length' => '0',
  'connection' => 'close',
  'accept-encoding' => 'gzip',
  'user-agent' => '1.2.39 (iPhone; iOS 10.3.2; zh_CN)',
)
[ info ] [ PARAM ] array (
  '/news_show' => '',
)
[ info ] [ RUN ] app\home\controller\Home->home_page[ /var/www/card/app/home/controller/Home.php ]
[ info ] [ LOG ] INIT File
---------------------------------------------------------------
[ 2017-08-19T13:07:01+08:00 ] 172.16.0.5 117.136.65.155 POST /player_info
[ info ] card.dcwen.top/player_info [运行时间：0.005126s][吞吐率：195.08req/s] [内存消耗：694.88kb] [文件加载：55]
[ info ] [ LANG ] /var/www/card/thinkphp/lang/zh-cn.php
[ info ] [ ROUTE ] array (
  'type' => 'controller',
  'controller' => 'home/Player/get_player_info',
  'var' => 
  array (
  ),
)
[ info ] [ HEADER ] array (
  'host' => 'card.dcwen.top',
  'user-agent' => '1.2.39 (iPhone; iOS 10.3.2; zh_CN)',
  'content-type' => 'application/x-www-form-urlencoded; charset=utf-8',
  'content-length' => '9',
  'accept-encoding' => 'gzip',
  'connection' => 'close',
)
[ info ] [ PARAM ] array (
  '/player_info' => '',
  'cid' => 'XiCrH',
)
[ info ] [ DB ] INIT mysql
[ info ] [ RUN ] app\home\controller\Player->get_player_info[ /var/www/card/app/home/controller/Player.php ]
[ info ] [ LOG ] INIT File
[ sql ] [ DB ] CONNECT:[ UseTime:0.000184s ] mysql:dbname=runfast;host=localhost;port=3306;charset=utf8
[ sql ] [ SQL ] SHOW COLUMNS FROM `edd_options` [ RunTime:0.000592s ]
[ sql ] [ SQL ] SELECT `is_close` FROM `edd_options` WHERE  `option_id` = 6 LIMIT 1 [ RunTime:0.000161s ]
[ sql ] [ SQL ] SHOW COLUMNS FROM `edd_player` [ RunTime:0.000530s ]
[ sql ] [ SQL ] SELECT `avatar`,`name`,`sex`,`diamond`,`player_id` FROM `edd_player` WHERE  `player_id` = 2 LIMIT 1 [ RunTime:0.000153s ]
---------------------------------------------------------------
[ 2017-08-19T13:07:01+08:00 ] 172.16.0.5 117.136.65.155 POST /room_page
[ info ] card.dcwen.top/room_page [运行时间：0.076276s][吞吐率：13.11req/s] [内存消耗：725.16kb] [文件加载：56]
[ info ] [ LANG ] /var/www/card/thinkphp/lang/zh-cn.php
[ info ] [ ROUTE ] array (
  'type' => 'controller',
  'controller' => 'home/Room/room_page',
  'var' => 
  array (
  ),
)
[ info ] [ HEADER ] array (
  'host' => 'card.dcwen.top',
  'user-agent' => '1.2.39 (iPhone; iOS 10.3.2; zh_CN)',
  'content-type' => 'application/x-www-form-urlencoded; charset=utf-8',
  'content-length' => '9',
  'accept-encoding' => 'gzip',
  'connection' => 'close',
)
[ info ] [ PARAM ] array (
  '/room_page' => '',
  'cid' => 'XiCrH',
)
[ info ] [ DB ] INIT mysql
[ info ] [ RUN ] app\home\controller\Room->room_page[ /var/www/card/app/home/controller/Room.php ]
[ info ] [ LOG ] INIT File
[ sql ] [ DB ] CONNECT:[ UseTime:0.000203s ] mysql:dbname=runfast;host=localhost;port=3306;charset=utf8
[ sql ] [ SQL ] SHOW COLUMNS FROM `edd_options` [ RunTime:0.000747s ]
[ sql ] [ SQL ] SELECT `is_close` FROM `edd_options` WHERE  `option_id` = 6 LIMIT 1 [ RunTime:0.000162s ]
[ sql ] [ SQL ] SHOW COLUMNS FROM `edd_room` [ RunTime:0.000532s ]
[ sql ] [ SQL ] SELECT `room_id`,`round_times`,`room_code` FROM `edd_room` WHERE  `room_owner` = 2  AND `del_time` = '0' [ RunTime:0.000229s ]
---------------------------------------------------------------
[ 2017-08-19T13:07:02+08:00 ] 172.16.0.5 117.136.65.155 POST /connect
[ info ] card.dcwen.top/connect [运行时间：0.004986s][吞吐率：200.56req/s] [内存消耗：714.59kb] [文件加载：56]
[ info ] [ LANG ] /var/www/card/thinkphp/lang/zh-cn.php
[ info ] [ ROUTE ] array (
  'type' => 'controller',
  'controller' => 'home/Game/connect',
  'var' => 
  array (
  ),
)
[ info ] [ HEADER ] array (
  'host' => 'card.dcwen.top',
  'user-agent' => '1.2.39 (iPhone; iOS 10.3.2; zh_CN)',
  'content-type' => 'application/x-www-form-urlencoded; charset=utf-8',
  'content-length' => '52',
  'accept-encoding' => 'gzip',
  'connection' => 'close',
)
[ info ] [ PARAM ] array (
  '/connect' => '',
  'client_id' => '7f0000010fa1000000b1',
  'cid' => 'XiCrH',
  'type' => 'outter',
)
[ info ] [ DB ] INIT mysql
[ info ] [ RUN ] app\home\controller\Game->connect[ /var/www/card/app/home/controller/Game.php ]
[ info ] [ LOG ] INIT File
[ sql ] [ DB ] CONNECT:[ UseTime:0.000214s ] mysql:dbname=runfast;host=localhost;port=3306;charset=utf8
[ sql ] [ SQL ] SHOW COLUMNS FROM `edd_options` [ RunTime:0.000746s ]
[ sql ] [ SQL ] SELECT `is_close` FROM `edd_options` WHERE  `option_id` = 6 LIMIT 1 [ RunTime:0.000162s ]
---------------------------------------------------------------
[ 2017-08-19T13:07:20+08:00 ] 172.16.0.5 117.136.65.155 POST /join_room
[ info ] card.dcwen.top/join_room [运行时间：0.010568s][吞吐率：94.63req/s] [内存消耗：723.32kb] [文件加载：56]
[ info ] [ LANG ] /var/www/card/thinkphp/lang/zh-cn.php
[ info ] [ ROUTE ] array (
  'type' => 'controller',
  'controller' => 'home/Room/join_room',
  'var' => 
  array (
  ),
)
[ info ] [ HEADER ] array (
  'host' => 'card.dcwen.top',
  'user-agent' => '1.2.39 (iPhone; iOS 10.3.2; zh_CN)',
  'content-type' => 'application/x-www-form-urlencoded; charset=utf-8',
  'content-length' => '26',
  'accept-encoding' => 'gzip',
  'connection' => 'close',
)
[ info ] [ PARAM ] array (
  '/join_room' => '',
  'cid' => 'eDbK6',
  'room_code' => '000158',
)
[ info ] [ DB ] INIT mysql
[ info ] [ RUN ] app\home\controller\Room->join_room[ /var/www/card/app/home/controller/Room.php ]
[ info ] [ LOG ] INIT File
[ sql ] [ DB ] CONNECT:[ UseTime:0.000243s ] mysql:dbname=runfast;host=localhost;port=3306;charset=utf8
[ sql ] [ SQL ] SHOW COLUMNS FROM `edd_options` [ RunTime:0.000700s ]
[ sql ] [ SQL ] SELECT `is_close` FROM `edd_options` WHERE  `option_id` = 6 LIMIT 1 [ RunTime:0.000160s ]
[ sql ] [ SQL ] SHOW COLUMNS FROM `edd_room` [ RunTime:0.000488s ]
[ sql ] [ SQL ] SELECT `room_id` FROM `edd_room` WHERE  `room_code` = '000158'  AND `del_time` = '0' LIMIT 1 [ RunTime:0.000197s ]
---------------------------------------------------------------
[ 2017-08-19T13:07:21+08:00 ] 172.16.0.5 117.136.65.155 POST /table_card_pic
[ info ] card.dcwen.top/table_card_pic [运行时间：0.011952s][吞吐率：83.67req/s] [内存消耗：880.88kb] [文件加载：47]
[ info ] [ LANG ] /var/www/card/thinkphp/lang/zh-cn.php
[ info ] [ ROUTE ] array (
  'type' => 'controller',
  'controller' => 'home/Home/table_card_pic',
  'var' => 
  array (
  ),
)
[ info ] [ HEADER ] array (
  'host' => 'card.dcwen.top',
  'content-length' => '0',
  'connection' => 'close',
  'accept-encoding' => 'gzip',
  'user-agent' => '1.2.39 (iPhone; iOS 10.3.2; zh_CN)',
)
[ info ] [ PARAM ] array (
  '/table_card_pic' => '',
)
[ info ] [ RUN ] app\home\controller\Home->table_card_pic[ /var/www/card/app/home/controller/Home.php ]
[ info ] [ LOG ] INIT File
---------------------------------------------------------------
[ 2017-08-19T13:07:21+08:00 ] 172.16.0.5 117.136.65.155 POST /connect
[ info ] card.dcwen.top/connect [运行时间：0.013952s][吞吐率：71.67req/s] [内存消耗：718.64kb] [文件加载：56]
[ info ] [ LANG ] /var/www/card/thinkphp/lang/zh-cn.php
[ info ] [ ROUTE ] array (
  'type' => 'controller',
  'controller' => 'home/Game/connect',
  'var' => 
  array (
  ),
)
[ info ] [ HEADER ] array (
  'host' => 'card.dcwen.top',
  'user-agent' => '1.2.39 (iPhone; iOS 10.3.2; zh_CN)',
  'content-type' => 'application/x-www-form-urlencoded; charset=utf-8',
  'content-length' => '63',
  'accept-encoding' => 'gzip',
  'connection' => 'close',
)
[ info ] [ PARAM ] array (
  '/connect' => '',
  'client_id' => '7f0000010fa2000000ac',
  'type' => 'inner',
  'room_id' => '158',
  'cid' => 'eDbK6',
)
[ info ] [ DB ] INIT mysql
[ info ] [ RUN ] app\home\controller\Game->connect[ /var/www/card/app/home/controller/Game.php ]
[ info ] [ LOG ] INIT File
[ sql ] [ DB ] CONNECT:[ UseTime:0.000247s ] mysql:dbname=runfast;host=localhost;port=3306;charset=utf8
[ sql ] [ SQL ] SHOW COLUMNS FROM `edd_options` [ RunTime:0.000730s ]
[ sql ] [ SQL ] SELECT `is_close` FROM `edd_options` WHERE  `option_id` = 6 LIMIT 1 [ RunTime:0.000151s ]
---------------------------------------------------------------
[ 2017-08-19T13:07:23+08:00 ] 172.16.0.5 117.136.65.155 POST /prepare
[ info ] card.dcwen.top/prepare [运行时间：0.011194s][吞吐率：89.33req/s] [内存消耗：716.30kb] [文件加载：56]
[ info ] [ LANG ] /var/www/card/thinkphp/lang/zh-cn.php
[ info ] [ ROUTE ] array (
  'type' => 'controller',
  'controller' => 'home/Game/prepare',
  'var' => 
  array (
  ),
)
[ info ] [ HEADER ] array (
  'host' => 'card.dcwen.top',
  'user-agent' => '1.2.39 (iPhone; iOS 10.3.2; zh_CN)',
  'content-type' => 'application/x-www-form-urlencoded; charset=utf-8',
  'content-length' => '21',
  'accept-encoding' => 'gzip',
  'connection' => 'close',
)
[ info ] [ PARAM ] array (
  '/prepare' => '',
  'cid' => 'eDbK6',
  'room_id' => '158',
)
[ info ] [ DB ] INIT mysql
[ info ] [ RUN ] app\home\controller\Game->prepare[ /var/www/card/app/home/controller/Game.php ]
[ info ] [ LOG ] INIT File
[ sql ] [ DB ] CONNECT:[ UseTime:0.000211s ] mysql:dbname=runfast;host=localhost;port=3306;charset=utf8
[ sql ] [ SQL ] SHOW COLUMNS FROM `edd_options` [ RunTime:0.000658s ]
[ sql ] [ SQL ] SELECT `is_close` FROM `edd_options` WHERE  `option_id` = 6 LIMIT 1 [ RunTime:0.000174s ]
---------------------------------------------------------------
[ 2017-08-19T13:07:25+08:00 ] 172.16.0.5 117.136.65.155 POST /get_room
[ info ] card.dcwen.top/get_room [运行时间：0.005738s][吞吐率：174.28req/s] [内存消耗：712.17kb] [文件加载：56]
[ info ] [ LANG ] /var/www/card/thinkphp/lang/zh-cn.php
[ info ] [ ROUTE ] array (
  'type' => 'controller',
  'controller' => 'home/Room/get_room',
  'var' => 
  array (
  ),
)
[ info ] [ HEADER ] array (
  'host' => 'card.dcwen.top',
  'user-agent' => '1.2.39 (iPhone; iOS 10.3.2; zh_CN)',
  'content-type' => 'application/x-www-form-urlencoded; charset=utf-8',
  'content-length' => '11',
  'accept-encoding' => 'gzip',
  'connection' => 'close',
)
[ info ] [ PARAM ] array (
  '/get_room' => '',
  'room_id' => '158',
)
[ info ] [ DB ] INIT mysql
[ info ] [ RUN ] app\home\controller\Room->get_room[ /var/www/card/app/home/controller/Room.php ]
[ info ] [ LOG ] INIT File
[ sql ] [ DB ] CONNECT:[ UseTime:0.000264s ] mysql:dbname=runfast;host=localhost;port=3306;charset=utf8
[ sql ] [ SQL ] SHOW COLUMNS FROM `edd_options` [ RunTime:0.000899s ]
[ sql ] [ SQL ] SELECT `is_close` FROM `edd_options` WHERE  `option_id` = 6 LIMIT 1 [ RunTime:0.000177s ]
