---------------------------------------------------------------
[ 2017-10-10T08:18:45+08:00 ] 172.16.0.5 171.214.144.147 POST /player_info
[ info ] card.dcwen.top/player_info [运行时间：0.006825s][吞吐率：146.52req/s] [内存消耗：714.13kb] [文件加载：55]
[ info ] [ LANG ] /var/www/card/thinkphp/lang/zh-cn.php
[ info ] [ ROUTE ] array (
  'type' => 'controller',
  'controller' => 'home/Player/get_player_info',
  'var' => 
  array (
  ),
)
[ info ] [ HEADER ] array (
  'host' => 'card.dcwen.top',
  'user-agent' => '00.00.24 (iPhone; iOS 10.3.2; zh_CN)',
  'content-type' => 'application/x-www-form-urlencoded; charset=utf-8',
  'content-length' => '9',
  'accept-encoding' => 'gzip',
  'connection' => 'close',
)
[ info ] [ PARAM ] array (
  '/player_info' => '',
  'cid' => 'Z-ryu',
)
[ info ] [ DB ] INIT mysql
[ info ] [ RUN ] app\home\controller\Player->get_player_info[ /var/www/card/app/home/controller/Player.php ]
[ info ] [ LOG ] INIT File
[ sql ] [ DB ] CONNECT:[ UseTime:0.000225s ] mysql:dbname=runfast;host=localhost;port=3306;charset=utf8
[ sql ] [ SQL ] SHOW COLUMNS FROM `edd_options` [ RunTime:0.001560s ]
[ sql ] [ SQL ] SELECT `is_close` FROM `edd_options` WHERE  `option_id` = 6 LIMIT 1 [ RunTime:0.000154s ]
[ sql ] [ SQL ] SHOW COLUMNS FROM `edd_player` [ RunTime:0.000538s ]
[ sql ] [ SQL ] SELECT * FROM `edd_player` WHERE  `player_id` = 9 LIMIT 1 [ RunTime:0.000131s ]
---------------------------------------------------------------
[ 2017-10-10T08:18:47+08:00 ] 172.16.0.5 171.214.144.147 POST /news_show
[ info ] card.dcwen.top/news_show [运行时间：0.010409s][吞吐率：96.07req/s] [内存消耗：546.56kb] [文件加载：48]
[ info ] [ LANG ] /var/www/card/thinkphp/lang/zh-cn.php
[ info ] [ ROUTE ] array (
  'type' => 'controller',
  'controller' => 'home/Home/home_page',
  'var' => 
  array (
  ),
)
[ info ] [ HEADER ] array (
  'host' => 'card.dcwen.top',
  'content-length' => '0',
  'connection' => 'close',
  'accept-encoding' => 'gzip',
  'user-agent' => '00.00.24 (iPhone; iOS 10.3.2; zh_CN)',
)
[ info ] [ PARAM ] array (
  '/news_show' => '',
)
[ info ] [ RUN ] app\home\controller\Home->home_page[ /var/www/card/app/home/controller/Home.php ]
[ info ] [ LOG ] INIT File
---------------------------------------------------------------
[ 2017-10-10T08:18:47+08:00 ] 172.16.0.5 171.214.144.147 POST /player_info
[ info ] card.dcwen.top/player_info [运行时间：0.013378s][吞吐率：74.75req/s] [内存消耗：714.29kb] [文件加载：55]
[ info ] [ LANG ] /var/www/card/thinkphp/lang/zh-cn.php
[ info ] [ ROUTE ] array (
  'type' => 'controller',
  'controller' => 'home/Player/get_player_info',
  'var' => 
  array (
  ),
)
[ info ] [ HEADER ] array (
  'host' => 'card.dcwen.top',
  'user-agent' => '00.00.24 (iPhone; iOS 10.3.2; zh_CN)',
  'content-type' => 'application/x-www-form-urlencoded; charset=utf-8',
  'content-length' => '9',
  'accept-encoding' => 'gzip',
  'connection' => 'close',
)
[ info ] [ PARAM ] array (
  '/player_info' => '',
  'cid' => 'iHP5S',
)
[ info ] [ DB ] INIT mysql
[ info ] [ RUN ] app\home\controller\Player->get_player_info[ /var/www/card/app/home/controller/Player.php ]
[ info ] [ LOG ] INIT File
[ sql ] [ DB ] CONNECT:[ UseTime:0.003830s ] mysql:dbname=runfast;host=localhost;port=3306;charset=utf8
[ sql ] [ SQL ] SHOW COLUMNS FROM `edd_options` [ RunTime:0.001353s ]
[ sql ] [ SQL ] SELECT `is_close` FROM `edd_options` WHERE  `option_id` = 6 LIMIT 1 [ RunTime:0.000683s ]
[ sql ] [ SQL ] SHOW COLUMNS FROM `edd_player` [ RunTime:0.001300s ]
[ sql ] [ SQL ] SELECT * FROM `edd_player` WHERE  `player_id` = 9 LIMIT 1 [ RunTime:0.000387s ]
---------------------------------------------------------------
[ 2017-10-10T08:18:47+08:00 ] 172.16.0.5 171.214.144.147 POST /room_page
[ info ] card.dcwen.top/room_page [运行时间：0.015287s][吞吐率：65.42req/s] [内存消耗：742.76kb] [文件加载：56]
[ info ] [ LANG ] /var/www/card/thinkphp/lang/zh-cn.php
[ info ] [ ROUTE ] array (
  'type' => 'controller',
  'controller' => 'home/Room/room_page',
  'var' => 
  array (
  ),
)
[ info ] [ HEADER ] array (
  'host' => 'card.dcwen.top',
  'user-agent' => '00.00.24 (iPhone; iOS 10.3.2; zh_CN)',
  'content-type' => 'application/x-www-form-urlencoded; charset=utf-8',
  'content-length' => '9',
  'accept-encoding' => 'gzip',
  'connection' => 'close',
)
[ info ] [ PARAM ] array (
  '/room_page' => '',
  'cid' => 'iHP5S',
)
[ info ] [ DB ] INIT mysql
[ info ] [ RUN ] app\home\controller\Room->room_page[ /var/www/card/app/home/controller/Room.php ]
[ info ] [ LOG ] INIT File
[ sql ] [ DB ] CONNECT:[ UseTime:0.001410s ] mysql:dbname=runfast;host=localhost;port=3306;charset=utf8
[ sql ] [ SQL ] SHOW COLUMNS FROM `edd_options` [ RunTime:0.000816s ]
[ sql ] [ SQL ] SELECT `is_close` FROM `edd_options` WHERE  `option_id` = 6 LIMIT 1 [ RunTime:0.001235s ]
[ sql ] [ SQL ] SHOW COLUMNS FROM `edd_room` [ RunTime:0.001462s ]
[ sql ] [ SQL ] SELECT `room_id`,`round_times`,`room_code` FROM `edd_room` WHERE  `room_owner` = 9  AND `del_time` = '0' [ RunTime:0.000240s ]
---------------------------------------------------------------
[ 2017-10-10T08:18:47+08:00 ] 172.16.0.5 171.214.144.147 POST /connect
[ info ] card.dcwen.top/connect [运行时间：0.006959s][吞吐率：143.70req/s] [内存消耗：731.91kb] [文件加载：56]
[ info ] [ LANG ] /var/www/card/thinkphp/lang/zh-cn.php
[ info ] [ ROUTE ] array (
  'type' => 'controller',
  'controller' => 'home/Game/connect',
  'var' => 
  array (
  ),
)
[ info ] [ HEADER ] array (
  'host' => 'card.dcwen.top',
  'user-agent' => '00.00.24 (iPhone; iOS 10.3.2; zh_CN)',
  'content-type' => 'application/x-www-form-urlencoded; charset=utf-8',
  'content-length' => '52',
  'accept-encoding' => 'gzip',
  'connection' => 'close',
)
[ info ] [ PARAM ] array (
  '/connect' => '',
  'client_id' => '7f0000010fa000000027',
  'cid' => 'kuM99',
  'type' => 'outter',
)
[ info ] [ DB ] INIT mysql
[ info ] [ RUN ] app\home\controller\Game->connect[ /var/www/card/app/home/controller/Game.php ]
[ info ] [ LOG ] INIT File
[ sql ] [ DB ] CONNECT:[ UseTime:0.000343s ] mysql:dbname=runfast;host=localhost;port=3306;charset=utf8
[ sql ] [ SQL ] SHOW COLUMNS FROM `edd_options` [ RunTime:0.001019s ]
[ sql ] [ SQL ] SELECT `is_close` FROM `edd_options` WHERE  `option_id` = 6 LIMIT 1 [ RunTime:0.000258s ]
---------------------------------------------------------------
[ 2017-10-10T23:25:31+08:00 ] 172.16.0.5 171.214.148.3 POST /player_info
[ info ] card.dcwen.top/player_info [运行时间：0.007358s][吞吐率：135.91req/s] [内存消耗：714.37kb] [文件加载：55]
[ info ] [ LANG ] /var/www/card/thinkphp/lang/zh-cn.php
[ info ] [ ROUTE ] array (
  'type' => 'controller',
  'controller' => 'home/Player/get_player_info',
  'var' => 
  array (
  ),
)
[ info ] [ HEADER ] array (
  'host' => 'card.dcwen.top',
  'user-agent' => '00.00.24 (iPhone; iOS 10.3.2; zh_CN)',
  'content-type' => 'application/x-www-form-urlencoded; charset=utf-8',
  'content-length' => '9',
  'accept-encoding' => 'gzip',
  'connection' => 'close',
)
[ info ] [ PARAM ] array (
  '/player_info' => '',
  'cid' => 'kuM99',
)
[ info ] [ DB ] INIT mysql
[ info ] [ RUN ] app\home\controller\Player->get_player_info[ /var/www/card/app/home/controller/Player.php ]
[ info ] [ LOG ] INIT File
[ sql ] [ DB ] CONNECT:[ UseTime:0.000250s ] mysql:dbname=runfast;host=localhost;port=3306;charset=utf8
[ sql ] [ SQL ] SHOW COLUMNS FROM `edd_options` [ RunTime:0.000770s ]
[ sql ] [ SQL ] SELECT `is_close` FROM `edd_options` WHERE  `option_id` = 6 LIMIT 1 [ RunTime:0.000165s ]
[ sql ] [ SQL ] SHOW COLUMNS FROM `edd_player` [ RunTime:0.000488s ]
[ sql ] [ SQL ] SELECT * FROM `edd_player` WHERE  `player_id` = 9 LIMIT 1 [ RunTime:0.000160s ]
---------------------------------------------------------------
[ 2017-10-10T23:25:32+08:00 ] 172.16.0.5 171.214.148.3 POST /news_show
[ info ] card.dcwen.top/news_show [运行时间：0.002811s][吞吐率：355.75req/s] [内存消耗：546.56kb] [文件加载：48]
[ info ] [ LANG ] /var/www/card/thinkphp/lang/zh-cn.php
[ info ] [ ROUTE ] array (
  'type' => 'controller',
  'controller' => 'home/Home/home_page',
  'var' => 
  array (
  ),
)
[ info ] [ HEADER ] array (
  'host' => 'card.dcwen.top',
  'content-length' => '0',
  'connection' => 'close',
  'accept-encoding' => 'gzip',
  'user-agent' => '00.00.24 (iPhone; iOS 10.3.2; zh_CN)',
)
[ info ] [ PARAM ] array (
  '/news_show' => '',
)
[ info ] [ RUN ] app\home\controller\Home->home_page[ /var/www/card/app/home/controller/Home.php ]
[ info ] [ LOG ] INIT File
---------------------------------------------------------------
[ 2017-10-10T23:25:32+08:00 ] 172.16.0.5 171.214.148.3 POST /connect
[ info ] card.dcwen.top/connect [运行时间：0.010817s][吞吐率：92.45req/s] [内存消耗：732.14kb] [文件加载：56]
[ info ] [ LANG ] /var/www/card/thinkphp/lang/zh-cn.php
[ info ] [ ROUTE ] array (
  'type' => 'controller',
  'controller' => 'home/Game/connect',
  'var' => 
  array (
  ),
)
[ info ] [ HEADER ] array (
  'host' => 'card.dcwen.top',
  'user-agent' => '00.00.24 (iPhone; iOS 10.3.2; zh_CN)',
  'content-type' => 'application/x-www-form-urlencoded; charset=utf-8',
  'content-length' => '52',
  'accept-encoding' => 'gzip',
  'connection' => 'close',
)
[ info ] [ PARAM ] array (
  '/connect' => '',
  'client_id' => '7f0000010fa30000001e',
  'cid' => 'DMavc',
  'type' => 'outter',
)
[ info ] [ DB ] INIT mysql
[ info ] [ RUN ] app\home\controller\Game->connect[ /var/www/card/app/home/controller/Game.php ]
[ info ] [ LOG ] INIT File
[ sql ] [ DB ] CONNECT:[ UseTime:0.001415s ] mysql:dbname=runfast;host=localhost;port=3306;charset=utf8
[ sql ] [ SQL ] SHOW COLUMNS FROM `edd_options` [ RunTime:0.000687s ]
[ sql ] [ SQL ] SELECT `is_close` FROM `edd_options` WHERE  `option_id` = 6 LIMIT 1 [ RunTime:0.000159s ]
---------------------------------------------------------------
[ 2017-10-10T23:25:33+08:00 ] 172.16.0.5 171.214.148.3 POST /player_info
[ info ] card.dcwen.top/player_info [运行时间：0.015226s][吞吐率：65.68req/s] [内存消耗：714.41kb] [文件加载：55]
[ info ] [ LANG ] /var/www/card/thinkphp/lang/zh-cn.php
[ info ] [ ROUTE ] array (
  'type' => 'controller',
  'controller' => 'home/Player/get_player_info',
  'var' => 
  array (
  ),
)
[ info ] [ HEADER ] array (
  'host' => 'card.dcwen.top',
  'user-agent' => '00.00.24 (iPhone; iOS 10.3.2; zh_CN)',
  'content-type' => 'application/x-www-form-urlencoded; charset=utf-8',
  'content-length' => '9',
  'accept-encoding' => 'gzip',
  'connection' => 'close',
)
[ info ] [ PARAM ] array (
  '/player_info' => '',
  'cid' => 'DMavc',
)
[ info ] [ DB ] INIT mysql
[ info ] [ RUN ] app\home\controller\Player->get_player_info[ /var/www/card/app/home/controller/Player.php ]
[ info ] [ LOG ] INIT File
[ sql ] [ DB ] CONNECT:[ UseTime:0.001466s ] mysql:dbname=runfast;host=localhost;port=3306;charset=utf8
[ sql ] [ SQL ] SHOW COLUMNS FROM `edd_options` [ RunTime:0.000677s ]
[ sql ] [ SQL ] SELECT `is_close` FROM `edd_options` WHERE  `option_id` = 6 LIMIT 1 [ RunTime:0.000150s ]
[ sql ] [ SQL ] SHOW COLUMNS FROM `edd_player` [ RunTime:0.000552s ]
[ sql ] [ SQL ] SELECT * FROM `edd_player` WHERE  `player_id` = 9 LIMIT 1 [ RunTime:0.000196s ]
---------------------------------------------------------------
[ 2017-10-10T23:25:33+08:00 ] 172.16.0.5 171.214.148.3 POST /room_page
[ info ] card.dcwen.top/room_page [运行时间：0.013462s][吞吐率：74.28req/s] [内存消耗：742.99kb] [文件加载：56]
[ info ] [ LANG ] /var/www/card/thinkphp/lang/zh-cn.php
[ info ] [ ROUTE ] array (
  'type' => 'controller',
  'controller' => 'home/Room/room_page',
  'var' => 
  array (
  ),
)
[ info ] [ HEADER ] array (
  'host' => 'card.dcwen.top',
  'user-agent' => '00.00.24 (iPhone; iOS 10.3.2; zh_CN)',
  'content-type' => 'application/x-www-form-urlencoded; charset=utf-8',
  'content-length' => '9',
  'accept-encoding' => 'gzip',
  'connection' => 'close',
)
[ info ] [ PARAM ] array (
  '/room_page' => '',
  'cid' => 'DMavc',
)
[ info ] [ DB ] INIT mysql
[ info ] [ RUN ] app\home\controller\Room->room_page[ /var/www/card/app/home/controller/Room.php ]
[ info ] [ LOG ] INIT File
[ sql ] [ DB ] CONNECT:[ UseTime:0.001326s ] mysql:dbname=runfast;host=localhost;port=3306;charset=utf8
[ sql ] [ SQL ] SHOW COLUMNS FROM `edd_options` [ RunTime:0.000620s ]
[ sql ] [ SQL ] SELECT `is_close` FROM `edd_options` WHERE  `option_id` = 6 LIMIT 1 [ RunTime:0.000139s ]
[ sql ] [ SQL ] SHOW COLUMNS FROM `edd_room` [ RunTime:0.000506s ]
[ sql ] [ SQL ] SELECT `room_id`,`round_times`,`room_code` FROM `edd_room` WHERE  `room_owner` = 9  AND `del_time` = '0' [ RunTime:0.000149s ]
---------------------------------------------------------------
[ 2017-10-10T23:25:55+08:00 ] 172.16.0.5 171.214.148.3 POST /add_room_think
[ info ] card.dcwen.top/add_room_think [运行时间：0.012212s][吞吐率：81.89req/s] [内存消耗：775.72kb] [文件加载：58]
[ info ] [ LANG ] /var/www/card/thinkphp/lang/zh-cn.php
[ info ] [ ROUTE ] array (
  'type' => 'controller',
  'controller' => 'home/Room/add_room_think',
  'var' => 
  array (
  ),
)
[ info ] [ HEADER ] array (
  'host' => 'card.dcwen.top',
  'user-agent' => '00.00.24 (iPhone; iOS 10.3.2; zh_CN)',
  'content-type' => 'application/x-www-form-urlencoded; charset=utf-8',
  'content-length' => '56',
  'accept-encoding' => 'gzip',
  'connection' => 'close',
)
[ info ] [ PARAM ] array (
  '/add_room_think' => '',
  'is_double' => '1',
  'room_type' => '0',
  'round_id' => '1',
  'showpoker' => '1',
  'cid' => 'nzVVd',
)
[ info ] [ DB ] INIT mysql
[ info ] [ RUN ] app\home\controller\Room->add_room_think[ /var/www/card/app/home/controller/Room.php ]
[ info ] [ CACHE ] INIT File
[ info ] [ LOG ] INIT File
[ sql ] [ DB ] CONNECT:[ UseTime:0.000242s ] mysql:dbname=runfast;host=localhost;port=3306;charset=utf8
[ sql ] [ SQL ] SHOW COLUMNS FROM `edd_options` [ RunTime:0.000810s ]
[ sql ] [ SQL ] SELECT `is_close` FROM `edd_options` WHERE  `option_id` = 6 LIMIT 1 [ RunTime:0.000158s ]
[ sql ] [ SQL ] SHOW COLUMNS FROM `edd_pay_log` [ RunTime:0.000554s ]
[ sql ] [ SQL ] SELECT SUM(diamond_nums) AS tp_sum FROM `edd_pay_log` WHERE  `player_id` = '9' LIMIT 1 [ RunTime:0.000130s ]
[ sql ] [ SQL ] SHOW COLUMNS FROM `edd_room` [ RunTime:0.000544s ]
[ sql ] [ SQL ] SELECT SUM(room_charge) AS tp_sum FROM `edd_room` WHERE  `room_owner` = 9 LIMIT 1 [ RunTime:0.000198s ]
[ sql ] [ SQL ] INSERT INTO `edd_room` (`room_owner` , `round_times` , `room_charge` , `double` , `room_type` , `room_date` , `showpoker`) VALUES (9 , '10' , 3 , 1 , 0 , '1507649155' , 1) [ RunTime:0.000216s ]
[ sql ] [ SQL ] UPDATE `edd_room`  SET `room_code`='000426'  WHERE  `room_id` = 426 [ RunTime:0.000173s ]
[ sql ] [ SQL ] SHOW COLUMNS FROM `edd_player` [ RunTime:0.000543s ]
[ sql ] [ SQL ] UPDATE `edd_player`  SET `diamond`=diamond-3  WHERE  `player_id` = 9 [ RunTime:0.000411s ]
---------------------------------------------------------------
[ 2017-10-10T23:25:56+08:00 ] 172.16.0.5 171.214.148.3 POST /table_card_pic
[ info ] card.dcwen.top/table_card_pic [运行时间：0.003216s][吞吐率：310.94req/s] [内存消耗：546.45kb] [文件加载：48]
[ info ] [ LANG ] /var/www/card/thinkphp/lang/zh-cn.php
[ info ] [ ROUTE ] array (
  'type' => 'controller',
  'controller' => 'home/Home/table_card_pic',
  'var' => 
  array (
  ),
)
[ info ] [ HEADER ] array (
  'host' => 'card.dcwen.top',
  'content-length' => '0',
  'connection' => 'close',
  'accept-encoding' => 'gzip',
  'user-agent' => '00.00.24 (iPhone; iOS 10.3.2; zh_CN)',
)
[ info ] [ PARAM ] array (
  '/table_card_pic' => '',
)
[ info ] [ RUN ] app\home\controller\Home->table_card_pic[ /var/www/card/app/home/controller/Home.php ]
[ info ] [ LOG ] INIT File
---------------------------------------------------------------
[ 2017-10-10T23:25:56+08:00 ] 172.16.0.5 171.214.148.3 POST /inner_room
[ info ] card.dcwen.top/inner_room [运行时间：0.013915s][吞吐率：71.86req/s] [内存消耗：733.70kb] [文件加载：56]
[ info ] [ LANG ] /var/www/card/thinkphp/lang/zh-cn.php
[ info ] [ ROUTE ] array (
  'type' => 'controller',
  'controller' => 'home/Game/inner_room',
  'var' => 
  array (
  ),
)
[ info ] [ HEADER ] array (
  'host' => 'card.dcwen.top',
  'user-agent' => '00.00.24 (iPhone; iOS 10.3.2; zh_CN)',
  'content-type' => 'application/x-www-form-urlencoded; charset=utf-8',
  'content-length' => '52',
  'accept-encoding' => 'gzip',
  'connection' => 'close',
)
[ info ] [ PARAM ] array (
  '/inner_room' => '',
  'client_id' => '7f0000010fa200000029',
  'cid' => 'nzVVd',
  'room_id' => '426',
)
[ info ] [ DB ] INIT mysql
[ info ] [ RUN ] app\home\controller\Game->inner_room[ /var/www/card/app/home/controller/Game.php ]
[ info ] [ LOG ] INIT File
[ sql ] [ DB ] CONNECT:[ UseTime:0.001388s ] mysql:dbname=runfast;host=localhost;port=3306;charset=utf8
[ sql ] [ SQL ] SHOW COLUMNS FROM `edd_options` [ RunTime:0.000684s ]
[ sql ] [ SQL ] SELECT `is_close` FROM `edd_options` WHERE  `option_id` = 6 LIMIT 1 [ RunTime:0.000155s ]
---------------------------------------------------------------
[ 2017-10-10T23:25:58+08:00 ] 172.16.0.5 171.214.148.3 POST /start_game
[ info ] card.dcwen.top/start_game [运行时间：0.010798s][吞吐率：92.61req/s] [内存消耗：730.17kb] [文件加载：56]
[ info ] [ LANG ] /var/www/card/thinkphp/lang/zh-cn.php
[ info ] [ ROUTE ] array (
  'type' => 'controller',
  'controller' => 'home/Game/start_game',
  'var' => 
  array (
  ),
)
[ info ] [ HEADER ] array (
  'host' => 'card.dcwen.top',
  'user-agent' => '00.00.24 (iPhone; iOS 10.3.2; zh_CN)',
  'content-type' => 'application/x-www-form-urlencoded; charset=utf-8',
  'content-length' => '21',
  'accept-encoding' => 'gzip',
  'connection' => 'close',
)
[ info ] [ PARAM ] array (
  '/start_game' => '',
  'cid' => 'nzVVd',
  'room_id' => '426',
)
[ info ] [ DB ] INIT mysql
[ info ] [ RUN ] app\home\controller\Game->start_game[ /var/www/card/app/home/controller/Game.php ]
[ info ] [ LOG ] INIT File
[ sql ] [ DB ] CONNECT:[ UseTime:0.000241s ] mysql:dbname=runfast;host=localhost;port=3306;charset=utf8
[ sql ] [ SQL ] SHOW COLUMNS FROM `edd_options` [ RunTime:0.001358s ]
[ sql ] [ SQL ] SELECT `is_close` FROM `edd_options` WHERE  `option_id` = 6 LIMIT 1 [ RunTime:0.000172s ]
---------------------------------------------------------------
[ 2017-10-10T23:26:00+08:00 ] 172.16.0.5 171.214.148.3 POST /connect
[ info ] card.dcwen.top/connect [运行时间：0.017549s][吞吐率：56.98req/s] [内存消耗：737.90kb] [文件加载：56]
[ info ] [ LANG ] /var/www/card/thinkphp/lang/zh-cn.php
[ info ] [ ROUTE ] array (
  'type' => 'controller',
  'controller' => 'home/Game/connect',
  'var' => 
  array (
  ),
)
[ info ] [ HEADER ] array (
  'host' => 'card.dcwen.top',
  'user-agent' => '00.00.24 (iPhone; iOS 10.3.2; zh_CN)',
  'content-type' => 'application/x-www-form-urlencoded; charset=utf-8',
  'content-length' => '63',
  'accept-encoding' => 'gzip',
  'connection' => 'close',
)
[ info ] [ PARAM ] array (
  '/connect' => '',
  'client_id' => '7f0000010fa200000029',
  'type' => 'inner',
  'room_id' => '426',
  'cid' => 'nzVVd',
)
[ info ] [ DB ] INIT mysql
[ info ] [ RUN ] app\home\controller\Game->connect[ /var/www/card/app/home/controller/Game.php ]
[ info ] [ LOG ] INIT File
[ sql ] [ DB ] CONNECT:[ UseTime:0.000245s ] mysql:dbname=runfast;host=localhost;port=3306;charset=utf8
[ sql ] [ SQL ] SHOW COLUMNS FROM `edd_options` [ RunTime:0.000766s ]
[ sql ] [ SQL ] SELECT `is_close` FROM `edd_options` WHERE  `option_id` = 6 LIMIT 1 [ RunTime:0.000169s ]
---------------------------------------------------------------
[ 2017-10-10T23:26:09+08:00 ] 172.16.0.5 171.214.148.3 POST /start_game
[ info ] card.dcwen.top/start_game [运行时间：0.009700s][吞吐率：103.09req/s] [内存消耗：730.12kb] [文件加载：56]
[ info ] [ LANG ] /var/www/card/thinkphp/lang/zh-cn.php
[ info ] [ ROUTE ] array (
  'type' => 'controller',
  'controller' => 'home/Game/start_game',
  'var' => 
  array (
  ),
)
[ info ] [ HEADER ] array (
  'host' => 'card.dcwen.top',
  'user-agent' => '00.00.24 (iPhone; iOS 10.3.2; zh_CN)',
  'content-type' => 'application/x-www-form-urlencoded; charset=utf-8',
  'content-length' => '21',
  'accept-encoding' => 'gzip',
  'connection' => 'close',
)
[ info ] [ PARAM ] array (
  '/start_game' => '',
  'cid' => 'nzVVd',
  'room_id' => '426',
)
[ info ] [ DB ] INIT mysql
[ info ] [ RUN ] app\home\controller\Game->start_game[ /var/www/card/app/home/controller/Game.php ]
[ info ] [ LOG ] INIT File
[ sql ] [ DB ] CONNECT:[ UseTime:0.000318s ] mysql:dbname=runfast;host=localhost;port=3306;charset=utf8
[ sql ] [ SQL ] SHOW COLUMNS FROM `edd_options` [ RunTime:0.000734s ]
[ sql ] [ SQL ] SELECT `is_close` FROM `edd_options` WHERE  `option_id` = 6 LIMIT 1 [ RunTime:0.000140s ]
---------------------------------------------------------------
[ 2017-10-10T23:26:10+08:00 ] 172.16.0.5 171.214.148.3 POST /start_game
[ info ] card.dcwen.top/start_game [运行时间：0.007231s][吞吐率：138.29req/s] [内存消耗：730.11kb] [文件加载：56]
[ info ] [ LANG ] /var/www/card/thinkphp/lang/zh-cn.php
[ info ] [ ROUTE ] array (
  'type' => 'controller',
  'controller' => 'home/Game/start_game',
  'var' => 
  array (
  ),
)
[ info ] [ HEADER ] array (
  'host' => 'card.dcwen.top',
  'user-agent' => '00.00.24 (iPhone; iOS 10.3.2; zh_CN)',
  'content-type' => 'application/x-www-form-urlencoded; charset=utf-8',
  'content-length' => '21',
  'accept-encoding' => 'gzip',
  'connection' => 'close',
)
[ info ] [ PARAM ] array (
  '/start_game' => '',
  'cid' => 'nzVVd',
  'room_id' => '426',
)
[ info ] [ DB ] INIT mysql
[ info ] [ RUN ] app\home\controller\Game->start_game[ /var/www/card/app/home/controller/Game.php ]
[ info ] [ LOG ] INIT File
[ sql ] [ DB ] CONNECT:[ UseTime:0.000198s ] mysql:dbname=runfast;host=localhost;port=3306;charset=utf8
[ sql ] [ SQL ] SHOW COLUMNS FROM `edd_options` [ RunTime:0.000632s ]
[ sql ] [ SQL ] SELECT `is_close` FROM `edd_options` WHERE  `option_id` = 6 LIMIT 1 [ RunTime:0.000142s ]
---------------------------------------------------------------
[ 2017-10-10T23:26:12+08:00 ] 172.16.0.5 171.214.148.3 POST /start_game
[ info ] card.dcwen.top/start_game [运行时间：0.007788s][吞吐率：128.40req/s] [内存消耗：730.12kb] [文件加载：56]
[ info ] [ LANG ] /var/www/card/thinkphp/lang/zh-cn.php
[ info ] [ ROUTE ] array (
  'type' => 'controller',
  'controller' => 'home/Game/start_game',
  'var' => 
  array (
  ),
)
[ info ] [ HEADER ] array (
  'host' => 'card.dcwen.top',
  'user-agent' => '00.00.24 (iPhone; iOS 10.3.2; zh_CN)',
  'content-type' => 'application/x-www-form-urlencoded; charset=utf-8',
  'content-length' => '21',
  'accept-encoding' => 'gzip',
  'connection' => 'close',
)
[ info ] [ PARAM ] array (
  '/start_game' => '',
  'cid' => 'nzVVd',
  'room_id' => '426',
)
[ info ] [ DB ] INIT mysql
[ info ] [ RUN ] app\home\controller\Game->start_game[ /var/www/card/app/home/controller/Game.php ]
[ info ] [ LOG ] INIT File
[ sql ] [ DB ] CONNECT:[ UseTime:0.000247s ] mysql:dbname=runfast;host=localhost;port=3306;charset=utf8
[ sql ] [ SQL ] SHOW COLUMNS FROM `edd_options` [ RunTime:0.000649s ]
[ sql ] [ SQL ] SELECT `is_close` FROM `edd_options` WHERE  `option_id` = 6 LIMIT 1 [ RunTime:0.000139s ]
---------------------------------------------------------------
[ 2017-10-10T23:26:14+08:00 ] 172.16.0.5 171.214.148.3 POST /start_game
[ info ] card.dcwen.top/start_game [运行时间：0.008699s][吞吐率：114.96req/s] [内存消耗：730.11kb] [文件加载：56]
[ info ] [ LANG ] /var/www/card/thinkphp/lang/zh-cn.php
[ info ] [ ROUTE ] array (
  'type' => 'controller',
  'controller' => 'home/Game/start_game',
  'var' => 
  array (
  ),
)
[ info ] [ HEADER ] array (
  'host' => 'card.dcwen.top',
  'user-agent' => '00.00.24 (iPhone; iOS 10.3.2; zh_CN)',
  'content-type' => 'application/x-www-form-urlencoded; charset=utf-8',
  'content-length' => '21',
  'accept-encoding' => 'gzip',
  'connection' => 'close',
)
[ info ] [ PARAM ] array (
  '/start_game' => '',
  'cid' => 'nzVVd',
  'room_id' => '426',
)
[ info ] [ DB ] INIT mysql
[ info ] [ RUN ] app\home\controller\Game->start_game[ /var/www/card/app/home/controller/Game.php ]
[ info ] [ LOG ] INIT File
[ sql ] [ DB ] CONNECT:[ UseTime:0.000216s ] mysql:dbname=runfast;host=localhost;port=3306;charset=utf8
[ sql ] [ SQL ] SHOW COLUMNS FROM `edd_options` [ RunTime:0.001049s ]
[ sql ] [ SQL ] SELECT `is_close` FROM `edd_options` WHERE  `option_id` = 6 LIMIT 1 [ RunTime:0.000185s ]
---------------------------------------------------------------
[ 2017-10-10T23:26:22+08:00 ] 172.16.0.5 171.214.148.3 POST /get_room
[ info ] card.dcwen.top/get_room [运行时间：0.004942s][吞吐率：202.35req/s] [内存消耗：728.77kb] [文件加载：56]
[ info ] [ LANG ] /var/www/card/thinkphp/lang/zh-cn.php
[ info ] [ ROUTE ] array (
  'type' => 'controller',
  'controller' => 'home/Room/get_room',
  'var' => 
  array (
  ),
)
[ info ] [ HEADER ] array (
  'host' => 'card.dcwen.top',
  'user-agent' => '00.00.24 (iPhone; iOS 10.3.2; zh_CN)',
  'content-type' => 'application/x-www-form-urlencoded; charset=utf-8',
  'content-length' => '11',
  'accept-encoding' => 'gzip',
  'connection' => 'close',
)
[ info ] [ PARAM ] array (
  '/get_room' => '',
  'room_id' => '426',
)
[ info ] [ DB ] INIT mysql
[ info ] [ RUN ] app\home\controller\Room->get_room[ /var/www/card/app/home/controller/Room.php ]
[ info ] [ LOG ] INIT File
[ sql ] [ DB ] CONNECT:[ UseTime:0.000197s ] mysql:dbname=runfast;host=localhost;port=3306;charset=utf8
[ sql ] [ SQL ] SHOW COLUMNS FROM `edd_options` [ RunTime:0.000660s ]
[ sql ] [ SQL ] SELECT `is_close` FROM `edd_options` WHERE  `option_id` = 6 LIMIT 1 [ RunTime:0.000139s ]
---------------------------------------------------------------
[ 2017-10-10T23:26:22+08:00 ] 172.16.0.5 171.214.148.3 POST /get_room
[ info ] card.dcwen.top/get_room [运行时间：0.004831s][吞吐率：206.99req/s] [内存消耗：728.81kb] [文件加载：56]
[ info ] [ LANG ] /var/www/card/thinkphp/lang/zh-cn.php
[ info ] [ ROUTE ] array (
  'type' => 'controller',
  'controller' => 'home/Room/get_room',
  'var' => 
  array (
  ),
)
[ info ] [ HEADER ] array (
  'host' => 'card.dcwen.top',
  'user-agent' => '00.00.24 (iPhone; iOS 10.3.2; zh_CN)',
  'content-type' => 'application/x-www-form-urlencoded; charset=utf-8',
  'content-length' => '11',
  'accept-encoding' => 'gzip',
  'connection' => 'close',
)
[ info ] [ PARAM ] array (
  '/get_room' => '',
  'room_id' => '426',
)
[ info ] [ DB ] INIT mysql
[ info ] [ RUN ] app\home\controller\Room->get_room[ /var/www/card/app/home/controller/Room.php ]
[ info ] [ LOG ] INIT File
[ sql ] [ DB ] CONNECT:[ UseTime:0.000207s ] mysql:dbname=runfast;host=localhost;port=3306;charset=utf8
[ sql ] [ SQL ] SHOW COLUMNS FROM `edd_options` [ RunTime:0.000638s ]
[ sql ] [ SQL ] SELECT `is_close` FROM `edd_options` WHERE  `option_id` = 6 LIMIT 1 [ RunTime:0.000195s ]
---------------------------------------------------------------
[ 2017-10-10T23:26:23+08:00 ] 172.16.0.5 171.214.148.3 POST /get_room
[ info ] card.dcwen.top/get_room [运行时间：0.004997s][吞吐率：200.12req/s] [内存消耗：728.81kb] [文件加载：56]
[ info ] [ LANG ] /var/www/card/thinkphp/lang/zh-cn.php
[ info ] [ ROUTE ] array (
  'type' => 'controller',
  'controller' => 'home/Room/get_room',
  'var' => 
  array (
  ),
)
[ info ] [ HEADER ] array (
  'host' => 'card.dcwen.top',
  'user-agent' => '00.00.24 (iPhone; iOS 10.3.2; zh_CN)',
  'content-type' => 'application/x-www-form-urlencoded; charset=utf-8',
  'content-length' => '11',
  'accept-encoding' => 'gzip',
  'connection' => 'close',
)
[ info ] [ PARAM ] array (
  '/get_room' => '',
  'room_id' => '426',
)
[ info ] [ DB ] INIT mysql
[ info ] [ RUN ] app\home\controller\Room->get_room[ /var/www/card/app/home/controller/Room.php ]
[ info ] [ LOG ] INIT File
[ sql ] [ DB ] CONNECT:[ UseTime:0.000204s ] mysql:dbname=runfast;host=localhost;port=3306;charset=utf8
[ sql ] [ SQL ] SHOW COLUMNS FROM `edd_options` [ RunTime:0.000709s ]
[ sql ] [ SQL ] SELECT `is_close` FROM `edd_options` WHERE  `option_id` = 6 LIMIT 1 [ RunTime:0.000713s ]
---------------------------------------------------------------
[ 2017-10-10T23:26:23+08:00 ] 172.16.0.5 171.214.148.3 POST /get_room
[ info ] card.dcwen.top/get_room [运行时间：0.010153s][吞吐率：98.49req/s] [内存消耗：728.81kb] [文件加载：56]
[ info ] [ LANG ] /var/www/card/thinkphp/lang/zh-cn.php
[ info ] [ ROUTE ] array (
  'type' => 'controller',
  'controller' => 'home/Room/get_room',
  'var' => 
  array (
  ),
)
[ info ] [ HEADER ] array (
  'host' => 'card.dcwen.top',
  'user-agent' => '00.00.24 (iPhone; iOS 10.3.2; zh_CN)',
  'content-type' => 'application/x-www-form-urlencoded; charset=utf-8',
  'content-length' => '11',
  'accept-encoding' => 'gzip',
  'connection' => 'close',
)
[ info ] [ PARAM ] array (
  '/get_room' => '',
  'room_id' => '426',
)
[ info ] [ DB ] INIT mysql
[ info ] [ RUN ] app\home\controller\Room->get_room[ /var/www/card/app/home/controller/Room.php ]
[ info ] [ LOG ] INIT File
[ sql ] [ DB ] CONNECT:[ UseTime:0.001122s ] mysql:dbname=runfast;host=localhost;port=3306;charset=utf8
[ sql ] [ SQL ] SHOW COLUMNS FROM `edd_options` [ RunTime:0.000525s ]
[ sql ] [ SQL ] SELECT `is_close` FROM `edd_options` WHERE  `option_id` = 6 LIMIT 1 [ RunTime:0.000158s ]
