---------------------------------------------------------------
[ 2017-10-21T14:58:00+08:00 ] 172.16.0.5 218.88.138.114 POST /player_info
[ info ] card.dcwen.top/player_info [运行时间：0.015351s][吞吐率：65.14req/s] [内存消耗：715.34kb] [文件加载：55]
[ info ] [ LANG ] /var/www/card/thinkphp/lang/zh-cn.php
[ info ] [ ROUTE ] array (
  'type' => 'controller',
  'controller' => 'home/Player/get_player_info',
  'var' => 
  array (
  ),
)
[ info ] [ HEADER ] array (
  'charset' => 'UTF-8',
  'accept' => '*/*',
  'user-agent' => 'Mozilla/5.0 (Linux; Android 6.0.1; M2 E Build/MMB29U; wv) AppleWebKit/537.36 (KHTML, like Gecko) Version/4.0 Chrome/44.0.2403.148 Mobile Safari/537.36',
  'connection' => 'Keep-Alive',
  'accept-encoding' => 'gzip',
  'content-type' => 'application/x-www-form-urlencoded',
  'host' => 'card.dcwen.top',
  'content-length' => '9',
)
[ info ] [ PARAM ] array (
  '/player_info' => '',
  'cid' => 'gLRy-',
)
[ info ] [ DB ] INIT mysql
[ info ] [ RUN ] app\home\controller\Player->get_player_info[ /var/www/card/app/home/controller/Player.php ]
[ info ] [ LOG ] INIT File
[ sql ] [ DB ] CONNECT:[ UseTime:0.001776s ] mysql:dbname=runfast;host=localhost;port=3306;charset=utf8
[ sql ] [ SQL ] SHOW COLUMNS FROM `edd_options` [ RunTime:0.000814s ]
[ sql ] [ SQL ] SELECT `is_close` FROM `edd_options` WHERE  `option_id` = 6 LIMIT 1 [ RunTime:0.000155s ]
[ sql ] [ SQL ] SHOW COLUMNS FROM `edd_player` [ RunTime:0.000805s ]
[ sql ] [ SQL ] SELECT * FROM `edd_player` WHERE  `player_id` = 11 LIMIT 1 [ RunTime:0.000640s ]
---------------------------------------------------------------
[ 2017-10-21T14:58:01+08:00 ] 172.16.0.5 218.88.138.114 POST /player_info
[ info ] card.dcwen.top/player_info [运行时间：0.005955s][吞吐率：167.93req/s] [内存消耗：715.11kb] [文件加载：55]
[ info ] [ LANG ] /var/www/card/thinkphp/lang/zh-cn.php
[ info ] [ ROUTE ] array (
  'type' => 'controller',
  'controller' => 'home/Player/get_player_info',
  'var' => 
  array (
  ),
)
[ info ] [ HEADER ] array (
  'charset' => 'UTF-8',
  'accept' => '*/*',
  'user-agent' => 'Mozilla/5.0 (Linux; Android 6.0.1; M2 E Build/MMB29U; wv) AppleWebKit/537.36 (KHTML, like Gecko) Version/4.0 Chrome/44.0.2403.148 Mobile Safari/537.36',
  'connection' => 'Keep-Alive',
  'accept-encoding' => 'gzip',
  'content-type' => 'application/x-www-form-urlencoded',
  'host' => 'card.dcwen.top',
  'content-length' => '9',
)
[ info ] [ PARAM ] array (
  '/player_info' => '',
  'cid' => 'luBEV',
)
[ info ] [ DB ] INIT mysql
[ info ] [ RUN ] app\home\controller\Player->get_player_info[ /var/www/card/app/home/controller/Player.php ]
[ info ] [ LOG ] INIT File
[ sql ] [ DB ] CONNECT:[ UseTime:0.000240s ] mysql:dbname=runfast;host=localhost;port=3306;charset=utf8
[ sql ] [ SQL ] SHOW COLUMNS FROM `edd_options` [ RunTime:0.000686s ]
[ sql ] [ SQL ] SELECT `is_close` FROM `edd_options` WHERE  `option_id` = 6 LIMIT 1 [ RunTime:0.000164s ]
[ sql ] [ SQL ] SHOW COLUMNS FROM `edd_player` [ RunTime:0.000673s ]
[ sql ] [ SQL ] SELECT * FROM `edd_player` WHERE  `player_id` = 11 LIMIT 1 [ RunTime:0.000137s ]
---------------------------------------------------------------
[ 2017-10-21T14:58:01+08:00 ] 172.16.0.5 218.88.138.114 POST /news_show
[ info ] card.dcwen.top/news_show [运行时间：0.007210s][吞吐率：138.70req/s] [内存消耗：548.73kb] [文件加载：48]
[ info ] [ LANG ] /var/www/card/thinkphp/lang/zh-cn.php
[ info ] [ ROUTE ] array (
  'type' => 'controller',
  'controller' => 'home/Home/home_page',
  'var' => 
  array (
  ),
)
[ info ] [ HEADER ] array (
  'charset' => 'UTF-8',
  'accept' => '*/*',
  'user-agent' => 'Mozilla/5.0 (Linux; Android 6.0.1; M2 E Build/MMB29U; wv) AppleWebKit/537.36 (KHTML, like Gecko) Version/4.0 Chrome/44.0.2403.148 Mobile Safari/537.36',
  'connection' => 'Keep-Alive',
  'accept-encoding' => 'gzip',
  'content-type' => 'application/x-www-form-urlencoded',
  'host' => 'card.dcwen.top',
  'content-length' => '0',
)
[ info ] [ PARAM ] array (
  '/news_show' => '',
)
[ info ] [ RUN ] app\home\controller\Home->home_page[ /var/www/card/app/home/controller/Home.php ]
[ info ] [ LOG ] INIT File
---------------------------------------------------------------
[ 2017-10-21T14:58:01+08:00 ] 172.16.0.5 218.88.138.114 POST /room_page
[ info ] card.dcwen.top/room_page [运行时间：0.017261s][吞吐率：57.93req/s] [内存消耗：742.45kb] [文件加载：56]
[ info ] [ LANG ] /var/www/card/thinkphp/lang/zh-cn.php
[ info ] [ ROUTE ] array (
  'type' => 'controller',
  'controller' => 'home/Room/room_page',
  'var' => 
  array (
  ),
)
[ info ] [ HEADER ] array (
  'charset' => 'UTF-8',
  'accept' => '*/*',
  'user-agent' => 'Mozilla/5.0 (Linux; Android 6.0.1; M2 E Build/MMB29U; wv) AppleWebKit/537.36 (KHTML, like Gecko) Version/4.0 Chrome/44.0.2403.148 Mobile Safari/537.36',
  'connection' => 'Keep-Alive',
  'accept-encoding' => 'gzip',
  'content-type' => 'application/x-www-form-urlencoded',
  'host' => 'card.dcwen.top',
  'content-length' => '9',
)
[ info ] [ PARAM ] array (
  '/room_page' => '',
  'cid' => 'luBEV',
)
[ info ] [ DB ] INIT mysql
[ info ] [ RUN ] app\home\controller\Room->room_page[ /var/www/card/app/home/controller/Room.php ]
[ info ] [ LOG ] INIT File
[ sql ] [ DB ] CONNECT:[ UseTime:0.005588s ] mysql:dbname=runfast;host=localhost;port=3306;charset=utf8
[ sql ] [ SQL ] SHOW COLUMNS FROM `edd_options` [ RunTime:0.000785s ]
[ sql ] [ SQL ] SELECT `is_close` FROM `edd_options` WHERE  `option_id` = 6 LIMIT 1 [ RunTime:0.000155s ]
[ sql ] [ SQL ] SHOW COLUMNS FROM `edd_room` [ RunTime:0.000637s ]
[ sql ] [ SQL ] SELECT `room_id`,`round_times`,`room_code` FROM `edd_room` WHERE  `room_owner` = 11  AND `del_time` = '0' [ RunTime:0.000568s ]
---------------------------------------------------------------
[ 2017-10-21T14:58:01+08:00 ] 172.16.0.5 218.88.138.114 POST /connect
[ info ] card.dcwen.top/connect [运行时间：0.011200s][吞吐率：89.29req/s] [内存消耗：733.05kb] [文件加载：56]
[ info ] [ LANG ] /var/www/card/thinkphp/lang/zh-cn.php
[ info ] [ ROUTE ] array (
  'type' => 'controller',
  'controller' => 'home/Game/connect',
  'var' => 
  array (
  ),
)
[ info ] [ HEADER ] array (
  'charset' => 'UTF-8',
  'accept' => '*/*',
  'user-agent' => 'Mozilla/5.0 (Linux; Android 6.0.1; M2 E Build/MMB29U; wv) AppleWebKit/537.36 (KHTML, like Gecko) Version/4.0 Chrome/44.0.2403.148 Mobile Safari/537.36',
  'connection' => 'Keep-Alive',
  'accept-encoding' => 'gzip',
  'content-type' => 'application/x-www-form-urlencoded',
  'host' => 'card.dcwen.top',
  'content-length' => '52',
)
[ info ] [ PARAM ] array (
  '/connect' => '',
  'client_id' => '7f0000010fa200000043',
  'cid' => 'luBEV',
  'type' => 'outter',
)
[ info ] [ DB ] INIT mysql
[ info ] [ RUN ] app\home\controller\Game->connect[ /var/www/card/app/home/controller/Game.php ]
[ info ] [ LOG ] INIT File
[ sql ] [ DB ] CONNECT:[ UseTime:0.001387s ] mysql:dbname=runfast;host=localhost;port=3306;charset=utf8
[ sql ] [ SQL ] SHOW COLUMNS FROM `edd_options` [ RunTime:0.000702s ]
[ sql ] [ SQL ] SELECT `is_close` FROM `edd_options` WHERE  `option_id` = 6 LIMIT 1 [ RunTime:0.000156s ]
---------------------------------------------------------------
[ 2017-10-21T14:58:10+08:00 ] 172.16.0.5 218.88.138.114 POST /player_info
[ info ] card.dcwen.top/player_info [运行时间：0.008295s][吞吐率：120.56req/s] [内存消耗：715.34kb] [文件加载：55]
[ info ] [ LANG ] /var/www/card/thinkphp/lang/zh-cn.php
[ info ] [ ROUTE ] array (
  'type' => 'controller',
  'controller' => 'home/Player/get_player_info',
  'var' => 
  array (
  ),
)
[ info ] [ HEADER ] array (
  'charset' => 'UTF-8',
  'accept' => '*/*',
  'user-agent' => 'Mozilla/5.0 (Linux; Android 6.0.1; M2 E Build/MMB29U; wv) AppleWebKit/537.36 (KHTML, like Gecko) Version/4.0 Chrome/44.0.2403.148 Mobile Safari/537.36',
  'connection' => 'Keep-Alive',
  'accept-encoding' => 'gzip',
  'content-type' => 'application/x-www-form-urlencoded',
  'host' => 'card.dcwen.top',
  'content-length' => '9',
)
[ info ] [ PARAM ] array (
  '/player_info' => '',
  'cid' => 'W8dhr',
)
[ info ] [ DB ] INIT mysql
[ info ] [ RUN ] app\home\controller\Player->get_player_info[ /var/www/card/app/home/controller/Player.php ]
[ info ] [ LOG ] INIT File
[ sql ] [ DB ] CONNECT:[ UseTime:0.000280s ] mysql:dbname=runfast;host=localhost;port=3306;charset=utf8
[ sql ] [ SQL ] SHOW COLUMNS FROM `edd_options` [ RunTime:0.000658s ]
[ sql ] [ SQL ] SELECT `is_close` FROM `edd_options` WHERE  `option_id` = 6 LIMIT 1 [ RunTime:0.000159s ]
[ sql ] [ SQL ] SHOW COLUMNS FROM `edd_player` [ RunTime:0.001306s ]
[ sql ] [ SQL ] SELECT * FROM `edd_player` WHERE  `player_id` = 11 LIMIT 1 [ RunTime:0.000144s ]
---------------------------------------------------------------
[ 2017-10-21T14:58:11+08:00 ] 172.16.0.5 218.88.138.114 POST /news_show
[ info ] card.dcwen.top/news_show [运行时间：0.004281s][吞吐率：233.59req/s] [内存消耗：548.48kb] [文件加载：48]
[ info ] [ LANG ] /var/www/card/thinkphp/lang/zh-cn.php
[ info ] [ ROUTE ] array (
  'type' => 'controller',
  'controller' => 'home/Home/home_page',
  'var' => 
  array (
  ),
)
[ info ] [ HEADER ] array (
  'charset' => 'UTF-8',
  'accept' => '*/*',
  'user-agent' => 'Mozilla/5.0 (Linux; Android 6.0.1; M2 E Build/MMB29U; wv) AppleWebKit/537.36 (KHTML, like Gecko) Version/4.0 Chrome/44.0.2403.148 Mobile Safari/537.36',
  'connection' => 'Keep-Alive',
  'accept-encoding' => 'gzip',
  'content-type' => 'application/x-www-form-urlencoded',
  'host' => 'card.dcwen.top',
  'content-length' => '0',
)
[ info ] [ PARAM ] array (
  '/news_show' => '',
)
[ info ] [ RUN ] app\home\controller\Home->home_page[ /var/www/card/app/home/controller/Home.php ]
[ info ] [ LOG ] INIT File
---------------------------------------------------------------
[ 2017-10-21T14:58:11+08:00 ] 172.16.0.5 218.88.138.114 POST /player_info
[ info ] card.dcwen.top/player_info [运行时间：0.011820s][吞吐率：84.60req/s] [内存消耗：715.34kb] [文件加载：55]
[ info ] [ LANG ] /var/www/card/thinkphp/lang/zh-cn.php
[ info ] [ ROUTE ] array (
  'type' => 'controller',
  'controller' => 'home/Player/get_player_info',
  'var' => 
  array (
  ),
)
[ info ] [ HEADER ] array (
  'charset' => 'UTF-8',
  'accept' => '*/*',
  'user-agent' => 'Mozilla/5.0 (Linux; Android 6.0.1; M2 E Build/MMB29U; wv) AppleWebKit/537.36 (KHTML, like Gecko) Version/4.0 Chrome/44.0.2403.148 Mobile Safari/537.36',
  'connection' => 'Keep-Alive',
  'accept-encoding' => 'gzip',
  'content-type' => 'application/x-www-form-urlencoded',
  'host' => 'card.dcwen.top',
  'content-length' => '9',
)
[ info ] [ PARAM ] array (
  '/player_info' => '',
  'cid' => 'B49Rl',
)
[ info ] [ DB ] INIT mysql
[ info ] [ RUN ] app\home\controller\Player->get_player_info[ /var/www/card/app/home/controller/Player.php ]
[ info ] [ LOG ] INIT File
[ sql ] [ DB ] CONNECT:[ UseTime:0.000303s ] mysql:dbname=runfast;host=localhost;port=3306;charset=utf8
[ sql ] [ SQL ] SHOW COLUMNS FROM `edd_options` [ RunTime:0.000741s ]
[ sql ] [ SQL ] SELECT `is_close` FROM `edd_options` WHERE  `option_id` = 6 LIMIT 1 [ RunTime:0.000169s ]
[ sql ] [ SQL ] SHOW COLUMNS FROM `edd_player` [ RunTime:0.000500s ]
[ sql ] [ SQL ] SELECT * FROM `edd_player` WHERE  `player_id` = 11 LIMIT 1 [ RunTime:0.004228s ]
---------------------------------------------------------------
[ 2017-10-21T14:58:11+08:00 ] 172.16.0.5 218.88.138.114 POST /room_page
[ info ] card.dcwen.top/room_page [运行时间：0.005825s][吞吐率：171.67req/s] [内存消耗：742.21kb] [文件加载：56]
[ info ] [ LANG ] /var/www/card/thinkphp/lang/zh-cn.php
[ info ] [ ROUTE ] array (
  'type' => 'controller',
  'controller' => 'home/Room/room_page',
  'var' => 
  array (
  ),
)
[ info ] [ HEADER ] array (
  'charset' => 'UTF-8',
  'accept' => '*/*',
  'user-agent' => 'Mozilla/5.0 (Linux; Android 6.0.1; M2 E Build/MMB29U; wv) AppleWebKit/537.36 (KHTML, like Gecko) Version/4.0 Chrome/44.0.2403.148 Mobile Safari/537.36',
  'connection' => 'Keep-Alive',
  'accept-encoding' => 'gzip',
  'content-type' => 'application/x-www-form-urlencoded',
  'host' => 'card.dcwen.top',
  'content-length' => '9',
)
[ info ] [ PARAM ] array (
  '/room_page' => '',
  'cid' => 'B49Rl',
)
[ info ] [ DB ] INIT mysql
[ info ] [ RUN ] app\home\controller\Room->room_page[ /var/www/card/app/home/controller/Room.php ]
[ info ] [ LOG ] INIT File
[ sql ] [ DB ] CONNECT:[ UseTime:0.000153s ] mysql:dbname=runfast;host=localhost;port=3306;charset=utf8
[ sql ] [ SQL ] SHOW COLUMNS FROM `edd_options` [ RunTime:0.000530s ]
[ sql ] [ SQL ] SELECT `is_close` FROM `edd_options` WHERE  `option_id` = 6 LIMIT 1 [ RunTime:0.000122s ]
[ sql ] [ SQL ] SHOW COLUMNS FROM `edd_room` [ RunTime:0.000899s ]
[ sql ] [ SQL ] SELECT `room_id`,`round_times`,`room_code` FROM `edd_room` WHERE  `room_owner` = 11  AND `del_time` = '0' [ RunTime:0.000170s ]
---------------------------------------------------------------
[ 2017-10-21T14:58:11+08:00 ] 172.16.0.5 218.88.138.114 POST /connect
[ info ] card.dcwen.top/connect [运行时间：0.008644s][吞吐率：115.69req/s] [内存消耗：733.05kb] [文件加载：56]
[ info ] [ LANG ] /var/www/card/thinkphp/lang/zh-cn.php
[ info ] [ ROUTE ] array (
  'type' => 'controller',
  'controller' => 'home/Game/connect',
  'var' => 
  array (
  ),
)
[ info ] [ HEADER ] array (
  'charset' => 'UTF-8',
  'accept' => '*/*',
  'user-agent' => 'Mozilla/5.0 (Linux; Android 6.0.1; M2 E Build/MMB29U; wv) AppleWebKit/537.36 (KHTML, like Gecko) Version/4.0 Chrome/44.0.2403.148 Mobile Safari/537.36',
  'connection' => 'Keep-Alive',
  'accept-encoding' => 'gzip',
  'content-type' => 'application/x-www-form-urlencoded',
  'host' => 'card.dcwen.top',
  'content-length' => '52',
)
[ info ] [ PARAM ] array (
  '/connect' => '',
  'client_id' => '7f0000010fa00000003e',
  'cid' => 'B49Rl',
  'type' => 'outter',
)
[ info ] [ DB ] INIT mysql
[ info ] [ RUN ] app\home\controller\Game->connect[ /var/www/card/app/home/controller/Game.php ]
[ info ] [ LOG ] INIT File
[ sql ] [ DB ] CONNECT:[ UseTime:0.000305s ] mysql:dbname=runfast;host=localhost;port=3306;charset=utf8
[ sql ] [ SQL ] SHOW COLUMNS FROM `edd_options` [ RunTime:0.000851s ]
[ sql ] [ SQL ] SELECT `is_close` FROM `edd_options` WHERE  `option_id` = 6 LIMIT 1 [ RunTime:0.000185s ]
