---------------------------------------------------------------
[ 2017-10-24T20:24:31+08:00 ] 172.16.0.5 117.136.64.10 POST /player_info
[ info ] card.dcwen.top/player_info [è¿è¡Œæ—¶é—´ï¼š0.076073s][åžåçŽ‡ï¼š13.15req/s] [å†…å­˜æ¶ˆè€—ï¼š732.47kb] [æ–‡ä»¶åŠ è½½ï¼š55]
[ info ] [ LANG ] /var/www/card/thinkphp/lang/zh-cn.php
[ info ] [ ROUTE ] array (
  'type' => 'controller',
  'controller' => 'home/Player/get_player_info',
  'var' => 
  array (
  ),
)
[ info ] [ HEADER ] array (
  'host' => 'card.dcwen.top',
  'user-agent' => '1.2.41 (iPhone; iOS 11.0.3; zh_CN)',
  'content-type' => 'application/x-www-form-urlencoded; charset=utf-8',
  'content-length' => '11',
  'accept-encoding' => 'gzip',
  'connection' => 'close',
)
[ info ] [ PARAM ] array (
  '/player_info' => '',
  'cid' => 'G=cxs',
)
[ info ] [ DB ] INIT mysql
[ info ] [ RUN ] app\home\controller\Player->get_player_info[ /var/www/card/app/home/controller/Player.php ]
[ info ] [ LOG ] INIT File
[ sql ] [ DB ] CONNECT:[ UseTime:0.000278s ] mysql:dbname=runfast;host=localhost;port=3306;charset=utf8
[ sql ] [ SQL ] SHOW COLUMNS FROM `edd_options` [ RunTime:0.000785s ]
[ sql ] [ SQL ] SELECT `is_close` FROM `edd_options` WHERE  `option_id` = 6 LIMIT 1 [ RunTime:0.000175s ]
[ sql ] [ SQL ] SHOW COLUMNS FROM `edd_player` [ RunTime:0.000517s ]
[ sql ] [ SQL ] SELECT * FROM `edd_player` WHERE  `player_id` = 1 LIMIT 1 [ RunTime:0.000229s ]
---------------------------------------------------------------
[ 2017-10-24T20:24:32+08:00 ] 172.16.0.5 117.136.64.10 POST /news_show
[ info ] card.dcwen.top/news_show [è¿è¡Œæ—¶é—´ï¼š0.008320s][åžåçŽ‡ï¼š120.19req/s] [å†…å­˜æ¶ˆè€—ï¼š550.66kb] [æ–‡ä»¶åŠ è½½ï¼š48]
[ info ] [ LANG ] /var/www/card/thinkphp/lang/zh-cn.php
[ info ] [ ROUTE ] array (
  'type' => 'controller',
  'controller' => 'home/Home/home_page',
  'var' => 
  array (
  ),
)
[ info ] [ HEADER ] array (
  'host' => 'card.dcwen.top',
  'content-length' => '0',
  'connection' => 'close',
  'accept-encoding' => 'gzip',
  'user-agent' => '1.2.41 (iPhone; iOS 11.0.3; zh_CN)',
)
[ info ] [ PARAM ] array (
  '/news_show' => '',
)
[ info ] [ RUN ] app\home\controller\Home->home_page[ /var/www/card/app/home/controller/Home.php ]
[ info ] [ LOG ] INIT File
---------------------------------------------------------------
[ 2017-10-24T20:24:32+08:00 ] 172.16.0.5 117.136.64.10 POST /player_info
[ info ] card.dcwen.top/player_info [è¿è¡Œæ—¶é—´ï¼š0.011901s][åžåçŽ‡ï¼š84.03req/s] [å†…å­˜æ¶ˆè€—ï¼š714.30kb] [æ–‡ä»¶åŠ è½½ï¼š55]
[ info ] [ LANG ] /var/www/card/thinkphp/lang/zh-cn.php
[ info ] [ ROUTE ] array (
  'type' => 'controller',
  'controller' => 'home/Player/get_player_info',
  'var' => 
  array (
  ),
)
[ info ] [ HEADER ] array (
  'host' => 'card.dcwen.top',
  'user-agent' => '1.2.41 (iPhone; iOS 11.0.3; zh_CN)',
  'content-type' => 'application/x-www-form-urlencoded; charset=utf-8',
  'content-length' => '9',
  'accept-encoding' => 'gzip',
  'connection' => 'close',
)
[ info ] [ PARAM ] array (
  '/player_info' => '',
  'cid' => 'DKavc',
)
[ info ] [ DB ] INIT mysql
[ info ] [ RUN ] app\home\controller\Player->get_player_info[ /var/www/card/app/home/controller/Player.php ]
[ info ] [ LOG ] INIT File
[ sql ] [ DB ] CONNECT:[ UseTime:0.001428s ] mysql:dbname=runfast;host=localhost;port=3306;charset=utf8
[ sql ] [ SQL ] SHOW COLUMNS FROM `edd_options` [ RunTime:0.000653s ]
[ sql ] [ SQL ] SELECT `is_close` FROM `edd_options` WHERE  `option_id` = 6 LIMIT 1 [ RunTime:0.000149s ]
[ sql ] [ SQL ] SHOW COLUMNS FROM `edd_player` [ RunTime:0.000488s ]
[ sql ] [ SQL ] SELECT * FROM `edd_player` WHERE  `player_id` = 1 LIMIT 1 [ RunTime:0.000130s ]
---------------------------------------------------------------
[ 2017-10-24T20:24:32+08:00 ] 172.16.0.5 117.136.64.10 POST /room_page
[ info ] card.dcwen.top/room_page [è¿è¡Œæ—¶é—´ï¼š0.011449s][åžåçŽ‡ï¼š87.34req/s] [å†…å­˜æ¶ˆè€—ï¼š744.99kb] [æ–‡ä»¶åŠ è½½ï¼š56]
[ info ] [ LANG ] /var/www/card/thinkphp/lang/zh-cn.php
[ info ] [ ROUTE ] array (
  'type' => 'controller',
  'controller' => 'home/Room/room_page',
  'var' => 
  array (
  ),
)
[ info ] [ HEADER ] array (
  'host' => 'card.dcwen.top',
  'user-agent' => '1.2.41 (iPhone; iOS 11.0.3; zh_CN)',
  'content-type' => 'application/x-www-form-urlencoded; charset=utf-8',
  'content-length' => '9',
  'accept-encoding' => 'gzip',
  'connection' => 'close',
)
[ info ] [ PARAM ] array (
  '/room_page' => '',
  'cid' => 'DKavc',
)
[ info ] [ DB ] INIT mysql
[ info ] [ RUN ] app\home\controller\Room->room_page[ /var/www/card/app/home/controller/Room.php ]
[ info ] [ LOG ] INIT File
[ sql ] [ DB ] CONNECT:[ UseTime:0.001434s ] mysql:dbname=runfast;host=localhost;port=3306;charset=utf8
[ sql ] [ SQL ] SHOW COLUMNS FROM `edd_options` [ RunTime:0.000799s ]
[ sql ] [ SQL ] SELECT `is_close` FROM `edd_options` WHERE  `option_id` = 6 LIMIT 1 [ RunTime:0.000193s ]
[ sql ] [ SQL ] SHOW COLUMNS FROM `edd_room` [ RunTime:0.000662s ]
[ sql ] [ SQL ] SELECT `room_id`,`round_times`,`room_code` FROM `edd_room` WHERE  `room_owner` = 1  AND `del_time` = '0' [ RunTime:0.000525s ]
---------------------------------------------------------------
[ 2017-10-24T20:24:33+08:00 ] 172.16.0.5 117.136.64.10 POST /connect
[ info ] card.dcwen.top/connect [è¿è¡Œæ—¶é—´ï¼š0.009262s][åžåçŽ‡ï¼š107.97req/s] [å†…å­˜æ¶ˆè€—ï¼š735.68kb] [æ–‡ä»¶åŠ è½½ï¼š56]
[ info ] [ LANG ] /var/www/card/thinkphp/lang/zh-cn.php
[ info ] [ ROUTE ] array (
  'type' => 'controller',
  'controller' => 'home/Game/connect',
  'var' => 
  array (
  ),
)
[ info ] [ HEADER ] array (
  'host' => 'card.dcwen.top',
  'user-agent' => '1.2.41 (iPhone; iOS 11.0.3; zh_CN)',
  'content-type' => 'application/x-www-form-urlencoded; charset=utf-8',
  'content-length' => '54',
  'accept-encoding' => 'gzip',
  'connection' => 'close',
)
[ info ] [ PARAM ] array (
  '/connect' => '',
  'client_id' => '7f0000010fa200000045',
  'cid' => 'O=2Gm',
  'type' => 'outter',
)
[ info ] [ DB ] INIT mysql
[ info ] [ RUN ] app\home\controller\Game->connect[ /var/www/card/app/home/controller/Game.php ]
[ info ] [ LOG ] INIT File
[ sql ] [ DB ] CONNECT:[ UseTime:0.000235s ] mysql:dbname=runfast;host=localhost;port=3306;charset=utf8
[ sql ] [ SQL ] SHOW COLUMNS FROM `edd_options` [ RunTime:0.000693s ]
[ sql ] [ SQL ] SELECT `is_close` FROM `edd_options` WHERE  `option_id` = 6 LIMIT 1 [ RunTime:0.000169s ]
---------------------------------------------------------------
[ 2017-10-24T20:24:59+08:00 ] 172.16.0.5 117.136.64.10 POST /invite_page
[ info ] card.dcwen.top/invite_page [è¿è¡Œæ—¶é—´ï¼š0.006901s][åžåçŽ‡ï¼š144.91req/s] [å†…å­˜æ¶ˆè€—ï¼š678.72kb] [æ–‡ä»¶åŠ è½½ï¼š53]
[ info ] [ LANG ] /var/www/card/thinkphp/lang/zh-cn.php
[ info ] [ ROUTE ] array (
  'type' => 'controller',
  'controller' => 'home/Player/invite_page',
  'var' => 
  array (
  ),
)
[ info ] [ HEADER ] array (
  'host' => 'card.dcwen.top',
  'user-agent' => '1.2.41 (iPhone; iOS 11.0.3; zh_CN)',
  'content-type' => 'application/x-www-form-urlencoded; charset=utf-8',
  'content-length' => '11',
  'accept-encoding' => 'gzip',
  'connection' => 'close',
)
[ info ] [ PARAM ] array (
  '/invite_page' => '',
  'cid' => 'O=2Gm',
)
[ info ] [ DB ] INIT mysql
[ info ] [ RUN ] app\home\controller\Player->invite_page[ /var/www/card/app/home/controller/Player.php ]
[ info ] [ LOG ] INIT File
[ sql ] [ DB ] CONNECT:[ UseTime:0.000275s ] mysql:dbname=runfast;host=localhost;port=3306;charset=utf8
[ sql ] [ SQL ] SHOW COLUMNS FROM `edd_options` [ RunTime:0.000678s ]
[ sql ] [ SQL ] SELECT `is_close` FROM `edd_options` WHERE  `option_id` = 6 LIMIT 1 [ RunTime:0.000144s ]
[ sql ] [ SQL ] SHOW COLUMNS FROM `edd_player` [ RunTime:0.000530s ]
[ sql ] [ SQL ] SELECT `users_id` FROM `edd_player` WHERE  `player_id` = 1 LIMIT 1 [ RunTime:0.000174s ]
---------------------------------------------------------------
[ 2017-10-24T20:25:02+08:00 ] 172.16.0.5 117.136.64.10 POST /news_show
[ info ] card.dcwen.top/news_show [è¿è¡Œæ—¶é—´ï¼š0.004214s][åžåçŽ‡ï¼š237.30req/s] [å†…å­˜æ¶ˆè€—ï¼š546.78kb] [æ–‡ä»¶åŠ è½½ï¼š48]
[ info ] [ LANG ] /var/www/card/thinkphp/lang/zh-cn.php
[ info ] [ ROUTE ] array (
  'type' => 'controller',
  'controller' => 'home/Home/home_page',
  'var' => 
  array (
  ),
)
[ info ] [ HEADER ] array (
  'host' => 'card.dcwen.top',
  'content-length' => '0',
  'connection' => 'close',
  'accept-encoding' => 'gzip',
  'user-agent' => '1.2.41 (iPhone; iOS 11.0.3; zh_CN)',
)
[ info ] [ PARAM ] array (
  '/news_show' => '',
)
[ info ] [ RUN ] app\home\controller\Home->home_page[ /var/www/card/app/home/controller/Home.php ]
[ info ] [ LOG ] INIT File
---------------------------------------------------------------
[ 2017-10-24T21:48:15+08:00 ] 172.16.0.5 223.87.240.112 POST /player_info
[ info ] card.dcwen.top/player_info [è¿è¡Œæ—¶é—´ï¼š0.006506s][åžåçŽ‡ï¼š153.71req/s] [å†…å­˜æ¶ˆè€—ï¼š715.09kb] [æ–‡ä»¶åŠ è½½ï¼š55]
[ info ] [ LANG ] /var/www/card/thinkphp/lang/zh-cn.php
[ info ] [ ROUTE ] array (
  'type' => 'controller',
  'controller' => 'home/Player/get_player_info',
  'var' => 
  array (
  ),
)
[ info ] [ HEADER ] array (
  'charset' => 'UTF-8',
  'accept' => '*/*',
  'user-agent' => 'Mozilla/5.0 (Linux; Android 6.0.1; SM-G9350 Build/MMB29M; wv) AppleWebKit/537.36 (KHTML, like Gecko) Version/4.0 Chrome/48.0.2564.106 Mobile Safari/537.36',
  'connection' => 'Keep-Alive',
  'accept-encoding' => 'gzip',
  'content-type' => 'application/x-www-form-urlencoded',
  'host' => 'card.dcwen.top',
  'content-length' => '9',
)
[ info ] [ PARAM ] array (
  '/player_info' => '',
  'cid' => 'z3r6k',
)
[ info ] [ DB ] INIT mysql
[ info ] [ RUN ] app\home\controller\Player->get_player_info[ /var/www/card/app/home/controller/Player.php ]
[ info ] [ LOG ] INIT File
[ sql ] [ DB ] CONNECT:[ UseTime:0.000235s ] mysql:dbname=runfast;host=localhost;port=3306;charset=utf8
[ sql ] [ SQL ] SHOW COLUMNS FROM `edd_options` [ RunTime:0.000710s ]
[ sql ] [ SQL ] SELECT `is_close` FROM `edd_options` WHERE  `option_id` = 6 LIMIT 1 [ RunTime:0.000147s ]
[ sql ] [ SQL ] SHOW COLUMNS FROM `edd_player` [ RunTime:0.000487s ]
[ sql ] [ SQL ] SELECT * FROM `edd_player` WHERE  `player_id` = 7 LIMIT 1 [ RunTime:0.000195s ]
---------------------------------------------------------------
[ 2017-10-24T21:48:16+08:00 ] 172.16.0.5 223.87.240.112 POST /news_show
[ info ] card.dcwen.top/news_show [è¿è¡Œæ—¶é—´ï¼š0.002762s][åžåçŽ‡ï¼š362.05req/s] [å†…å­˜æ¶ˆè€—ï¼š548.45kb] [æ–‡ä»¶åŠ è½½ï¼š48]
[ info ] [ LANG ] /var/www/card/thinkphp/lang/zh-cn.php
[ info ] [ ROUTE ] array (
  'type' => 'controller',
  'controller' => 'home/Home/home_page',
  'var' => 
  array (
  ),
)
[ info ] [ HEADER ] array (
  'charset' => 'UTF-8',
  'accept' => '*/*',
  'user-agent' => 'Mozilla/5.0 (Linux; Android 6.0.1; SM-G9350 Build/MMB29M; wv) AppleWebKit/537.36 (KHTML, like Gecko) Version/4.0 Chrome/48.0.2564.106 Mobile Safari/537.36',
  'connection' => 'Keep-Alive',
  'accept-encoding' => 'gzip',
  'content-type' => 'application/x-www-form-urlencoded',
  'host' => 'card.dcwen.top',
  'content-length' => '0',
)
[ info ] [ PARAM ] array (
  '/news_show' => '',
)
[ info ] [ RUN ] app\home\controller\Home->home_page[ /var/www/card/app/home/controller/Home.php ]
[ info ] [ LOG ] INIT File
---------------------------------------------------------------
[ 2017-10-24T21:48:16+08:00 ] 172.16.0.5 223.87.240.112 POST /player_info
[ info ] card.dcwen.top/player_info [è¿è¡Œæ—¶é—´ï¼š0.009392s][åžåçŽ‡ï¼š106.47req/s] [å†…å­˜æ¶ˆè€—ï¼š715.10kb] [æ–‡ä»¶åŠ è½½ï¼š55]
[ info ] [ LANG ] /var/www/card/thinkphp/lang/zh-cn.php
[ info ] [ ROUTE ] array (
  'type' => 'controller',
  'controller' => 'home/Player/get_player_info',
  'var' => 
  array (
  ),
)
[ info ] [ HEADER ] array (
  'charset' => 'UTF-8',
  'accept' => '*/*',
  'user-agent' => 'Mozilla/5.0 (Linux; Android 6.0.1; SM-G9350 Build/MMB29M; wv) AppleWebKit/537.36 (KHTML, like Gecko) Version/4.0 Chrome/48.0.2564.106 Mobile Safari/537.36',
  'connection' => 'Keep-Alive',
  'accept-encoding' => 'gzip',
  'content-type' => 'application/x-www-form-urlencoded',
  'host' => 'card.dcwen.top',
  'content-length' => '9',
)
[ info ] [ PARAM ] array (
  '/player_info' => '',
  'cid' => 'Vn-IN',
)
[ info ] [ DB ] INIT mysql
[ info ] [ RUN ] app\home\controller\Player->get_player_info[ /var/www/card/app/home/controller/Player.php ]
[ info ] [ LOG ] INIT File
[ sql ] [ DB ] CONNECT:[ UseTime:0.000202s ] mysql:dbname=runfast;host=localhost;port=3306;charset=utf8
[ sql ] [ SQL ] SHOW COLUMNS FROM `edd_options` [ RunTime:0.000640s ]
[ sql ] [ SQL ] SELECT `is_close` FROM `edd_options` WHERE  `option_id` = 6 LIMIT 1 [ RunTime:0.000148s ]
[ sql ] [ SQL ] SHOW COLUMNS FROM `edd_player` [ RunTime:0.000557s ]
[ sql ] [ SQL ] SELECT * FROM `edd_player` WHERE  `player_id` = 7 LIMIT 1 [ RunTime:0.000127s ]
---------------------------------------------------------------
[ 2017-10-24T21:48:16+08:00 ] 172.16.0.5 223.87.240.112 POST /connect
[ info ] card.dcwen.top/connect [è¿è¡Œæ—¶é—´ï¼š0.005302s][åžåçŽ‡ï¼š188.60req/s] [å†…å­˜æ¶ˆè€—ï¼š732.82kb] [æ–‡ä»¶åŠ è½½ï¼š56]
[ info ] [ LANG ] /var/www/card/thinkphp/lang/zh-cn.php
[ info ] [ ROUTE ] array (
  'type' => 'controller',
  'controller' => 'home/Game/connect',
  'var' => 
  array (
  ),
)
[ info ] [ HEADER ] array (
  'charset' => 'UTF-8',
  'accept' => '*/*',
  'user-agent' => 'Mozilla/5.0 (Linux; Android 6.0.1; SM-G9350 Build/MMB29M; wv) AppleWebKit/537.36 (KHTML, like Gecko) Version/4.0 Chrome/48.0.2564.106 Mobile Safari/537.36',
  'connection' => 'Keep-Alive',
  'accept-encoding' => 'gzip',
  'content-type' => 'application/x-www-form-urlencoded',
  'host' => 'card.dcwen.top',
  'content-length' => '52',
)
[ info ] [ PARAM ] array (
  '/connect' => '',
  'client_id' => '7f0000010fa10000003f',
  'cid' => 'Vn-IN',
  'type' => 'outter',
)
[ info ] [ DB ] INIT mysql
[ info ] [ RUN ] app\home\controller\Game->connect[ /var/www/card/app/home/controller/Game.php ]
[ info ] [ LOG ] INIT File
[ sql ] [ DB ] CONNECT:[ UseTime:0.000141s ] mysql:dbname=runfast;host=localhost;port=3306;charset=utf8
[ sql ] [ SQL ] SHOW COLUMNS FROM `edd_options` [ RunTime:0.000509s ]
[ sql ] [ SQL ] SELECT `is_close` FROM `edd_options` WHERE  `option_id` = 6 LIMIT 1 [ RunTime:0.000124s ]
---------------------------------------------------------------
[ 2017-10-24T21:48:16+08:00 ] 172.16.0.5 223.87.240.112 POST /room_page
[ info ] card.dcwen.top/room_page [è¿è¡Œæ—¶é—´ï¼š0.019977s][åžåçŽ‡ï¼š50.06req/s] [å†…å­˜æ¶ˆè€—ï¼š743.94kb] [æ–‡ä»¶åŠ è½½ï¼š56]
[ info ] [ LANG ] /var/www/card/thinkphp/lang/zh-cn.php
[ info ] [ ROUTE ] array (
  'type' => 'controller',
  'controller' => 'home/Room/room_page',
  'var' => 
  array (
  ),
)
[ info ] [ HEADER ] array (
  'charset' => 'UTF-8',
  'accept' => '*/*',
  'user-agent' => 'Mozilla/5.0 (Linux; Android 6.0.1; SM-G9350 Build/MMB29M; wv) AppleWebKit/537.36 (KHTML, like Gecko) Version/4.0 Chrome/48.0.2564.106 Mobile Safari/537.36',
  'connection' => 'Keep-Alive',
  'accept-encoding' => 'gzip',
  'content-type' => 'application/x-www-form-urlencoded',
  'host' => 'card.dcwen.top',
  'content-length' => '9',
)
[ info ] [ PARAM ] array (
  '/room_page' => '',
  'cid' => 'Vn-IN',
)
[ info ] [ DB ] INIT mysql
[ info ] [ RUN ] app\home\controller\Room->room_page[ /var/www/card/app/home/controller/Room.php ]
[ info ] [ LOG ] INIT File
[ sql ] [ DB ] CONNECT:[ UseTime:0.001973s ] mysql:dbname=runfast;host=localhost;port=3306;charset=utf8
[ sql ] [ SQL ] SHOW COLUMNS FROM `edd_options` [ RunTime:0.004447s ]
[ sql ] [ SQL ] SELECT `is_close` FROM `edd_options` WHERE  `option_id` = 6 LIMIT 1 [ RunTime:0.001481s ]
[ sql ] [ SQL ] SHOW COLUMNS FROM `edd_room` [ RunTime:0.000975s ]
[ sql ] [ SQL ] SELECT `room_id`,`round_times`,`room_code` FROM `edd_room` WHERE  `room_owner` = 7  AND `del_time` = '0' [ RunTime:0.000218s ]
---------------------------------------------------------------
[ 2017-10-24T21:55:14+08:00 ] 172.16.0.5 223.87.240.112 POST /player_info
[ info ] card.dcwen.top/player_info [è¿è¡Œæ—¶é—´ï¼š0.007804s][åžåçŽ‡ï¼š128.14req/s] [å†…å­˜æ¶ˆè€—ï¼š717.97kb] [æ–‡ä»¶åŠ è½½ï¼š55]
[ info ] [ LANG ] /var/www/card/thinkphp/lang/zh-cn.php
[ info ] [ ROUTE ] array (
  'type' => 'controller',
  'controller' => 'home/Player/get_player_info',
  'var' => 
  array (
  ),
)
[ info ] [ HEADER ] array (
  'charset' => 'UTF-8',
  'accept' => '*/*',
  'user-agent' => 'Mozilla/5.0 (Linux; Android 6.0.1; SM-G9350 Build/MMB29M; wv) AppleWebKit/537.36 (KHTML, like Gecko) Version/4.0 Chrome/48.0.2564.106 Mobile Safari/537.36',
  'connection' => 'Keep-Alive',
  'accept-encoding' => 'gzip',
  'content-type' => 'application/x-www-form-urlencoded',
  'host' => 'card.dcwen.top',
  'content-length' => '253',
)
[ info ] [ PARAM ] array (
  '/player_info' => '',
  'openid' => 'oY6480tMO7Q2ZK-spOhOeTypomTs',
  'avatar' => 'http://wx.qlogo.cn/mmhead/PiajxSqBRaEKGygvEHv2T815GeicHktg9OXqXJNl0ySG9NGuIgFZbBzA/0',
  'name' => 'ðŸ‡¾ðŸ‡´ðŸ‡¨',
  'sex' => '1',
  'addr' => 'ä¸­å›½/å››å·/æˆéƒ½',
)
[ info ] [ DB ] INIT mysql
[ info ] [ RUN ] app\home\controller\Player->get_player_info[ /var/www/card/app/home/controller/Player.php ]
[ info ] [ LOG ] INIT File
[ sql ] [ DB ] CONNECT:[ UseTime:0.000254s ] mysql:dbname=runfast;host=localhost;port=3306;charset=utf8
[ sql ] [ SQL ] SHOW COLUMNS FROM `edd_options` [ RunTime:0.000682s ]
[ sql ] [ SQL ] SELECT `is_close` FROM `edd_options` WHERE  `option_id` = 6 LIMIT 1 [ RunTime:0.000157s ]
[ sql ] [ SQL ] SHOW COLUMNS FROM `edd_player` [ RunTime:0.000487s ]
[ sql ] [ SQL ] SELECT * FROM `edd_player` WHERE  `openid` = 'oY6480tMO7Q2ZK-spOhOeTypomTs' LIMIT 1 [ RunTime:0.000196s ]
[ sql ] [ SQL ] SELECT * FROM `edd_player` WHERE  `openid` = 'oY6480tMO7Q2ZK-spOhOeTypomTs' LIMIT 1 [ RunTime:0.000121s ]
---------------------------------------------------------------
[ 2017-10-24T21:55:14+08:00 ] 172.16.0.5 223.87.240.112 POST /news_show
[ info ] card.dcwen.top/news_show [è¿è¡Œæ—¶é—´ï¼š0.002870s][åžåçŽ‡ï¼š348.45req/s] [å†…å­˜æ¶ˆè€—ï¼š548.45kb] [æ–‡ä»¶åŠ è½½ï¼š48]
[ info ] [ LANG ] /var/www/card/thinkphp/lang/zh-cn.php
[ info ] [ ROUTE ] array (
  'type' => 'controller',
  'controller' => 'home/Home/home_page',
  'var' => 
  array (
  ),
)
[ info ] [ HEADER ] array (
  'charset' => 'UTF-8',
  'accept' => '*/*',
  'user-agent' => 'Mozilla/5.0 (Linux; Android 6.0.1; SM-G9350 Build/MMB29M; wv) AppleWebKit/537.36 (KHTML, like Gecko) Version/4.0 Chrome/48.0.2564.106 Mobile Safari/537.36',
  'connection' => 'Keep-Alive',
  'accept-encoding' => 'gzip',
  'content-type' => 'application/x-www-form-urlencoded',
  'host' => 'card.dcwen.top',
  'content-length' => '0',
)
[ info ] [ PARAM ] array (
  '/news_show' => '',
)
[ info ] [ RUN ] app\home\controller\Home->home_page[ /var/www/card/app/home/controller/Home.php ]
[ info ] [ LOG ] INIT File
---------------------------------------------------------------
[ 2017-10-24T21:55:14+08:00 ] 172.16.0.5 223.87.240.112 POST /player_info
[ info ] card.dcwen.top/player_info [è¿è¡Œæ—¶é—´ï¼š0.005511s][åžåçŽ‡ï¼š181.45req/s] [å†…å­˜æ¶ˆè€—ï¼š715.10kb] [æ–‡ä»¶åŠ è½½ï¼š55]
[ info ] [ LANG ] /var/www/card/thinkphp/lang/zh-cn.php
[ info ] [ ROUTE ] array (
  'type' => 'controller',
  'controller' => 'home/Player/get_player_info',
  'var' => 
  array (
  ),
)
[ info ] [ HEADER ] array (
  'charset' => 'UTF-8',
  'accept' => '*/*',
  'user-agent' => 'Mozilla/5.0 (Linux; Android 6.0.1; SM-G9350 Build/MMB29M; wv) AppleWebKit/537.36 (KHTML, like Gecko) Version/4.0 Chrome/48.0.2564.106 Mobile Safari/537.36',
  'connection' => 'Keep-Alive',
  'accept-encoding' => 'gzip',
  'content-type' => 'application/x-www-form-urlencoded',
  'host' => 'card.dcwen.top',
  'content-length' => '9',
)
[ info ] [ PARAM ] array (
  '/player_info' => '',
  'cid' => 'tFlfe',
)
[ info ] [ DB ] INIT mysql
[ info ] [ RUN ] app\home\controller\Player->get_player_info[ /var/www/card/app/home/controller/Player.php ]
[ info ] [ LOG ] INIT File
[ sql ] [ DB ] CONNECT:[ UseTime:0.000211s ] mysql:dbname=runfast;host=localhost;port=3306;charset=utf8
[ sql ] [ SQL ] SHOW COLUMNS FROM `edd_options` [ RunTime:0.000686s ]
[ sql ] [ SQL ] SELECT `is_close` FROM `edd_options` WHERE  `option_id` = 6 LIMIT 1 [ RunTime:0.000151s ]
[ sql ] [ SQL ] SHOW COLUMNS FROM `edd_player` [ RunTime:0.000493s ]
[ sql ] [ SQL ] SELECT * FROM `edd_player` WHERE  `player_id` = 7 LIMIT 1 [ RunTime:0.000126s ]
---------------------------------------------------------------
[ 2017-10-24T21:55:14+08:00 ] 172.16.0.5 223.87.240.112 POST /room_page
[ info ] card.dcwen.top/room_page [è¿è¡Œæ—¶é—´ï¼š0.008537s][åžåçŽ‡ï¼š117.14req/s] [å†…å­˜æ¶ˆè€—ï¼š743.70kb] [æ–‡ä»¶åŠ è½½ï¼š56]
[ info ] [ LANG ] /var/www/card/thinkphp/lang/zh-cn.php
[ info ] [ ROUTE ] array (
  'type' => 'controller',
  'controller' => 'home/Room/room_page',
  'var' => 
  array (
  ),
)
[ info ] [ HEADER ] array (
  'charset' => 'UTF-8',
  'accept' => '*/*',
  'user-agent' => 'Mozilla/5.0 (Linux; Android 6.0.1; SM-G9350 Build/MMB29M; wv) AppleWebKit/537.36 (KHTML, like Gecko) Version/4.0 Chrome/48.0.2564.106 Mobile Safari/537.36',
  'connection' => 'Keep-Alive',
  'accept-encoding' => 'gzip',
  'content-type' => 'application/x-www-form-urlencoded',
  'host' => 'card.dcwen.top',
  'content-length' => '9',
)
[ info ] [ PARAM ] array (
  '/room_page' => '',
  'cid' => 'tFlfe',
)
[ info ] [ DB ] INIT mysql
[ info ] [ RUN ] app\home\controller\Room->room_page[ /var/www/card/app/home/controller/Room.php ]
[ info ] [ LOG ] INIT File
[ sql ] [ DB ] CONNECT:[ UseTime:0.000197s ] mysql:dbname=runfast;host=localhost;port=3306;charset=utf8
[ sql ] [ SQL ] SHOW COLUMNS FROM `edd_options` [ RunTime:0.000659s ]
[ sql ] [ SQL ] SELECT `is_close` FROM `edd_options` WHERE  `option_id` = 6 LIMIT 1 [ RunTime:0.000145s ]
[ sql ] [ SQL ] SHOW COLUMNS FROM `edd_room` [ RunTime:0.000512s ]
[ sql ] [ SQL ] SELECT `room_id`,`round_times`,`room_code` FROM `edd_room` WHERE  `room_owner` = 7  AND `del_time` = '0' [ RunTime:0.000131s ]
---------------------------------------------------------------
[ 2017-10-24T21:55:14+08:00 ] 172.16.0.5 223.87.240.112 POST /connect
[ info ] card.dcwen.top/connect [è¿è¡Œæ—¶é—´ï¼š0.004890s][åžåçŽ‡ï¼š204.50req/s] [å†…å­˜æ¶ˆè€—ï¼š732.82kb] [æ–‡ä»¶åŠ è½½ï¼š56]
[ info ] [ LANG ] /var/www/card/thinkphp/lang/zh-cn.php
[ info ] [ ROUTE ] array (
  'type' => 'controller',
  'controller' => 'home/Game/connect',
  'var' => 
  array (
  ),
)
[ info ] [ HEADER ] array (
  'charset' => 'UTF-8',
  'accept' => '*/*',
  'user-agent' => 'Mozilla/5.0 (Linux; Android 6.0.1; SM-G9350 Build/MMB29M; wv) AppleWebKit/537.36 (KHTML, like Gecko) Version/4.0 Chrome/48.0.2564.106 Mobile Safari/537.36',
  'connection' => 'Keep-Alive',
  'accept-encoding' => 'gzip',
  'content-type' => 'application/x-www-form-urlencoded',
  'host' => 'card.dcwen.top',
  'content-length' => '52',
)
[ info ] [ PARAM ] array (
  '/connect' => '',
  'client_id' => '7f0000010fa300000036',
  'cid' => 'tFlfe',
  'type' => 'outter',
)
[ info ] [ DB ] INIT mysql
[ info ] [ RUN ] app\home\controller\Game->connect[ /var/www/card/app/home/controller/Game.php ]
[ info ] [ LOG ] INIT File
[ sql ] [ DB ] CONNECT:[ UseTime:0.000180s ] mysql:dbname=runfast;host=localhost;port=3306;charset=utf8
[ sql ] [ SQL ] SHOW COLUMNS FROM `edd_options` [ RunTime:0.000634s ]
[ sql ] [ SQL ] SELECT `is_close` FROM `edd_options` WHERE  `option_id` = 6 LIMIT 1 [ RunTime:0.000140s ]
---------------------------------------------------------------
[ 2017-10-24T21:56:08+08:00 ] 172.16.0.5 223.87.240.112 POST /news_show
[ info ] card.dcwen.top/news_show [è¿è¡Œæ—¶é—´ï¼š0.003045s][åžåçŽ‡ï¼š328.40req/s] [å†…å­˜æ¶ˆè€—ï¼š548.48kb] [æ–‡ä»¶åŠ è½½ï¼š48]
[ info ] [ LANG ] /var/www/card/thinkphp/lang/zh-cn.php
[ info ] [ ROUTE ] array (
  'type' => 'controller',
  'controller' => 'home/Home/home_page',
  'var' => 
  array (
  ),
)
[ info ] [ HEADER ] array (
  'charset' => 'UTF-8',
  'accept' => '*/*',
  'user-agent' => 'Mozilla/5.0 (Linux; Android 6.0.1; SM-G9350 Build/MMB29M; wv) AppleWebKit/537.36 (KHTML, like Gecko) Version/4.0 Chrome/48.0.2564.106 Mobile Safari/537.36',
  'connection' => 'Keep-Alive',
  'accept-encoding' => 'gzip',
  'content-type' => 'application/x-www-form-urlencoded',
  'host' => 'card.dcwen.top',
  'content-length' => '0',
)
[ info ] [ PARAM ] array (
  '/news_show' => '',
)
[ info ] [ RUN ] app\home\controller\Home->home_page[ /var/www/card/app/home/controller/Home.php ]
[ info ] [ LOG ] INIT File
---------------------------------------------------------------
[ 2017-10-24T22:00:40+08:00 ] 172.16.0.5 223.87.240.112 POST /news_show
[ info ] card.dcwen.top/news_show [è¿è¡Œæ—¶é—´ï¼š0.004340s][åžåçŽ‡ï¼š230.42req/s] [å†…å­˜æ¶ˆè€—ï¼š548.48kb] [æ–‡ä»¶åŠ è½½ï¼š48]
[ info ] [ LANG ] /var/www/card/thinkphp/lang/zh-cn.php
[ info ] [ ROUTE ] array (
  'type' => 'controller',
  'controller' => 'home/Home/home_page',
  'var' => 
  array (
  ),
)
[ info ] [ HEADER ] array (
  'charset' => 'UTF-8',
  'accept' => '*/*',
  'user-agent' => 'Mozilla/5.0 (Linux; Android 6.0.1; SM-G9350 Build/MMB29M; wv) AppleWebKit/537.36 (KHTML, like Gecko) Version/4.0 Chrome/48.0.2564.106 Mobile Safari/537.36',
  'connection' => 'Keep-Alive',
  'accept-encoding' => 'gzip',
  'content-type' => 'application/x-www-form-urlencoded',
  'host' => 'card.dcwen.top',
  'content-length' => '0',
)
[ info ] [ PARAM ] array (
  '/news_show' => '',
)
[ info ] [ RUN ] app\home\controller\Home->home_page[ /var/www/card/app/home/controller/Home.php ]
[ info ] [ LOG ] INIT File
---------------------------------------------------------------
[ 2017-10-24T22:01:09+08:00 ] 172.16.0.5 223.87.240.112 POST /invite_page
[ info ] card.dcwen.top/invite_page [è¿è¡Œæ—¶é—´ï¼š0.006276s][åžåçŽ‡ï¼š159.33req/s] [å†…å­˜æ¶ˆè€—ï¼š679.65kb] [æ–‡ä»¶åŠ è½½ï¼š53]
[ info ] [ LANG ] /var/www/card/thinkphp/lang/zh-cn.php
[ info ] [ ROUTE ] array (
  'type' => 'controller',
  'controller' => 'home/Player/invite_page',
  'var' => 
  array (
  ),
)
[ info ] [ HEADER ] array (
  'charset' => 'UTF-8',
  'accept' => '*/*',
  'user-agent' => 'Mozilla/5.0 (Linux; Android 6.0.1; SM-G9350 Build/MMB29M; wv) AppleWebKit/537.36 (KHTML, like Gecko) Version/4.0 Chrome/48.0.2564.106 Mobile Safari/537.36',
  'connection' => 'Keep-Alive',
  'accept-encoding' => 'gzip',
  'content-type' => 'application/x-www-form-urlencoded',
  'host' => 'card.dcwen.top',
  'content-length' => '9',
)
[ info ] [ PARAM ] array (
  '/invite_page' => '',
  'cid' => '9hjIW',
)
[ info ] [ DB ] INIT mysql
[ info ] [ RUN ] app\home\controller\Player->invite_page[ /var/www/card/app/home/controller/Player.php ]
[ info ] [ LOG ] INIT File
[ sql ] [ DB ] CONNECT:[ UseTime:0.000272s ] mysql:dbname=runfast;host=localhost;port=3306;charset=utf8
[ sql ] [ SQL ] SHOW COLUMNS FROM `edd_options` [ RunTime:0.000806s ]
[ sql ] [ SQL ] SELECT `is_close` FROM `edd_options` WHERE  `option_id` = 6 LIMIT 1 [ RunTime:0.000171s ]
[ sql ] [ SQL ] SHOW COLUMNS FROM `edd_player` [ RunTime:0.000555s ]
[ sql ] [ SQL ] SELECT `users_id` FROM `edd_player` WHERE  `player_id` = 7 LIMIT 1 [ RunTime:0.000233s ]
---------------------------------------------------------------
[ 2017-10-24T22:01:52+08:00 ] 172.16.0.5 223.87.240.112 POST /invite_page
[ info ] card.dcwen.top/invite_page [è¿è¡Œæ—¶é—´ï¼š0.007120s][åžåçŽ‡ï¼š140.45req/s] [å†…å­˜æ¶ˆè€—ï¼š679.65kb] [æ–‡ä»¶åŠ è½½ï¼š53]
[ info ] [ LANG ] /var/www/card/thinkphp/lang/zh-cn.php
[ info ] [ ROUTE ] array (
  'type' => 'controller',
  'controller' => 'home/Player/invite_page',
  'var' => 
  array (
  ),
)
[ info ] [ HEADER ] array (
  'charset' => 'UTF-8',
  'accept' => '*/*',
  'user-agent' => 'Mozilla/5.0 (Linux; Android 6.0.1; SM-G9350 Build/MMB29M; wv) AppleWebKit/537.36 (KHTML, like Gecko) Version/4.0 Chrome/48.0.2564.106 Mobile Safari/537.36',
  'connection' => 'Keep-Alive',
  'accept-encoding' => 'gzip',
  'content-type' => 'application/x-www-form-urlencoded',
  'host' => 'card.dcwen.top',
  'content-length' => '9',
)
[ info ] [ PARAM ] array (
  '/invite_page' => '',
  'cid' => '9hjIW',
)
[ info ] [ DB ] INIT mysql
[ info ] [ RUN ] app\home\controller\Player->invite_page[ /var/www/card/app/home/controller/Player.php ]
[ info ] [ LOG ] INIT File
[ sql ] [ DB ] CONNECT:[ UseTime:0.000226s ] mysql:dbname=runfast;host=localhost;port=3306;charset=utf8
[ sql ] [ SQL ] SHOW COLUMNS FROM `edd_options` [ RunTime:0.000732s ]
[ sql ] [ SQL ] SELECT `is_close` FROM `edd_options` WHERE  `option_id` = 6 LIMIT 1 [ RunTime:0.000147s ]
[ sql ] [ SQL ] SHOW COLUMNS FROM `edd_player` [ RunTime:0.000517s ]
[ sql ] [ SQL ] SELECT `users_id` FROM `edd_player` WHERE  `player_id` = 7 LIMIT 1 [ RunTime:0.000119s ]
---------------------------------------------------------------
[ 2017-10-24T22:04:01+08:00 ] 172.16.0.5 223.87.240.112 POST /joined_room
[ info ] card.dcwen.top/joined_room [è¿è¡Œæ—¶é—´ï¼š0.010163s][åžåçŽ‡ï¼š98.40req/s] [å†…å­˜æ¶ˆè€—ï¼š713.38kb] [æ–‡ä»¶åŠ è½½ï¼š53]
[ info ] [ LANG ] /var/www/card/thinkphp/lang/zh-cn.php
[ info ] [ ROUTE ] array (
  'type' => 'controller',
  'controller' => 'home/Home/joined_room',
  'var' => 
  array (
  ),
)
[ info ] [ HEADER ] array (
  'charset' => 'UTF-8',
  'accept' => '*/*',
  'user-agent' => 'Mozilla/5.0 (Linux; Android 6.0.1; SM-G9350 Build/MMB29M; wv) AppleWebKit/537.36 (KHTML, like Gecko) Version/4.0 Chrome/48.0.2564.106 Mobile Safari/537.36',
  'connection' => 'Keep-Alive',
  'accept-encoding' => 'gzip',
  'content-type' => 'application/x-www-form-urlencoded',
  'host' => 'card.dcwen.top',
  'content-length' => '16',
)
[ info ] [ PARAM ] array (
  '/joined_room' => '',
  'cid' => '9hjIW',
  'page' => '1',
)
[ info ] [ RUN ] app\home\controller\Home->joined_room[ /var/www/card/app/home/controller/Home.php ]
[ info ] [ DB ] INIT mysql
[ info ] [ LOG ] INIT File
[ sql ] [ DB ] CONNECT:[ UseTime:0.000193s ] mysql:dbname=runfast;host=localhost;port=3306;charset=utf8
[ sql ] [ SQL ] SHOW COLUMNS FROM `edd_room_round` [ RunTime:0.000644s ]
[ sql ] [ SQL ] SELECT `r`.`room_id`,`room_date`,`round_times`,`room_type`,`room_code`,`room_all_type` FROM `edd_room_round` `rr` INNER JOIN `edd_room` `r` ON `r`.`room_id`=`rr`.`room_id` WHERE  `all_player` LIKE '%\\\"7\\\"%' GROUP BY r.room_id ORDER BY room_date desc LIMIT 0,6 [ RunTime:0.002156s ]
[ sql ] [ SQL ] SHOW COLUMNS FROM `edd_round` [ RunTime:0.000534s ]
[ sql ] [ SQL ] SELECT SUM(score) AS tp_sum FROM `edd_round` WHERE  `player_id` = 7  AND `room_id` = 420 LIMIT 1 [ RunTime:0.000139s ]
[ sql ] [ SQL ] SELECT SUM(score) AS tp_sum FROM `edd_round` WHERE  `player_id` = 7  AND `room_id` = 419 LIMIT 1 [ RunTime:0.000165s ]
[ sql ] [ SQL ] SELECT SUM(score) AS tp_sum FROM `edd_round` WHERE  `player_id` = 7  AND `room_id` = 404 LIMIT 1 [ RunTime:0.000152s ]
[ sql ] [ SQL ] SELECT SUM(score) AS tp_sum FROM `edd_round` WHERE  `player_id` = 7  AND `room_id` = 403 LIMIT 1 [ RunTime:0.000121s ]
[ sql ] [ SQL ] SELECT SUM(score) AS tp_sum FROM `edd_round` WHERE  `player_id` = 7  AND `room_id` = 401 LIMIT 1 [ RunTime:0.000127s ]
[ sql ] [ SQL ] SELECT SUM(score) AS tp_sum FROM `edd_round` WHERE  `player_id` = 7  AND `room_id` = 393 LIMIT 1 [ RunTime:0.000153s ]
---------------------------------------------------------------
[ 2017-10-24T22:05:48+08:00 ] 172.16.0.5 223.87.240.112 POST /joined_room
[ info ] card.dcwen.top/joined_room [è¿è¡Œæ—¶é—´ï¼š0.009134s][åžåçŽ‡ï¼š109.48req/s] [å†…å­˜æ¶ˆè€—ï¼š707.03kb] [æ–‡ä»¶åŠ è½½ï¼š53]
[ info ] [ LANG ] /var/www/card/thinkphp/lang/zh-cn.php
[ info ] [ ROUTE ] array (
  'type' => 'controller',
  'controller' => 'home/Home/joined_room',
  'var' => 
  array (
  ),
)
[ info ] [ HEADER ] array (
  'charset' => 'UTF-8',
  'accept' => '*/*',
  'user-agent' => 'Mozilla/5.0 (Linux; Android 6.0.1; SM-G9350 Build/MMB29M; wv) AppleWebKit/537.36 (KHTML, like Gecko) Version/4.0 Chrome/48.0.2564.106 Mobile Safari/537.36',
  'connection' => 'Keep-Alive',
  'accept-encoding' => 'gzip',
  'content-type' => 'application/x-www-form-urlencoded',
  'host' => 'card.dcwen.top',
  'content-length' => '16',
)
[ info ] [ PARAM ] array (
  '/joined_room' => '',
  'cid' => '9hjIW',
  'page' => '2',
)
[ info ] [ RUN ] app\home\controller\Home->joined_room[ /var/www/card/app/home/controller/Home.php ]
[ info ] [ DB ] INIT mysql
[ info ] [ LOG ] INIT File
[ sql ] [ DB ] CONNECT:[ UseTime:0.000277s ] mysql:dbname=runfast;host=localhost;port=3306;charset=utf8
[ sql ] [ SQL ] SHOW COLUMNS FROM `edd_room_round` [ RunTime:0.000813s ]
[ sql ] [ SQL ] SELECT `r`.`room_id`,`room_date`,`round_times`,`room_type`,`room_code`,`room_all_type` FROM `edd_room_round` `rr` INNER JOIN `edd_room` `r` ON `r`.`room_id`=`rr`.`room_id` WHERE  `all_player` LIKE '%\\\"7\\\"%' GROUP BY r.room_id ORDER BY room_date desc LIMIT 6,6 [ RunTime:0.000601s ]
[ sql ] [ SQL ] SHOW COLUMNS FROM `edd_round` [ RunTime:0.000570s ]
[ sql ] [ SQL ] SELECT SUM(score) AS tp_sum FROM `edd_round` WHERE  `player_id` = 7  AND `room_id` = 392 LIMIT 1 [ RunTime:0.002151s ]
---------------------------------------------------------------
[ 2017-10-24T22:06:35+08:00 ] 172.16.0.5 223.87.240.112 POST /joined_room
[ info ] card.dcwen.top/joined_room [è¿è¡Œæ—¶é—´ï¼š0.005075s][åžåçŽ‡ï¼š197.05req/s] [å†…å­˜æ¶ˆè€—ï¼š701.67kb] [æ–‡ä»¶åŠ è½½ï¼š53]
[ info ] [ LANG ] /var/www/card/thinkphp/lang/zh-cn.php
[ info ] [ ROUTE ] array (
  'type' => 'controller',
  'controller' => 'home/Home/joined_room',
  'var' => 
  array (
  ),
)
[ info ] [ HEADER ] array (
  'charset' => 'UTF-8',
  'accept' => '*/*',
  'user-agent' => 'Mozilla/5.0 (Linux; Android 6.0.1; SM-G9350 Build/MMB29M; wv) AppleWebKit/537.36 (KHTML, like Gecko) Version/4.0 Chrome/48.0.2564.106 Mobile Safari/537.36',
  'connection' => 'Keep-Alive',
  'accept-encoding' => 'gzip',
  'content-type' => 'application/x-www-form-urlencoded',
  'host' => 'card.dcwen.top',
  'content-length' => '16',
)
[ info ] [ PARAM ] array (
  '/joined_room' => '',
  'cid' => '9hjIW',
  'page' => '3',
)
[ info ] [ RUN ] app\home\controller\Home->joined_room[ /var/www/card/app/home/controller/Home.php ]
[ info ] [ DB ] INIT mysql
[ info ] [ LOG ] INIT File
[ sql ] [ DB ] CONNECT:[ UseTime:0.000213s ] mysql:dbname=runfast;host=localhost;port=3306;charset=utf8
[ sql ] [ SQL ] SHOW COLUMNS FROM `edd_room_round` [ RunTime:0.000674s ]
[ sql ] [ SQL ] SELECT `r`.`room_id`,`room_date`,`round_times`,`room_type`,`room_code`,`room_all_type` FROM `edd_room_round` `rr` INNER JOIN `edd_room` `r` ON `r`.`room_id`=`rr`.`room_id` WHERE  `all_player` LIKE '%\\\"7\\\"%' GROUP BY r.room_id ORDER BY room_date desc LIMIT 12,6 [ RunTime:0.000619s ]
---------------------------------------------------------------
[ 2017-10-24T22:06:54+08:00 ] 172.16.0.5 223.87.240.112 POST /one_room_round
[ info ] card.dcwen.top/one_room_round [è¿è¡Œæ—¶é—´ï¼š0.013418s][åžåçŽ‡ï¼š74.53req/s] [å†…å­˜æ¶ˆè€—ï¼š740.91kb] [æ–‡ä»¶åŠ è½½ï¼š55]
[ info ] [ LANG ] /var/www/card/thinkphp/lang/zh-cn.php
[ info ] [ ROUTE ] array (
  'type' => 'controller',
  'controller' => 'home/Home/one_room_round',
  'var' => 
  array (
  ),
)
[ info ] [ HEADER ] array (
  'charset' => 'UTF-8',
  'accept' => '*/*',
  'user-agent' => 'Mozilla/5.0 (Linux; Android 6.0.1; SM-G9350 Build/MMB29M; wv) AppleWebKit/537.36 (KHTML, like Gecko) Version/4.0 Chrome/48.0.2564.106 Mobile Safari/537.36',
  'connection' => 'Keep-Alive',
  'accept-encoding' => 'gzip',
  'content-type' => 'application/x-www-form-urlencoded',
  'host' => 'card.dcwen.top',
  'content-length' => '21',
)
[ info ] [ PARAM ] array (
  '/one_room_round' => '',
  'cid' => '9hjIW',
  'room_id' => '401',
)
[ info ] [ RUN ] app\home\controller\Home->one_room_round[ /var/www/card/app/home/controller/Home.php ]
[ info ] [ DB ] INIT mysql
[ info ] [ LOG ] INIT File
[ sql ] [ DB ] CONNECT:[ UseTime:0.000247s ] mysql:dbname=runfast;host=localhost;port=3306;charset=utf8
[ sql ] [ SQL ] SHOW COLUMNS FROM `edd_round` [ RunTime:0.000746s ]
[ sql ] [ SQL ] SELECT `score`,`r`.`round_id` FROM `edd_round` `r` LEFT JOIN `edd_bomb` `b` ON `r`.`round_id`=`b`.`room_id` WHERE  `r`.`player_id` = '7'  AND `r`.`room_id` = '401' [ RunTime:0.001122s ]
[ sql ] [ SQL ] SHOW COLUMNS FROM `edd_room` [ RunTime:0.000538s ]
[ sql ] [ SQL ] SELECT * FROM `edd_room` WHERE  `room_id` = 401 LIMIT 1 [ RunTime:0.000219s ]
[ sql ] [ SQL ] SHOW COLUMNS FROM `edd_bomb` [ RunTime:0.000548s ]
[ sql ] [ SQL ] SELECT COUNT(*) AS tp_count FROM `edd_bomb` WHERE  `round_id` = 1  AND `room_id` = 401 LIMIT 1 [ RunTime:0.000208s ]
[ sql ] [ SQL ] SELECT COUNT(*) AS tp_count FROM `edd_bomb` WHERE  `round_id` = 2  AND `room_id` = 401 LIMIT 1 [ RunTime:0.000188s ]
[ sql ] [ SQL ] SELECT COUNT(*) AS tp_count FROM `edd_bomb` WHERE  `round_id` = 3  AND `room_id` = 401 LIMIT 1 [ RunTime:0.000200s ]
[ sql ] [ SQL ] SELECT COUNT(*) AS tp_count FROM `edd_bomb` WHERE  `round_id` = 4  AND `room_id` = 401 LIMIT 1 [ RunTime:0.000183s ]
[ sql ] [ SQL ] SELECT COUNT(*) AS tp_count FROM `edd_bomb` WHERE  `round_id` = 5  AND `room_id` = 401 LIMIT 1 [ RunTime:0.000188s ]
[ sql ] [ SQL ] SELECT COUNT(*) AS tp_count FROM `edd_bomb` WHERE  `round_id` = 6  AND `room_id` = 401 LIMIT 1 [ RunTime:0.000184s ]
[ sql ] [ SQL ] SELECT COUNT(*) AS tp_count FROM `edd_bomb` WHERE  `round_id` = 7  AND `room_id` = 401 LIMIT 1 [ RunTime:0.000190s ]
[ sql ] [ SQL ] SELECT COUNT(*) AS tp_count FROM `edd_bomb` WHERE  `round_id` = 8  AND `room_id` = 401 LIMIT 1 [ RunTime:0.000211s ]
[ sql ] [ SQL ] SELECT COUNT(*) AS tp_count FROM `edd_bomb` WHERE  `round_id` = 9  AND `room_id` = 401 LIMIT 1 [ RunTime:0.000184s ]
[ sql ] [ SQL ] SELECT COUNT(*) AS tp_count FROM `edd_bomb` WHERE  `round_id` = 10  AND `room_id` = 401 LIMIT 1 [ RunTime:0.000187s ]
---------------------------------------------------------------
[ 2017-10-24T22:07:49+08:00 ] 172.16.0.5 223.87.240.112 POST /one_room_round
[ info ] card.dcwen.top/one_room_round [è¿è¡Œæ—¶é—´ï¼š0.012881s][åžåçŽ‡ï¼š77.63req/s] [å†…å­˜æ¶ˆè€—ï¼š740.91kb] [æ–‡ä»¶åŠ è½½ï¼š55]
[ info ] [ LANG ] /var/www/card/thinkphp/lang/zh-cn.php
[ info ] [ ROUTE ] array (
  'type' => 'controller',
  'controller' => 'home/Home/one_room_round',
  'var' => 
  array (
  ),
)
[ info ] [ HEADER ] array (
  'charset' => 'UTF-8',
  'accept' => '*/*',
  'user-agent' => 'Mozilla/5.0 (Linux; Android 6.0.1; SM-G9350 Build/MMB29M; wv) AppleWebKit/537.36 (KHTML, like Gecko) Version/4.0 Chrome/48.0.2564.106 Mobile Safari/537.36',
  'connection' => 'Keep-Alive',
  'accept-encoding' => 'gzip',
  'content-type' => 'application/x-www-form-urlencoded',
  'host' => 'card.dcwen.top',
  'content-length' => '21',
)
[ info ] [ PARAM ] array (
  '/one_room_round' => '',
  'cid' => '9hjIW',
  'room_id' => '393',
)
[ info ] [ RUN ] app\home\controller\Home->one_room_round[ /var/www/card/app/home/controller/Home.php ]
[ info ] [ DB ] INIT mysql
[ info ] [ LOG ] INIT File
[ sql ] [ DB ] CONNECT:[ UseTime:0.000253s ] mysql:dbname=runfast;host=localhost;port=3306;charset=utf8
[ sql ] [ SQL ] SHOW COLUMNS FROM `edd_round` [ RunTime:0.000697s ]
[ sql ] [ SQL ] SELECT `score`,`r`.`round_id` FROM `edd_round` `r` LEFT JOIN `edd_bomb` `b` ON `r`.`round_id`=`b`.`room_id` WHERE  `r`.`player_id` = '7'  AND `r`.`room_id` = '393' [ RunTime:0.000527s ]
[ sql ] [ SQL ] SHOW COLUMNS FROM `edd_room` [ RunTime:0.000531s ]
[ sql ] [ SQL ] SELECT * FROM `edd_room` WHERE  `room_id` = 393 LIMIT 1 [ RunTime:0.000213s ]
[ sql ] [ SQL ] SHOW COLUMNS FROM `edd_bomb` [ RunTime:0.000502s ]
[ sql ] [ SQL ] SELECT COUNT(*) AS tp_count FROM `edd_bomb` WHERE  `round_id` = 1  AND `room_id` = 393 LIMIT 1 [ RunTime:0.000209s ]
[ sql ] [ SQL ] SELECT COUNT(*) AS tp_count FROM `edd_bomb` WHERE  `round_id` = 2  AND `room_id` = 393 LIMIT 1 [ RunTime:0.000236s ]
[ sql ] [ SQL ] SELECT COUNT(*) AS tp_count FROM `edd_bomb` WHERE  `round_id` = 3  AND `room_id` = 393 LIMIT 1 [ RunTime:0.000191s ]
[ sql ] [ SQL ] SELECT COUNT(*) AS tp_count FROM `edd_bomb` WHERE  `round_id` = 4  AND `room_id` = 393 LIMIT 1 [ RunTime:0.000176s ]
[ sql ] [ SQL ] SELECT COUNT(*) AS tp_count FROM `edd_bomb` WHERE  `round_id` = 5  AND `room_id` = 393 LIMIT 1 [ RunTime:0.000187s ]
[ sql ] [ SQL ] SELECT COUNT(*) AS tp_count FROM `edd_bomb` WHERE  `round_id` = 6  AND `room_id` = 393 LIMIT 1 [ RunTime:0.000175s ]
[ sql ] [ SQL ] SELECT COUNT(*) AS tp_count FROM `edd_bomb` WHERE  `round_id` = 7  AND `room_id` = 393 LIMIT 1 [ RunTime:0.000185s ]
[ sql ] [ SQL ] SELECT COUNT(*) AS tp_count FROM `edd_bomb` WHERE  `round_id` = 8  AND `room_id` = 393 LIMIT 1 [ RunTime:0.000174s ]
[ sql ] [ SQL ] SELECT COUNT(*) AS tp_count FROM `edd_bomb` WHERE  `round_id` = 9  AND `room_id` = 393 LIMIT 1 [ RunTime:0.000179s ]
[ sql ] [ SQL ] SELECT COUNT(*) AS tp_count FROM `edd_bomb` WHERE  `round_id` = 10  AND `room_id` = 393 LIMIT 1 [ RunTime:0.000247s ]
---------------------------------------------------------------
[ 2017-10-24T22:07:51+08:00 ] 172.16.0.5 223.87.240.112 POST /one_room_round
[ info ] card.dcwen.top/one_room_round [è¿è¡Œæ—¶é—´ï¼š0.013341s][åžåçŽ‡ï¼š74.96req/s] [å†…å­˜æ¶ˆè€—ï¼š740.95kb] [æ–‡ä»¶åŠ è½½ï¼š55]
[ info ] [ LANG ] /var/www/card/thinkphp/lang/zh-cn.php
[ info ] [ ROUTE ] array (
  'type' => 'controller',
  'controller' => 'home/Home/one_room_round',
  'var' => 
  array (
  ),
)
[ info ] [ HEADER ] array (
  'charset' => 'UTF-8',
  'accept' => '*/*',
  'user-agent' => 'Mozilla/5.0 (Linux; Android 6.0.1; SM-G9350 Build/MMB29M; wv) AppleWebKit/537.36 (KHTML, like Gecko) Version/4.0 Chrome/48.0.2564.106 Mobile Safari/537.36',
  'connection' => 'Keep-Alive',
  'accept-encoding' => 'gzip',
  'content-type' => 'application/x-www-form-urlencoded',
  'host' => 'card.dcwen.top',
  'content-length' => '21',
)
[ info ] [ PARAM ] array (
  '/one_room_round' => '',
  'cid' => '9hjIW',
  'room_id' => '392',
)
[ info ] [ RUN ] app\home\controller\Home->one_room_round[ /var/www/card/app/home/controller/Home.php ]
[ info ] [ DB ] INIT mysql
[ info ] [ LOG ] INIT File
[ sql ] [ DB ] CONNECT:[ UseTime:0.000264s ] mysql:dbname=runfast;host=localhost;port=3306;charset=utf8
[ sql ] [ SQL ] SHOW COLUMNS FROM `edd_round` [ RunTime:0.000767s ]
[ sql ] [ SQL ] SELECT `score`,`r`.`round_id` FROM `edd_round` `r` LEFT JOIN `edd_bomb` `b` ON `r`.`round_id`=`b`.`room_id` WHERE  `r`.`player_id` = '7'  AND `r`.`room_id` = '392' [ RunTime:0.000563s ]
[ sql ] [ SQL ] SHOW COLUMNS FROM `edd_room` [ RunTime:0.000631s ]
[ sql ] [ SQL ] SELECT * FROM `edd_room` WHERE  `room_id` = 392 LIMIT 1 [ RunTime:0.000202s ]
[ sql ] [ SQL ] SHOW COLUMNS FROM `edd_bomb` [ RunTime:0.000542s ]
[ sql ] [ SQL ] SELECT COUNT(*) AS tp_count FROM `edd_bomb` WHERE  `round_id` = 1  AND `room_id` = 392 LIMIT 1 [ RunTime:0.000236s ]
[ sql ] [ SQL ] SELECT COUNT(*) AS tp_count FROM `edd_bomb` WHERE  `round_id` = 2  AND `room_id` = 392 LIMIT 1 [ RunTime:0.000195s ]
[ sql ] [ SQL ] SELECT COUNT(*) AS tp_count FROM `edd_bomb` WHERE  `round_id` = 3  AND `room_id` = 392 LIMIT 1 [ RunTime:0.000243s ]
[ sql ] [ SQL ] SELECT COUNT(*) AS tp_count FROM `edd_bomb` WHERE  `round_id` = 4  AND `room_id` = 392 LIMIT 1 [ RunTime:0.000344s ]
[ sql ] [ SQL ] SELECT COUNT(*) AS tp_count FROM `edd_bomb` WHERE  `round_id` = 5  AND `room_id` = 392 LIMIT 1 [ RunTime:0.000180s ]
[ sql ] [ SQL ] SELECT COUNT(*) AS tp_count FROM `edd_bomb` WHERE  `round_id` = 6  AND `room_id` = 392 LIMIT 1 [ RunTime:0.000174s ]
[ sql ] [ SQL ] SELECT COUNT(*) AS tp_count FROM `edd_bomb` WHERE  `round_id` = 7  AND `room_id` = 392 LIMIT 1 [ RunTime:0.000176s ]
[ sql ] [ SQL ] SELECT COUNT(*) AS tp_count FROM `edd_bomb` WHERE  `round_id` = 8  AND `room_id` = 392 LIMIT 1 [ RunTime:0.000187s ]
[ sql ] [ SQL ] SELECT COUNT(*) AS tp_count FROM `edd_bomb` WHERE  `round_id` = 9  AND `room_id` = 392 LIMIT 1 [ RunTime:0.000248s ]
[ sql ] [ SQL ] SELECT COUNT(*) AS tp_count FROM `edd_bomb` WHERE  `round_id` = 10  AND `room_id` = 392 LIMIT 1 [ RunTime:0.000214s ]
---------------------------------------------------------------
[ 2017-10-24T22:08:10+08:00 ] 172.16.0.5 223.87.240.112 POST /news_show
[ info ] card.dcwen.top/news_show [è¿è¡Œæ—¶é—´ï¼š0.003728s][åžåçŽ‡ï¼š268.23req/s] [å†…å­˜æ¶ˆè€—ï¼š548.48kb] [æ–‡ä»¶åŠ è½½ï¼š48]
[ info ] [ LANG ] /var/www/card/thinkphp/lang/zh-cn.php
[ info ] [ ROUTE ] array (
  'type' => 'controller',
  'controller' => 'home/Home/home_page',
  'var' => 
  array (
  ),
)
[ info ] [ HEADER ] array (
  'charset' => 'UTF-8',
  'accept' => '*/*',
  'user-agent' => 'Mozilla/5.0 (Linux; Android 6.0.1; SM-G9350 Build/MMB29M; wv) AppleWebKit/537.36 (KHTML, like Gecko) Version/4.0 Chrome/48.0.2564.106 Mobile Safari/537.36',
  'connection' => 'Keep-Alive',
  'accept-encoding' => 'gzip',
  'content-type' => 'application/x-www-form-urlencoded',
  'host' => 'card.dcwen.top',
  'content-length' => '0',
)
[ info ] [ PARAM ] array (
  '/news_show' => '',
)
[ info ] [ RUN ] app\home\controller\Home->home_page[ /var/www/card/app/home/controller/Home.php ]
[ info ] [ LOG ] INIT File
---------------------------------------------------------------
[ 2017-10-24T22:14:00+08:00 ] 172.16.0.5 223.87.240.112 GET /connect
[ info ] card.dcwen.top/connect [è¿è¡Œæ—¶é—´ï¼š0.008611s][åžåçŽ‡ï¼š116.13req/s] [å†…å­˜æ¶ˆè€—ï¼š1,720.12kb] [æ–‡ä»¶åŠ è½½ï¼š53]
[ info ] [ LANG ] /var/www/card/thinkphp/lang/zh-cn.php
[ info ] [ ROUTE ] array (
  'type' => 'controller',
  'controller' => 'home/Home/connect',
  'var' => 
  array (
  ),
)
[ info ] [ HEADER ] array (
  'charset' => 'UTF-8',
  'accept' => '*/*',
  'user-agent' => 'Mozilla/5.0 (Linux; Android 6.0.1; SM-G9350 Build/MMB29M; wv) AppleWebKit/537.36 (KHTML, like Gecko) Version/4.0 Chrome/48.0.2564.106 Mobile Safari/537.36',
  'connection' => 'Keep-Alive',
  'accept-encoding' => 'gzip',
  'host' => 'card.dcwen.top',
)
[ info ] [ PARAM ] array (
  '/connect' => '',
)
[ info ] [ RUN ] app\home\controller\Home->connect[ /var/www/card/app/home/controller/Home.php ]
[ info ] [ DB ] INIT mysql
[ info ] [ LOG ] INIT File
[ sql ] [ DB ] CONNECT:[ UseTime:0.000258s ] mysql:dbname=runfast;host=localhost;port=3306;charset=utf8
[ sql ] [ SQL ] SHOW COLUMNS FROM `edd_options` [ RunTime:0.001085s ]
[ sql ] [ SQL ] SELECT `option_value` FROM `edd_options` WHERE  `option_id` = 6 LIMIT 1 [ RunTime:0.000151s ]
[ sql ] [ SQL ] SELECT `option_value` FROM `edd_options` WHERE  `option_id` = 6 LIMIT 1 [ RunTime:0.000109s ]
[ sql ] [ SQL ] SELECT `option_value` FROM `edd_options` WHERE  `option_id` = 6 LIMIT 1 [ RunTime:0.000128s ]
[ sql ] [ SQL ] SELECT `option_value` FROM `edd_options` WHERE  `option_id` = 6 LIMIT 1 [ RunTime:0.000162s ]
---------------------------------------------------------------
[ 2017-10-24T22:23:37+08:00 ] 172.16.0.5 223.87.240.112 POST /goods_show
[ info ] card.dcwen.top/goods_show [è¿è¡Œæ—¶é—´ï¼š0.008169s][åžåçŽ‡ï¼š122.41req/s] [å†…å­˜æ¶ˆè€—ï¼š694.75kb] [æ–‡ä»¶åŠ è½½ï¼š53]
[ info ] [ LANG ] /var/www/card/thinkphp/lang/zh-cn.php
[ info ] [ ROUTE ] array (
  'type' => 'controller',
  'controller' => 'home/Goods/home_page',
  'var' => 
  array (
  ),
)
[ info ] [ HEADER ] array (
  'charset' => 'UTF-8',
  'accept' => '*/*',
  'user-agent' => 'Mozilla/5.0 (Linux; Android 6.0.1; SM-G9350 Build/MMB29M; wv) AppleWebKit/537.36 (KHTML, like Gecko) Version/4.0 Chrome/48.0.2564.106 Mobile Safari/537.36',
  'connection' => 'Keep-Alive',
  'accept-encoding' => 'gzip',
  'content-type' => 'application/x-www-form-urlencoded',
  'host' => 'card.dcwen.top',
  'content-length' => '9',
)
[ info ] [ PARAM ] array (
  '/goods_show' => '',
  'cid' => '9hjIW',
)
[ info ] [ DB ] INIT mysql
[ info ] [ RUN ] app\home\controller\Goods->home_page[ /var/www/card/app/home/controller/Goods.php ]
[ info ] [ LOG ] INIT File
[ sql ] [ DB ] CONNECT:[ UseTime:0.000226s ] mysql:dbname=runfast;host=localhost;port=3306;charset=utf8
[ sql ] [ SQL ] SHOW COLUMNS FROM `edd_options` [ RunTime:0.000750s ]
[ sql ] [ SQL ] SELECT `is_close` FROM `edd_options` WHERE  `option_id` = 6 LIMIT 1 [ RunTime:0.000179s ]
[ sql ] [ SQL ] SHOW COLUMNS FROM `edd_player` [ RunTime:0.000561s ]
[ sql ] [ SQL ] SELECT `users_id` FROM `edd_player` WHERE  `player_id` = 7 LIMIT 1 [ RunTime:0.000134s ]
[ sql ] [ SQL ] SHOW COLUMNS FROM `edd_users` [ RunTime:0.000619s ]
[ sql ] [ SQL ] SELECT `user_rank` FROM `edd_users` WHERE  `player_id` = 7 LIMIT 1 [ RunTime:0.000135s ]
---------------------------------------------------------------
[ 2017-10-24T22:23:37+08:00 ] 172.16.0.5 223.87.240.112 POST /recharge_list
[ info ] card.dcwen.top/recharge_list [è¿è¡Œæ—¶é—´ï¼š0.008632s][åžåçŽ‡ï¼š115.85req/s] [å†…å­˜æ¶ˆè€—ï¼š693.87kb] [æ–‡ä»¶åŠ è½½ï¼š53]
[ info ] [ LANG ] /var/www/card/thinkphp/lang/zh-cn.php
[ info ] [ ROUTE ] array (
  'type' => 'controller',
  'controller' => 'home/Goods/recharge_list',
  'var' => 
  array (
  ),
)
[ info ] [ HEADER ] array (
  'charset' => 'UTF-8',
  'accept' => '*/*',
  'user-agent' => 'Mozilla/5.0 (Linux; Android 6.0.1; SM-G9350 Build/MMB29M; wv) AppleWebKit/537.36 (KHTML, like Gecko) Version/4.0 Chrome/48.0.2564.106 Mobile Safari/537.36',
  'connection' => 'Keep-Alive',
  'accept-encoding' => 'gzip',
  'content-type' => 'application/x-www-form-urlencoded',
  'host' => 'card.dcwen.top',
  'content-length' => '16',
)
[ info ] [ PARAM ] array (
  '/recharge_list' => '',
  'cid' => '9hjIW',
  'page' => '1',
)
[ info ] [ DB ] INIT mysql
[ info ] [ RUN ] app\home\controller\Goods->recharge_list[ /var/www/card/app/home/controller/Goods.php ]
[ info ] [ LOG ] INIT File
[ sql ] [ DB ] CONNECT:[ UseTime:0.000162s ] mysql:dbname=runfast;host=localhost;port=3306;charset=utf8
[ sql ] [ SQL ] SHOW COLUMNS FROM `edd_options` [ RunTime:0.000591s ]
[ sql ] [ SQL ] SELECT `is_close` FROM `edd_options` WHERE  `option_id` = 6 LIMIT 1 [ RunTime:0.000154s ]
[ sql ] [ SQL ] SHOW COLUMNS FROM `edd_pay_log` [ RunTime:0.000540s ]
[ sql ] [ SQL ] SELECT `order_sn`,`pay_money`,`diamond_nums`,`pay_date`,`player_id` FROM `edd_pay_log` WHERE  `player_id` = '7' ORDER BY pay_date desc LIMIT 0,6 [ RunTime:0.000816s ]
[ sql ] [ SQL ] SHOW COLUMNS FROM `edd_player` [ RunTime:0.000536s ]
[ sql ] [ SQL ] SELECT `users_id` FROM `edd_player` WHERE  `player_id` = 7 LIMIT 1 [ RunTime:0.000139s ]
[ sql ] [ SQL ] SELECT `users_id` FROM `edd_player` WHERE  `player_id` = 7 LIMIT 1 [ RunTime:0.000149s ]
[ sql ] [ SQL ] SELECT `users_id` FROM `edd_player` WHERE  `player_id` = 7 LIMIT 1 [ RunTime:0.000135s ]
[ sql ] [ SQL ] SELECT `users_id` FROM `edd_player` WHERE  `player_id` = 7 LIMIT 1 [ RunTime:0.000132s ]
[ sql ] [ SQL ] SELECT `users_id` FROM `edd_player` WHERE  `player_id` = 7 LIMIT 1 [ RunTime:0.000115s ]
[ sql ] [ SQL ] SELECT `users_id` FROM `edd_player` WHERE  `player_id` = 7 LIMIT 1 [ RunTime:0.000133s ]
---------------------------------------------------------------
[ 2017-10-24T22:23:43+08:00 ] 172.16.0.5 223.87.240.112 POST /goods_show
[ info ] card.dcwen.top/goods_show [è¿è¡Œæ—¶é—´ï¼š0.007359s][åžåçŽ‡ï¼š135.89req/s] [å†…å­˜æ¶ˆè€—ï¼š691.35kb] [æ–‡ä»¶åŠ è½½ï¼š53]
[ info ] [ LANG ] /var/www/card/thinkphp/lang/zh-cn.php
[ info ] [ ROUTE ] array (
  'type' => 'controller',
  'controller' => 'home/Goods/home_page',
  'var' => 
  array (
  ),
)
[ info ] [ HEADER ] array (
  'charset' => 'UTF-8',
  'accept' => '*/*',
  'user-agent' => 'Mozilla/5.0 (Linux; Android 6.0.1; SM-G9350 Build/MMB29M; wv) AppleWebKit/537.36 (KHTML, like Gecko) Version/4.0 Chrome/48.0.2564.106 Mobile Safari/537.36',
  'connection' => 'Keep-Alive',
  'accept-encoding' => 'gzip',
  'content-type' => 'application/x-www-form-urlencoded',
  'host' => 'card.dcwen.top',
  'content-length' => '9',
)
[ info ] [ PARAM ] array (
  '/goods_show' => '',
  'cid' => '9hjIW',
)
[ info ] [ DB ] INIT mysql
[ info ] [ RUN ] app\home\controller\Goods->home_page[ /var/www/card/app/home/controller/Goods.php ]
[ info ] [ LOG ] INIT File
[ sql ] [ DB ] CONNECT:[ UseTime:0.000133s ] mysql:dbname=runfast;host=localhost;port=3306;charset=utf8
[ sql ] [ SQL ] SHOW COLUMNS FROM `edd_options` [ RunTime:0.000533s ]
[ sql ] [ SQL ] SELECT `is_close` FROM `edd_options` WHERE  `option_id` = 6 LIMIT 1 [ RunTime:0.000159s ]
[ sql ] [ SQL ] SHOW COLUMNS FROM `edd_player` [ RunTime:0.000636s ]
[ sql ] [ SQL ] SELECT `users_id` FROM `edd_player` WHERE  `player_id` = 7 LIMIT 1 [ RunTime:0.000325s ]
[ sql ] [ SQL ] SHOW COLUMNS FROM `edd_users` [ RunTime:0.001083s ]
[ sql ] [ SQL ] SELECT `user_rank` FROM `edd_users` WHERE  `player_id` = 7 LIMIT 1 [ RunTime:0.000113s ]
---------------------------------------------------------------
[ 2017-10-24T22:23:43+08:00 ] 172.16.0.5 223.87.240.112 POST /recharge_list
[ info ] card.dcwen.top/recharge_list [è¿è¡Œæ—¶é—´ï¼š0.015027s][åžåçŽ‡ï¼š66.55req/s] [å†…å­˜æ¶ˆè€—ï¼š693.82kb] [æ–‡ä»¶åŠ è½½ï¼š53]
[ info ] [ LANG ] /var/www/card/thinkphp/lang/zh-cn.php
[ info ] [ ROUTE ] array (
  'type' => 'controller',
  'controller' => 'home/Goods/recharge_list',
  'var' => 
  array (
  ),
)
[ info ] [ HEADER ] array (
  'charset' => 'UTF-8',
  'accept' => '*/*',
  'user-agent' => 'Mozilla/5.0 (Linux; Android 6.0.1; SM-G9350 Build/MMB29M; wv) AppleWebKit/537.36 (KHTML, like Gecko) Version/4.0 Chrome/48.0.2564.106 Mobile Safari/537.36',
  'connection' => 'Keep-Alive',
  'accept-encoding' => 'gzip',
  'content-type' => 'application/x-www-form-urlencoded',
  'host' => 'card.dcwen.top',
  'content-length' => '16',
)
[ info ] [ PARAM ] array (
  '/recharge_list' => '',
  'cid' => '9hjIW',
  'page' => '1',
)
[ info ] [ DB ] INIT mysql
[ info ] [ RUN ] app\home\controller\Goods->recharge_list[ /var/www/card/app/home/controller/Goods.php ]
[ info ] [ LOG ] INIT File
[ sql ] [ DB ] CONNECT:[ UseTime:0.000244s ] mysql:dbname=runfast;host=localhost;port=3306;charset=utf8
[ sql ] [ SQL ] SHOW COLUMNS FROM `edd_options` [ RunTime:0.000656s ]
[ sql ] [ SQL ] SELECT `is_close` FROM `edd_options` WHERE  `option_id` = 6 LIMIT 1 [ RunTime:0.000164s ]
[ sql ] [ SQL ] SHOW COLUMNS FROM `edd_pay_log` [ RunTime:0.004475s ]
[ sql ] [ SQL ] SELECT `order_sn`,`pay_money`,`diamond_nums`,`pay_date`,`player_id` FROM `edd_pay_log` WHERE  `player_id` = '7' ORDER BY pay_date desc LIMIT 0,6 [ RunTime:0.000249s ]
[ sql ] [ SQL ] SHOW COLUMNS FROM `edd_player` [ RunTime:0.000925s ]
[ sql ] [ SQL ] SELECT `users_id` FROM `edd_player` WHERE  `player_id` = 7 LIMIT 1 [ RunTime:0.000112s ]
[ sql ] [ SQL ] SELECT `users_id` FROM `edd_player` WHERE  `player_id` = 7 LIMIT 1 [ RunTime:0.000126s ]
[ sql ] [ SQL ] SELECT `users_id` FROM `edd_player` WHERE  `player_id` = 7 LIMIT 1 [ RunTime:0.000326s ]
[ sql ] [ SQL ] SELECT `users_id` FROM `edd_player` WHERE  `player_id` = 7 LIMIT 1 [ RunTime:0.000145s ]
[ sql ] [ SQL ] SELECT `users_id` FROM `edd_player` WHERE  `player_id` = 7 LIMIT 1 [ RunTime:0.000112s ]
[ sql ] [ SQL ] SELECT `users_id` FROM `edd_player` WHERE  `player_id` = 7 LIMIT 1 [ RunTime:0.000112s ]
---------------------------------------------------------------
[ 2017-10-24T22:23:45+08:00 ] 172.16.0.5 223.87.240.112 POST /recharge_list
[ info ] card.dcwen.top/recharge_list [è¿è¡Œæ—¶é—´ï¼š0.008025s][åžåçŽ‡ï¼š124.61req/s] [å†…å­˜æ¶ˆè€—ï¼š693.87kb] [æ–‡ä»¶åŠ è½½ï¼š53]
[ info ] [ LANG ] /var/www/card/thinkphp/lang/zh-cn.php
[ info ] [ ROUTE ] array (
  'type' => 'controller',
  'controller' => 'home/Goods/recharge_list',
  'var' => 
  array (
  ),
)
[ info ] [ HEADER ] array (
  'charset' => 'UTF-8',
  'accept' => '*/*',
  'user-agent' => 'Mozilla/5.0 (Linux; Android 6.0.1; SM-G9350 Build/MMB29M; wv) AppleWebKit/537.36 (KHTML, like Gecko) Version/4.0 Chrome/48.0.2564.106 Mobile Safari/537.36',
  'connection' => 'Keep-Alive',
  'accept-encoding' => 'gzip',
  'content-type' => 'application/x-www-form-urlencoded',
  'host' => 'card.dcwen.top',
  'content-length' => '16',
)
[ info ] [ PARAM ] array (
  '/recharge_list' => '',
  'cid' => '9hjIW',
  'page' => '2',
)
[ info ] [ DB ] INIT mysql
[ info ] [ RUN ] app\home\controller\Goods->recharge_list[ /var/www/card/app/home/controller/Goods.php ]
[ info ] [ LOG ] INIT File
[ sql ] [ DB ] CONNECT:[ UseTime:0.000258s ] mysql:dbname=runfast;host=localhost;port=3306;charset=utf8
[ sql ] [ SQL ] SHOW COLUMNS FROM `edd_options` [ RunTime:0.000665s ]
[ sql ] [ SQL ] SELECT `is_close` FROM `edd_options` WHERE  `option_id` = 6 LIMIT 1 [ RunTime:0.000151s ]
[ sql ] [ SQL ] SHOW COLUMNS FROM `edd_pay_log` [ RunTime:0.000532s ]
[ sql ] [ SQL ] SELECT `order_sn`,`pay_money`,`diamond_nums`,`pay_date`,`player_id` FROM `edd_pay_log` WHERE  `player_id` = '7' ORDER BY pay_date desc LIMIT 6,6 [ RunTime:0.000313s ]
[ sql ] [ SQL ] SHOW COLUMNS FROM `edd_player` [ RunTime:0.000475s ]
[ sql ] [ SQL ] SELECT `users_id` FROM `edd_player` WHERE  `player_id` = 7 LIMIT 1 [ RunTime:0.000110s ]
[ sql ] [ SQL ] SELECT `users_id` FROM `edd_player` WHERE  `player_id` = 7 LIMIT 1 [ RunTime:0.000116s ]
[ sql ] [ SQL ] SELECT `users_id` FROM `edd_player` WHERE  `player_id` = 7 LIMIT 1 [ RunTime:0.000102s ]
[ sql ] [ SQL ] SELECT `users_id` FROM `edd_player` WHERE  `player_id` = 7 LIMIT 1 [ RunTime:0.000154s ]
[ sql ] [ SQL ] SELECT `users_id` FROM `edd_player` WHERE  `player_id` = 7 LIMIT 1 [ RunTime:0.000149s ]
[ sql ] [ SQL ] SELECT `users_id` FROM `edd_player` WHERE  `player_id` = 7 LIMIT 1 [ RunTime:0.000104s ]
---------------------------------------------------------------
[ 2017-10-24T22:24:35+08:00 ] 172.16.0.5 223.87.240.112 POST /goods_show
[ info ] card.dcwen.top/goods_show [è¿è¡Œæ—¶é—´ï¼š0.007128s][åžåçŽ‡ï¼š140.29req/s] [å†…å­˜æ¶ˆè€—ï¼š691.34kb] [æ–‡ä»¶åŠ è½½ï¼š53]
[ info ] [ LANG ] /var/www/card/thinkphp/lang/zh-cn.php
[ info ] [ ROUTE ] array (
  'type' => 'controller',
  'controller' => 'home/Goods/home_page',
  'var' => 
  array (
  ),
)
[ info ] [ HEADER ] array (
  'charset' => 'UTF-8',
  'accept' => '*/*',
  'user-agent' => 'Mozilla/5.0 (Linux; Android 6.0.1; SM-G9350 Build/MMB29M; wv) AppleWebKit/537.36 (KHTML, like Gecko) Version/4.0 Chrome/48.0.2564.106 Mobile Safari/537.36',
  'connection' => 'Keep-Alive',
  'accept-encoding' => 'gzip',
  'content-type' => 'application/x-www-form-urlencoded',
  'host' => 'card.dcwen.top',
  'content-length' => '9',
)
[ info ] [ PARAM ] array (
  '/goods_show' => '',
  'cid' => '9hjIW',
)
[ info ] [ DB ] INIT mysql
[ info ] [ RUN ] app\home\controller\Goods->home_page[ /var/www/card/app/home/controller/Goods.php ]
[ info ] [ LOG ] INIT File
[ sql ] [ DB ] CONNECT:[ UseTime:0.000249s ] mysql:dbname=runfast;host=localhost;port=3306;charset=utf8
[ sql ] [ SQL ] SHOW COLUMNS FROM `edd_options` [ RunTime:0.000747s ]
[ sql ] [ SQL ] SELECT `is_close` FROM `edd_options` WHERE  `option_id` = 6 LIMIT 1 [ RunTime:0.000172s ]
[ sql ] [ SQL ] SHOW COLUMNS FROM `edd_player` [ RunTime:0.000577s ]
[ sql ] [ SQL ] SELECT `users_id` FROM `edd_player` WHERE  `player_id` = 7 LIMIT 1 [ RunTime:0.000125s ]
[ sql ] [ SQL ] SHOW COLUMNS FROM `edd_users` [ RunTime:0.000577s ]
[ sql ] [ SQL ] SELECT `user_rank` FROM `edd_users` WHERE  `player_id` = 7 LIMIT 1 [ RunTime:0.000141s ]
---------------------------------------------------------------
[ 2017-10-24T22:24:35+08:00 ] 172.16.0.5 223.87.240.112 POST /recharge_list
[ info ] card.dcwen.top/recharge_list [è¿è¡Œæ—¶é—´ï¼š0.009147s][åžåçŽ‡ï¼š109.33req/s] [å†…å­˜æ¶ˆè€—ï¼š693.87kb] [æ–‡ä»¶åŠ è½½ï¼š53]
[ info ] [ LANG ] /var/www/card/thinkphp/lang/zh-cn.php
[ info ] [ ROUTE ] array (
  'type' => 'controller',
  'controller' => 'home/Goods/recharge_list',
  'var' => 
  array (
  ),
)
[ info ] [ HEADER ] array (
  'charset' => 'UTF-8',
  'accept' => '*/*',
  'user-agent' => 'Mozilla/5.0 (Linux; Android 6.0.1; SM-G9350 Build/MMB29M; wv) AppleWebKit/537.36 (KHTML, like Gecko) Version/4.0 Chrome/48.0.2564.106 Mobile Safari/537.36',
  'connection' => 'Keep-Alive',
  'accept-encoding' => 'gzip',
  'content-type' => 'application/x-www-form-urlencoded',
  'host' => 'card.dcwen.top',
  'content-length' => '16',
)
[ info ] [ PARAM ] array (
  '/recharge_list' => '',
  'cid' => '9hjIW',
  'page' => '1',
)
[ info ] [ DB ] INIT mysql
[ info ] [ RUN ] app\home\controller\Goods->recharge_list[ /var/www/card/app/home/controller/Goods.php ]
[ info ] [ LOG ] INIT File
[ sql ] [ DB ] CONNECT:[ UseTime:0.000279s ] mysql:dbname=runfast;host=localhost;port=3306;charset=utf8
[ sql ] [ SQL ] SHOW COLUMNS FROM `edd_options` [ RunTime:0.000733s ]
[ sql ] [ SQL ] SELECT `is_close` FROM `edd_options` WHERE  `option_id` = 6 LIMIT 1 [ RunTime:0.000196s ]
[ sql ] [ SQL ] SHOW COLUMNS FROM `edd_pay_log` [ RunTime:0.000582s ]
[ sql ] [ SQL ] SELECT `order_sn`,`pay_money`,`diamond_nums`,`pay_date`,`player_id` FROM `edd_pay_log` WHERE  `player_id` = '7' ORDER BY pay_date desc LIMIT 0,6 [ RunTime:0.000192s ]
[ sql ] [ SQL ] SHOW COLUMNS FROM `edd_player` [ RunTime:0.000523s ]
[ sql ] [ SQL ] SELECT `users_id` FROM `edd_player` WHERE  `player_id` = 7 LIMIT 1 [ RunTime:0.000138s ]
[ sql ] [ SQL ] SELECT `users_id` FROM `edd_player` WHERE  `player_id` = 7 LIMIT 1 [ RunTime:0.000123s ]
[ sql ] [ SQL ] SELECT `users_id` FROM `edd_player` WHERE  `player_id` = 7 LIMIT 1 [ RunTime:0.000154s ]
[ sql ] [ SQL ] SELECT `users_id` FROM `edd_player` WHERE  `player_id` = 7 LIMIT 1 [ RunTime:0.000124s ]
[ sql ] [ SQL ] SELECT `users_id` FROM `edd_player` WHERE  `player_id` = 7 LIMIT 1 [ RunTime:0.000132s ]
[ sql ] [ SQL ] SELECT `users_id` FROM `edd_player` WHERE  `player_id` = 7 LIMIT 1 [ RunTime:0.000114s ]
