---------------------------------------------------------------
[ 2017-10-29T01:48:40+08:00 ] 172.16.0.5 117.136.62.9 POST /player_info
[ info ] card.dcwen.top/player_info [运行时间：0.007283s][吞吐率：137.31req/s] [内存消耗：717.50kb] [文件加载：55]
[ info ] [ LANG ] /var/www/card/thinkphp/lang/zh-cn.php
[ info ] [ ROUTE ] array (
  'type' => 'controller',
  'controller' => 'home/Player/get_player_info',
  'var' => 
  array (
  ),
)
[ info ] [ HEADER ] array (
  'charset' => 'UTF-8',
  'accept' => '*/*',
  'user-agent' => 'Mozilla/5.0 (Linux; Android 5.1.1; OPPO R9 Plusm A Build/LMY47V; wv) AppleWebKit/537.36 (KHTML, like Gecko) Version/4.0 Chrome/43.0.2357.121 Mobile Safari/537.36',
  'connection' => 'Keep-Alive',
  'accept-encoding' => 'gzip',
  'content-type' => 'application/x-www-form-urlencoded',
  'host' => 'card.dcwen.top',
  'content-length' => '11',
)
[ info ] [ PARAM ] array (
  '/player_info' => '',
  'cid' => 'G=Exs',
)
[ info ] [ DB ] INIT mysql
[ info ] [ RUN ] app\home\controller\Player->get_player_info[ /var/www/card/app/home/controller/Player.php ]
[ info ] [ LOG ] INIT File
[ sql ] [ DB ] CONNECT:[ UseTime:0.000196s ] mysql:dbname=runfast;host=localhost;port=3306;charset=utf8
[ sql ] [ SQL ] SHOW COLUMNS FROM `edd_options` [ RunTime:0.000632s ]
[ sql ] [ SQL ] SELECT `is_close` FROM `edd_options` WHERE  `option_id` = 6 LIMIT 1 [ RunTime:0.000142s ]
[ sql ] [ SQL ] SHOW COLUMNS FROM `edd_player` [ RunTime:0.000489s ]
[ sql ] [ SQL ] SELECT * FROM `edd_player` WHERE  `player_id` = 2 LIMIT 1 [ RunTime:0.000202s ]
---------------------------------------------------------------
[ 2017-10-29T01:48:41+08:00 ] 172.16.0.5 117.136.62.9 POST /news_show
[ info ] card.dcwen.top/news_show [运行时间：0.003323s][吞吐率：300.93req/s] [内存消耗：551.11kb] [文件加载：48]
[ info ] [ LANG ] /var/www/card/thinkphp/lang/zh-cn.php
[ info ] [ ROUTE ] array (
  'type' => 'controller',
  'controller' => 'home/Home/home_page',
  'var' => 
  array (
  ),
)
[ info ] [ HEADER ] array (
  'charset' => 'UTF-8',
  'accept' => '*/*',
  'user-agent' => 'Mozilla/5.0 (Linux; Android 5.1.1; OPPO R9 Plusm A Build/LMY47V; wv) AppleWebKit/537.36 (KHTML, like Gecko) Version/4.0 Chrome/43.0.2357.121 Mobile Safari/537.36',
  'connection' => 'Keep-Alive',
  'accept-encoding' => 'gzip',
  'host' => 'card.dcwen.top',
  'content-type' => 'application/x-www-form-urlencoded',
  'content-length' => '0',
)
[ info ] [ PARAM ] array (
  '/news_show' => '',
)
[ info ] [ RUN ] app\home\controller\Home->home_page[ /var/www/card/app/home/controller/Home.php ]
[ info ] [ LOG ] INIT File
---------------------------------------------------------------
[ 2017-10-29T01:48:41+08:00 ] 172.16.0.5 117.136.62.9 POST /room_page
[ info ] card.dcwen.top/room_page [运行时间：0.006965s][吞吐率：143.57req/s] [内存消耗：744.72kb] [文件加载：56]
[ info ] [ LANG ] /var/www/card/thinkphp/lang/zh-cn.php
[ info ] [ ROUTE ] array (
  'type' => 'controller',
  'controller' => 'home/Room/room_page',
  'var' => 
  array (
  ),
)
[ info ] [ HEADER ] array (
  'charset' => 'UTF-8',
  'accept' => '*/*',
  'user-agent' => 'Mozilla/5.0 (Linux; Android 5.1.1; OPPO R9 Plusm A Build/LMY47V; wv) AppleWebKit/537.36 (KHTML, like Gecko) Version/4.0 Chrome/43.0.2357.121 Mobile Safari/537.36',
  'connection' => 'Keep-Alive',
  'accept-encoding' => 'gzip',
  'content-type' => 'application/x-www-form-urlencoded',
  'host' => 'card.dcwen.top',
  'content-length' => '11',
)
[ info ] [ PARAM ] array (
  '/room_page' => '',
  'cid' => 'lu0=V',
)
[ info ] [ DB ] INIT mysql
[ info ] [ RUN ] app\home\controller\Room->room_page[ /var/www/card/app/home/controller/Room.php ]
[ info ] [ LOG ] INIT File
[ sql ] [ DB ] CONNECT:[ UseTime:0.000222s ] mysql:dbname=runfast;host=localhost;port=3306;charset=utf8
[ sql ] [ SQL ] SHOW COLUMNS FROM `edd_options` [ RunTime:0.000738s ]
[ sql ] [ SQL ] SELECT `is_close` FROM `edd_options` WHERE  `option_id` = 6 LIMIT 1 [ RunTime:0.000163s ]
[ sql ] [ SQL ] SHOW COLUMNS FROM `edd_room` [ RunTime:0.000537s ]
[ sql ] [ SQL ] SELECT `room_id`,`round_times`,`room_code` FROM `edd_room` WHERE  `room_owner` = 2  AND `del_time` = '0' [ RunTime:0.000229s ]
---------------------------------------------------------------
[ 2017-10-29T01:48:41+08:00 ] 172.16.0.5 117.136.62.9 POST /player_info
[ info ] card.dcwen.top/player_info [运行时间：0.011512s][吞吐率：86.87req/s] [内存消耗：717.54kb] [文件加载：55]
[ info ] [ LANG ] /var/www/card/thinkphp/lang/zh-cn.php
[ info ] [ ROUTE ] array (
  'type' => 'controller',
  'controller' => 'home/Player/get_player_info',
  'var' => 
  array (
  ),
)
[ info ] [ HEADER ] array (
  'charset' => 'UTF-8',
  'accept' => '*/*',
  'user-agent' => 'Mozilla/5.0 (Linux; Android 5.1.1; OPPO R9 Plusm A Build/LMY47V; wv) AppleWebKit/537.36 (KHTML, like Gecko) Version/4.0 Chrome/43.0.2357.121 Mobile Safari/537.36',
  'connection' => 'Keep-Alive',
  'accept-encoding' => 'gzip',
  'content-type' => 'application/x-www-form-urlencoded',
  'host' => 'card.dcwen.top',
  'content-length' => '11',
)
[ info ] [ PARAM ] array (
  '/player_info' => '',
  'cid' => 'lu0=V',
)
[ info ] [ DB ] INIT mysql
[ info ] [ RUN ] app\home\controller\Player->get_player_info[ /var/www/card/app/home/controller/Player.php ]
[ info ] [ LOG ] INIT File
[ sql ] [ DB ] CONNECT:[ UseTime:0.001353s ] mysql:dbname=runfast;host=localhost;port=3306;charset=utf8
[ sql ] [ SQL ] SHOW COLUMNS FROM `edd_options` [ RunTime:0.000801s ]
[ sql ] [ SQL ] SELECT `is_close` FROM `edd_options` WHERE  `option_id` = 6 LIMIT 1 [ RunTime:0.000169s ]
[ sql ] [ SQL ] SHOW COLUMNS FROM `edd_player` [ RunTime:0.000537s ]
[ sql ] [ SQL ] SELECT * FROM `edd_player` WHERE  `player_id` = 2 LIMIT 1 [ RunTime:0.000145s ]
---------------------------------------------------------------
[ 2017-10-29T01:48:41+08:00 ] 172.16.0.5 117.136.62.9 POST /connect
[ info ] card.dcwen.top/connect [运行时间：0.005489s][吞吐率：182.19req/s] [内存消耗：735.38kb] [文件加载：56]
[ info ] [ LANG ] /var/www/card/thinkphp/lang/zh-cn.php
[ info ] [ ROUTE ] array (
  'type' => 'controller',
  'controller' => 'home/Game/connect',
  'var' => 
  array (
  ),
)
[ info ] [ HEADER ] array (
  'charset' => 'UTF-8',
  'accept' => '*/*',
  'user-agent' => 'Mozilla/5.0 (Linux; Android 5.1.1; OPPO R9 Plusm A Build/LMY47V; wv) AppleWebKit/537.36 (KHTML, like Gecko) Version/4.0 Chrome/43.0.2357.121 Mobile Safari/537.36',
  'connection' => 'Keep-Alive',
  'accept-encoding' => 'gzip',
  'content-type' => 'application/x-www-form-urlencoded',
  'host' => 'card.dcwen.top',
  'content-length' => '54',
)
[ info ] [ PARAM ] array (
  '/connect' => '',
  'client_id' => '7f0000010fa30000007e',
  'cid' => 'lu0=V',
  'type' => 'outter',
)
[ info ] [ DB ] INIT mysql
[ info ] [ RUN ] app\home\controller\Game->connect[ /var/www/card/app/home/controller/Game.php ]
[ info ] [ LOG ] INIT File
[ sql ] [ DB ] CONNECT:[ UseTime:0.000152s ] mysql:dbname=runfast;host=localhost;port=3306;charset=utf8
[ sql ] [ SQL ] SHOW COLUMNS FROM `edd_options` [ RunTime:0.000546s ]
[ sql ] [ SQL ] SELECT `is_close` FROM `edd_options` WHERE  `option_id` = 6 LIMIT 1 [ RunTime:0.000147s ]
---------------------------------------------------------------
[ 2017-10-29T01:48:50+08:00 ] 172.16.0.5 117.136.62.9 POST /recharge_list
[ info ] card.dcwen.top/recharge_list [运行时间：0.022399s][吞吐率：44.64req/s] [内存消耗：696.12kb] [文件加载：53]
[ info ] [ LANG ] /var/www/card/thinkphp/lang/zh-cn.php
[ info ] [ ROUTE ] array (
  'type' => 'controller',
  'controller' => 'home/Goods/recharge_list',
  'var' => 
  array (
  ),
)
[ info ] [ HEADER ] array (
  'charset' => 'UTF-8',
  'accept' => '*/*',
  'user-agent' => 'Mozilla/5.0 (Linux; Android 5.1.1; OPPO R9 Plusm A Build/LMY47V; wv) AppleWebKit/537.36 (KHTML, like Gecko) Version/4.0 Chrome/43.0.2357.121 Mobile Safari/537.36',
  'connection' => 'Keep-Alive',
  'accept-encoding' => 'gzip',
  'content-type' => 'application/x-www-form-urlencoded',
  'host' => 'card.dcwen.top',
  'content-length' => '16',
)
[ info ] [ PARAM ] array (
  '/recharge_list' => '',
  'cid' => '08QKQ',
  'page' => '1',
)
[ info ] [ DB ] INIT mysql
[ info ] [ RUN ] app\home\controller\Goods->recharge_list[ /var/www/card/app/home/controller/Goods.php ]
[ info ] [ LOG ] INIT File
[ sql ] [ DB ] CONNECT:[ UseTime:0.001413s ] mysql:dbname=runfast;host=localhost;port=3306;charset=utf8
[ sql ] [ SQL ] SHOW COLUMNS FROM `edd_options` [ RunTime:0.000749s ]
[ sql ] [ SQL ] SELECT `is_close` FROM `edd_options` WHERE  `option_id` = 6 LIMIT 1 [ RunTime:0.000172s ]
[ sql ] [ SQL ] SHOW COLUMNS FROM `edd_pay_log` [ RunTime:0.000585s ]
[ sql ] [ SQL ] SELECT `order_sn`,`pay_money`,`diamond_nums`,`pay_date`,`player_id` FROM `edd_pay_log` WHERE  `player_id` = '2' ORDER BY pay_date desc LIMIT 0,6 [ RunTime:0.000353s ]
[ sql ] [ SQL ] SHOW COLUMNS FROM `edd_player` [ RunTime:0.000558s ]
[ sql ] [ SQL ] SELECT `users_id` FROM `edd_player` WHERE  `player_id` = 2 LIMIT 1 [ RunTime:0.003164s ]
[ sql ] [ SQL ] SELECT `users_id` FROM `edd_player` WHERE  `player_id` = 2 LIMIT 1 [ RunTime:0.000126s ]
[ sql ] [ SQL ] SELECT `users_id` FROM `edd_player` WHERE  `player_id` = 2 LIMIT 1 [ RunTime:0.000138s ]
[ sql ] [ SQL ] SELECT `users_id` FROM `edd_player` WHERE  `player_id` = 2 LIMIT 1 [ RunTime:0.000116s ]
[ sql ] [ SQL ] SELECT `users_id` FROM `edd_player` WHERE  `player_id` = 2 LIMIT 1 [ RunTime:0.000115s ]
[ sql ] [ SQL ] SELECT `users_id` FROM `edd_player` WHERE  `player_id` = 2 LIMIT 1 [ RunTime:0.000120s ]
---------------------------------------------------------------
[ 2017-10-29T01:48:50+08:00 ] 172.16.0.5 117.136.62.9 POST /goods_show
[ info ] card.dcwen.top/goods_show [运行时间：0.016824s][吞吐率：59.44req/s] [内存消耗：693.64kb] [文件加载：53]
[ info ] [ LANG ] /var/www/card/thinkphp/lang/zh-cn.php
[ info ] [ ROUTE ] array (
  'type' => 'controller',
  'controller' => 'home/Goods/home_page',
  'var' => 
  array (
  ),
)
[ info ] [ HEADER ] array (
  'charset' => 'UTF-8',
  'accept' => '*/*',
  'user-agent' => 'Mozilla/5.0 (Linux; Android 5.1.1; OPPO R9 Plusm A Build/LMY47V; wv) AppleWebKit/537.36 (KHTML, like Gecko) Version/4.0 Chrome/43.0.2357.121 Mobile Safari/537.36',
  'connection' => 'Keep-Alive',
  'accept-encoding' => 'gzip',
  'content-type' => 'application/x-www-form-urlencoded',
  'host' => 'card.dcwen.top',
  'content-length' => '9',
)
[ info ] [ PARAM ] array (
  '/goods_show' => '',
  'cid' => '08QKQ',
)
[ info ] [ DB ] INIT mysql
[ info ] [ RUN ] app\home\controller\Goods->home_page[ /var/www/card/app/home/controller/Goods.php ]
[ info ] [ LOG ] INIT File
[ sql ] [ DB ] CONNECT:[ UseTime:0.001406s ] mysql:dbname=runfast;host=localhost;port=3306;charset=utf8
[ sql ] [ SQL ] SHOW COLUMNS FROM `edd_options` [ RunTime:0.000725s ]
[ sql ] [ SQL ] SELECT `is_close` FROM `edd_options` WHERE  `option_id` = 6 LIMIT 1 [ RunTime:0.000144s ]
[ sql ] [ SQL ] SHOW COLUMNS FROM `edd_player` [ RunTime:0.000551s ]
[ sql ] [ SQL ] SELECT `users_id` FROM `edd_player` WHERE  `player_id` = 2 LIMIT 1 [ RunTime:0.000122s ]
[ sql ] [ SQL ] SHOW COLUMNS FROM `edd_users` [ RunTime:0.000569s ]
[ sql ] [ SQL ] SELECT `user_rank` FROM `edd_users` WHERE  `player_id` = 2 LIMIT 1 [ RunTime:0.000580s ]
---------------------------------------------------------------
[ 2017-10-29T01:48:53+08:00 ] 172.16.0.5 117.136.62.9 POST /recharge_think
[ info ] card.dcwen.top/recharge_think [运行时间：0.010817s][吞吐率：92.45req/s] [内存消耗：733.19kb] [文件加载：56]
[ info ] [ LANG ] /var/www/card/thinkphp/lang/zh-cn.php
[ info ] [ ROUTE ] array (
  'type' => 'controller',
  'controller' => 'home/Goods/recharge_think',
  'var' => 
  array (
  ),
)
[ info ] [ HEADER ] array (
  'charset' => 'UTF-8',
  'accept' => '*/*',
  'user-agent' => 'Mozilla/5.0 (Linux; Android 5.1.1; OPPO R9 Plusm A Build/LMY47V; wv) AppleWebKit/537.36 (KHTML, like Gecko) Version/4.0 Chrome/43.0.2357.121 Mobile Safari/537.36',
  'connection' => 'Keep-Alive',
  'accept-encoding' => 'gzip',
  'content-type' => 'application/x-www-form-urlencoded',
  'host' => 'card.dcwen.top',
  'content-length' => '20',
)
[ info ] [ PARAM ] array (
  '/recharge_think' => '',
  'cid' => '08QKQ',
  'goods_id' => '3',
)
[ info ] [ DB ] INIT mysql
[ info ] [ RUN ] app\home\controller\Goods->recharge_think[ /var/www/card/app/home/controller/Goods.php ]
[ info ] [ CACHE ] INIT File
[ info ] [ LOG ] INIT File
[ sql ] [ DB ] CONNECT:[ UseTime:0.000227s ] mysql:dbname=runfast;host=localhost;port=3306;charset=utf8
[ sql ] [ SQL ] SHOW COLUMNS FROM `edd_options` [ RunTime:0.000685s ]
[ sql ] [ SQL ] SELECT `is_close` FROM `edd_options` WHERE  `option_id` = 6 LIMIT 1 [ RunTime:0.000154s ]
[ sql ] [ SQL ] SHOW COLUMNS FROM `edd_player` [ RunTime:0.000541s ]
[ sql ] [ SQL ] SELECT `users_id` FROM `edd_player` WHERE  `player_id` = 2 LIMIT 1 [ RunTime:0.000119s ]
[ sql ] [ SQL ] SHOW COLUMNS FROM `edd_users` [ RunTime:0.000544s ]
[ sql ] [ SQL ] SELECT `user_rank` FROM `edd_users` WHERE  `player_id` = 2 LIMIT 1 [ RunTime:0.000159s ]
[ sql ] [ SQL ] SHOW COLUMNS FROM `edd_pay_log` [ RunTime:0.000582s ]
[ sql ] [ SQL ] SELECT * FROM `edd_pay_log` WHERE  `order_sn` = '2017102953515599' [ RunTime:0.000258s ]
[ sql ] [ SQL ] INSERT INTO `edd_pay_log` (`order_sn` , `pay_date` , `player_id` , `pay_money` , `diamond_nums` , `account` , `money`) VALUES ('2017102953515599' , '1509212933' , '2' , 30 , 30 , '0' , 30) [ RunTime:0.000614s ]
[ sql ] [ SQL ] SELECT `users_id` FROM `edd_player` WHERE  `player_id` = 2 LIMIT 1 [ RunTime:0.000122s ]
[ sql ] [ SQL ] SELECT * FROM `edd_users` WHERE  `player_id` = 2 LIMIT 1 [ RunTime:0.000145s ]
[ sql ] [ SQL ] UPDATE `edd_player`  SET `diamond`=diamond+30  WHERE  `player_id` = 2 [ RunTime:0.000266s ]
---------------------------------------------------------------
[ 2017-10-29T01:48:53+08:00 ] 172.16.0.5 117.136.62.9 POST /player_info
[ info ] card.dcwen.top/player_info [运行时间：0.006512s][吞吐率：153.56req/s] [内存消耗：717.54kb] [文件加载：55]
[ info ] [ LANG ] /var/www/card/thinkphp/lang/zh-cn.php
[ info ] [ ROUTE ] array (
  'type' => 'controller',
  'controller' => 'home/Player/get_player_info',
  'var' => 
  array (
  ),
)
[ info ] [ HEADER ] array (
  'charset' => 'UTF-8',
  'accept' => '*/*',
  'user-agent' => 'Mozilla/5.0 (Linux; Android 5.1.1; OPPO R9 Plusm A Build/LMY47V; wv) AppleWebKit/537.36 (KHTML, like Gecko) Version/4.0 Chrome/43.0.2357.121 Mobile Safari/537.36',
  'connection' => 'Keep-Alive',
  'accept-encoding' => 'gzip',
  'content-type' => 'application/x-www-form-urlencoded',
  'host' => 'card.dcwen.top',
  'content-length' => '9',
)
[ info ] [ PARAM ] array (
  '/player_info' => '',
  'cid' => '08QKQ',
)
[ info ] [ DB ] INIT mysql
[ info ] [ RUN ] app\home\controller\Player->get_player_info[ /var/www/card/app/home/controller/Player.php ]
[ info ] [ LOG ] INIT File
[ sql ] [ DB ] CONNECT:[ UseTime:0.000268s ] mysql:dbname=runfast;host=localhost;port=3306;charset=utf8
[ sql ] [ SQL ] SHOW COLUMNS FROM `edd_options` [ RunTime:0.000776s ]
[ sql ] [ SQL ] SELECT `is_close` FROM `edd_options` WHERE  `option_id` = 6 LIMIT 1 [ RunTime:0.000167s ]
[ sql ] [ SQL ] SHOW COLUMNS FROM `edd_player` [ RunTime:0.000658s ]
[ sql ] [ SQL ] SELECT * FROM `edd_player` WHERE  `player_id` = 2 LIMIT 1 [ RunTime:0.000230s ]
---------------------------------------------------------------
[ 2017-10-29T01:48:54+08:00 ] 172.16.0.5 117.136.62.9 POST /recharge_think
[ info ] card.dcwen.top/recharge_think [运行时间：0.009765s][吞吐率：102.40req/s] [内存消耗：733.20kb] [文件加载：56]
[ info ] [ LANG ] /var/www/card/thinkphp/lang/zh-cn.php
[ info ] [ ROUTE ] array (
  'type' => 'controller',
  'controller' => 'home/Goods/recharge_think',
  'var' => 
  array (
  ),
)
[ info ] [ HEADER ] array (
  'charset' => 'UTF-8',
  'accept' => '*/*',
  'user-agent' => 'Mozilla/5.0 (Linux; Android 5.1.1; OPPO R9 Plusm A Build/LMY47V; wv) AppleWebKit/537.36 (KHTML, like Gecko) Version/4.0 Chrome/43.0.2357.121 Mobile Safari/537.36',
  'connection' => 'Keep-Alive',
  'accept-encoding' => 'gzip',
  'content-type' => 'application/x-www-form-urlencoded',
  'host' => 'card.dcwen.top',
  'content-length' => '20',
)
[ info ] [ PARAM ] array (
  '/recharge_think' => '',
  'cid' => 'KboBh',
  'goods_id' => '3',
)
[ info ] [ DB ] INIT mysql
[ info ] [ RUN ] app\home\controller\Goods->recharge_think[ /var/www/card/app/home/controller/Goods.php ]
[ info ] [ CACHE ] INIT File
[ info ] [ LOG ] INIT File
[ sql ] [ DB ] CONNECT:[ UseTime:0.000219s ] mysql:dbname=runfast;host=localhost;port=3306;charset=utf8
[ sql ] [ SQL ] SHOW COLUMNS FROM `edd_options` [ RunTime:0.000690s ]
[ sql ] [ SQL ] SELECT `is_close` FROM `edd_options` WHERE  `option_id` = 6 LIMIT 1 [ RunTime:0.000171s ]
[ sql ] [ SQL ] SHOW COLUMNS FROM `edd_player` [ RunTime:0.000521s ]
[ sql ] [ SQL ] SELECT `users_id` FROM `edd_player` WHERE  `player_id` = 2 LIMIT 1 [ RunTime:0.000209s ]
[ sql ] [ SQL ] SHOW COLUMNS FROM `edd_users` [ RunTime:0.000574s ]
[ sql ] [ SQL ] SELECT `user_rank` FROM `edd_users` WHERE  `player_id` = 2 LIMIT 1 [ RunTime:0.000124s ]
[ sql ] [ SQL ] SHOW COLUMNS FROM `edd_pay_log` [ RunTime:0.000508s ]
[ sql ] [ SQL ] SELECT * FROM `edd_pay_log` WHERE  `order_sn` = '2017102954555653' [ RunTime:0.000232s ]
[ sql ] [ SQL ] INSERT INTO `edd_pay_log` (`order_sn` , `pay_date` , `player_id` , `pay_money` , `diamond_nums` , `account` , `money`) VALUES ('2017102954555653' , '1509212934' , '2' , 30 , 30 , '0' , 30) [ RunTime:0.000215s ]
[ sql ] [ SQL ] SELECT `users_id` FROM `edd_player` WHERE  `player_id` = 2 LIMIT 1 [ RunTime:0.000116s ]
[ sql ] [ SQL ] SELECT * FROM `edd_users` WHERE  `player_id` = 2 LIMIT 1 [ RunTime:0.000145s ]
[ sql ] [ SQL ] UPDATE `edd_player`  SET `diamond`=diamond+30  WHERE  `player_id` = 2 [ RunTime:0.000207s ]
---------------------------------------------------------------
[ 2017-10-29T01:48:54+08:00 ] 172.16.0.5 117.136.62.9 POST /player_info
[ info ] card.dcwen.top/player_info [运行时间：0.009604s][吞吐率：104.12req/s] [内存消耗：717.30kb] [文件加载：55]
[ info ] [ LANG ] /var/www/card/thinkphp/lang/zh-cn.php
[ info ] [ ROUTE ] array (
  'type' => 'controller',
  'controller' => 'home/Player/get_player_info',
  'var' => 
  array (
  ),
)
[ info ] [ HEADER ] array (
  'charset' => 'UTF-8',
  'accept' => '*/*',
  'user-agent' => 'Mozilla/5.0 (Linux; Android 5.1.1; OPPO R9 Plusm A Build/LMY47V; wv) AppleWebKit/537.36 (KHTML, like Gecko) Version/4.0 Chrome/43.0.2357.121 Mobile Safari/537.36',
  'connection' => 'Keep-Alive',
  'accept-encoding' => 'gzip',
  'content-type' => 'application/x-www-form-urlencoded',
  'host' => 'card.dcwen.top',
  'content-length' => '9',
)
[ info ] [ PARAM ] array (
  '/player_info' => '',
  'cid' => 'KboBh',
)
[ info ] [ DB ] INIT mysql
[ info ] [ RUN ] app\home\controller\Player->get_player_info[ /var/www/card/app/home/controller/Player.php ]
[ info ] [ LOG ] INIT File
[ sql ] [ DB ] CONNECT:[ UseTime:0.000293s ] mysql:dbname=runfast;host=localhost;port=3306;charset=utf8
[ sql ] [ SQL ] SHOW COLUMNS FROM `edd_options` [ RunTime:0.001189s ]
[ sql ] [ SQL ] SELECT `is_close` FROM `edd_options` WHERE  `option_id` = 6 LIMIT 1 [ RunTime:0.000240s ]
[ sql ] [ SQL ] SHOW COLUMNS FROM `edd_player` [ RunTime:0.000918s ]
[ sql ] [ SQL ] SELECT * FROM `edd_player` WHERE  `player_id` = 2 LIMIT 1 [ RunTime:0.000365s ]
---------------------------------------------------------------
[ 2017-10-29T01:48:55+08:00 ] 172.16.0.5 117.136.62.9 POST /recharge_think
[ info ] card.dcwen.top/recharge_think [运行时间：0.016746s][吞吐率：59.72req/s] [内存消耗：733.20kb] [文件加载：56]
[ info ] [ LANG ] /var/www/card/thinkphp/lang/zh-cn.php
[ info ] [ ROUTE ] array (
  'type' => 'controller',
  'controller' => 'home/Goods/recharge_think',
  'var' => 
  array (
  ),
)
[ info ] [ HEADER ] array (
  'charset' => 'UTF-8',
  'accept' => '*/*',
  'user-agent' => 'Mozilla/5.0 (Linux; Android 5.1.1; OPPO R9 Plusm A Build/LMY47V; wv) AppleWebKit/537.36 (KHTML, like Gecko) Version/4.0 Chrome/43.0.2357.121 Mobile Safari/537.36',
  'connection' => 'Keep-Alive',
  'accept-encoding' => 'gzip',
  'content-type' => 'application/x-www-form-urlencoded',
  'host' => 'card.dcwen.top',
  'content-length' => '20',
)
[ info ] [ PARAM ] array (
  '/recharge_think' => '',
  'cid' => 'iFf5S',
  'goods_id' => '3',
)
[ info ] [ DB ] INIT mysql
[ info ] [ RUN ] app\home\controller\Goods->recharge_think[ /var/www/card/app/home/controller/Goods.php ]
[ info ] [ CACHE ] INIT File
[ info ] [ LOG ] INIT File
[ sql ] [ DB ] CONNECT:[ UseTime:0.000468s ] mysql:dbname=runfast;host=localhost;port=3306;charset=utf8
[ sql ] [ SQL ] SHOW COLUMNS FROM `edd_options` [ RunTime:0.001249s ]
[ sql ] [ SQL ] SELECT `is_close` FROM `edd_options` WHERE  `option_id` = 6 LIMIT 1 [ RunTime:0.000497s ]
[ sql ] [ SQL ] SHOW COLUMNS FROM `edd_player` [ RunTime:0.001183s ]
[ sql ] [ SQL ] SELECT `users_id` FROM `edd_player` WHERE  `player_id` = 2 LIMIT 1 [ RunTime:0.000383s ]
[ sql ] [ SQL ] SHOW COLUMNS FROM `edd_users` [ RunTime:0.001146s ]
[ sql ] [ SQL ] SELECT `user_rank` FROM `edd_users` WHERE  `player_id` = 2 LIMIT 1 [ RunTime:0.000323s ]
[ sql ] [ SQL ] SHOW COLUMNS FROM `edd_pay_log` [ RunTime:0.000611s ]
[ sql ] [ SQL ] SELECT * FROM `edd_pay_log` WHERE  `order_sn` = '2017102955485798' [ RunTime:0.000257s ]
[ sql ] [ SQL ] INSERT INTO `edd_pay_log` (`order_sn` , `pay_date` , `player_id` , `pay_money` , `diamond_nums` , `account` , `money`) VALUES ('2017102955485798' , '1509212935' , '2' , 30 , 30 , '0' , 30) [ RunTime:0.000248s ]
[ sql ] [ SQL ] SELECT `users_id` FROM `edd_player` WHERE  `player_id` = 2 LIMIT 1 [ RunTime:0.000117s ]
[ sql ] [ SQL ] SELECT * FROM `edd_users` WHERE  `player_id` = 2 LIMIT 1 [ RunTime:0.000141s ]
[ sql ] [ SQL ] UPDATE `edd_player`  SET `diamond`=diamond+30  WHERE  `player_id` = 2 [ RunTime:0.000198s ]
---------------------------------------------------------------
[ 2017-10-29T01:48:55+08:00 ] 172.16.0.5 117.136.62.9 POST /player_info
[ info ] card.dcwen.top/player_info [运行时间：0.009827s][吞吐率：101.76req/s] [内存消耗：717.30kb] [文件加载：55]
[ info ] [ LANG ] /var/www/card/thinkphp/lang/zh-cn.php
[ info ] [ ROUTE ] array (
  'type' => 'controller',
  'controller' => 'home/Player/get_player_info',
  'var' => 
  array (
  ),
)
[ info ] [ HEADER ] array (
  'charset' => 'UTF-8',
  'accept' => '*/*',
  'user-agent' => 'Mozilla/5.0 (Linux; Android 5.1.1; OPPO R9 Plusm A Build/LMY47V; wv) AppleWebKit/537.36 (KHTML, like Gecko) Version/4.0 Chrome/43.0.2357.121 Mobile Safari/537.36',
  'connection' => 'Keep-Alive',
  'accept-encoding' => 'gzip',
  'content-type' => 'application/x-www-form-urlencoded',
  'host' => 'card.dcwen.top',
  'content-length' => '9',
)
[ info ] [ PARAM ] array (
  '/player_info' => '',
  'cid' => 'iFf5S',
)
[ info ] [ DB ] INIT mysql
[ info ] [ RUN ] app\home\controller\Player->get_player_info[ /var/www/card/app/home/controller/Player.php ]
[ info ] [ LOG ] INIT File
[ sql ] [ DB ] CONNECT:[ UseTime:0.000454s ] mysql:dbname=runfast;host=localhost;port=3306;charset=utf8
[ sql ] [ SQL ] SHOW COLUMNS FROM `edd_options` [ RunTime:0.001658s ]
[ sql ] [ SQL ] SELECT `is_close` FROM `edd_options` WHERE  `option_id` = 6 LIMIT 1 [ RunTime:0.000166s ]
[ sql ] [ SQL ] SHOW COLUMNS FROM `edd_player` [ RunTime:0.000522s ]
[ sql ] [ SQL ] SELECT * FROM `edd_player` WHERE  `player_id` = 2 LIMIT 1 [ RunTime:0.000243s ]
---------------------------------------------------------------
[ 2017-10-29T01:48:55+08:00 ] 172.16.0.5 117.136.62.9 POST /recharge_think
[ info ] card.dcwen.top/recharge_think [运行时间：0.011735s][吞吐率：85.22req/s] [内存消耗：733.20kb] [文件加载：56]
[ info ] [ LANG ] /var/www/card/thinkphp/lang/zh-cn.php
[ info ] [ ROUTE ] array (
  'type' => 'controller',
  'controller' => 'home/Goods/recharge_think',
  'var' => 
  array (
  ),
)
[ info ] [ HEADER ] array (
  'charset' => 'UTF-8',
  'accept' => '*/*',
  'user-agent' => 'Mozilla/5.0 (Linux; Android 5.1.1; OPPO R9 Plusm A Build/LMY47V; wv) AppleWebKit/537.36 (KHTML, like Gecko) Version/4.0 Chrome/43.0.2357.121 Mobile Safari/537.36',
  'connection' => 'Keep-Alive',
  'accept-encoding' => 'gzip',
  'content-type' => 'application/x-www-form-urlencoded',
  'host' => 'card.dcwen.top',
  'content-length' => '20',
)
[ info ] [ PARAM ] array (
  '/recharge_think' => '',
  'cid' => 'fr-35',
  'goods_id' => '3',
)
[ info ] [ DB ] INIT mysql
[ info ] [ RUN ] app\home\controller\Goods->recharge_think[ /var/www/card/app/home/controller/Goods.php ]
[ info ] [ CACHE ] INIT File
[ info ] [ LOG ] INIT File
[ sql ] [ DB ] CONNECT:[ UseTime:0.000368s ] mysql:dbname=runfast;host=localhost;port=3306;charset=utf8
[ sql ] [ SQL ] SHOW COLUMNS FROM `edd_options` [ RunTime:0.000844s ]
[ sql ] [ SQL ] SELECT `is_close` FROM `edd_options` WHERE  `option_id` = 6 LIMIT 1 [ RunTime:0.000194s ]
[ sql ] [ SQL ] SHOW COLUMNS FROM `edd_player` [ RunTime:0.000640s ]
[ sql ] [ SQL ] SELECT `users_id` FROM `edd_player` WHERE  `player_id` = 2 LIMIT 1 [ RunTime:0.000264s ]
[ sql ] [ SQL ] SHOW COLUMNS FROM `edd_users` [ RunTime:0.000649s ]
[ sql ] [ SQL ] SELECT `user_rank` FROM `edd_users` WHERE  `player_id` = 2 LIMIT 1 [ RunTime:0.000130s ]
[ sql ] [ SQL ] SHOW COLUMNS FROM `edd_pay_log` [ RunTime:0.000643s ]
[ sql ] [ SQL ] SELECT * FROM `edd_pay_log` WHERE  `order_sn` = '2017102955975756' [ RunTime:0.000251s ]
[ sql ] [ SQL ] INSERT INTO `edd_pay_log` (`order_sn` , `pay_date` , `player_id` , `pay_money` , `diamond_nums` , `account` , `money`) VALUES ('2017102955975756' , '1509212935' , '2' , 30 , 30 , '0' , 30) [ RunTime:0.000217s ]
[ sql ] [ SQL ] SELECT `users_id` FROM `edd_player` WHERE  `player_id` = 2 LIMIT 1 [ RunTime:0.000159s ]
[ sql ] [ SQL ] SELECT * FROM `edd_users` WHERE  `player_id` = 2 LIMIT 1 [ RunTime:0.000141s ]
[ sql ] [ SQL ] UPDATE `edd_player`  SET `diamond`=diamond+30  WHERE  `player_id` = 2 [ RunTime:0.000238s ]
---------------------------------------------------------------
[ 2017-10-29T01:48:56+08:00 ] 172.16.0.5 117.136.62.9 POST /player_info
[ info ] card.dcwen.top/player_info [运行时间：0.006322s][吞吐率：158.18req/s] [内存消耗：717.27kb] [文件加载：55]
[ info ] [ LANG ] /var/www/card/thinkphp/lang/zh-cn.php
[ info ] [ ROUTE ] array (
  'type' => 'controller',
  'controller' => 'home/Player/get_player_info',
  'var' => 
  array (
  ),
)
[ info ] [ HEADER ] array (
  'charset' => 'UTF-8',
  'accept' => '*/*',
  'user-agent' => 'Mozilla/5.0 (Linux; Android 5.1.1; OPPO R9 Plusm A Build/LMY47V; wv) AppleWebKit/537.36 (KHTML, like Gecko) Version/4.0 Chrome/43.0.2357.121 Mobile Safari/537.36',
  'connection' => 'Keep-Alive',
  'accept-encoding' => 'gzip',
  'content-type' => 'application/x-www-form-urlencoded',
  'host' => 'card.dcwen.top',
  'content-length' => '9',
)
[ info ] [ PARAM ] array (
  '/player_info' => '',
  'cid' => 'fr-35',
)
[ info ] [ DB ] INIT mysql
[ info ] [ RUN ] app\home\controller\Player->get_player_info[ /var/www/card/app/home/controller/Player.php ]
[ info ] [ LOG ] INIT File
[ sql ] [ DB ] CONNECT:[ UseTime:0.000230s ] mysql:dbname=runfast;host=localhost;port=3306;charset=utf8
[ sql ] [ SQL ] SHOW COLUMNS FROM `edd_options` [ RunTime:0.000798s ]
[ sql ] [ SQL ] SELECT `is_close` FROM `edd_options` WHERE  `option_id` = 6 LIMIT 1 [ RunTime:0.000165s ]
[ sql ] [ SQL ] SHOW COLUMNS FROM `edd_player` [ RunTime:0.000529s ]
[ sql ] [ SQL ] SELECT * FROM `edd_player` WHERE  `player_id` = 2 LIMIT 1 [ RunTime:0.000276s ]
---------------------------------------------------------------
[ 2017-10-29T01:48:56+08:00 ] 172.16.0.5 117.136.62.9 POST /recharge_think
[ info ] card.dcwen.top/recharge_think [运行时间：0.010593s][吞吐率：94.40req/s] [内存消耗：733.20kb] [文件加载：56]
[ info ] [ LANG ] /var/www/card/thinkphp/lang/zh-cn.php
[ info ] [ ROUTE ] array (
  'type' => 'controller',
  'controller' => 'home/Goods/recharge_think',
  'var' => 
  array (
  ),
)
[ info ] [ HEADER ] array (
  'charset' => 'UTF-8',
  'accept' => '*/*',
  'user-agent' => 'Mozilla/5.0 (Linux; Android 5.1.1; OPPO R9 Plusm A Build/LMY47V; wv) AppleWebKit/537.36 (KHTML, like Gecko) Version/4.0 Chrome/43.0.2357.121 Mobile Safari/537.36',
  'connection' => 'Keep-Alive',
  'accept-encoding' => 'gzip',
  'content-type' => 'application/x-www-form-urlencoded',
  'host' => 'card.dcwen.top',
  'content-length' => '20',
)
[ info ] [ PARAM ] array (
  '/recharge_think' => '',
  'cid' => 'hM-46',
  'goods_id' => '3',
)
[ info ] [ DB ] INIT mysql
[ info ] [ RUN ] app\home\controller\Goods->recharge_think[ /var/www/card/app/home/controller/Goods.php ]
[ info ] [ CACHE ] INIT File
[ info ] [ LOG ] INIT File
[ sql ] [ DB ] CONNECT:[ UseTime:0.000260s ] mysql:dbname=runfast;host=localhost;port=3306;charset=utf8
[ sql ] [ SQL ] SHOW COLUMNS FROM `edd_options` [ RunTime:0.000872s ]
[ sql ] [ SQL ] SELECT `is_close` FROM `edd_options` WHERE  `option_id` = 6 LIMIT 1 [ RunTime:0.000230s ]
[ sql ] [ SQL ] SHOW COLUMNS FROM `edd_player` [ RunTime:0.000614s ]
[ sql ] [ SQL ] SELECT `users_id` FROM `edd_player` WHERE  `player_id` = 2 LIMIT 1 [ RunTime:0.000208s ]
[ sql ] [ SQL ] SHOW COLUMNS FROM `edd_users` [ RunTime:0.000555s ]
[ sql ] [ SQL ] SELECT `user_rank` FROM `edd_users` WHERE  `player_id` = 2 LIMIT 1 [ RunTime:0.000167s ]
[ sql ] [ SQL ] SHOW COLUMNS FROM `edd_pay_log` [ RunTime:0.000517s ]
[ sql ] [ SQL ] SELECT * FROM `edd_pay_log` WHERE  `order_sn` = '2017102956579810' [ RunTime:0.000314s ]
[ sql ] [ SQL ] INSERT INTO `edd_pay_log` (`order_sn` , `pay_date` , `player_id` , `pay_money` , `diamond_nums` , `account` , `money`) VALUES ('2017102956579810' , '1509212936' , '2' , 30 , 30 , '0' , 30) [ RunTime:0.000210s ]
[ sql ] [ SQL ] SELECT `users_id` FROM `edd_player` WHERE  `player_id` = 2 LIMIT 1 [ RunTime:0.000156s ]
[ sql ] [ SQL ] SELECT * FROM `edd_users` WHERE  `player_id` = 2 LIMIT 1 [ RunTime:0.000140s ]
[ sql ] [ SQL ] UPDATE `edd_player`  SET `diamond`=diamond+30  WHERE  `player_id` = 2 [ RunTime:0.000275s ]
---------------------------------------------------------------
[ 2017-10-29T01:48:56+08:00 ] 172.16.0.5 117.136.62.9 POST /player_info
[ info ] card.dcwen.top/player_info [运行时间：0.006239s][吞吐率：160.28req/s] [内存消耗：717.30kb] [文件加载：55]
[ info ] [ LANG ] /var/www/card/thinkphp/lang/zh-cn.php
[ info ] [ ROUTE ] array (
  'type' => 'controller',
  'controller' => 'home/Player/get_player_info',
  'var' => 
  array (
  ),
)
[ info ] [ HEADER ] array (
  'charset' => 'UTF-8',
  'accept' => '*/*',
  'user-agent' => 'Mozilla/5.0 (Linux; Android 5.1.1; OPPO R9 Plusm A Build/LMY47V; wv) AppleWebKit/537.36 (KHTML, like Gecko) Version/4.0 Chrome/43.0.2357.121 Mobile Safari/537.36',
  'connection' => 'Keep-Alive',
  'accept-encoding' => 'gzip',
  'content-type' => 'application/x-www-form-urlencoded',
  'host' => 'card.dcwen.top',
  'content-length' => '9',
)
[ info ] [ PARAM ] array (
  '/player_info' => '',
  'cid' => 'hM-46',
)
[ info ] [ DB ] INIT mysql
[ info ] [ RUN ] app\home\controller\Player->get_player_info[ /var/www/card/app/home/controller/Player.php ]
[ info ] [ LOG ] INIT File
[ sql ] [ DB ] CONNECT:[ UseTime:0.000242s ] mysql:dbname=runfast;host=localhost;port=3306;charset=utf8
[ sql ] [ SQL ] SHOW COLUMNS FROM `edd_options` [ RunTime:0.000773s ]
[ sql ] [ SQL ] SELECT `is_close` FROM `edd_options` WHERE  `option_id` = 6 LIMIT 1 [ RunTime:0.000167s ]
[ sql ] [ SQL ] SHOW COLUMNS FROM `edd_player` [ RunTime:0.000570s ]
[ sql ] [ SQL ] SELECT * FROM `edd_player` WHERE  `player_id` = 2 LIMIT 1 [ RunTime:0.000253s ]
---------------------------------------------------------------
[ 2017-10-29T01:48:57+08:00 ] 172.16.0.5 117.136.62.9 POST /recharge_think
[ info ] card.dcwen.top/recharge_think [运行时间：0.008821s][吞吐率：113.37req/s] [内存消耗：733.20kb] [文件加载：56]
[ info ] [ LANG ] /var/www/card/thinkphp/lang/zh-cn.php
[ info ] [ ROUTE ] array (
  'type' => 'controller',
  'controller' => 'home/Goods/recharge_think',
  'var' => 
  array (
  ),
)
[ info ] [ HEADER ] array (
  'charset' => 'UTF-8',
  'accept' => '*/*',
  'user-agent' => 'Mozilla/5.0 (Linux; Android 5.1.1; OPPO R9 Plusm A Build/LMY47V; wv) AppleWebKit/537.36 (KHTML, like Gecko) Version/4.0 Chrome/43.0.2357.121 Mobile Safari/537.36',
  'connection' => 'Keep-Alive',
  'accept-encoding' => 'gzip',
  'content-type' => 'application/x-www-form-urlencoded',
  'host' => 'card.dcwen.top',
  'content-length' => '20',
)
[ info ] [ PARAM ] array (
  '/recharge_think' => '',
  'cid' => 'C2f8u',
  'goods_id' => '3',
)
[ info ] [ DB ] INIT mysql
[ info ] [ RUN ] app\home\controller\Goods->recharge_think[ /var/www/card/app/home/controller/Goods.php ]
[ info ] [ CACHE ] INIT File
[ info ] [ LOG ] INIT File
[ sql ] [ DB ] CONNECT:[ UseTime:0.000200s ] mysql:dbname=runfast;host=localhost;port=3306;charset=utf8
[ sql ] [ SQL ] SHOW COLUMNS FROM `edd_options` [ RunTime:0.000624s ]
[ sql ] [ SQL ] SELECT `is_close` FROM `edd_options` WHERE  `option_id` = 6 LIMIT 1 [ RunTime:0.000139s ]
[ sql ] [ SQL ] SHOW COLUMNS FROM `edd_player` [ RunTime:0.000490s ]
[ sql ] [ SQL ] SELECT `users_id` FROM `edd_player` WHERE  `player_id` = 2 LIMIT 1 [ RunTime:0.000183s ]
[ sql ] [ SQL ] SHOW COLUMNS FROM `edd_users` [ RunTime:0.000508s ]
[ sql ] [ SQL ] SELECT `user_rank` FROM `edd_users` WHERE  `player_id` = 2 LIMIT 1 [ RunTime:0.000111s ]
[ sql ] [ SQL ] SHOW COLUMNS FROM `edd_pay_log` [ RunTime:0.000466s ]
[ sql ] [ SQL ] SELECT * FROM `edd_pay_log` WHERE  `order_sn` = '2017102957999851' [ RunTime:0.000227s ]
[ sql ] [ SQL ] INSERT INTO `edd_pay_log` (`order_sn` , `pay_date` , `player_id` , `pay_money` , `diamond_nums` , `account` , `money`) VALUES ('2017102957999851' , '1509212937' , '2' , 30 , 30 , '0' , 30) [ RunTime:0.000195s ]
[ sql ] [ SQL ] SELECT `users_id` FROM `edd_player` WHERE  `player_id` = 2 LIMIT 1 [ RunTime:0.000107s ]
[ sql ] [ SQL ] SELECT * FROM `edd_users` WHERE  `player_id` = 2 LIMIT 1 [ RunTime:0.000133s ]
[ sql ] [ SQL ] UPDATE `edd_player`  SET `diamond`=diamond+30  WHERE  `player_id` = 2 [ RunTime:0.000180s ]
---------------------------------------------------------------
[ 2017-10-29T01:48:58+08:00 ] 172.16.0.5 117.136.62.9 POST /player_info
[ info ] card.dcwen.top/player_info [运行时间：0.006083s][吞吐率：164.39req/s] [内存消耗：717.30kb] [文件加载：55]
[ info ] [ LANG ] /var/www/card/thinkphp/lang/zh-cn.php
[ info ] [ ROUTE ] array (
  'type' => 'controller',
  'controller' => 'home/Player/get_player_info',
  'var' => 
  array (
  ),
)
[ info ] [ HEADER ] array (
  'charset' => 'UTF-8',
  'accept' => '*/*',
  'user-agent' => 'Mozilla/5.0 (Linux; Android 5.1.1; OPPO R9 Plusm A Build/LMY47V; wv) AppleWebKit/537.36 (KHTML, like Gecko) Version/4.0 Chrome/43.0.2357.121 Mobile Safari/537.36',
  'connection' => 'Keep-Alive',
  'accept-encoding' => 'gzip',
  'content-type' => 'application/x-www-form-urlencoded',
  'host' => 'card.dcwen.top',
  'content-length' => '9',
)
[ info ] [ PARAM ] array (
  '/player_info' => '',
  'cid' => 'C2f8u',
)
[ info ] [ DB ] INIT mysql
[ info ] [ RUN ] app\home\controller\Player->get_player_info[ /var/www/card/app/home/controller/Player.php ]
[ info ] [ LOG ] INIT File
[ sql ] [ DB ] CONNECT:[ UseTime:0.000243s ] mysql:dbname=runfast;host=localhost;port=3306;charset=utf8
[ sql ] [ SQL ] SHOW COLUMNS FROM `edd_options` [ RunTime:0.000763s ]
[ sql ] [ SQL ] SELECT `is_close` FROM `edd_options` WHERE  `option_id` = 6 LIMIT 1 [ RunTime:0.000183s ]
[ sql ] [ SQL ] SHOW COLUMNS FROM `edd_player` [ RunTime:0.000614s ]
[ sql ] [ SQL ] SELECT * FROM `edd_player` WHERE  `player_id` = 2 LIMIT 1 [ RunTime:0.000243s ]
